<?xml version="1.0" encoding="UTF-8" standalone="no"?>
<!DOCTYPE log SYSTEM "logger.dtd">
<log>
<record>
  <date>2020-07-16T15:10:28</date>
  <millis>1594887028212</millis>
  <sequence>0</sequence>
  <level>START</level>
  <class>com.kms.katalon.core.logging.XmlKeywordLogger</class>
  <method>startSuite</method>
  <thread>1</thread>
  <message>Start Test Suite : Test Suites/CONTRACT_DISPATCHER_DONA_B2B/PRE_PROD/Contract_Dispatcher_Mistake_Matrix</message>
  <nestedLevel>0</nestedLevel>
  <property name="name">Contract_Dispatcher_Mistake_Matrix</property>
  <property name="description"></property>
  <property name="id">Test Suites/CONTRACT_DISPATCHER_DONA_B2B/PRE_PROD/Contract_Dispatcher_Mistake_Matrix</property>
  <property name="stopImmediately">false</property>
</record>
<record>
  <date>2020-07-16T15:10:28</date>
  <millis>1594887028226</millis>
  <sequence>1</sequence>
  <level>RUN_DATA</level>
  <class>com.kms.katalon.core.logging.XmlKeywordLogger</class>
  <method>logMessage</method>
  <thread>1</thread>
  <message>hostName = chaidir.pratama01 - localhost</message>
  <nestedLevel>0</nestedLevel>
  <property name="hostName">chaidir.pratama01 - localhost</property>
</record>
<record>
  <date>2020-07-16T15:10:28</date>
  <millis>1594887028229</millis>
  <sequence>2</sequence>
  <level>RUN_DATA</level>
  <class>com.kms.katalon.core.logging.XmlKeywordLogger</class>
  <method>logMessage</method>
  <thread>1</thread>
  <message>os = Mac OS X 64bit</message>
  <nestedLevel>0</nestedLevel>
  <property name="os">Mac OS X 64bit</property>
</record>
<record>
  <date>2020-07-16T15:10:28</date>
  <millis>1594887028230</millis>
  <sequence>3</sequence>
  <level>RUN_DATA</level>
  <class>com.kms.katalon.core.logging.XmlKeywordLogger</class>
  <method>logMessage</method>
  <thread>1</thread>
  <message>hostAddress = 127.0.0.1</message>
  <nestedLevel>0</nestedLevel>
  <property name="hostAddress">127.0.0.1</property>
</record>
<record>
  <date>2020-07-16T15:10:28</date>
  <millis>1594887028231</millis>
  <sequence>4</sequence>
  <level>RUN_DATA</level>
  <class>com.kms.katalon.core.logging.XmlKeywordLogger</class>
  <method>logMessage</method>
  <thread>1</thread>
  <message>katalonVersion = 7.6.0.${buildNumber}</message>
  <nestedLevel>0</nestedLevel>
  <property name="katalonVersion">7.6.0.${buildNumber}</property>
</record>
<record>
  <date>2020-07-16T15:10:28</date>
  <millis>1594887028414</millis>
  <sequence>5</sequence>
  <level>START</level>
  <class>com.kms.katalon.core.logging.XmlKeywordLogger</class>
  <method>startTest</method>
  <thread>1</thread>
  <message>Start Test Case : Test Cases/IST_Real/CONTRACT_DISPATCHER_DONA_B2B/DEV/Contract_Dispatcher_BUKALAPAK_B2B</message>
  <nestedLevel>1</nestedLevel>
  <property name="name">Test Cases/IST_Real/CONTRACT_DISPATCHER_DONA_B2B/DEV/Contract_Dispatcher_BUKALAPAK_B2B</property>
  <property name="description"></property>
  <property name="id">Test Cases/IST_Real/CONTRACT_DISPATCHER_DONA_B2B/DEV/Contract_Dispatcher_BUKALAPAK_B2B</property>
  <property name="source">\\Users\\chaidir.pratama01\\Katalon Studio\\IST_Automation_Git\\Test Cases\\IST_Real\\CONTRACT_DISPATCHER_DONA_B2B\\DEV\\Contract_Dispatcher_BUKALAPAK_B2B.tc</property>
  <property name="tag"></property>
  <property name="isOptional">false</property>
</record>
<record>
  <date>2020-07-16T15:10:28</date>
  <millis>1594887028697</millis>
  <sequence>7</sequence>
  <level>START</level>
  <class>com.kms.katalon.core.logging.XmlKeywordLogger</class>
  <method>startKeyword</method>
  <thread>1</thread>
  <message>Start action : runFeatureFile(\&amp;quot;Include/features/IST_Real/CONTRACT_DISPATCHER_DONA_B2B/DEV/Contract_Dispatcher_BUKALAPAK_B2B.feature\&amp;quot;)</message>
  <nestedLevel>1</nestedLevel>
  <property name="startLine">16</property>
  <property name="stepIndex">1</property>
</record>
<record>
  <date>2020-07-16T15:10:28</date>
  <millis>1594887028735</millis>
  <sequence>8</sequence>
  <level>INFO</level>
  <class>com.kms.katalon.core.logging.XmlKeywordLogger</class>
  <method>logMessage</method>
  <thread>1</thread>
  <message>Starting run keyword runFeatureFile: &amp;apos;Include/features/IST_Real/CONTRACT_DISPATCHER_DONA_B2B/DEV/Contract_Dispatcher_BUKALAPAK_B2B.feature&amp;apos; and extract report to folder: &amp;apos;/Users/chaidir.pratama01/Katalon Studio/IST_Automation_Git/Reports/20200716_151020/CONTRACT_DISPATCHER_DONA_B2B/PRE_PROD/Contract_Dispatcher_Mistake_Matrix/20200716_151020/cucumber_report/1594887028725&amp;apos;...</message>
  <nestedLevel>1</nestedLevel>
</record>
<record>
  <date>2020-07-16T15:10:29</date>
  <millis>1594887029111</millis>
  <sequence>11</sequence>
  <level>FAILED</level>
  <class>com.kms.katalon.core.logging.XmlKeywordLogger</class>
  <method>logMessage</method>
  <thread>1</thread>
  <message>Keyword runFeatureFile was failed (Root cause: java.lang.IllegalArgumentException: Not a file or directory: /Users/chaidir.pratama01/Katalon Studio/IST_Automation_Git/Include/features/IST_Real/CONTRACT_DISPATCHER_DONA_B2B/DEV/Contract_Dispatcher_BUKALAPAK_B2B.feature\n\tat cucumber.runtime.io.FileResourceIterator$FileIterator.&amp;lt;init&amp;gt;(FileResourceIterator.java:63)\n\tat cucumber.runtime.io.FileResourceIterator.&amp;lt;init&amp;gt;(FileResourceIterator.java:28)\n\tat cucumber.runtime.io.FileResourceIterator.createFileResourceIterator(FileResourceIterator.java:14)\n\tat cucumber.runtime.io.FileResourceIterable.iterator(FileResourceIterable.java:19)\n\tat cucumber.runtime.model.CucumberFeature.loadFromFeaturePath(CucumberFeature.java:111)\n\tat cucumber.runtime.model.CucumberFeature.load(CucumberFeature.java:48)\n\tat cucumber.runtime.model.CucumberFeature.load(CucumberFeature.java:30)\n\tat cucumber.runtime.RuntimeOptions.cucumberFeatures(RuntimeOptions.java:305)\n\tat cucumber.runtime.Runtime.run(Runtime.java:97)\n\tat cucumber.api.cli.Main.run(Main.java:35)\n\tat cucumber.api.cli.Main$run.call(Unknown Source)\n\tat com.kms.katalon.core.cucumber.keyword.CucumberBuiltinKeywords$_runFeatureFile_closure1.doCall(CucumberBuiltinKeywords.groovy:76)\n\tat com.kms.katalon.core.cucumber.keyword.CucumberBuiltinKeywords$_runFeatureFile_closure1.doCall(CucumberBuiltinKeywords.groovy)\n\tat com.kms.katalon.core.keyword.internal.KeywordMain.runKeyword(KeywordMain.groovy:68)\n\tat com.kms.katalon.core.keyword.internal.KeywordMain$runKeyword.call(Unknown Source)\n\tat com.kms.katalon.core.cucumber.keyword.CucumberBuiltinKeywords.runFeatureFile(CucumberBuiltinKeywords.groovy:46)\n\tat com.kms.katalon.core.cucumber.keyword.CucumberBuiltinKeywords$runFeatureFile$0.callStatic(Unknown Source)\n\tat com.kms.katalon.core.cucumber.keyword.CucumberBuiltinKeywords.runFeatureFile(CucumberBuiltinKeywords.groovy:169)\n\tat com.kms.katalon.core.cucumber.keyword.CucumberBuiltinKeywords$runFeatureFile.call(Unknown Source)\n\tat Contract_Dispatcher_BUKALAPAK_B2B.run(Contract_Dispatcher_BUKALAPAK_B2B:16)\n\tat com.kms.katalon.core.main.ScriptEngine.run(ScriptEngine.java:194)\n\tat com.kms.katalon.core.main.ScriptEngine.runScriptAsRawText(ScriptEngine.java:119)\n\tat com.kms.katalon.core.main.TestCaseExecutor.runScript(TestCaseExecutor.java:339)\n\tat com.kms.katalon.core.main.TestCaseExecutor.doExecute(TestCaseExecutor.java:330)\n\tat com.kms.katalon.core.main.TestCaseExecutor.processExecutionPhase(TestCaseExecutor.java:309)\n\tat com.kms.katalon.core.main.TestCaseExecutor.accessMainPhase(TestCaseExecutor.java:301)\n\tat com.kms.katalon.core.main.TestCaseExecutor.execute(TestCaseExecutor.java:235)\n\tat com.kms.katalon.core.main.TestSuiteExecutor.accessTestCaseMainPhase(TestSuiteExecutor.java:191)\n\tat com.kms.katalon.core.main.TestSuiteExecutor.accessTestSuiteMainPhase(TestSuiteExecutor.java:141)\n\tat com.kms.katalon.core.main.TestSuiteExecutor.execute(TestSuiteExecutor.java:90)\n\tat com.kms.katalon.core.main.TestCaseMain.startTestSuite(TestCaseMain.java:157)\n\tat com.kms.katalon.core.main.TestCaseMain$startTestSuite$0.call(Unknown Source)\n\tat TempTestSuite1594887020597.run(TempTestSuite1594887020597.groovy:39)\n)</message>
  <nestedLevel>1</nestedLevel>
  <property name="failed.exception.class">java.lang.IllegalArgumentException</property>
  <property name="failed.exception.stacktrace">java.lang.IllegalArgumentException: Not a file or directory: /Users/chaidir.pratama01/Katalon Studio/IST_Automation_Git/Include/features/IST_Real/CONTRACT_DISPATCHER_DONA_B2B/DEV/Contract_Dispatcher_BUKALAPAK_B2B.feature\n\tat cucumber.runtime.io.FileResourceIterator$FileIterator.&lt;init&gt;(FileResourceIterator.java:63)\n\tat cucumber.runtime.io.FileResourceIterator.&lt;init&gt;(FileResourceIterator.java:28)\n\tat cucumber.runtime.io.FileResourceIterator.createFileResourceIterator(FileResourceIterator.java:14)\n\tat cucumber.runtime.io.FileResourceIterable.iterator(FileResourceIterable.java:19)\n\tat cucumber.runtime.model.CucumberFeature.loadFromFeaturePath(CucumberFeature.java:111)\n\tat cucumber.runtime.model.CucumberFeature.load(CucumberFeature.java:48)\n\tat cucumber.runtime.model.CucumberFeature.load(CucumberFeature.java:30)\n\tat cucumber.runtime.RuntimeOptions.cucumberFeatures(RuntimeOptions.java:305)\n\tat cucumber.runtime.Runtime.run(Runtime.java:97)\n\tat cucumber.api.cli.Main.run(Main.java:35)\n\tat cucumber.api.cli.Main$run.call(Unknown Source)\n\tat com.kms.katalon.core.cucumber.keyword.CucumberBuiltinKeywords$_runFeatureFile_closure1.doCall(CucumberBuiltinKeywords.groovy:76)\n\tat com.kms.katalon.core.cucumber.keyword.CucumberBuiltinKeywords$_runFeatureFile_closure1.doCall(CucumberBuiltinKeywords.groovy)\n\tat com.kms.katalon.core.keyword.internal.KeywordMain.runKeyword(KeywordMain.groovy:68)\n\tat com.kms.katalon.core.keyword.internal.KeywordMain$runKeyword.call(Unknown Source)\n\tat com.kms.katalon.core.cucumber.keyword.CucumberBuiltinKeywords.runFeatureFile(CucumberBuiltinKeywords.groovy:46)\n\tat com.kms.katalon.core.cucumber.keyword.CucumberBuiltinKeywords$runFeatureFile$0.callStatic(Unknown Source)\n\tat com.kms.katalon.core.cucumber.keyword.CucumberBuiltinKeywords.runFeatureFile(CucumberBuiltinKeywords.groovy:169)\n\tat com.kms.katalon.core.cucumber.keyword.CucumberBuiltinKeywords$runFeatureFile.call(Unknown Source)\n\tat Contract_Dispatcher_BUKALAPAK_B2B.run(Contract_Dispatcher_BUKALAPAK_B2B:16)\n\tat com.kms.katalon.core.main.ScriptEngine.run(ScriptEngine.java:194)\n\tat com.kms.katalon.core.main.ScriptEngine.runScriptAsRawText(ScriptEngine.java:119)\n\tat com.kms.katalon.core.main.TestCaseExecutor.runScript(TestCaseExecutor.java:339)\n\tat com.kms.katalon.core.main.TestCaseExecutor.doExecute(TestCaseExecutor.java:330)\n\tat com.kms.katalon.core.main.TestCaseExecutor.processExecutionPhase(TestCaseExecutor.java:309)\n\tat com.kms.katalon.core.main.TestCaseExecutor.accessMainPhase(TestCaseExecutor.java:301)\n\tat com.kms.katalon.core.main.TestCaseExecutor.execute(TestCaseExecutor.java:235)\n\tat com.kms.katalon.core.main.TestSuiteExecutor.accessTestCaseMainPhase(TestSuiteExecutor.java:191)\n\tat com.kms.katalon.core.main.TestSuiteExecutor.accessTestSuiteMainPhase(TestSuiteExecutor.java:141)\n\tat com.kms.katalon.core.main.TestSuiteExecutor.execute(TestSuiteExecutor.java:90)\n\tat com.kms.katalon.core.main.TestCaseMain.startTestSuite(TestCaseMain.java:157)\n\tat com.kms.katalon.core.main.TestCaseMain$startTestSuite$0.call(Unknown Source)\n\tat TempTestSuite1594887020597.run(TempTestSuite1594887020597.groovy:39)\n</property>
  <property name="failed.exception.message">Not a file or directory: /Users/chaidir.pratama01/Katalon Studio/IST_Automation_Git/Include/features/IST_Real/CONTRACT_DISPATCHER_DONA_B2B/DEV/Contract_Dispatcher_BUKALAPAK_B2B.feature</property>
</record>
<record>
  <date>2020-07-16T15:10:29</date>
  <millis>1594887029116</millis>
  <sequence>12</sequence>
  <level>END</level>
  <class>com.kms.katalon.core.logging.XmlKeywordLogger</class>
  <method>endKeyword</method>
  <thread>1</thread>
  <message>End action : runFeatureFile(\&amp;quot;Include/features/IST_Real/CONTRACT_DISPATCHER_DONA_B2B/DEV/Contract_Dispatcher_BUKALAPAK_B2B.feature\&amp;quot;)</message>
  <nestedLevel>1</nestedLevel>
</record>
<record>
  <date>2020-07-16T15:10:29</date>
  <millis>1594887029118</millis>
  <sequence>15</sequence>
  <level>FAILED</level>
  <class>com.kms.katalon.core.logging.XmlKeywordLogger</class>
  <method>logMessage</method>
  <thread>1</thread>
  <message>Test Cases/IST_Real/CONTRACT_DISPATCHER_DONA_B2B/DEV/Contract_Dispatcher_BUKALAPAK_B2B FAILED.\nReason:\ncom.kms.katalon.core.exception.StepFailedException: Keyword runFeatureFile was failed (Root cause: java.lang.IllegalArgumentException: Not a file or directory: /Users/chaidir.pratama01/Katalon Studio/IST_Automation_Git/Include/features/IST_Real/CONTRACT_DISPATCHER_DONA_B2B/DEV/Contract_Dispatcher_BUKALAPAK_B2B.feature\n\tat cucumber.runtime.io.FileResourceIterator$FileIterator.&amp;lt;init&amp;gt;(FileResourceIterator.java:63)\n\tat cucumber.runtime.io.FileResourceIterator.&amp;lt;init&amp;gt;(FileResourceIterator.java:28)\n\tat cucumber.runtime.io.FileResourceIterator.createFileResourceIterator(FileResourceIterator.java:14)\n\tat cucumber.runtime.io.FileResourceIterable.iterator(FileResourceIterable.java:19)\n\tat cucumber.runtime.model.CucumberFeature.loadFromFeaturePath(CucumberFeature.java:111)\n\tat cucumber.runtime.model.CucumberFeature.load(CucumberFeature.java:48)\n\tat cucumber.runtime.model.CucumberFeature.load(CucumberFeature.java:30)\n\tat cucumber.runtime.RuntimeOptions.cucumberFeatures(RuntimeOptions.java:305)\n\tat cucumber.runtime.Runtime.run(Runtime.java:97)\n\tat cucumber.api.cli.Main.run(Main.java:35)\n\tat cucumber.api.cli.Main$run.call(Unknown Source)\n\tat com.kms.katalon.core.cucumber.keyword.CucumberBuiltinKeywords$_runFeatureFile_closure1.doCall(CucumberBuiltinKeywords.groovy:76)\n\tat com.kms.katalon.core.cucumber.keyword.CucumberBuiltinKeywords$_runFeatureFile_closure1.doCall(CucumberBuiltinKeywords.groovy)\n\tat com.kms.katalon.core.keyword.internal.KeywordMain.runKeyword(KeywordMain.groovy:68)\n\tat com.kms.katalon.core.keyword.internal.KeywordMain$runKeyword.call(Unknown Source)\n\tat com.kms.katalon.core.cucumber.keyword.CucumberBuiltinKeywords.runFeatureFile(CucumberBuiltinKeywords.groovy:46)\n\tat com.kms.katalon.core.cucumber.keyword.CucumberBuiltinKeywords$runFeatureFile$0.callStatic(Unknown Source)\n\tat com.kms.katalon.core.cucumber.keyword.CucumberBuiltinKeywords.runFeatureFile(CucumberBuiltinKeywords.groovy:169)\n\tat com.kms.katalon.core.cucumber.keyword.CucumberBuiltinKeywords$runFeatureFile.call(Unknown Source)\n\tat Contract_Dispatcher_BUKALAPAK_B2B.run(Contract_Dispatcher_BUKALAPAK_B2B:16)\n\tat com.kms.katalon.core.main.ScriptEngine.run(ScriptEngine.java:194)\n\tat com.kms.katalon.core.main.ScriptEngine.runScriptAsRawText(ScriptEngine.java:119)\n\tat com.kms.katalon.core.main.TestCaseExecutor.runScript(TestCaseExecutor.java:339)\n\tat com.kms.katalon.core.main.TestCaseExecutor.doExecute(TestCaseExecutor.java:330)\n\tat com.kms.katalon.core.main.TestCaseExecutor.processExecutionPhase(TestCaseExecutor.java:309)\n\tat com.kms.katalon.core.main.TestCaseExecutor.accessMainPhase(TestCaseExecutor.java:301)\n\tat com.kms.katalon.core.main.TestCaseExecutor.execute(TestCaseExecutor.java:235)\n\tat com.kms.katalon.core.main.TestSuiteExecutor.accessTestCaseMainPhase(TestSuiteExecutor.java:191)\n\tat com.kms.katalon.core.main.TestSuiteExecutor.accessTestSuiteMainPhase(TestSuiteExecutor.java:141)\n\tat com.kms.katalon.core.main.TestSuiteExecutor.execute(TestSuiteExecutor.java:90)\n\tat com.kms.katalon.core.main.TestCaseMain.startTestSuite(TestCaseMain.java:157)\n\tat com.kms.katalon.core.main.TestCaseMain$startTestSuite$0.call(Unknown Source)\n\tat TempTestSuite1594887020597.run(TempTestSuite1594887020597.groovy:39)\n)\n\tat com.kms.katalon.core.keyword.internal.KeywordMain.stepFailed(KeywordMain.groovy:50)\n\tat com.kms.katalon.core.keyword.internal.KeywordMain.stepFailed(KeywordMain.groovy)\n\tat com.kms.katalon.core.keyword.internal.KeywordMain.runKeyword(KeywordMain.groovy:70)\n\tat com.kms.katalon.core.keyword.internal.KeywordMain$runKeyword.call(Unknown Source)\n\tat com.kms.katalon.core.cucumber.keyword.CucumberBuiltinKeywords.runFeatureFile(CucumberBuiltinKeywords.groovy:46)\n\tat com.kms.katalon.core.cucumber.keyword.CucumberBuiltinKeywords$runFeatureFile$0.callStatic(Unknown Source)\n\tat com.kms.katalon.core.cucumber.keyword.CucumberBuiltinKeywords.runFeatureFile(CucumberBuiltinKeywords.groovy:169)\n\tat com.kms.katalon.core.cucumber.keyword.CucumberBuiltinKeywords$runFeatureFile.call(Unknown Source)\n\tat Contract_Dispatcher_BUKALAPAK_B2B.run(Contract_Dispatcher_BUKALAPAK_B2B:16)\n\tat com.kms.katalon.core.main.ScriptEngine.run(ScriptEngine.java:194)\n\tat com.kms.katalon.core.main.ScriptEngine.runScriptAsRawText(ScriptEngine.java:119)\n\tat com.kms.katalon.core.main.TestCaseExecutor.runScript(TestCaseExecutor.java:339)\n\tat com.kms.katalon.core.main.TestCaseExecutor.doExecute(TestCaseExecutor.java:330)\n\tat com.kms.katalon.core.main.TestCaseExecutor.processExecutionPhase(TestCaseExecutor.java:309)\n\tat com.kms.katalon.core.main.TestCaseExecutor.accessMainPhase(TestCaseExecutor.java:301)\n\tat com.kms.katalon.core.main.TestCaseExecutor.execute(TestCaseExecutor.java:235)\n\tat com.kms.katalon.core.main.TestSuiteExecutor.accessTestCaseMainPhase(TestSuiteExecutor.java:191)\n\tat com.kms.katalon.core.main.TestSuiteExecutor.accessTestSuiteMainPhase(TestSuiteExecutor.java:141)\n\tat com.kms.katalon.core.main.TestSuiteExecutor.execute(TestSuiteExecutor.java:90)\n\tat com.kms.katalon.core.main.TestCaseMain.startTestSuite(TestCaseMain.java:157)\n\tat com.kms.katalon.core.main.TestCaseMain$startTestSuite$0.call(Unknown Source)\n\tat TempTestSuite1594887020597.run(TempTestSuite1594887020597.groovy:39)\nCaused by: java.lang.IllegalArgumentException: Not a file or directory: /Users/chaidir.pratama01/Katalon Studio/IST_Automation_Git/Include/features/IST_Real/CONTRACT_DISPATCHER_DONA_B2B/DEV/Contract_Dispatcher_BUKALAPAK_B2B.feature\n\tat cucumber.runtime.io.FileResourceIterator$FileIterator.&amp;lt;init&amp;gt;(FileResourceIterator.java:63)\n\tat cucumber.runtime.io.FileResourceIterator.&amp;lt;init&amp;gt;(FileResourceIterator.java:28)\n\tat cucumber.runtime.io.FileResourceIterator.createFileResourceIterator(FileResourceIterator.java:14)\n\tat cucumber.runtime.io.FileResourceIterable.iterator(FileResourceIterable.java:19)\n\tat cucumber.runtime.model.CucumberFeature.loadFromFeaturePath(CucumberFeature.java:111)\n\tat cucumber.runtime.model.CucumberFeature.load(CucumberFeature.java:48)\n\tat cucumber.runtime.model.CucumberFeature.load(CucumberFeature.java:30)\n\tat cucumber.runtime.RuntimeOptions.cucumberFeatures(RuntimeOptions.java:305)\n\tat cucumber.runtime.Runtime.run(Runtime.java:97)\n\tat cucumber.api.cli.Main.run(Main.java:35)\n\tat cucumber.api.cli.Main$run.call(Unknown Source)\n\tat com.kms.katalon.core.cucumber.keyword.CucumberBuiltinKeywords$_runFeatureFile_closure1.doCall(CucumberBuiltinKeywords.groovy:76)\n\tat com.kms.katalon.core.cucumber.keyword.CucumberBuiltinKeywords$_runFeatureFile_closure1.doCall(CucumberBuiltinKeywords.groovy)\n\tat com.kms.katalon.core.keyword.internal.KeywordMain.runKeyword(KeywordMain.groovy:68)\n\t... 19 more\n</message>
  <exception>
    <message>com.kms.katalon.core.exception.StepFailedException: Keyword runFeatureFile was failed (Root cause: java.lang.IllegalArgumentException: Not a file or directory: /Users/chaidir.pratama01/Katalon Studio/IST_Automation_Git/Include/features/IST_Real/CONTRACT_DISPATCHER_DONA_B2B/DEV/Contract_Dispatcher_BUKALAPAK_B2B.feature
	at cucumber.runtime.io.FileResourceIterator$FileIterator.&lt;init&gt;(FileResourceIterator.java:63)
	at cucumber.runtime.io.FileResourceIterator.&lt;init&gt;(FileResourceIterator.java:28)
	at cucumber.runtime.io.FileResourceIterator.createFileResourceIterator(FileResourceIterator.java:14)
	at cucumber.runtime.io.FileResourceIterable.iterator(FileResourceIterable.java:19)
	at cucumber.runtime.model.CucumberFeature.loadFromFeaturePath(CucumberFeature.java:111)
	at cucumber.runtime.model.CucumberFeature.load(CucumberFeature.java:48)
	at cucumber.runtime.model.CucumberFeature.load(CucumberFeature.java:30)
	at cucumber.runtime.RuntimeOptions.cucumberFeatures(RuntimeOptions.java:305)
	at cucumber.runtime.Runtime.run(Runtime.java:97)
	at cucumber.api.cli.Main.run(Main.java:35)
	at cucumber.api.cli.Main$run.call(Unknown Source)
	at com.kms.katalon.core.cucumber.keyword.CucumberBuiltinKeywords$_runFeatureFile_closure1.doCall(CucumberBuiltinKeywords.groovy:76)
	at com.kms.katalon.core.cucumber.keyword.CucumberBuiltinKeywords$_runFeatureFile_closure1.doCall(CucumberBuiltinKeywords.groovy)
	at com.kms.katalon.core.keyword.internal.KeywordMain.runKeyword(KeywordMain.groovy:68)
	at com.kms.katalon.core.keyword.internal.KeywordMain$runKeyword.call(Unknown Source)
	at com.kms.katalon.core.cucumber.keyword.CucumberBuiltinKeywords.runFeatureFile(CucumberBuiltinKeywords.groovy:46)
	at com.kms.katalon.core.cucumber.keyword.CucumberBuiltinKeywords$runFeatureFile$0.callStatic(Unknown Source)
	at com.kms.katalon.core.cucumber.keyword.CucumberBuiltinKeywords.runFeatureFile(CucumberBuiltinKeywords.groovy:169)
	at com.kms.katalon.core.cucumber.keyword.CucumberBuiltinKeywords$runFeatureFile.call(Unknown Source)
	at Contract_Dispatcher_BUKALAPAK_B2B.run(Contract_Dispatcher_BUKALAPAK_B2B:16)
	at com.kms.katalon.core.main.ScriptEngine.run(ScriptEngine.java:194)
	at com.kms.katalon.core.main.ScriptEngine.runScriptAsRawText(ScriptEngine.java:119)
	at com.kms.katalon.core.main.TestCaseExecutor.runScript(TestCaseExecutor.java:339)
	at com.kms.katalon.core.main.TestCaseExecutor.doExecute(TestCaseExecutor.java:330)
	at com.kms.katalon.core.main.TestCaseExecutor.processExecutionPhase(TestCaseExecutor.java:309)
	at com.kms.katalon.core.main.TestCaseExecutor.accessMainPhase(TestCaseExecutor.java:301)
	at com.kms.katalon.core.main.TestCaseExecutor.execute(TestCaseExecutor.java:235)
	at com.kms.katalon.core.main.TestSuiteExecutor.accessTestCaseMainPhase(TestSuiteExecutor.java:191)
	at com.kms.katalon.core.main.TestSuiteExecutor.accessTestSuiteMainPhase(TestSuiteExecutor.java:141)
	at com.kms.katalon.core.main.TestSuiteExecutor.execute(TestSuiteExecutor.java:90)
	at com.kms.katalon.core.main.TestCaseMain.startTestSuite(TestCaseMain.java:157)
	at com.kms.katalon.core.main.TestCaseMain$startTestSuite$0.call(Unknown Source)
	at TempTestSuite1594887020597.run(TempTestSuite1594887020597.groovy:39)
)</message>
    <frame>
      <class>com.kms.katalon.core.keyword.internal.KeywordMain</class>
      <method>stepFailed</method>
      <line>50</line>
    </frame>
    <frame>
      <class>com.kms.katalon.core.keyword.internal.KeywordMain</class>
      <method>stepFailed</method>
    </frame>
    <frame>
      <class>com.kms.katalon.core.keyword.internal.KeywordMain</class>
      <method>runKeyword</method>
      <line>70</line>
    </frame>
    <frame>
      <class>com.kms.katalon.core.keyword.internal.KeywordMain$runKeyword</class>
      <method>call</method>
    </frame>
    <frame>
      <class>com.kms.katalon.core.cucumber.keyword.CucumberBuiltinKeywords</class>
      <method>runFeatureFile</method>
      <line>46</line>
    </frame>
    <frame>
      <class>com.kms.katalon.core.cucumber.keyword.CucumberBuiltinKeywords$runFeatureFile$0</class>
      <method>callStatic</method>
    </frame>
    <frame>
      <class>com.kms.katalon.core.cucumber.keyword.CucumberBuiltinKeywords</class>
      <method>runFeatureFile</method>
      <line>169</line>
    </frame>
    <frame>
      <class>com.kms.katalon.core.cucumber.keyword.CucumberBuiltinKeywords$runFeatureFile</class>
      <method>call</method>
    </frame>
    <frame>
      <class>Contract_Dispatcher_BUKALAPAK_B2B</class>
      <method>run</method>
      <line>16</line>
    </frame>
    <frame>
      <class>com.kms.katalon.core.main.ScriptEngine</class>
      <method>run</method>
      <line>194</line>
    </frame>
    <frame>
      <class>com.kms.katalon.core.main.ScriptEngine</class>
      <method>runScriptAsRawText</method>
      <line>119</line>
    </frame>
    <frame>
      <class>com.kms.katalon.core.main.TestCaseExecutor</class>
      <method>runScript</method>
      <line>339</line>
    </frame>
    <frame>
      <class>com.kms.katalon.core.main.TestCaseExecutor</class>
      <method>doExecute</method>
      <line>330</line>
    </frame>
    <frame>
      <class>com.kms.katalon.core.main.TestCaseExecutor</class>
      <method>processExecutionPhase</method>
      <line>309</line>
    </frame>
    <frame>
      <class>com.kms.katalon.core.main.TestCaseExecutor</class>
      <method>accessMainPhase</method>
      <line>301</line>
    </frame>
    <frame>
      <class>com.kms.katalon.core.main.TestCaseExecutor</class>
      <method>execute</method>
      <line>235</line>
    </frame>
    <frame>
      <class>com.kms.katalon.core.main.TestSuiteExecutor</class>
      <method>accessTestCaseMainPhase</method>
      <line>191</line>
    </frame>
    <frame>
      <class>com.kms.katalon.core.main.TestSuiteExecutor</class>
      <method>accessTestSuiteMainPhase</method>
      <line>141</line>
    </frame>
    <frame>
      <class>com.kms.katalon.core.main.TestSuiteExecutor</class>
      <method>execute</method>
      <line>90</line>
    </frame>
    <frame>
      <class>com.kms.katalon.core.main.TestCaseMain</class>
      <method>startTestSuite</method>
      <line>157</line>
    </frame>
    <frame>
      <class>com.kms.katalon.core.main.TestCaseMain$startTestSuite$0</class>
      <method>call</method>
    </frame>
    <frame>
      <class>TempTestSuite1594887020597</class>
      <method>run</method>
      <line>39</line>
    </frame>
  </exception>
  <nestedLevel>0</nestedLevel>
  <property name="failed.exception.stacktrace">java.lang.IllegalArgumentException: Not a file or directory: /Users/chaidir.pratama01/Katalon Studio/IST_Automation_Git/Include/features/IST_Real/CONTRACT_DISPATCHER_DONA_B2B/DEV/Contract_Dispatcher_BUKALAPAK_B2B.feature\n\tat cucumber.runtime.io.FileResourceIterator$FileIterator.&lt;init&gt;(FileResourceIterator.java:63)\n\tat cucumber.runtime.io.FileResourceIterator.&lt;init&gt;(FileResourceIterator.java:28)\n\tat cucumber.runtime.io.FileResourceIterator.createFileResourceIterator(FileResourceIterator.java:14)\n\tat cucumber.runtime.io.FileResourceIterable.iterator(FileResourceIterable.java:19)\n\tat cucumber.runtime.model.CucumberFeature.loadFromFeaturePath(CucumberFeature.java:111)\n\tat cucumber.runtime.model.CucumberFeature.load(CucumberFeature.java:48)\n\tat cucumber.runtime.model.CucumberFeature.load(CucumberFeature.java:30)\n\tat cucumber.runtime.RuntimeOptions.cucumberFeatures(RuntimeOptions.java:305)\n\tat cucumber.runtime.Runtime.run(Runtime.java:97)\n\tat cucumber.api.cli.Main.run(Main.java:35)\n\tat cucumber.api.cli.Main$run.call(Unknown Source)\n\tat com.kms.katalon.core.cucumber.keyword.CucumberBuiltinKeywords$_runFeatureFile_closure1.doCall(CucumberBuiltinKeywords.groovy:76)\n\tat com.kms.katalon.core.cucumber.keyword.CucumberBuiltinKeywords$_runFeatureFile_closure1.doCall(CucumberBuiltinKeywords.groovy)\n\tat com.kms.katalon.core.keyword.internal.KeywordMain.runKeyword(KeywordMain.groovy:68)\n\tat com.kms.katalon.core.keyword.internal.KeywordMain$runKeyword.call(Unknown Source)\n\tat com.kms.katalon.core.cucumber.keyword.CucumberBuiltinKeywords.runFeatureFile(CucumberBuiltinKeywords.groovy:46)\n\tat com.kms.katalon.core.cucumber.keyword.CucumberBuiltinKeywords$runFeatureFile$0.callStatic(Unknown Source)\n\tat com.kms.katalon.core.cucumber.keyword.CucumberBuiltinKeywords.runFeatureFile(CucumberBuiltinKeywords.groovy:169)\n\tat com.kms.katalon.core.cucumber.keyword.CucumberBuiltinKeywords$runFeatureFile.call(Unknown Source)\n\tat Contract_Dispatcher_BUKALAPAK_B2B.run(Contract_Dispatcher_BUKALAPAK_B2B:16)\n\tat com.kms.katalon.core.main.ScriptEngine.run(ScriptEngine.java:194)\n\tat com.kms.katalon.core.main.ScriptEngine.runScriptAsRawText(ScriptEngine.java:119)\n\tat com.kms.katalon.core.main.TestCaseExecutor.runScript(TestCaseExecutor.java:339)\n\tat com.kms.katalon.core.main.TestCaseExecutor.doExecute(TestCaseExecutor.java:330)\n\tat com.kms.katalon.core.main.TestCaseExecutor.processExecutionPhase(TestCaseExecutor.java:309)\n\tat com.kms.katalon.core.main.TestCaseExecutor.accessMainPhase(TestCaseExecutor.java:301)\n\tat com.kms.katalon.core.main.TestCaseExecutor.execute(TestCaseExecutor.java:235)\n\tat com.kms.katalon.core.main.TestSuiteExecutor.accessTestCaseMainPhase(TestSuiteExecutor.java:191)\n\tat com.kms.katalon.core.main.TestSuiteExecutor.accessTestSuiteMainPhase(TestSuiteExecutor.java:141)\n\tat com.kms.katalon.core.main.TestSuiteExecutor.execute(TestSuiteExecutor.java:90)\n\tat com.kms.katalon.core.main.TestCaseMain.startTestSuite(TestCaseMain.java:157)\n\tat com.kms.katalon.core.main.TestCaseMain$startTestSuite$0.call(Unknown Source)\n\tat TempTestSuite1594887020597.run(TempTestSuite1594887020597.groovy:39)\n</property>
  <property name="failed.exception.class">java.lang.IllegalArgumentException</property>
  <property name="failed.exception.message">Not a file or directory: /Users/chaidir.pratama01/Katalon Studio/IST_Automation_Git/Include/features/IST_Real/CONTRACT_DISPATCHER_DONA_B2B/DEV/Contract_Dispatcher_BUKALAPAK_B2B.feature</property>
</record>
<record>
  <date>2020-07-16T15:10:29</date>
  <millis>1594887029130</millis>
  <sequence>17</sequence>
  <level>END</level>
  <class>com.kms.katalon.core.logging.XmlKeywordLogger</class>
  <method>endTest</method>
  <thread>1</thread>
  <message>End Test Case : Test Cases/IST_Real/CONTRACT_DISPATCHER_DONA_B2B/DEV/Contract_Dispatcher_BUKALAPAK_B2B</message>
  <nestedLevel>0</nestedLevel>
</record>
<record>
  <date>2020-07-16T15:10:29</date>
  <millis>1594887029138</millis>
  <sequence>18</sequence>
  <level>START</level>
  <class>com.kms.katalon.core.logging.XmlKeywordLogger</class>
  <method>startTest</method>
  <thread>1</thread>
  <message>Start Test Case : Test Cases/IST_Real/CONTRACT_DISPATCHER_DONA_B2B/DEV/Contract_Dispatcher_TOKOPEDIA</message>
  <nestedLevel>1</nestedLevel>
  <property name="name">Test Cases/IST_Real/CONTRACT_DISPATCHER_DONA_B2B/DEV/Contract_Dispatcher_TOKOPEDIA</property>
  <property name="description"></property>
  <property name="id">Test Cases/IST_Real/CONTRACT_DISPATCHER_DONA_B2B/DEV/Contract_Dispatcher_TOKOPEDIA</property>
  <property name="source">\\Users\\chaidir.pratama01\\Katalon Studio\\IST_Automation_Git\\Test Cases\\IST_Real\\CONTRACT_DISPATCHER_DONA_B2B\\DEV\\Contract_Dispatcher_TOKOPEDIA.tc</property>
  <property name="tag"></property>
  <property name="isOptional">false</property>
</record>
<record>
  <date>2020-07-16T15:10:29</date>
  <millis>1594887029294</millis>
  <sequence>20</sequence>
  <level>START</level>
  <class>com.kms.katalon.core.logging.XmlKeywordLogger</class>
  <method>startKeyword</method>
  <thread>1</thread>
  <message>Start action : runFeatureFile(\&amp;quot;Include/features/IST_Real/CONTRACT_DISPATCHER_DONA_B2B/DEV/Contract_Dispatcher_TOKOPEDIA.feature\&amp;quot;)</message>
  <nestedLevel>1</nestedLevel>
  <property name="startLine">16</property>
  <property name="stepIndex">1</property>
</record>
<record>
  <date>2020-07-16T15:10:29</date>
  <millis>1594887029295</millis>
  <sequence>21</sequence>
  <level>INFO</level>
  <class>com.kms.katalon.core.logging.XmlKeywordLogger</class>
  <method>logMessage</method>
  <thread>1</thread>
  <message>Starting run keyword runFeatureFile: &amp;apos;Include/features/IST_Real/CONTRACT_DISPATCHER_DONA_B2B/DEV/Contract_Dispatcher_TOKOPEDIA.feature&amp;apos; and extract report to folder: &amp;apos;/Users/chaidir.pratama01/Katalon Studio/IST_Automation_Git/Reports/20200716_151020/CONTRACT_DISPATCHER_DONA_B2B/PRE_PROD/Contract_Dispatcher_Mistake_Matrix/20200716_151020/cucumber_report/1594887029295&amp;apos;...</message>
  <nestedLevel>1</nestedLevel>
</record>
<record>
  <date>2020-07-16T15:10:29</date>
  <millis>1594887029450</millis>
  <sequence>24</sequence>
  <level>FAILED</level>
  <class>com.kms.katalon.core.logging.XmlKeywordLogger</class>
  <method>logMessage</method>
  <thread>1</thread>
  <message>Keyword runFeatureFile was failed (Root cause: java.lang.IllegalArgumentException: Not a file or directory: /Users/chaidir.pratama01/Katalon Studio/IST_Automation_Git/Include/features/IST_Real/CONTRACT_DISPATCHER_DONA_B2B/DEV/Contract_Dispatcher_TOKOPEDIA.feature\n\tat cucumber.runtime.io.FileResourceIterator$FileIterator.&amp;lt;init&amp;gt;(FileResourceIterator.java:63)\n\tat cucumber.runtime.io.FileResourceIterator.&amp;lt;init&amp;gt;(FileResourceIterator.java:28)\n\tat cucumber.runtime.io.FileResourceIterator.createFileResourceIterator(FileResourceIterator.java:14)\n\tat cucumber.runtime.io.FileResourceIterable.iterator(FileResourceIterable.java:19)\n\tat cucumber.runtime.model.CucumberFeature.loadFromFeaturePath(CucumberFeature.java:111)\n\tat cucumber.runtime.model.CucumberFeature.load(CucumberFeature.java:48)\n\tat cucumber.runtime.model.CucumberFeature.load(CucumberFeature.java:30)\n\tat cucumber.runtime.RuntimeOptions.cucumberFeatures(RuntimeOptions.java:305)\n\tat cucumber.runtime.Runtime.run(Runtime.java:97)\n\tat cucumber.api.cli.Main.run(Main.java:35)\n\tat cucumber.api.cli.Main$run.call(Unknown Source)\n\tat com.kms.katalon.core.cucumber.keyword.CucumberBuiltinKeywords$_runFeatureFile_closure1.doCall(CucumberBuiltinKeywords.groovy:76)\n\tat com.kms.katalon.core.cucumber.keyword.CucumberBuiltinKeywords$_runFeatureFile_closure1.doCall(CucumberBuiltinKeywords.groovy)\n\tat com.kms.katalon.core.keyword.internal.KeywordMain.runKeyword(KeywordMain.groovy:68)\n\tat com.kms.katalon.core.keyword.internal.KeywordMain$runKeyword.call(Unknown Source)\n\tat com.kms.katalon.core.cucumber.keyword.CucumberBuiltinKeywords.runFeatureFile(CucumberBuiltinKeywords.groovy:46)\n\tat com.kms.katalon.core.cucumber.keyword.CucumberBuiltinKeywords$runFeatureFile$0.callStatic(Unknown Source)\n\tat com.kms.katalon.core.cucumber.keyword.CucumberBuiltinKeywords.runFeatureFile(CucumberBuiltinKeywords.groovy:169)\n\tat com.kms.katalon.core.cucumber.keyword.CucumberBuiltinKeywords$runFeatureFile.call(Unknown Source)\n\tat Contract_Dispatcher_TOKOPEDIA.run(Contract_Dispatcher_TOKOPEDIA:16)\n\tat com.kms.katalon.core.main.ScriptEngine.run(ScriptEngine.java:194)\n\tat com.kms.katalon.core.main.ScriptEngine.runScriptAsRawText(ScriptEngine.java:119)\n\tat com.kms.katalon.core.main.TestCaseExecutor.runScript(TestCaseExecutor.java:339)\n\tat com.kms.katalon.core.main.TestCaseExecutor.doExecute(TestCaseExecutor.java:330)\n\tat com.kms.katalon.core.main.TestCaseExecutor.processExecutionPhase(TestCaseExecutor.java:309)\n\tat com.kms.katalon.core.main.TestCaseExecutor.accessMainPhase(TestCaseExecutor.java:301)\n\tat com.kms.katalon.core.main.TestCaseExecutor.execute(TestCaseExecutor.java:235)\n\tat com.kms.katalon.core.main.TestSuiteExecutor.accessTestCaseMainPhase(TestSuiteExecutor.java:191)\n\tat com.kms.katalon.core.main.TestSuiteExecutor.accessTestSuiteMainPhase(TestSuiteExecutor.java:141)\n\tat com.kms.katalon.core.main.TestSuiteExecutor.execute(TestSuiteExecutor.java:90)\n\tat com.kms.katalon.core.main.TestCaseMain.startTestSuite(TestCaseMain.java:157)\n\tat com.kms.katalon.core.main.TestCaseMain$startTestSuite$0.call(Unknown Source)\n\tat TempTestSuite1594887020597.run(TempTestSuite1594887020597.groovy:39)\n)</message>
  <nestedLevel>1</nestedLevel>
  <property name="failed.exception.class">java.lang.IllegalArgumentException</property>
  <property name="failed.exception.stacktrace">java.lang.IllegalArgumentException: Not a file or directory: /Users/chaidir.pratama01/Katalon Studio/IST_Automation_Git/Include/features/IST_Real/CONTRACT_DISPATCHER_DONA_B2B/DEV/Contract_Dispatcher_TOKOPEDIA.feature\n\tat cucumber.runtime.io.FileResourceIterator$FileIterator.&lt;init&gt;(FileResourceIterator.java:63)\n\tat cucumber.runtime.io.FileResourceIterator.&lt;init&gt;(FileResourceIterator.java:28)\n\tat cucumber.runtime.io.FileResourceIterator.createFileResourceIterator(FileResourceIterator.java:14)\n\tat cucumber.runtime.io.FileResourceIterable.iterator(FileResourceIterable.java:19)\n\tat cucumber.runtime.model.CucumberFeature.loadFromFeaturePath(CucumberFeature.java:111)\n\tat cucumber.runtime.model.CucumberFeature.load(CucumberFeature.java:48)\n\tat cucumber.runtime.model.CucumberFeature.load(CucumberFeature.java:30)\n\tat cucumber.runtime.RuntimeOptions.cucumberFeatures(RuntimeOptions.java:305)\n\tat cucumber.runtime.Runtime.run(Runtime.java:97)\n\tat cucumber.api.cli.Main.run(Main.java:35)\n\tat cucumber.api.cli.Main$run.call(Unknown Source)\n\tat com.kms.katalon.core.cucumber.keyword.CucumberBuiltinKeywords$_runFeatureFile_closure1.doCall(CucumberBuiltinKeywords.groovy:76)\n\tat com.kms.katalon.core.cucumber.keyword.CucumberBuiltinKeywords$_runFeatureFile_closure1.doCall(CucumberBuiltinKeywords.groovy)\n\tat com.kms.katalon.core.keyword.internal.KeywordMain.runKeyword(KeywordMain.groovy:68)\n\tat com.kms.katalon.core.keyword.internal.KeywordMain$runKeyword.call(Unknown Source)\n\tat com.kms.katalon.core.cucumber.keyword.CucumberBuiltinKeywords.runFeatureFile(CucumberBuiltinKeywords.groovy:46)\n\tat com.kms.katalon.core.cucumber.keyword.CucumberBuiltinKeywords$runFeatureFile$0.callStatic(Unknown Source)\n\tat com.kms.katalon.core.cucumber.keyword.CucumberBuiltinKeywords.runFeatureFile(CucumberBuiltinKeywords.groovy:169)\n\tat com.kms.katalon.core.cucumber.keyword.CucumberBuiltinKeywords$runFeatureFile.call(Unknown Source)\n\tat Contract_Dispatcher_TOKOPEDIA.run(Contract_Dispatcher_TOKOPEDIA:16)\n\tat com.kms.katalon.core.main.ScriptEngine.run(ScriptEngine.java:194)\n\tat com.kms.katalon.core.main.ScriptEngine.runScriptAsRawText(ScriptEngine.java:119)\n\tat com.kms.katalon.core.main.TestCaseExecutor.runScript(TestCaseExecutor.java:339)\n\tat com.kms.katalon.core.main.TestCaseExecutor.doExecute(TestCaseExecutor.java:330)\n\tat com.kms.katalon.core.main.TestCaseExecutor.processExecutionPhase(TestCaseExecutor.java:309)\n\tat com.kms.katalon.core.main.TestCaseExecutor.accessMainPhase(TestCaseExecutor.java:301)\n\tat com.kms.katalon.core.main.TestCaseExecutor.execute(TestCaseExecutor.java:235)\n\tat com.kms.katalon.core.main.TestSuiteExecutor.accessTestCaseMainPhase(TestSuiteExecutor.java:191)\n\tat com.kms.katalon.core.main.TestSuiteExecutor.accessTestSuiteMainPhase(TestSuiteExecutor.java:141)\n\tat com.kms.katalon.core.main.TestSuiteExecutor.execute(TestSuiteExecutor.java:90)\n\tat com.kms.katalon.core.main.TestCaseMain.startTestSuite(TestCaseMain.java:157)\n\tat com.kms.katalon.core.main.TestCaseMain$startTestSuite$0.call(Unknown Source)\n\tat TempTestSuite1594887020597.run(TempTestSuite1594887020597.groovy:39)\n</property>
  <property name="failed.exception.message">Not a file or directory: /Users/chaidir.pratama01/Katalon Studio/IST_Automation_Git/Include/features/IST_Real/CONTRACT_DISPATCHER_DONA_B2B/DEV/Contract_Dispatcher_TOKOPEDIA.feature</property>
</record>
<record>
  <date>2020-07-16T15:10:29</date>
  <millis>1594887029452</millis>
  <sequence>25</sequence>
  <level>END</level>
  <class>com.kms.katalon.core.logging.XmlKeywordLogger</class>
  <method>endKeyword</method>
  <thread>1</thread>
  <message>End action : runFeatureFile(\&amp;quot;Include/features/IST_Real/CONTRACT_DISPATCHER_DONA_B2B/DEV/Contract_Dispatcher_TOKOPEDIA.feature\&amp;quot;)</message>
  <nestedLevel>1</nestedLevel>
</record>
<record>
  <date>2020-07-16T15:10:29</date>
  <millis>1594887029454</millis>
  <sequence>28</sequence>
  <level>FAILED</level>
  <class>com.kms.katalon.core.logging.XmlKeywordLogger</class>
  <method>logMessage</method>
  <thread>1</thread>
  <message>Test Cases/IST_Real/CONTRACT_DISPATCHER_DONA_B2B/DEV/Contract_Dispatcher_TOKOPEDIA FAILED.\nReason:\ncom.kms.katalon.core.exception.StepFailedException: Keyword runFeatureFile was failed (Root cause: java.lang.IllegalArgumentException: Not a file or directory: /Users/chaidir.pratama01/Katalon Studio/IST_Automation_Git/Include/features/IST_Real/CONTRACT_DISPATCHER_DONA_B2B/DEV/Contract_Dispatcher_TOKOPEDIA.feature\n\tat cucumber.runtime.io.FileResourceIterator$FileIterator.&amp;lt;init&amp;gt;(FileResourceIterator.java:63)\n\tat cucumber.runtime.io.FileResourceIterator.&amp;lt;init&amp;gt;(FileResourceIterator.java:28)\n\tat cucumber.runtime.io.FileResourceIterator.createFileResourceIterator(FileResourceIterator.java:14)\n\tat cucumber.runtime.io.FileResourceIterable.iterator(FileResourceIterable.java:19)\n\tat cucumber.runtime.model.CucumberFeature.loadFromFeaturePath(CucumberFeature.java:111)\n\tat cucumber.runtime.model.CucumberFeature.load(CucumberFeature.java:48)\n\tat cucumber.runtime.model.CucumberFeature.load(CucumberFeature.java:30)\n\tat cucumber.runtime.RuntimeOptions.cucumberFeatures(RuntimeOptions.java:305)\n\tat cucumber.runtime.Runtime.run(Runtime.java:97)\n\tat cucumber.api.cli.Main.run(Main.java:35)\n\tat cucumber.api.cli.Main$run.call(Unknown Source)\n\tat com.kms.katalon.core.cucumber.keyword.CucumberBuiltinKeywords$_runFeatureFile_closure1.doCall(CucumberBuiltinKeywords.groovy:76)\n\tat com.kms.katalon.core.cucumber.keyword.CucumberBuiltinKeywords$_runFeatureFile_closure1.doCall(CucumberBuiltinKeywords.groovy)\n\tat com.kms.katalon.core.keyword.internal.KeywordMain.runKeyword(KeywordMain.groovy:68)\n\tat com.kms.katalon.core.keyword.internal.KeywordMain$runKeyword.call(Unknown Source)\n\tat com.kms.katalon.core.cucumber.keyword.CucumberBuiltinKeywords.runFeatureFile(CucumberBuiltinKeywords.groovy:46)\n\tat com.kms.katalon.core.cucumber.keyword.CucumberBuiltinKeywords$runFeatureFile$0.callStatic(Unknown Source)\n\tat com.kms.katalon.core.cucumber.keyword.CucumberBuiltinKeywords.runFeatureFile(CucumberBuiltinKeywords.groovy:169)\n\tat com.kms.katalon.core.cucumber.keyword.CucumberBuiltinKeywords$runFeatureFile.call(Unknown Source)\n\tat Contract_Dispatcher_TOKOPEDIA.run(Contract_Dispatcher_TOKOPEDIA:16)\n\tat com.kms.katalon.core.main.ScriptEngine.run(ScriptEngine.java:194)\n\tat com.kms.katalon.core.main.ScriptEngine.runScriptAsRawText(ScriptEngine.java:119)\n\tat com.kms.katalon.core.main.TestCaseExecutor.runScript(TestCaseExecutor.java:339)\n\tat com.kms.katalon.core.main.TestCaseExecutor.doExecute(TestCaseExecutor.java:330)\n\tat com.kms.katalon.core.main.TestCaseExecutor.processExecutionPhase(TestCaseExecutor.java:309)\n\tat com.kms.katalon.core.main.TestCaseExecutor.accessMainPhase(TestCaseExecutor.java:301)\n\tat com.kms.katalon.core.main.TestCaseExecutor.execute(TestCaseExecutor.java:235)\n\tat com.kms.katalon.core.main.TestSuiteExecutor.accessTestCaseMainPhase(TestSuiteExecutor.java:191)\n\tat com.kms.katalon.core.main.TestSuiteExecutor.accessTestSuiteMainPhase(TestSuiteExecutor.java:141)\n\tat com.kms.katalon.core.main.TestSuiteExecutor.execute(TestSuiteExecutor.java:90)\n\tat com.kms.katalon.core.main.TestCaseMain.startTestSuite(TestCaseMain.java:157)\n\tat com.kms.katalon.core.main.TestCaseMain$startTestSuite$0.call(Unknown Source)\n\tat TempTestSuite1594887020597.run(TempTestSuite1594887020597.groovy:39)\n)\n\tat com.kms.katalon.core.keyword.internal.KeywordMain.stepFailed(KeywordMain.groovy:50)\n\tat com.kms.katalon.core.keyword.internal.KeywordMain.stepFailed(KeywordMain.groovy)\n\tat com.kms.katalon.core.keyword.internal.KeywordMain.runKeyword(KeywordMain.groovy:70)\n\tat com.kms.katalon.core.keyword.internal.KeywordMain$runKeyword.call(Unknown Source)\n\tat com.kms.katalon.core.cucumber.keyword.CucumberBuiltinKeywords.runFeatureFile(CucumberBuiltinKeywords.groovy:46)\n\tat com.kms.katalon.core.cucumber.keyword.CucumberBuiltinKeywords$runFeatureFile$0.callStatic(Unknown Source)\n\tat com.kms.katalon.core.cucumber.keyword.CucumberBuiltinKeywords.runFeatureFile(CucumberBuiltinKeywords.groovy:169)\n\tat com.kms.katalon.core.cucumber.keyword.CucumberBuiltinKeywords$runFeatureFile.call(Unknown Source)\n\tat Contract_Dispatcher_TOKOPEDIA.run(Contract_Dispatcher_TOKOPEDIA:16)\n\tat com.kms.katalon.core.main.ScriptEngine.run(ScriptEngine.java:194)\n\tat com.kms.katalon.core.main.ScriptEngine.runScriptAsRawText(ScriptEngine.java:119)\n\tat com.kms.katalon.core.main.TestCaseExecutor.runScript(TestCaseExecutor.java:339)\n\tat com.kms.katalon.core.main.TestCaseExecutor.doExecute(TestCaseExecutor.java:330)\n\tat com.kms.katalon.core.main.TestCaseExecutor.processExecutionPhase(TestCaseExecutor.java:309)\n\tat com.kms.katalon.core.main.TestCaseExecutor.accessMainPhase(TestCaseExecutor.java:301)\n\tat com.kms.katalon.core.main.TestCaseExecutor.execute(TestCaseExecutor.java:235)\n\tat com.kms.katalon.core.main.TestSuiteExecutor.accessTestCaseMainPhase(TestSuiteExecutor.java:191)\n\tat com.kms.katalon.core.main.TestSuiteExecutor.accessTestSuiteMainPhase(TestSuiteExecutor.java:141)\n\tat com.kms.katalon.core.main.TestSuiteExecutor.execute(TestSuiteExecutor.java:90)\n\tat com.kms.katalon.core.main.TestCaseMain.startTestSuite(TestCaseMain.java:157)\n\tat com.kms.katalon.core.main.TestCaseMain$startTestSuite$0.call(Unknown Source)\n\tat TempTestSuite1594887020597.run(TempTestSuite1594887020597.groovy:39)\nCaused by: java.lang.IllegalArgumentException: Not a file or directory: /Users/chaidir.pratama01/Katalon Studio/IST_Automation_Git/Include/features/IST_Real/CONTRACT_DISPATCHER_DONA_B2B/DEV/Contract_Dispatcher_TOKOPEDIA.feature\n\tat cucumber.runtime.io.FileResourceIterator$FileIterator.&amp;lt;init&amp;gt;(FileResourceIterator.java:63)\n\tat cucumber.runtime.io.FileResourceIterator.&amp;lt;init&amp;gt;(FileResourceIterator.java:28)\n\tat cucumber.runtime.io.FileResourceIterator.createFileResourceIterator(FileResourceIterator.java:14)\n\tat cucumber.runtime.io.FileResourceIterable.iterator(FileResourceIterable.java:19)\n\tat cucumber.runtime.model.CucumberFeature.loadFromFeaturePath(CucumberFeature.java:111)\n\tat cucumber.runtime.model.CucumberFeature.load(CucumberFeature.java:48)\n\tat cucumber.runtime.model.CucumberFeature.load(CucumberFeature.java:30)\n\tat cucumber.runtime.RuntimeOptions.cucumberFeatures(RuntimeOptions.java:305)\n\tat cucumber.runtime.Runtime.run(Runtime.java:97)\n\tat cucumber.api.cli.Main.run(Main.java:35)\n\tat cucumber.api.cli.Main$run.call(Unknown Source)\n\tat com.kms.katalon.core.cucumber.keyword.CucumberBuiltinKeywords$_runFeatureFile_closure1.doCall(CucumberBuiltinKeywords.groovy:76)\n\tat com.kms.katalon.core.cucumber.keyword.CucumberBuiltinKeywords$_runFeatureFile_closure1.doCall(CucumberBuiltinKeywords.groovy)\n\tat com.kms.katalon.core.keyword.internal.KeywordMain.runKeyword(KeywordMain.groovy:68)\n\t... 19 more\n</message>
  <exception>
    <message>com.kms.katalon.core.exception.StepFailedException: Keyword runFeatureFile was failed (Root cause: java.lang.IllegalArgumentException: Not a file or directory: /Users/chaidir.pratama01/Katalon Studio/IST_Automation_Git/Include/features/IST_Real/CONTRACT_DISPATCHER_DONA_B2B/DEV/Contract_Dispatcher_TOKOPEDIA.feature
	at cucumber.runtime.io.FileResourceIterator$FileIterator.&lt;init&gt;(FileResourceIterator.java:63)
	at cucumber.runtime.io.FileResourceIterator.&lt;init&gt;(FileResourceIterator.java:28)
	at cucumber.runtime.io.FileResourceIterator.createFileResourceIterator(FileResourceIterator.java:14)
	at cucumber.runtime.io.FileResourceIterable.iterator(FileResourceIterable.java:19)
	at cucumber.runtime.model.CucumberFeature.loadFromFeaturePath(CucumberFeature.java:111)
	at cucumber.runtime.model.CucumberFeature.load(CucumberFeature.java:48)
	at cucumber.runtime.model.CucumberFeature.load(CucumberFeature.java:30)
	at cucumber.runtime.RuntimeOptions.cucumberFeatures(RuntimeOptions.java:305)
	at cucumber.runtime.Runtime.run(Runtime.java:97)
	at cucumber.api.cli.Main.run(Main.java:35)
	at cucumber.api.cli.Main$run.call(Unknown Source)
	at com.kms.katalon.core.cucumber.keyword.CucumberBuiltinKeywords$_runFeatureFile_closure1.doCall(CucumberBuiltinKeywords.groovy:76)
	at com.kms.katalon.core.cucumber.keyword.CucumberBuiltinKeywords$_runFeatureFile_closure1.doCall(CucumberBuiltinKeywords.groovy)
	at com.kms.katalon.core.keyword.internal.KeywordMain.runKeyword(KeywordMain.groovy:68)
	at com.kms.katalon.core.keyword.internal.KeywordMain$runKeyword.call(Unknown Source)
	at com.kms.katalon.core.cucumber.keyword.CucumberBuiltinKeywords.runFeatureFile(CucumberBuiltinKeywords.groovy:46)
	at com.kms.katalon.core.cucumber.keyword.CucumberBuiltinKeywords$runFeatureFile$0.callStatic(Unknown Source)
	at com.kms.katalon.core.cucumber.keyword.CucumberBuiltinKeywords.runFeatureFile(CucumberBuiltinKeywords.groovy:169)
	at com.kms.katalon.core.cucumber.keyword.CucumberBuiltinKeywords$runFeatureFile.call(Unknown Source)
	at Contract_Dispatcher_TOKOPEDIA.run(Contract_Dispatcher_TOKOPEDIA:16)
	at com.kms.katalon.core.main.ScriptEngine.run(ScriptEngine.java:194)
	at com.kms.katalon.core.main.ScriptEngine.runScriptAsRawText(ScriptEngine.java:119)
	at com.kms.katalon.core.main.TestCaseExecutor.runScript(TestCaseExecutor.java:339)
	at com.kms.katalon.core.main.TestCaseExecutor.doExecute(TestCaseExecutor.java:330)
	at com.kms.katalon.core.main.TestCaseExecutor.processExecutionPhase(TestCaseExecutor.java:309)
	at com.kms.katalon.core.main.TestCaseExecutor.accessMainPhase(TestCaseExecutor.java:301)
	at com.kms.katalon.core.main.TestCaseExecutor.execute(TestCaseExecutor.java:235)
	at com.kms.katalon.core.main.TestSuiteExecutor.accessTestCaseMainPhase(TestSuiteExecutor.java:191)
	at com.kms.katalon.core.main.TestSuiteExecutor.accessTestSuiteMainPhase(TestSuiteExecutor.java:141)
	at com.kms.katalon.core.main.TestSuiteExecutor.execute(TestSuiteExecutor.java:90)
	at com.kms.katalon.core.main.TestCaseMain.startTestSuite(TestCaseMain.java:157)
	at com.kms.katalon.core.main.TestCaseMain$startTestSuite$0.call(Unknown Source)
	at TempTestSuite1594887020597.run(TempTestSuite1594887020597.groovy:39)
)</message>
    <frame>
      <class>com.kms.katalon.core.keyword.internal.KeywordMain</class>
      <method>stepFailed</method>
      <line>50</line>
    </frame>
    <frame>
      <class>com.kms.katalon.core.keyword.internal.KeywordMain</class>
      <method>stepFailed</method>
    </frame>
    <frame>
      <class>com.kms.katalon.core.keyword.internal.KeywordMain</class>
      <method>runKeyword</method>
      <line>70</line>
    </frame>
    <frame>
      <class>com.kms.katalon.core.keyword.internal.KeywordMain$runKeyword</class>
      <method>call</method>
    </frame>
    <frame>
      <class>com.kms.katalon.core.cucumber.keyword.CucumberBuiltinKeywords</class>
      <method>runFeatureFile</method>
      <line>46</line>
    </frame>
    <frame>
      <class>com.kms.katalon.core.cucumber.keyword.CucumberBuiltinKeywords$runFeatureFile$0</class>
      <method>callStatic</method>
    </frame>
    <frame>
      <class>com.kms.katalon.core.cucumber.keyword.CucumberBuiltinKeywords</class>
      <method>runFeatureFile</method>
      <line>169</line>
    </frame>
    <frame>
      <class>com.kms.katalon.core.cucumber.keyword.CucumberBuiltinKeywords$runFeatureFile</class>
      <method>call</method>
    </frame>
    <frame>
      <class>Contract_Dispatcher_TOKOPEDIA</class>
      <method>run</method>
      <line>16</line>
    </frame>
    <frame>
      <class>com.kms.katalon.core.main.ScriptEngine</class>
      <method>run</method>
      <line>194</line>
    </frame>
    <frame>
      <class>com.kms.katalon.core.main.ScriptEngine</class>
      <method>runScriptAsRawText</method>
      <line>119</line>
    </frame>
    <frame>
      <class>com.kms.katalon.core.main.TestCaseExecutor</class>
      <method>runScript</method>
      <line>339</line>
    </frame>
    <frame>
      <class>com.kms.katalon.core.main.TestCaseExecutor</class>
      <method>doExecute</method>
      <line>330</line>
    </frame>
    <frame>
      <class>com.kms.katalon.core.main.TestCaseExecutor</class>
      <method>processExecutionPhase</method>
      <line>309</line>
    </frame>
    <frame>
      <class>com.kms.katalon.core.main.TestCaseExecutor</class>
      <method>accessMainPhase</method>
      <line>301</line>
    </frame>
    <frame>
      <class>com.kms.katalon.core.main.TestCaseExecutor</class>
      <method>execute</method>
      <line>235</line>
    </frame>
    <frame>
      <class>com.kms.katalon.core.main.TestSuiteExecutor</class>
      <method>accessTestCaseMainPhase</method>
      <line>191</line>
    </frame>
    <frame>
      <class>com.kms.katalon.core.main.TestSuiteExecutor</class>
      <method>accessTestSuiteMainPhase</method>
      <line>141</line>
    </frame>
    <frame>
      <class>com.kms.katalon.core.main.TestSuiteExecutor</class>
      <method>execute</method>
      <line>90</line>
    </frame>
    <frame>
      <class>com.kms.katalon.core.main.TestCaseMain</class>
      <method>startTestSuite</method>
      <line>157</line>
    </frame>
    <frame>
      <class>com.kms.katalon.core.main.TestCaseMain$startTestSuite$0</class>
      <method>call</method>
    </frame>
    <frame>
      <class>TempTestSuite1594887020597</class>
      <method>run</method>
      <line>39</line>
    </frame>
  </exception>
  <nestedLevel>0</nestedLevel>
  <property name="failed.exception.stacktrace">java.lang.IllegalArgumentException: Not a file or directory: /Users/chaidir.pratama01/Katalon Studio/IST_Automation_Git/Include/features/IST_Real/CONTRACT_DISPATCHER_DONA_B2B/DEV/Contract_Dispatcher_TOKOPEDIA.feature\n\tat cucumber.runtime.io.FileResourceIterator$FileIterator.&lt;init&gt;(FileResourceIterator.java:63)\n\tat cucumber.runtime.io.FileResourceIterator.&lt;init&gt;(FileResourceIterator.java:28)\n\tat cucumber.runtime.io.FileResourceIterator.createFileResourceIterator(FileResourceIterator.java:14)\n\tat cucumber.runtime.io.FileResourceIterable.iterator(FileResourceIterable.java:19)\n\tat cucumber.runtime.model.CucumberFeature.loadFromFeaturePath(CucumberFeature.java:111)\n\tat cucumber.runtime.model.CucumberFeature.load(CucumberFeature.java:48)\n\tat cucumber.runtime.model.CucumberFeature.load(CucumberFeature.java:30)\n\tat cucumber.runtime.RuntimeOptions.cucumberFeatures(RuntimeOptions.java:305)\n\tat cucumber.runtime.Runtime.run(Runtime.java:97)\n\tat cucumber.api.cli.Main.run(Main.java:35)\n\tat cucumber.api.cli.Main$run.call(Unknown Source)\n\tat com.kms.katalon.core.cucumber.keyword.CucumberBuiltinKeywords$_runFeatureFile_closure1.doCall(CucumberBuiltinKeywords.groovy:76)\n\tat com.kms.katalon.core.cucumber.keyword.CucumberBuiltinKeywords$_runFeatureFile_closure1.doCall(CucumberBuiltinKeywords.groovy)\n\tat com.kms.katalon.core.keyword.internal.KeywordMain.runKeyword(KeywordMain.groovy:68)\n\tat com.kms.katalon.core.keyword.internal.KeywordMain$runKeyword.call(Unknown Source)\n\tat com.kms.katalon.core.cucumber.keyword.CucumberBuiltinKeywords.runFeatureFile(CucumberBuiltinKeywords.groovy:46)\n\tat com.kms.katalon.core.cucumber.keyword.CucumberBuiltinKeywords$runFeatureFile$0.callStatic(Unknown Source)\n\tat com.kms.katalon.core.cucumber.keyword.CucumberBuiltinKeywords.runFeatureFile(CucumberBuiltinKeywords.groovy:169)\n\tat com.kms.katalon.core.cucumber.keyword.CucumberBuiltinKeywords$runFeatureFile.call(Unknown Source)\n\tat Contract_Dispatcher_TOKOPEDIA.run(Contract_Dispatcher_TOKOPEDIA:16)\n\tat com.kms.katalon.core.main.ScriptEngine.run(ScriptEngine.java:194)\n\tat com.kms.katalon.core.main.ScriptEngine.runScriptAsRawText(ScriptEngine.java:119)\n\tat com.kms.katalon.core.main.TestCaseExecutor.runScript(TestCaseExecutor.java:339)\n\tat com.kms.katalon.core.main.TestCaseExecutor.doExecute(TestCaseExecutor.java:330)\n\tat com.kms.katalon.core.main.TestCaseExecutor.processExecutionPhase(TestCaseExecutor.java:309)\n\tat com.kms.katalon.core.main.TestCaseExecutor.accessMainPhase(TestCaseExecutor.java:301)\n\tat com.kms.katalon.core.main.TestCaseExecutor.execute(TestCaseExecutor.java:235)\n\tat com.kms.katalon.core.main.TestSuiteExecutor.accessTestCaseMainPhase(TestSuiteExecutor.java:191)\n\tat com.kms.katalon.core.main.TestSuiteExecutor.accessTestSuiteMainPhase(TestSuiteExecutor.java:141)\n\tat com.kms.katalon.core.main.TestSuiteExecutor.execute(TestSuiteExecutor.java:90)\n\tat com.kms.katalon.core.main.TestCaseMain.startTestSuite(TestCaseMain.java:157)\n\tat com.kms.katalon.core.main.TestCaseMain$startTestSuite$0.call(Unknown Source)\n\tat TempTestSuite1594887020597.run(TempTestSuite1594887020597.groovy:39)\n</property>
  <property name="failed.exception.class">java.lang.IllegalArgumentException</property>
  <property name="failed.exception.message">Not a file or directory: /Users/chaidir.pratama01/Katalon Studio/IST_Automation_Git/Include/features/IST_Real/CONTRACT_DISPATCHER_DONA_B2B/DEV/Contract_Dispatcher_TOKOPEDIA.feature</property>
</record>
<record>
  <date>2020-07-16T15:10:29</date>
  <millis>1594887029460</millis>
  <sequence>30</sequence>
  <level>END</level>
  <class>com.kms.katalon.core.logging.XmlKeywordLogger</class>
  <method>endTest</method>
  <thread>1</thread>
  <message>End Test Case : Test Cases/IST_Real/CONTRACT_DISPATCHER_DONA_B2B/DEV/Contract_Dispatcher_TOKOPEDIA</message>
  <nestedLevel>0</nestedLevel>
</record>
<record>
  <date>2020-07-16T15:10:29</date>
  <millis>1594887029523</millis>
  <sequence>31</sequence>
  <level>END</level>
  <class>com.kms.katalon.core.logging.XmlKeywordLogger</class>
  <method>endSuite</method>
  <thread>1</thread>
  <message>End Test Suite : Test Suites/CONTRACT_DISPATCHER_DONA_B2B/PRE_PROD/Contract_Dispatcher_Mistake_Matrix</message>
  <nestedLevel>0</nestedLevel>
</record>
</log>
