<?xml version="1.0" encoding="UTF-8"?>
<testsuites name="Tracker_Invoice_System_Update_Data" time="142.455" tests="1" failures="1" errors="0">
   <testsuite name="Tracker_Invoice_System_Update_Data" tests="1" failures="1" errors="0" time="142.455" timestamp="2020-04-01 22:00:01" hostname="Ramsey.LoloYanto - ID-L3891.hcg.homecredit.net" id="Test Suites/TRIS/DEV/Tracker_Invoice_System_Update_Data">
      <properties>
         <property name="deviceName" value=""/>
         <property name="devicePlatform" value=""/>
         <property name="logFolder" value="C:\\Users\\ramsey.loloyanto\\Documents\\ist-Katalon\\Reports\\20200401_215952\\TRIS\\DEV\\Tracker_Invoice_System_Update_Data\\20200401_215952"/>
         <property name="logFiles" value="C:\\Users\\ramsey.loloyanto\\Documents\\ist-Katalon\\Reports\\20200401_215952\\TRIS\\DEV\\Tracker_Invoice_System_Update_Data\\20200401_215952\\execution0.log"/>
         <property name="attachments" value="C:\\Users\\ramsey.loloyanto\\Documents\\ist-Katalon\\Reports\\20200401_215952\\TRIS\\DEV\\Tracker_Invoice_System_Update_Data\\20200401_215952\\1585753268459.png, C:\\Users\\ramsey.loloyanto\\Documents\\ist-Katalon\\Reports\\20200401_215952\\TRIS\\DEV\\Tracker_Invoice_System_Update_Data\\20200401_215952\\1585753272261.png, C:\\Users\\ramsey.loloyanto\\Documents\\ist-Katalon\\Reports\\20200401_215952\\TRIS\\DEV\\Tracker_Invoice_System_Update_Data\\20200401_215952\\1585753299928.png, C:\\Users\\ramsey.loloyanto\\Documents\\ist-Katalon\\Reports\\20200401_215952\\TRIS\\DEV\\Tracker_Invoice_System_Update_Data\\20200401_215952\\1585753300069.png, C:\\Users\\ramsey.loloyanto\\Documents\\ist-Katalon\\Reports\\20200401_215952\\TRIS\\DEV\\Tracker_Invoice_System_Update_Data\\20200401_215952\\1585753319416.png, C:\\Users\\ramsey.loloyanto\\Documents\\ist-Katalon\\Reports\\20200401_215952\\TRIS\\DEV\\Tracker_Invoice_System_Update_Data\\20200401_215952\\1585753320497.png, C:\\Users\\ramsey.loloyanto\\Documents\\ist-Katalon\\Reports\\20200401_215952\\TRIS\\DEV\\Tracker_Invoice_System_Update_Data\\20200401_215952\\1585753321557.png, C:\\Users\\ramsey.loloyanto\\Documents\\ist-Katalon\\Reports\\20200401_215952\\TRIS\\DEV\\Tracker_Invoice_System_Update_Data\\20200401_215952\\1585753322120.png, C:\\Users\\ramsey.loloyanto\\Documents\\ist-Katalon\\Reports\\20200401_215952\\TRIS\\DEV\\Tracker_Invoice_System_Update_Data\\20200401_215952\\1585753322682.png, C:\\Users\\ramsey.loloyanto\\Documents\\ist-Katalon\\Reports\\20200401_215952\\TRIS\\DEV\\Tracker_Invoice_System_Update_Data\\20200401_215952\\1585753323244.png, C:\\Users\\ramsey.loloyanto\\Documents\\ist-Katalon\\Reports\\20200401_215952\\TRIS\\DEV\\Tracker_Invoice_System_Update_Data\\20200401_215952\\1585753323835.png, C:\\Users\\ramsey.loloyanto\\Documents\\ist-Katalon\\Reports\\20200401_215952\\TRIS\\DEV\\Tracker_Invoice_System_Update_Data\\20200401_215952\\1585753324396.png, C:\\Users\\ramsey.loloyanto\\Documents\\ist-Katalon\\Reports\\20200401_215952\\TRIS\\DEV\\Tracker_Invoice_System_Update_Data\\20200401_215952\\1585753324976.png, C:\\Users\\ramsey.loloyanto\\Documents\\ist-Katalon\\Reports\\20200401_215952\\TRIS\\DEV\\Tracker_Invoice_System_Update_Data\\20200401_215952\\1585753325533.png, C:\\Users\\ramsey.loloyanto\\Documents\\ist-Katalon\\Reports\\20200401_215952\\TRIS\\DEV\\Tracker_Invoice_System_Update_Data\\20200401_215952\\1585753326091.png"/>
         <property name="hostName" value="Ramsey.LoloYanto - ID-L3891.hcg.homecredit.net"/>
         <property name="os" value="Windows 10 64bit"/>
         <property name="katalonVersion" value="7.2.6.1"/>
         <property name="browser" value="Firefox 74.0"/>
         <property name="hostAddress" value="192.168.43.212"/>
         <property name="sessionId" value="1463e503-0a6b-47f2-ab52-8427b79ad5b8"/>
         <property name="seleniumVersion" value="3.141.59"/>
         <property name="proxyInformation" value="ProxyInformation{proxyOption=NO_PROXY, proxyServerType=HTTP, password=, proxyServerAddress=, proxyServerPort=0, executionList=}"/>
         <property name="platform" value="Windows 10"/>
      </properties>
      <testcase name="Test Cases/IST_Real/TRIS/DEV/Tracker_Invoice_System_Update_Data" time="136.538" classname="Test Cases/IST_Real/TRIS/DEV/Tracker_Invoice_System_Update_Data" status="FAILED">
         <failure type="FAILED" message="Test Cases/IST_Real/TRIS/DEV/Tracker_Invoice_System_Update_Data FAILED.
Reason:
com.kms.katalon.core.exception.StepFailedException: Feature file 'Include/features/IST_Real/TRIS/DEV/Tracker_Invoice_System_Update_Data.feature' was failed
	at com.kms.katalon.core.keyword.internal.KeywordMain.stepFailed(KeywordMain.groovy:50)
	at com.kms.katalon.core.keyword.internal.KeywordMain.stepFailed(KeywordMain.groovy)
	at com.kms.katalon.core.keyword.internal.KeywordMain.stepFailed(KeywordMain.groovy:23)
	at com.kms.katalon.core.keyword.internal.KeywordMain$stepFailed$0.call(Unknown Source)
	at com.kms.katalon.core.cucumber.keyword.CucumberBuiltinKeywords$_runFeatureFile_closure1.doCall(CucumberBuiltinKeywords.groovy:82)
	at com.kms.katalon.core.cucumber.keyword.CucumberBuiltinKeywords$_runFeatureFile_closure1.doCall(CucumberBuiltinKeywords.groovy)
	at com.kms.katalon.core.keyword.internal.KeywordMain.runKeyword(KeywordMain.groovy:68)
	at com.kms.katalon.core.keyword.internal.KeywordMain$runKeyword.call(Unknown Source)
	at com.kms.katalon.core.cucumber.keyword.CucumberBuiltinKeywords.runFeatureFile(CucumberBuiltinKeywords.groovy:46)
	at com.kms.katalon.core.cucumber.keyword.CucumberBuiltinKeywords$runFeatureFile$0.callStatic(Unknown Source)
	at com.kms.katalon.core.cucumber.keyword.CucumberBuiltinKeywords.runFeatureFile(CucumberBuiltinKeywords.groovy:169)
	at com.kms.katalon.core.cucumber.keyword.CucumberBuiltinKeywords$runFeatureFile.call(Unknown Source)
	at Tracker_Invoice_System_Update_Data.run(Tracker_Invoice_System_Update_Data:18)
	at com.kms.katalon.core.main.ScriptEngine.run(ScriptEngine.java:194)
	at com.kms.katalon.core.main.ScriptEngine.runScriptAsRawText(ScriptEngine.java:119)
	at com.kms.katalon.core.main.TestCaseExecutor.runScript(TestCaseExecutor.java:337)
	at com.kms.katalon.core.main.TestCaseExecutor.doExecute(TestCaseExecutor.java:328)
	at com.kms.katalon.core.main.TestCaseExecutor.processExecutionPhase(TestCaseExecutor.java:307)
	at com.kms.katalon.core.main.TestCaseExecutor.accessMainPhase(TestCaseExecutor.java:299)
	at com.kms.katalon.core.main.TestCaseExecutor.execute(TestCaseExecutor.java:233)
	at com.kms.katalon.core.main.TestSuiteExecutor.accessTestCaseMainPhase(TestSuiteExecutor.java:169)
	at com.kms.katalon.core.main.TestSuiteExecutor.accessTestSuiteMainPhase(TestSuiteExecutor.java:142)
	at com.kms.katalon.core.main.TestSuiteExecutor.execute(TestSuiteExecutor.java:91)
	at com.kms.katalon.core.main.TestCaseMain.startTestSuite(TestCaseMain.java:157)
	at com.kms.katalon.core.main.TestCaseMain$startTestSuite$0.call(Unknown Source)
	at TempTestSuite1585753192807.run(TempTestSuite1585753192807.groovy:36)
"/>
         <system-out><![CDATA[2020-04-01 22:00:01 - [TEST_CASE][FAILED] - Test Cases/IST_Real/TRIS/DEV/Tracker_Invoice_System_Update_Data: Test Cases/IST_Real/TRIS/DEV/Tracker_Invoice_System_Update_Data FAILED.
Reason:
com.kms.katalon.core.exception.StepFailedException: Feature file 'Include/features/IST_Real/TRIS/DEV/Tracker_Invoice_System_Update_Data.feature' was failed
	at com.kms.katalon.core.keyword.internal.KeywordMain.stepFailed(KeywordMain.groovy:50)
	at com.kms.katalon.core.keyword.internal.KeywordMain.stepFailed(KeywordMain.groovy)
	at com.kms.katalon.core.keyword.internal.KeywordMain.stepFailed(KeywordMain.groovy:23)
	at com.kms.katalon.core.keyword.internal.KeywordMain$stepFailed$0.call(Unknown Source)
	at com.kms.katalon.core.cucumber.keyword.CucumberBuiltinKeywords$_runFeatureFile_closure1.doCall(CucumberBuiltinKeywords.groovy:82)
	at com.kms.katalon.core.cucumber.keyword.CucumberBuiltinKeywords$_runFeatureFile_closure1.doCall(CucumberBuiltinKeywords.groovy)
	at com.kms.katalon.core.keyword.internal.KeywordMain.runKeyword(KeywordMain.groovy:68)
	at com.kms.katalon.core.keyword.internal.KeywordMain$runKeyword.call(Unknown Source)
	at com.kms.katalon.core.cucumber.keyword.CucumberBuiltinKeywords.runFeatureFile(CucumberBuiltinKeywords.groovy:46)
	at com.kms.katalon.core.cucumber.keyword.CucumberBuiltinKeywords$runFeatureFile$0.callStatic(Unknown Source)
	at com.kms.katalon.core.cucumber.keyword.CucumberBuiltinKeywords.runFeatureFile(CucumberBuiltinKeywords.groovy:169)
	at com.kms.katalon.core.cucumber.keyword.CucumberBuiltinKeywords$runFeatureFile.call(Unknown Source)
	at Tracker_Invoice_System_Update_Data.run(Tracker_Invoice_System_Update_Data:18)
	at com.kms.katalon.core.main.ScriptEngine.run(ScriptEngine.java:194)
	at com.kms.katalon.core.main.ScriptEngine.runScriptAsRawText(ScriptEngine.java:119)
	at com.kms.katalon.core.main.TestCaseExecutor.runScript(TestCaseExecutor.java:337)
	at com.kms.katalon.core.main.TestCaseExecutor.doExecute(TestCaseExecutor.java:328)
	at com.kms.katalon.core.main.TestCaseExecutor.processExecutionPhase(TestCaseExecutor.java:307)
	at com.kms.katalon.core.main.TestCaseExecutor.accessMainPhase(TestCaseExecutor.java:299)
	at com.kms.katalon.core.main.TestCaseExecutor.execute(TestCaseExecutor.java:233)
	at com.kms.katalon.core.main.TestSuiteExecutor.accessTestCaseMainPhase(TestSuiteExecutor.java:169)
	at com.kms.katalon.core.main.TestSuiteExecutor.accessTestSuiteMainPhase(TestSuiteExecutor.java:142)
	at com.kms.katalon.core.main.TestSuiteExecutor.execute(TestSuiteExecutor.java:91)
	at com.kms.katalon.core.main.TestCaseMain.startTestSuite(TestCaseMain.java:157)
	at com.kms.katalon.core.main.TestCaseMain$startTestSuite$0.call(Unknown Source)
	at TempTestSuite1585753192807.run(TempTestSuite1585753192807.groovy:36)


2020-04-01 22:00:02 - [TEST_STEP][FAILED] - runFeatureFile("Include/features/IST_Real/TRIS/DEV/Tracker_Invoice_System_Update_Data.feature"): Keyword runFeatureFile was failed (Root cause: com.kms.katalon.core.exception.StepFailedException: Feature file 'Include/features/IST_Real/TRIS/DEV/Tracker_Invoice_System_Update_Data.feature' was failed
	at com.kms.katalon.core.keyword.internal.KeywordMain.stepFailed(KeywordMain.groovy:50)
	at com.kms.katalon.core.keyword.internal.KeywordMain.stepFailed(KeywordMain.groovy)
	at com.kms.katalon.core.keyword.internal.KeywordMain.stepFailed(KeywordMain.groovy:23)
	at com.kms.katalon.core.keyword.internal.KeywordMain$stepFailed$0.call(Unknown Source)
	at com.kms.katalon.core.cucumber.keyword.CucumberBuiltinKeywords$_runFeatureFile_closure1.doCall(CucumberBuiltinKeywords.groovy:82)
	at com.kms.katalon.core.cucumber.keyword.CucumberBuiltinKeywords$_runFeatureFile_closure1.doCall(CucumberBuiltinKeywords.groovy)
	at com.kms.katalon.core.keyword.internal.KeywordMain.runKeyword(KeywordMain.groovy:68)
	at com.kms.katalon.core.keyword.internal.KeywordMain$runKeyword.call(Unknown Source)
	at com.kms.katalon.core.cucumber.keyword.CucumberBuiltinKeywords.runFeatureFile(CucumberBuiltinKeywords.groovy:46)
	at com.kms.katalon.core.cucumber.keyword.CucumberBuiltinKeywords$runFeatureFile$0.callStatic(Unknown Source)
	at com.kms.katalon.core.cucumber.keyword.CucumberBuiltinKeywords.runFeatureFile(CucumberBuiltinKeywords.groovy:169)
	at com.kms.katalon.core.cucumber.keyword.CucumberBuiltinKeywords$runFeatureFile.call(Unknown Source)
	at Tracker_Invoice_System_Update_Data.run(Tracker_Invoice_System_Update_Data:18)
	at com.kms.katalon.core.main.ScriptEngine.run(ScriptEngine.java:194)
	at com.kms.katalon.core.main.ScriptEngine.runScriptAsRawText(ScriptEngine.java:119)
	at com.kms.katalon.core.main.TestCaseExecutor.runScript(TestCaseExecutor.java:337)
	at com.kms.katalon.core.main.TestCaseExecutor.doExecute(TestCaseExecutor.java:328)
	at com.kms.katalon.core.main.TestCaseExecutor.processExecutionPhase(TestCaseExecutor.java:307)
	at com.kms.katalon.core.main.TestCaseExecutor.accessMainPhase(TestCaseExecutor.java:299)
	at com.kms.katalon.core.main.TestCaseExecutor.execute(TestCaseExecutor.java:233)
	at com.kms.katalon.core.main.TestSuiteExecutor.accessTestCaseMainPhase(TestSuiteExecutor.java:169)
	at com.kms.katalon.core.main.TestSuiteExecutor.accessTestSuiteMainPhase(TestSuiteExecutor.java:142)
	at com.kms.katalon.core.main.TestSuiteExecutor.execute(TestSuiteExecutor.java:91)
	at com.kms.katalon.core.main.TestCaseMain.startTestSuite(TestCaseMain.java:157)
	at com.kms.katalon.core.main.TestCaseMain$startTestSuite$0.call(Unknown Source)
	at TempTestSuite1585753192807.run(TempTestSuite1585753192807.groovy:36)
)

2020-04-01 22:00:02 - [MESSAGE][INFO] - Starting run keyword runFeatureFile: 'Include/features/IST_Real/TRIS/DEV/Tracker_Invoice_System_Update_Data.feature' and extract report to folder: 'C:\Users\ramsey.loloyanto\Documents\ist-Katalon\Reports\20200401_215952\TRIS\DEV\Tracker_Invoice_System_Update_Data\20200401_215952/cucumber_report/1585753202072'...

2020-04-01 22:00:02 - [TEST_CASE][PASSED] - Start Test Case : SCENARIO Update Invoice Data Cetak: SCENARIO Update Invoice Data Cetak

2020-04-01 22:00:02 - [TEST_STEP][PASSED] - Go to IST: Go to IST

2020-04-01 22:00:02 - [MESSAGE][INFO] - Starting 'Firefox' driver

2020-04-01 22:00:02 - [MESSAGE][INFO] - Action delay is set to 0 seconds

2020-04-01 22:00:13 - [MESSAGE][PASSED] - Browser is opened with url: ''

2020-04-01 22:00:16 - [MESSAGE][PASSED] - Navigate to 'https://id-ist01.id.nonprod/foundation/' successfully

2020-04-01 22:00:16 - [MESSAGE][PASSED] - Go to IST

2020-04-01 22:00:16 - [TEST_STEP][PASSED] - Login IST with valid credentials: Login IST with valid credentials

2020-04-01 22:00:16 - [MESSAGE][PASSED] - Text 'mobile.test' is set on object 'Object Repository/Page_/input_Username_j_username'

2020-04-01 22:00:17 - [MESSAGE][PASSED] - Text ****** has been set on object 'Object Repository/Page_/input_Password_j_password'

2020-04-01 22:00:18 - [MESSAGE][PASSED] - Object: 'Object Repository/Page_/button_Login' is clicked on

2020-04-01 22:00:18 - [MESSAGE][PASSED] - Login IST with valid credentials

2020-04-01 22:00:18 - [TEST_STEP][PASSED] - Login Success for contract dispatcher: Login Success for contract dispatcher

2020-04-01 22:00:18 - [MESSAGE][INFO] - Login Success

2020-04-01 22:00:18 - [MESSAGE][PASSED] - Current window maximized

2020-04-01 22:00:18 - [MESSAGE][PASSED] - Object 'Object Repository/Page_/h1_Welcome to IT Supporting Tools' is present

2020-04-01 22:00:18 - [MESSAGE][PASSED] - Login Success for contract dispatcher

2020-04-01 22:00:18 - [TEST_STEP][PASSED] - Check User Login for Update: Check User Login for Update

2020-04-01 22:00:18 - [MESSAGE][PASSED] - Text of object '' is: 'Sign in as mobile.test'

2020-04-01 22:00:18 - [MESSAGE][PASSED] - Check User Login for Update

2020-04-01 22:00:18 - [TEST_STEP][PASSED] - Select Arrow Menu "Invoice System": Select Arrow Menu "Invoice System"

2020-04-01 22:00:19 - [MESSAGE][PASSED] - Object: '' is clicked on

2020-04-01 22:00:19 - [MESSAGE][PASSED] - Select Arrow Menu "Invoice System"

2020-04-01 22:00:19 - [TEST_STEP][PASSED] - Select Menu "Tracker Invoice System": Select Menu "Tracker Invoice System"

2020-04-01 22:00:19 - [MESSAGE][PASSED] - Object '' is present

2020-04-01 22:00:20 - [MESSAGE][PASSED] - Object: '' is clicked on

2020-04-01 22:00:20 - [MESSAGE][PASSED] - Wait for page load successfully

2020-04-01 22:00:20 - [MESSAGE][PASSED] - Select Menu "Tracker Invoice System"

2020-04-01 22:00:20 - [TEST_STEP][PASSED] - Type on Textbox label "contract number of email address" with value "9999999999": Type on Textbox label "contract number of email address" with value "9999999999"

2020-04-01 22:00:21 - [MESSAGE][PASSED] - Text '9999999999' is set on object ''

2020-04-01 22:00:21 - [MESSAGE][PASSED] - Type on Textbox label "contract number of email address" with value "9999999999"

2020-04-01 22:00:21 - [TEST_STEP][PASSED] - Click button "Search": Click button "Search"

2020-04-01 22:00:21 - [MESSAGE][INFO] - >>>>>//Button[contains(text(),'Search')]

2020-04-01 22:00:24 - [MESSAGE][PASSED] - Object: '' is clicked on

2020-04-01 22:00:24 - [MESSAGE][PASSED] - Click button "Search"

2020-04-01 22:00:24 - [TEST_STEP][PASSED] - Verify Table Filled: Verify Table Filled

2020-04-01 22:00:25 - [MESSAGE][PASSED] - Object '' is present

2020-04-01 22:00:25 - [MESSAGE][PASSED] - Verify Table Filled

2020-04-01 22:00:25 - [TEST_STEP][PASSED] - Right Click Invoice Want to Update based on sub contract number "9999999999-7": Right Click Invoice Want to Update based on sub contract number "9999999999-7"

2020-04-01 22:00:25 - [MESSAGE][PASSED] - Scroll to object '' successfully

2020-04-01 22:00:26 - [MESSAGE][PASSED] - Object: '' is right clicked on

2020-04-01 22:00:26 - [MESSAGE][PASSED] - Right Click Invoice Want to Update based on sub contract number "9999999999-7"

2020-04-01 22:00:26 - [TEST_STEP][PASSED] - Check Invoice Format is "Cetak": Check Invoice Format is "Cetak"

2020-04-01 22:00:28 - [MESSAGE][PASSED] - All options with value 'Cetak' are selected in object ''  using regular expression

2020-04-01 22:00:28 - [MESSAGE][PASSED] - Check Invoice Format is "Cetak"

2020-04-01 22:00:28 - [TEST_STEP][PASSED] - Update Data Value Based on Check Point: Update Data Value Based on Check Point

2020-04-01 22:00:29 - [MESSAGE][PASSED] - All options with index in [9] are selected on object ''

2020-04-01 22:00:29 - [MESSAGE][PASSED] - Text '1800000' is set on object ''

2020-04-01 22:00:29 - [MESSAGE][PASSED] - Text '01-15-2020' is set on object ''

2020-04-01 22:00:29 - [MESSAGE][PASSED] - Text of object '' is: ''

2020-04-01 22:00:30 - [MESSAGE][PASSED] - Text 'Test Update' is set on object ''

2020-04-01 22:00:30 - [MESSAGE][PASSED] - Text 'Test Update' is set on object ''

2020-04-01 22:00:30 - [MESSAGE][PASSED] - Update Data Value Based on Check Point

2020-04-01 22:00:30 - [TEST_STEP][PASSED] - Check Corrected Result: Check Corrected Result

2020-04-01 22:00:31 - [MESSAGE][PASSED] - All options with value 'Cetak' are selected in object ''  using regular expression

2020-04-01 22:00:31 - [MESSAGE][PASSED] - Attribute 'disabled' of object '' is: 'null'

2020-04-01 22:00:31 - [MESSAGE][PASSED] - Object '' is checked

2020-04-01 22:00:32 - [MESSAGE][PASSED] - Attribute 'disabled' of object '' is: 'null'

2020-04-01 22:00:32 - [MESSAGE][PASSED] - Object '' is checked

2020-04-01 22:00:32 - [MESSAGE][PASSED] - Attribute 'disabled' of object '' is: 'null'

2020-04-01 22:00:32 - [MESSAGE][PASSED] - Object '' is checked

2020-04-01 22:00:32 - [MESSAGE][PASSED] - Attribute 'disabled' of object '' is: 'null'

2020-04-01 22:00:33 - [MESSAGE][PASSED] - Object '' is checked

2020-04-01 22:00:33 - [MESSAGE][PASSED] - Attribute 'disabled' of object '' is: 'null'

2020-04-01 22:00:33 - [MESSAGE][PASSED] - Object '' is checked

2020-04-01 22:00:33 - [MESSAGE][PASSED] - Attribute 'disabled' of object '' is: 'null'

2020-04-01 22:00:34 - [MESSAGE][PASSED] - Object '' is checked

2020-04-01 22:00:34 - [MESSAGE][PASSED] - Check Corrected Result

2020-04-01 22:00:34 - [TEST_STEP][PASSED] - Click button "Save Invoice": Click button "Save Invoice"

2020-04-01 22:00:34 - [MESSAGE][INFO] - >>>>>//Button[contains(text(),'Save Invoice')]

2020-04-01 22:00:37 - [MESSAGE][PASSED] - Object: '' is clicked on

2020-04-01 22:00:37 - [MESSAGE][PASSED] - Click button "Save Invoice"

2020-04-01 22:00:37 - [TEST_STEP][PASSED] - Verify Update Data in Invoice Summary: Verify Update Data in Invoice Summary

2020-04-01 22:00:39 - [MESSAGE][PASSED] - Text of object '' is: '15/01/2020'

2020-04-01 22:00:39 - [MESSAGE][PASSED] - Text of object '' is: '1.800.000'

2020-04-01 22:00:39 - [MESSAGE][PASSED] - Text of object '' is: 'All Ok'

2020-04-01 22:00:39 - [MESSAGE][PASSED] - Text of object '' is: 'mobile.test'

2020-04-01 22:00:39 - [MESSAGE][PASSED] - Verify Update Data in Invoice Summary

2020-04-01 22:00:39 - [TEST_STEP][PASSED] - Verify Update Data in Additional Detail: Verify Update Data in Additional Detail

2020-04-01 22:00:40 - [MESSAGE][PASSED] - Scroll to object '' successfully

2020-04-01 22:00:40 - [MESSAGE][PASSED] - Object: '' is clicked on

2020-04-01 22:00:41 - [MESSAGE][PASSED] - Text of object '' is: 'None'

2020-04-01 22:00:41 - [MESSAGE][PASSED] - Text of object '' is: '15/01/2020'

2020-04-01 22:00:41 - [MESSAGE][PASSED] - Text of object '' is: '9999999999'

2020-04-01 22:00:41 - [MESSAGE][PASSED] - Text of object '' is: 'Test Update'

2020-04-01 22:00:42 - [MESSAGE][PASSED] - Text of object '' is: 'Test Update'

2020-04-01 22:00:42 - [MESSAGE][PASSED] - Text of object '' is: 'mobile.test'

2020-04-01 22:00:42 - [MESSAGE][PASSED] - Text of object '' is: '01/04/2020'

2020-04-01 22:00:42 - [MESSAGE][PASSED] - Verify Update Data in Additional Detail

2020-04-01 22:00:42 - [TEST_STEP][PASSED] - Click button "Logout": Click button "Logout"

2020-04-01 22:00:42 - [MESSAGE][INFO] - >>>>>//Button[contains(text(),'Logout')]

2020-04-01 22:00:46 - [MESSAGE][PASSED] - Object: '' is clicked on

2020-04-01 22:00:46 - [MESSAGE][PASSED] - Click button "Logout"

2020-04-01 22:00:46 - [TEST_STEP][PASSED] - Close browser: Close browser

2020-04-01 22:00:47 - [MESSAGE][PASSED] - Browser is closed

2020-04-01 22:00:47 - [MESSAGE][PASSED] - Close browser

2020-04-01 22:00:47 - [TEST_CASE][PASSED] - Start Test Case : SCENARIO Update Invoice Data General: SCENARIO Update Invoice Data General

2020-04-01 22:00:47 - [TEST_STEP][PASSED] - Go to IST: Go to IST

2020-04-01 22:00:47 - [MESSAGE][INFO] - Starting 'Firefox' driver

2020-04-01 22:00:50 - [MESSAGE][PASSED] - Browser is opened with url: ''

2020-04-01 22:00:53 - [MESSAGE][PASSED] - Navigate to 'https://id-ist01.id.nonprod/foundation/' successfully

2020-04-01 22:00:53 - [MESSAGE][PASSED] - Go to IST

2020-04-01 22:00:53 - [TEST_STEP][PASSED] - Login IST with valid credentials: Login IST with valid credentials

2020-04-01 22:00:54 - [MESSAGE][PASSED] - Text 'mobile.test' is set on object 'Object Repository/Page_/input_Username_j_username'

2020-04-01 22:00:54 - [MESSAGE][PASSED] - Text ****** has been set on object 'Object Repository/Page_/input_Password_j_password'

2020-04-01 22:00:55 - [MESSAGE][PASSED] - Object: 'Object Repository/Page_/button_Login' is clicked on

2020-04-01 22:00:55 - [MESSAGE][PASSED] - Login IST with valid credentials

2020-04-01 22:00:55 - [TEST_STEP][PASSED] - Login Success for contract dispatcher: Login Success for contract dispatcher

2020-04-01 22:00:55 - [MESSAGE][INFO] - Login Success

2020-04-01 22:00:55 - [MESSAGE][PASSED] - Current window maximized

2020-04-01 22:00:55 - [MESSAGE][PASSED] - Object 'Object Repository/Page_/h1_Welcome to IT Supporting Tools' is present

2020-04-01 22:00:55 - [MESSAGE][PASSED] - Login Success for contract dispatcher

2020-04-01 22:00:55 - [TEST_STEP][PASSED] - Check User Login for Update: Check User Login for Update

2020-04-01 22:00:56 - [MESSAGE][PASSED] - Text of object '' is: 'Sign in as mobile.test'

2020-04-01 22:00:56 - [MESSAGE][PASSED] - Check User Login for Update

2020-04-01 22:00:56 - [TEST_STEP][PASSED] - Select Arrow Menu "Invoice System": Select Arrow Menu "Invoice System"

2020-04-01 22:00:56 - [MESSAGE][PASSED] - Object: '' is clicked on

2020-04-01 22:00:56 - [MESSAGE][PASSED] - Select Arrow Menu "Invoice System"

2020-04-01 22:00:56 - [TEST_STEP][PASSED] - Select Menu "Tracker Invoice System": Select Menu "Tracker Invoice System"

2020-04-01 22:00:56 - [MESSAGE][PASSED] - Object '' is present

2020-04-01 22:00:57 - [MESSAGE][PASSED] - Object: '' is clicked on

2020-04-01 22:00:57 - [MESSAGE][PASSED] - Wait for page load successfully

2020-04-01 22:00:57 - [MESSAGE][PASSED] - Select Menu "Tracker Invoice System"

2020-04-01 22:00:57 - [TEST_STEP][PASSED] - Type on Textbox label "contract number of email address" with value "9999999999": Type on Textbox label "contract number of email address" with value "9999999999"

2020-04-01 22:00:57 - [MESSAGE][PASSED] - Text '9999999999' is set on object ''

2020-04-01 22:00:57 - [MESSAGE][PASSED] - Type on Textbox label "contract number of email address" with value "9999999999"

2020-04-01 22:00:57 - [TEST_STEP][PASSED] - Click button "Search": Click button "Search"

2020-04-01 22:00:57 - [MESSAGE][INFO] - >>>>>//Button[contains(text(),'Search')]

2020-04-01 22:01:01 - [MESSAGE][PASSED] - Object: '' is clicked on

2020-04-01 22:01:01 - [MESSAGE][PASSED] - Click button "Search"

2020-04-01 22:01:01 - [TEST_STEP][PASSED] - Verify Table Filled: Verify Table Filled

2020-04-01 22:01:02 - [MESSAGE][PASSED] - Object '' is present

2020-04-01 22:01:02 - [MESSAGE][PASSED] - Verify Table Filled

2020-04-01 22:01:02 - [TEST_STEP][PASSED] - Right Click Invoice Want to Update based on sub contract number "9999999999-5": Right Click Invoice Want to Update based on sub contract number "9999999999-5"

2020-04-01 22:01:02 - [MESSAGE][PASSED] - Scroll to object '' successfully

2020-04-01 22:01:03 - [MESSAGE][PASSED] - Object: '' is right clicked on

2020-04-01 22:01:03 - [MESSAGE][PASSED] - Right Click Invoice Want to Update based on sub contract number "9999999999-5"

2020-04-01 22:01:03 - [TEST_STEP][PASSED] - Check Invoice Format is "General": Check Invoice Format is "General"

2020-04-01 22:01:05 - [MESSAGE][PASSED] - All options with value 'General' are selected in object ''  using regular expression

2020-04-01 22:01:05 - [MESSAGE][PASSED] - Check Invoice Format is "General"

2020-04-01 22:01:05 - [TEST_STEP][PASSED] - Update Data Value Based on Check Point: Update Data Value Based on Check Point

2020-04-01 22:01:06 - [MESSAGE][PASSED] - All options with index in [9] are selected on object ''

2020-04-01 22:01:06 - [MESSAGE][PASSED] - Text '1800000' is set on object ''

2020-04-01 22:01:06 - [MESSAGE][PASSED] - Text '01-15-2020' is set on object ''

2020-04-01 22:01:06 - [MESSAGE][PASSED] - Text of object '' is: ''

2020-04-01 22:01:07 - [MESSAGE][PASSED] - Text 'Test Update' is set on object ''

2020-04-01 22:01:07 - [MESSAGE][PASSED] - Text 'Test Update' is set on object ''

2020-04-01 22:01:07 - [MESSAGE][PASSED] - Update Data Value Based on Check Point

2020-04-01 22:01:07 - [TEST_STEP][PASSED] - Check Corrected Result: Check Corrected Result

2020-04-01 22:01:08 - [MESSAGE][WARNING] - Only 0 in 1 option(s) with value 'Cetak' is/are selected in object ''  using regular expression (Root cause: com.kms.katalon.core.exception.StepFailedException: Only 0 in 1 option(s) with value 'Cetak' is/are selected in object ''  using regular expression
	at com.kms.katalon.core.webui.keyword.internal.WebUIKeywordMain.stepFailed(WebUIKeywordMain.groovy:64)
	at com.kms.katalon.core.webui.keyword.builtin.VerifyOptionSelectedByValueKeyword$_verifyOptionSelectedByValue_closure1.doCall(VerifyOptionSelectedByValueKeyword.groovy:94)
	at com.kms.katalon.core.webui.keyword.builtin.VerifyOptionSelectedByValueKeyword$_verifyOptionSelectedByValue_closure1.call(VerifyOptionSelectedByValueKeyword.groovy)
	at com.kms.katalon.core.webui.keyword.internal.WebUIKeywordMain.runKeyword(WebUIKeywordMain.groovy:20)
	at com.kms.katalon.core.webui.keyword.builtin.VerifyOptionSelectedByValueKeyword.verifyOptionSelectedByValue(VerifyOptionSelectedByValueKeyword.groovy:106)
	at com.kms.katalon.core.webui.keyword.builtin.VerifyOptionSelectedByValueKeyword.execute(VerifyOptionSelectedByValueKeyword.groovy:70)
	at com.kms.katalon.core.keyword.internal.KeywordExecutor.executeKeywordForPlatform(KeywordExecutor.groovy:72)
	at com.kms.katalon.core.webui.keyword.WebUiBuiltInKeywords.verifyOptionSelectedByValue(WebUiBuiltInKeywords.groovy:2200)
	at com.kms.katalon.core.webui.keyword.WebUiBuiltInKeywords$verifyOptionSelectedByValue$11.call(Unknown Source)
	at ist_real.Contract_Dispatcher.TestingTestingCode(Contract_Dispatcher.groovy:1692)
	at cucumber.runtime.Utils$1.call(Utils.java:26)
	at cucumber.runtime.Timeout.timeout(Timeout.java:16)
	at cucumber.runtime.Utils.invoke(Utils.java:20)
	at cucumber.runtime.java.JavaStepDefinition.execute(JavaStepDefinition.java:48)
	at cucumber.runtime.PickleStepDefinitionMatch.runStep(PickleStepDefinitionMatch.java:50)
	at cucumber.runner.TestStep.executeStep(TestStep.java:55)
	at cucumber.runner.TestStep.run(TestStep.java:42)
	at cucumber.runner.PickleStepTestStep.run(PickleStepTestStep.java:53)
	at cucumber.runner.TestCase.run(TestCase.java:47)
	at cucumber.runner.Runner.runPickle(Runner.java:44)
	at cucumber.runtime.Runtime.runFeature(Runtime.java:120)
	at cucumber.runtime.Runtime.run(Runtime.java:106)
	at cucumber.api.cli.Main.run(Main.java:35)
	at cucumber.api.cli.Main$run.call(Unknown Source)
	at com.kms.katalon.core.cucumber.keyword.CucumberBuiltinKeywords$_runFeatureFile_closure1.doCall(CucumberBuiltinKeywords.groovy:76)
	at com.kms.katalon.core.cucumber.keyword.CucumberBuiltinKeywords$_runFeatureFile_closure1.doCall(CucumberBuiltinKeywords.groovy)
	at com.kms.katalon.core.keyword.internal.KeywordMain.runKeyword(KeywordMain.groovy:68)
	at com.kms.katalon.core.keyword.internal.KeywordMain$runKeyword.call(Unknown Source)
	at com.kms.katalon.core.cucumber.keyword.CucumberBuiltinKeywords.runFeatureFile(CucumberBuiltinKeywords.groovy:46)
	at com.kms.katalon.core.cucumber.keyword.CucumberBuiltinKeywords$runFeatureFile$0.callStatic(Unknown Source)
	at com.kms.katalon.core.cucumber.keyword.CucumberBuiltinKeywords.runFeatureFile(CucumberBuiltinKeywords.groovy:169)
	at com.kms.katalon.core.cucumber.keyword.CucumberBuiltinKeywords$runFeatureFile.call(Unknown Source)
	at Tracker_Invoice_System_Update_Data.run(Tracker_Invoice_System_Update_Data:18)
	at com.kms.katalon.core.main.ScriptEngine.run(ScriptEngine.java:194)
	at com.kms.katalon.core.main.ScriptEngine.runScriptAsRawText(ScriptEngine.java:119)
	at com.kms.katalon.core.main.TestCaseExecutor.runScript(TestCaseExecutor.java:337)
	at com.kms.katalon.core.main.TestCaseExecutor.doExecute(TestCaseExecutor.java:328)
	at com.kms.katalon.core.main.TestCaseExecutor.processExecutionPhase(TestCaseExecutor.java:307)
	at com.kms.katalon.core.main.TestCaseExecutor.accessMainPhase(TestCaseExecutor.java:299)
	at com.kms.katalon.core.main.TestCaseExecutor.execute(TestCaseExecutor.java:233)
	at com.kms.katalon.core.main.TestSuiteExecutor.accessTestCaseMainPhase(TestSuiteExecutor.java:169)
	at com.kms.katalon.core.main.TestSuiteExecutor.accessTestSuiteMainPhase(TestSuiteExecutor.java:142)
	at com.kms.katalon.core.main.TestSuiteExecutor.execute(TestSuiteExecutor.java:91)
	at com.kms.katalon.core.main.TestCaseMain.startTestSuite(TestCaseMain.java:157)
	at com.kms.katalon.core.main.TestCaseMain$startTestSuite$0.call(Unknown Source)
	at TempTestSuite1585753192807.run(TempTestSuite1585753192807.groovy:36)
)
[[ATTACHMENT|C:\\Users\\ramsey.loloyanto\\Documents\\ist-Katalon\\Reports\\20200401_215952\\TRIS\\DEV\\Tracker_Invoice_System_Update_Data\\20200401_215952\\1585753268459.png]]

2020-04-01 22:01:09 - [MESSAGE][PASSED] - All options with value 'General' are selected in object ''  using regular expression

2020-04-01 22:01:09 - [MESSAGE][PASSED] - Attribute 'disabled' of object '' is: 'null'

2020-04-01 22:01:09 - [MESSAGE][PASSED] - Object '' is checked

2020-04-01 22:01:10 - [MESSAGE][PASSED] - Attribute 'disabled' of object '' is: 'null'

2020-04-01 22:01:10 - [MESSAGE][PASSED] - Object '' is checked

2020-04-01 22:01:10 - [MESSAGE][PASSED] - Attribute 'disabled' of object '' is: 'null'

2020-04-01 22:01:10 - [MESSAGE][PASSED] - Object '' is checked

2020-04-01 22:01:11 - [MESSAGE][PASSED] - Attribute 'disabled' of object '' is: 'null'

2020-04-01 22:01:11 - [MESSAGE][PASSED] - Object '' is checked

2020-04-01 22:01:11 - [MESSAGE][PASSED] - Attribute 'disabled' of object '' is: 'null'

2020-04-01 22:01:11 - [MESSAGE][PASSED] - Object '' is checked

2020-04-01 22:01:12 - [MESSAGE][PASSED] - Attribute 'disabled' of object '' is: 'null'

2020-04-01 22:01:12 - [MESSAGE][WARNING] - Object '' is not checked (Root cause: com.kms.katalon.core.exception.StepFailedException: Object '' is not checked
	at com.kms.katalon.core.webui.keyword.internal.WebUIKeywordMain.stepFailed(WebUIKeywordMain.groovy:64)
	at com.kms.katalon.core.webui.keyword.builtin.VerifyElementCheckedKeyword$_verifyElementChecked_closure1.doCall(VerifyElementCheckedKeyword.groovy:81)
	at com.kms.katalon.core.webui.keyword.builtin.VerifyElementCheckedKeyword$_verifyElementChecked_closure1.call(VerifyElementCheckedKeyword.groovy)
	at com.kms.katalon.core.webui.keyword.internal.WebUIKeywordMain.runKeyword(WebUIKeywordMain.groovy:20)
	at com.kms.katalon.core.webui.keyword.builtin.VerifyElementCheckedKeyword.verifyElementChecked(VerifyElementCheckedKeyword.groovy:92)
	at com.kms.katalon.core.webui.keyword.builtin.VerifyElementCheckedKeyword.execute(VerifyElementCheckedKeyword.groovy:68)
	at com.kms.katalon.core.keyword.internal.KeywordExecutor.executeKeywordForPlatform(KeywordExecutor.groovy:72)
	at com.kms.katalon.core.webui.keyword.WebUiBuiltInKeywords.verifyElementChecked(WebUiBuiltInKeywords.groovy:1378)
	at com.kms.katalon.core.webui.keyword.WebUiBuiltInKeywords$verifyElementChecked$14.call(Unknown Source)
	at ist_real.Contract_Dispatcher.TestingTestingCode(Contract_Dispatcher.groovy:1748)
	at cucumber.runtime.Utils$1.call(Utils.java:26)
	at cucumber.runtime.Timeout.timeout(Timeout.java:16)
	at cucumber.runtime.Utils.invoke(Utils.java:20)
	at cucumber.runtime.java.JavaStepDefinition.execute(JavaStepDefinition.java:48)
	at cucumber.runtime.PickleStepDefinitionMatch.runStep(PickleStepDefinitionMatch.java:50)
	at cucumber.runner.TestStep.executeStep(TestStep.java:55)
	at cucumber.runner.TestStep.run(TestStep.java:42)
	at cucumber.runner.PickleStepTestStep.run(PickleStepTestStep.java:53)
	at cucumber.runner.TestCase.run(TestCase.java:47)
	at cucumber.runner.Runner.runPickle(Runner.java:44)
	at cucumber.runtime.Runtime.runFeature(Runtime.java:120)
	at cucumber.runtime.Runtime.run(Runtime.java:106)
	at cucumber.api.cli.Main.run(Main.java:35)
	at cucumber.api.cli.Main$run.call(Unknown Source)
	at com.kms.katalon.core.cucumber.keyword.CucumberBuiltinKeywords$_runFeatureFile_closure1.doCall(CucumberBuiltinKeywords.groovy:76)
	at com.kms.katalon.core.cucumber.keyword.CucumberBuiltinKeywords$_runFeatureFile_closure1.doCall(CucumberBuiltinKeywords.groovy)
	at com.kms.katalon.core.keyword.internal.KeywordMain.runKeyword(KeywordMain.groovy:68)
	at com.kms.katalon.core.keyword.internal.KeywordMain$runKeyword.call(Unknown Source)
	at com.kms.katalon.core.cucumber.keyword.CucumberBuiltinKeywords.runFeatureFile(CucumberBuiltinKeywords.groovy:46)
	at com.kms.katalon.core.cucumber.keyword.CucumberBuiltinKeywords$runFeatureFile$0.callStatic(Unknown Source)
	at com.kms.katalon.core.cucumber.keyword.CucumberBuiltinKeywords.runFeatureFile(CucumberBuiltinKeywords.groovy:169)
	at com.kms.katalon.core.cucumber.keyword.CucumberBuiltinKeywords$runFeatureFile.call(Unknown Source)
	at Tracker_Invoice_System_Update_Data.run(Tracker_Invoice_System_Update_Data:18)
	at com.kms.katalon.core.main.ScriptEngine.run(ScriptEngine.java:194)
	at com.kms.katalon.core.main.ScriptEngine.runScriptAsRawText(ScriptEngine.java:119)
	at com.kms.katalon.core.main.TestCaseExecutor.runScript(TestCaseExecutor.java:337)
	at com.kms.katalon.core.main.TestCaseExecutor.doExecute(TestCaseExecutor.java:328)
	at com.kms.katalon.core.main.TestCaseExecutor.processExecutionPhase(TestCaseExecutor.java:307)
	at com.kms.katalon.core.main.TestCaseExecutor.accessMainPhase(TestCaseExecutor.java:299)
	at com.kms.katalon.core.main.TestCaseExecutor.execute(TestCaseExecutor.java:233)
	at com.kms.katalon.core.main.TestSuiteExecutor.accessTestCaseMainPhase(TestSuiteExecutor.java:169)
	at com.kms.katalon.core.main.TestSuiteExecutor.accessTestSuiteMainPhase(TestSuiteExecutor.java:142)
	at com.kms.katalon.core.main.TestSuiteExecutor.execute(TestSuiteExecutor.java:91)
	at com.kms.katalon.core.main.TestCaseMain.startTestSuite(TestCaseMain.java:157)
	at com.kms.katalon.core.main.TestCaseMain$startTestSuite$0.call(Unknown Source)
	at TempTestSuite1585753192807.run(TempTestSuite1585753192807.groovy:36)
)
[[ATTACHMENT|C:\\Users\\ramsey.loloyanto\\Documents\\ist-Katalon\\Reports\\20200401_215952\\TRIS\\DEV\\Tracker_Invoice_System_Update_Data\\20200401_215952\\1585753272261.png]]

2020-04-01 22:01:12 - [MESSAGE][PASSED] - Check Corrected Result

2020-04-01 22:01:12 - [TEST_STEP][PASSED] - Click button "Save Invoice": Click button "Save Invoice"

2020-04-01 22:01:12 - [MESSAGE][INFO] - >>>>>//Button[contains(text(),'Save Invoice')]

2020-04-01 22:01:15 - [MESSAGE][PASSED] - Object: '' is clicked on

2020-04-01 22:01:15 - [MESSAGE][PASSED] - Click button "Save Invoice"

2020-04-01 22:01:15 - [TEST_STEP][PASSED] - Verify Update Data in Invoice Summary: Verify Update Data in Invoice Summary

2020-04-01 22:01:17 - [MESSAGE][PASSED] - Text of object '' is: '15/01/2020'

2020-04-01 22:01:17 - [MESSAGE][PASSED] - Text of object '' is: '1.800.000'

2020-04-01 22:01:17 - [MESSAGE][PASSED] - Text of object '' is: 'Mistake'

2020-04-01 22:01:17 - [MESSAGE][PASSED] - Text of object '' is: 'mobile.test'

2020-04-01 22:01:17 - [MESSAGE][PASSED] - Verify Update Data in Invoice Summary

2020-04-01 22:01:17 - [TEST_STEP][PASSED] - Verify Update Data in Additional Detail: Verify Update Data in Additional Detail

2020-04-01 22:01:18 - [MESSAGE][PASSED] - Scroll to object '' successfully

2020-04-01 22:01:18 - [MESSAGE][PASSED] - Object: '' is clicked on

2020-04-01 22:01:19 - [MESSAGE][PASSED] - Text of object '' is: 'None'

2020-04-01 22:01:19 - [MESSAGE][PASSED] - Text of object '' is: '15/01/2020'

2020-04-01 22:01:19 - [MESSAGE][PASSED] - Text of object '' is: '9999999999'

2020-04-01 22:01:19 - [MESSAGE][PASSED] - Text of object '' is: 'Test Update'

2020-04-01 22:01:20 - [MESSAGE][PASSED] - Text of object '' is: 'Test Update'

2020-04-01 22:01:20 - [MESSAGE][PASSED] - Text of object '' is: 'mobile.test'

2020-04-01 22:01:20 - [MESSAGE][PASSED] - Text of object '' is: '01/04/2020'

2020-04-01 22:01:20 - [MESSAGE][PASSED] - Verify Update Data in Additional Detail

2020-04-01 22:01:20 - [TEST_STEP][PASSED] - Click button "Logout": Click button "Logout"

2020-04-01 22:01:20 - [MESSAGE][INFO] - >>>>>//Button[contains(text(),'Logout')]

2020-04-01 22:01:24 - [MESSAGE][PASSED] - Object: '' is clicked on

2020-04-01 22:01:24 - [MESSAGE][PASSED] - Click button "Logout"

2020-04-01 22:01:24 - [TEST_STEP][PASSED] - Close browser: Close browser

2020-04-01 22:01:25 - [MESSAGE][PASSED] - Browser is closed

2020-04-01 22:01:25 - [MESSAGE][PASSED] - Close browser

2020-04-01 22:01:25 - [TEST_CASE][FAILED] - Start Test Case : SCENARIO Update Invoice Data HCI Format: SCENARIO Update Invoice Data HCI Format FAILED.
Reason:
com.kms.katalon.core.exception.StepFailedException: Unable to verify option is selected by value 'HCI Format' on object ''  using regular expression
	at com.kms.katalon.core.webui.keyword.internal.WebUIKeywordMain.stepFailed(WebUIKeywordMain.groovy:64)
	at com.kms.katalon.core.webui.keyword.internal.WebUIKeywordMain.runKeyword(WebUIKeywordMain.groovy:26)
	at com.kms.katalon.core.webui.keyword.builtin.VerifyOptionSelectedByValueKeyword.verifyOptionSelectedByValue(VerifyOptionSelectedByValueKeyword.groovy:106)
	at com.kms.katalon.core.webui.keyword.builtin.VerifyOptionSelectedByValueKeyword.execute(VerifyOptionSelectedByValueKeyword.groovy:70)
	at com.kms.katalon.core.keyword.internal.KeywordExecutor.executeKeywordForPlatform(KeywordExecutor.groovy:72)
	at com.kms.katalon.core.webui.keyword.WebUiBuiltInKeywords.verifyOptionSelectedByValue(WebUiBuiltInKeywords.groovy:2200)
	at com.kms.katalon.core.webui.keyword.WebUiBuiltInKeywords$verifyOptionSelectedByValue$11.call(Unknown Source)
	at ist_real.Contract_Dispatcher.checkFormat(Contract_Dispatcher.groovy:1848)
	at ✽.Check Invoice Format is "HCI Format"(C:/Users/ramsey.loloyanto/Documents/ist-Katalon/Include/features/IST_Real/TRIS/DEV/Tracker_Invoice_System_Update_Data.feature:83)
Caused by: com.kms.katalon.core.exception.StepFailedException: There is no option with value 'HCI Format' present in object ''  using regular expression
	at com.kms.katalon.core.webui.keyword.internal.WebUIKeywordMain.stepFailed(WebUIKeywordMain.groovy:64)
	at com.kms.katalon.core.webui.keyword.builtin.VerifyOptionSelectedByValueKeyword$_verifyOptionSelectedByValue_closure1.doCall(VerifyOptionSelectedByValueKeyword.groovy:92)
	at com.kms.katalon.core.webui.keyword.builtin.VerifyOptionSelectedByValueKeyword$_verifyOptionSelectedByValue_closure1.call(VerifyOptionSelectedByValueKeyword.groovy)
	at com.kms.katalon.core.webui.keyword.internal.WebUIKeywordMain.runKeyword(WebUIKeywordMain.groovy:20)
	at com.kms.katalon.core.webui.keyword.builtin.VerifyOptionSelectedByValueKeyword.verifyOptionSelectedByValue(VerifyOptionSelectedByValueKeyword.groovy:106)
	at com.kms.katalon.core.webui.keyword.builtin.VerifyOptionSelectedByValueKeyword.execute(VerifyOptionSelectedByValueKeyword.groovy:70)
	at com.kms.katalon.core.keyword.internal.KeywordExecutor.executeKeywordForPlatform(KeywordExecutor.groovy:72)
	at com.kms.katalon.core.webui.keyword.WebUiBuiltInKeywords.verifyOptionSelectedByValue(WebUiBuiltInKeywords.groovy:2200)
	at com.kms.katalon.core.webui.keyword.WebUiBuiltInKeywords$verifyOptionSelectedByValue$11.call(Unknown Source)
	at ist_real.Contract_Dispatcher.checkFormat(Contract_Dispatcher.groovy:1848)
	at cucumber.runtime.Utils$1.call(Utils.java:26)
	at cucumber.runtime.Timeout.timeout(Timeout.java:16)
	at cucumber.runtime.Utils.invoke(Utils.java:20)
	at cucumber.runtime.java.JavaStepDefinition.execute(JavaStepDefinition.java:48)
	at cucumber.runtime.PickleStepDefinitionMatch.runStep(PickleStepDefinitionMatch.java:50)
	at cucumber.runner.TestStep.executeStep(TestStep.java:55)
	at cucumber.runner.TestStep.run(TestStep.java:42)
	at cucumber.runner.PickleStepTestStep.run(PickleStepTestStep.java:53)
	at cucumber.runner.TestCase.run(TestCase.java:47)
	at cucumber.runner.Runner.runPickle(Runner.java:44)
	at cucumber.runtime.Runtime.runFeature(Runtime.java:120)
	at cucumber.runtime.Runtime.run(Runtime.java:106)
	at cucumber.api.cli.Main.run(Main.java:35)
	at cucumber.api.cli.Main$run.call(Unknown Source)
	at com.kms.katalon.core.cucumber.keyword.CucumberBuiltinKeywords$_runFeatureFile_closure1.doCall(CucumberBuiltinKeywords.groovy:76)
	at com.kms.katalon.core.cucumber.keyword.CucumberBuiltinKeywords$_runFeatureFile_closure1.doCall(CucumberBuiltinKeywords.groovy)
	at com.kms.katalon.core.keyword.internal.KeywordMain.runKeyword(KeywordMain.groovy:68)
	at com.kms.katalon.core.keyword.internal.KeywordMain$runKeyword.call(Unknown Source)
	at com.kms.katalon.core.cucumber.keyword.CucumberBuiltinKeywords.runFeatureFile(CucumberBuiltinKeywords.groovy:46)
	at com.kms.katalon.core.cucumber.keyword.CucumberBuiltinKeywords$runFeatureFile$0.callStatic(Unknown Source)
	at com.kms.katalon.core.cucumber.keyword.CucumberBuiltinKeywords.runFeatureFile(CucumberBuiltinKeywords.groovy:169)
	at com.kms.katalon.core.cucumber.keyword.CucumberBuiltinKeywords$runFeatureFile.call(Unknown Source)
	at Tracker_Invoice_System_Update_Data.run(Tracker_Invoice_System_Update_Data:18)
	at com.kms.katalon.core.main.ScriptEngine.run(ScriptEngine.java:194)
	at com.kms.katalon.core.main.ScriptEngine.runScriptAsRawText(ScriptEngine.java:119)
	at com.kms.katalon.core.main.TestCaseExecutor.runScript(TestCaseExecutor.java:337)
	at com.kms.katalon.core.main.TestCaseExecutor.doExecute(TestCaseExecutor.java:328)
	at com.kms.katalon.core.main.TestCaseExecutor.processExecutionPhase(TestCaseExecutor.java:307)
	at com.kms.katalon.core.main.TestCaseExecutor.accessMainPhase(TestCaseExecutor.java:299)
	at com.kms.katalon.core.main.TestCaseExecutor.execute(TestCaseExecutor.java:233)
	at com.kms.katalon.core.main.TestSuiteExecutor.accessTestCaseMainPhase(TestSuiteExecutor.java:169)
	at com.kms.katalon.core.main.TestSuiteExecutor.accessTestSuiteMainPhase(TestSuiteExecutor.java:142)
	at com.kms.katalon.core.main.TestSuiteExecutor.execute(TestSuiteExecutor.java:91)
	at com.kms.katalon.core.main.TestCaseMain.startTestSuite(TestCaseMain.java:157)
	at com.kms.katalon.core.main.TestCaseMain$startTestSuite$0.call(Unknown Source)
	at TempTestSuite1585753192807.run(TempTestSuite1585753192807.groovy:36)


2020-04-01 22:01:25 - [TEST_STEP][PASSED] - Go to IST: Go to IST

2020-04-01 22:01:25 - [MESSAGE][INFO] - Starting 'Firefox' driver

2020-04-01 22:01:28 - [MESSAGE][PASSED] - Browser is opened with url: ''

2020-04-01 22:01:29 - [MESSAGE][PASSED] - Navigate to 'https://id-ist01.id.nonprod/foundation/' successfully

2020-04-01 22:01:29 - [MESSAGE][PASSED] - Go to IST

2020-04-01 22:01:29 - [TEST_STEP][PASSED] - Login IST with valid credentials: Login IST with valid credentials

2020-04-01 22:01:29 - [MESSAGE][PASSED] - Text 'mobile.test' is set on object 'Object Repository/Page_/input_Username_j_username'

2020-04-01 22:01:30 - [MESSAGE][PASSED] - Text ****** has been set on object 'Object Repository/Page_/input_Password_j_password'

2020-04-01 22:01:31 - [MESSAGE][PASSED] - Object: 'Object Repository/Page_/button_Login' is clicked on

2020-04-01 22:01:31 - [MESSAGE][PASSED] - Login IST with valid credentials

2020-04-01 22:01:31 - [TEST_STEP][PASSED] - Login Success for contract dispatcher: Login Success for contract dispatcher

2020-04-01 22:01:31 - [MESSAGE][INFO] - Login Success

2020-04-01 22:01:31 - [MESSAGE][PASSED] - Current window maximized

2020-04-01 22:01:31 - [MESSAGE][PASSED] - Object 'Object Repository/Page_/h1_Welcome to IT Supporting Tools' is present

2020-04-01 22:01:31 - [MESSAGE][PASSED] - Login Success for contract dispatcher

2020-04-01 22:01:31 - [TEST_STEP][PASSED] - Check User Login for Update: Check User Login for Update

2020-04-01 22:01:31 - [MESSAGE][PASSED] - Text of object '' is: 'Sign in as mobile.test'

2020-04-01 22:01:31 - [MESSAGE][PASSED] - Check User Login for Update

2020-04-01 22:01:31 - [TEST_STEP][PASSED] - Select Arrow Menu "Invoice System": Select Arrow Menu "Invoice System"

2020-04-01 22:01:32 - [MESSAGE][PASSED] - Object: '' is clicked on

2020-04-01 22:01:32 - [MESSAGE][PASSED] - Select Arrow Menu "Invoice System"

2020-04-01 22:01:32 - [TEST_STEP][PASSED] - Select Menu "Tracker Invoice System": Select Menu "Tracker Invoice System"

2020-04-01 22:01:32 - [MESSAGE][PASSED] - Object '' is present

2020-04-01 22:01:32 - [MESSAGE][PASSED] - Object: '' is clicked on

2020-04-01 22:01:32 - [MESSAGE][PASSED] - Wait for page load successfully

2020-04-01 22:01:32 - [MESSAGE][PASSED] - Select Menu "Tracker Invoice System"

2020-04-01 22:01:32 - [TEST_STEP][PASSED] - Type on Textbox label "contract number of email address" with value "9999999999": Type on Textbox label "contract number of email address" with value "9999999999"

2020-04-01 22:01:33 - [MESSAGE][PASSED] - Text '9999999999' is set on object ''

2020-04-01 22:01:33 - [MESSAGE][PASSED] - Type on Textbox label "contract number of email address" with value "9999999999"

2020-04-01 22:01:33 - [TEST_STEP][PASSED] - Click button "Search": Click button "Search"

2020-04-01 22:01:33 - [MESSAGE][INFO] - >>>>>//Button[contains(text(),'Search')]

2020-04-01 22:01:36 - [MESSAGE][PASSED] - Object: '' is clicked on

2020-04-01 22:01:36 - [MESSAGE][PASSED] - Click button "Search"

2020-04-01 22:01:36 - [TEST_STEP][PASSED] - Verify Table Filled: Verify Table Filled

2020-04-01 22:01:37 - [MESSAGE][PASSED] - Object '' is present

2020-04-01 22:01:37 - [MESSAGE][PASSED] - Verify Table Filled

2020-04-01 22:01:37 - [TEST_STEP][PASSED] - Right Click Invoice Want to Update based on sub contract number "9999999999-3": Right Click Invoice Want to Update based on sub contract number "9999999999-3"

2020-04-01 22:01:37 - [MESSAGE][PASSED] - Scroll to object '' successfully

2020-04-01 22:01:38 - [MESSAGE][PASSED] - Object: '' is right clicked on

2020-04-01 22:01:38 - [MESSAGE][PASSED] - Right Click Invoice Want to Update based on sub contract number "9999999999-3"

2020-04-01 22:01:38 - [TEST_STEP][FAILED] - Check Invoice Format is "HCI Format": Check Invoice Format is "HCI Format" FAILED.
Reason:
com.kms.katalon.core.exception.StepFailedException: Unable to verify option is selected by value 'HCI Format' on object ''  using regular expression
	at com.kms.katalon.core.webui.keyword.internal.WebUIKeywordMain.stepFailed(WebUIKeywordMain.groovy:64)
	at com.kms.katalon.core.webui.keyword.internal.WebUIKeywordMain.runKeyword(WebUIKeywordMain.groovy:26)
	at com.kms.katalon.core.webui.keyword.builtin.VerifyOptionSelectedByValueKeyword.verifyOptionSelectedByValue(VerifyOptionSelectedByValueKeyword.groovy:106)
	at com.kms.katalon.core.webui.keyword.builtin.VerifyOptionSelectedByValueKeyword.execute(VerifyOptionSelectedByValueKeyword.groovy:70)
	at com.kms.katalon.core.keyword.internal.KeywordExecutor.executeKeywordForPlatform(KeywordExecutor.groovy:72)
	at com.kms.katalon.core.webui.keyword.WebUiBuiltInKeywords.verifyOptionSelectedByValue(WebUiBuiltInKeywords.groovy:2200)
	at com.kms.katalon.core.webui.keyword.WebUiBuiltInKeywords$verifyOptionSelectedByValue$11.call(Unknown Source)
	at ist_real.Contract_Dispatcher.checkFormat(Contract_Dispatcher.groovy:1848)
	at ✽.Check Invoice Format is "HCI Format"(C:/Users/ramsey.loloyanto/Documents/ist-Katalon/Include/features/IST_Real/TRIS/DEV/Tracker_Invoice_System_Update_Data.feature:83)
Caused by: com.kms.katalon.core.exception.StepFailedException: There is no option with value 'HCI Format' present in object ''  using regular expression
	at com.kms.katalon.core.webui.keyword.internal.WebUIKeywordMain.stepFailed(WebUIKeywordMain.groovy:64)
	at com.kms.katalon.core.webui.keyword.builtin.VerifyOptionSelectedByValueKeyword$_verifyOptionSelectedByValue_closure1.doCall(VerifyOptionSelectedByValueKeyword.groovy:92)
	at com.kms.katalon.core.webui.keyword.builtin.VerifyOptionSelectedByValueKeyword$_verifyOptionSelectedByValue_closure1.call(VerifyOptionSelectedByValueKeyword.groovy)
	at com.kms.katalon.core.webui.keyword.internal.WebUIKeywordMain.runKeyword(WebUIKeywordMain.groovy:20)
	at com.kms.katalon.core.webui.keyword.builtin.VerifyOptionSelectedByValueKeyword.verifyOptionSelectedByValue(VerifyOptionSelectedByValueKeyword.groovy:106)
	at com.kms.katalon.core.webui.keyword.builtin.VerifyOptionSelectedByValueKeyword.execute(VerifyOptionSelectedByValueKeyword.groovy:70)
	at com.kms.katalon.core.keyword.internal.KeywordExecutor.executeKeywordForPlatform(KeywordExecutor.groovy:72)
	at com.kms.katalon.core.webui.keyword.WebUiBuiltInKeywords.verifyOptionSelectedByValue(WebUiBuiltInKeywords.groovy:2200)
	at com.kms.katalon.core.webui.keyword.WebUiBuiltInKeywords$verifyOptionSelectedByValue$11.call(Unknown Source)
	at ist_real.Contract_Dispatcher.checkFormat(Contract_Dispatcher.groovy:1848)
	at cucumber.runtime.Utils$1.call(Utils.java:26)
	at cucumber.runtime.Timeout.timeout(Timeout.java:16)
	at cucumber.runtime.Utils.invoke(Utils.java:20)
	at cucumber.runtime.java.JavaStepDefinition.execute(JavaStepDefinition.java:48)
	at cucumber.runtime.PickleStepDefinitionMatch.runStep(PickleStepDefinitionMatch.java:50)
	at cucumber.runner.TestStep.executeStep(TestStep.java:55)
	at cucumber.runner.TestStep.run(TestStep.java:42)
	at cucumber.runner.PickleStepTestStep.run(PickleStepTestStep.java:53)
	at cucumber.runner.TestCase.run(TestCase.java:47)
	at cucumber.runner.Runner.runPickle(Runner.java:44)
	at cucumber.runtime.Runtime.runFeature(Runtime.java:120)
	at cucumber.runtime.Runtime.run(Runtime.java:106)
	at cucumber.api.cli.Main.run(Main.java:35)
	at cucumber.api.cli.Main$run.call(Unknown Source)
	at com.kms.katalon.core.cucumber.keyword.CucumberBuiltinKeywords$_runFeatureFile_closure1.doCall(CucumberBuiltinKeywords.groovy:76)
	at com.kms.katalon.core.cucumber.keyword.CucumberBuiltinKeywords$_runFeatureFile_closure1.doCall(CucumberBuiltinKeywords.groovy)
	at com.kms.katalon.core.keyword.internal.KeywordMain.runKeyword(KeywordMain.groovy:68)
	at com.kms.katalon.core.keyword.internal.KeywordMain$runKeyword.call(Unknown Source)
	at com.kms.katalon.core.cucumber.keyword.CucumberBuiltinKeywords.runFeatureFile(CucumberBuiltinKeywords.groovy:46)
	at com.kms.katalon.core.cucumber.keyword.CucumberBuiltinKeywords$runFeatureFile$0.callStatic(Unknown Source)
	at com.kms.katalon.core.cucumber.keyword.CucumberBuiltinKeywords.runFeatureFile(CucumberBuiltinKeywords.groovy:169)
	at com.kms.katalon.core.cucumber.keyword.CucumberBuiltinKeywords$runFeatureFile.call(Unknown Source)
	at Tracker_Invoice_System_Update_Data.run(Tracker_Invoice_System_Update_Data:18)
	at com.kms.katalon.core.main.ScriptEngine.run(ScriptEngine.java:194)
	at com.kms.katalon.core.main.ScriptEngine.runScriptAsRawText(ScriptEngine.java:119)
	at com.kms.katalon.core.main.TestCaseExecutor.runScript(TestCaseExecutor.java:337)
	at com.kms.katalon.core.main.TestCaseExecutor.doExecute(TestCaseExecutor.java:328)
	at com.kms.katalon.core.main.TestCaseExecutor.processExecutionPhase(TestCaseExecutor.java:307)
	at com.kms.katalon.core.main.TestCaseExecutor.accessMainPhase(TestCaseExecutor.java:299)
	at com.kms.katalon.core.main.TestCaseExecutor.execute(TestCaseExecutor.java:233)
	at com.kms.katalon.core.main.TestSuiteExecutor.accessTestCaseMainPhase(TestSuiteExecutor.java:169)
	at com.kms.katalon.core.main.TestSuiteExecutor.accessTestSuiteMainPhase(TestSuiteExecutor.java:142)
	at com.kms.katalon.core.main.TestSuiteExecutor.execute(TestSuiteExecutor.java:91)
	at com.kms.katalon.core.main.TestCaseMain.startTestSuite(TestCaseMain.java:157)
	at com.kms.katalon.core.main.TestCaseMain$startTestSuite$0.call(Unknown Source)
	at TempTestSuite1585753192807.run(TempTestSuite1585753192807.groovy:36)


2020-04-01 22:01:40 - [MESSAGE][FAILED] - There is no option with value 'HCI Format' present in object ''  using regular expression (Root cause: com.kms.katalon.core.exception.StepFailedException: There is no option with value 'HCI Format' present in object ''  using regular expression
	at com.kms.katalon.core.webui.keyword.internal.WebUIKeywordMain.stepFailed(WebUIKeywordMain.groovy:64)
	at com.kms.katalon.core.webui.keyword.builtin.VerifyOptionSelectedByValueKeyword$_verifyOptionSelectedByValue_closure1.doCall(VerifyOptionSelectedByValueKeyword.groovy:92)
	at com.kms.katalon.core.webui.keyword.builtin.VerifyOptionSelectedByValueKeyword$_verifyOptionSelectedByValue_closure1.call(VerifyOptionSelectedByValueKeyword.groovy)
	at com.kms.katalon.core.webui.keyword.internal.WebUIKeywordMain.runKeyword(WebUIKeywordMain.groovy:20)
	at com.kms.katalon.core.webui.keyword.builtin.VerifyOptionSelectedByValueKeyword.verifyOptionSelectedByValue(VerifyOptionSelectedByValueKeyword.groovy:106)
	at com.kms.katalon.core.webui.keyword.builtin.VerifyOptionSelectedByValueKeyword.execute(VerifyOptionSelectedByValueKeyword.groovy:70)
	at com.kms.katalon.core.keyword.internal.KeywordExecutor.executeKeywordForPlatform(KeywordExecutor.groovy:72)
	at com.kms.katalon.core.webui.keyword.WebUiBuiltInKeywords.verifyOptionSelectedByValue(WebUiBuiltInKeywords.groovy:2200)
	at com.kms.katalon.core.webui.keyword.WebUiBuiltInKeywords$verifyOptionSelectedByValue$11.call(Unknown Source)
	at ist_real.Contract_Dispatcher.checkFormat(Contract_Dispatcher.groovy:1848)
	at cucumber.runtime.Utils$1.call(Utils.java:26)
	at cucumber.runtime.Timeout.timeout(Timeout.java:16)
	at cucumber.runtime.Utils.invoke(Utils.java:20)
	at cucumber.runtime.java.JavaStepDefinition.execute(JavaStepDefinition.java:48)
	at cucumber.runtime.PickleStepDefinitionMatch.runStep(PickleStepDefinitionMatch.java:50)
	at cucumber.runner.TestStep.executeStep(TestStep.java:55)
	at cucumber.runner.TestStep.run(TestStep.java:42)
	at cucumber.runner.PickleStepTestStep.run(PickleStepTestStep.java:53)
	at cucumber.runner.TestCase.run(TestCase.java:47)
	at cucumber.runner.Runner.runPickle(Runner.java:44)
	at cucumber.runtime.Runtime.runFeature(Runtime.java:120)
	at cucumber.runtime.Runtime.run(Runtime.java:106)
	at cucumber.api.cli.Main.run(Main.java:35)
	at cucumber.api.cli.Main$run.call(Unknown Source)
	at com.kms.katalon.core.cucumber.keyword.CucumberBuiltinKeywords$_runFeatureFile_closure1.doCall(CucumberBuiltinKeywords.groovy:76)
	at com.kms.katalon.core.cucumber.keyword.CucumberBuiltinKeywords$_runFeatureFile_closure1.doCall(CucumberBuiltinKeywords.groovy)
	at com.kms.katalon.core.keyword.internal.KeywordMain.runKeyword(KeywordMain.groovy:68)
	at com.kms.katalon.core.keyword.internal.KeywordMain$runKeyword.call(Unknown Source)
	at com.kms.katalon.core.cucumber.keyword.CucumberBuiltinKeywords.runFeatureFile(CucumberBuiltinKeywords.groovy:46)
	at com.kms.katalon.core.cucumber.keyword.CucumberBuiltinKeywords$runFeatureFile$0.callStatic(Unknown Source)
	at com.kms.katalon.core.cucumber.keyword.CucumberBuiltinKeywords.runFeatureFile(CucumberBuiltinKeywords.groovy:169)
	at com.kms.katalon.core.cucumber.keyword.CucumberBuiltinKeywords$runFeatureFile.call(Unknown Source)
	at Tracker_Invoice_System_Update_Data.run(Tracker_Invoice_System_Update_Data:18)
	at com.kms.katalon.core.main.ScriptEngine.run(ScriptEngine.java:194)
	at com.kms.katalon.core.main.ScriptEngine.runScriptAsRawText(ScriptEngine.java:119)
	at com.kms.katalon.core.main.TestCaseExecutor.runScript(TestCaseExecutor.java:337)
	at com.kms.katalon.core.main.TestCaseExecutor.doExecute(TestCaseExecutor.java:328)
	at com.kms.katalon.core.main.TestCaseExecutor.processExecutionPhase(TestCaseExecutor.java:307)
	at com.kms.katalon.core.main.TestCaseExecutor.accessMainPhase(TestCaseExecutor.java:299)
	at com.kms.katalon.core.main.TestCaseExecutor.execute(TestCaseExecutor.java:233)
	at com.kms.katalon.core.main.TestSuiteExecutor.accessTestCaseMainPhase(TestSuiteExecutor.java:169)
	at com.kms.katalon.core.main.TestSuiteExecutor.accessTestSuiteMainPhase(TestSuiteExecutor.java:142)
	at com.kms.katalon.core.main.TestSuiteExecutor.execute(TestSuiteExecutor.java:91)
	at com.kms.katalon.core.main.TestCaseMain.startTestSuite(TestCaseMain.java:157)
	at com.kms.katalon.core.main.TestCaseMain$startTestSuite$0.call(Unknown Source)
	at TempTestSuite1585753192807.run(TempTestSuite1585753192807.groovy:36)
)
[[ATTACHMENT|C:\\Users\\ramsey.loloyanto\\Documents\\ist-Katalon\\Reports\\20200401_215952\\TRIS\\DEV\\Tracker_Invoice_System_Update_Data\\20200401_215952\\1585753299928.png]]

2020-04-01 22:01:40 - [MESSAGE][FAILED] - Unable to verify option is selected by value 'HCI Format' on object ''  using regular expression (Root cause: com.kms.katalon.core.exception.StepFailedException: Unable to verify option is selected by value 'HCI Format' on object ''  using regular expression
	at com.kms.katalon.core.webui.keyword.internal.WebUIKeywordMain.stepFailed(WebUIKeywordMain.groovy:64)
	at com.kms.katalon.core.webui.keyword.internal.WebUIKeywordMain.runKeyword(WebUIKeywordMain.groovy:26)
	at com.kms.katalon.core.webui.keyword.builtin.VerifyOptionSelectedByValueKeyword.verifyOptionSelectedByValue(VerifyOptionSelectedByValueKeyword.groovy:106)
	at com.kms.katalon.core.webui.keyword.builtin.VerifyOptionSelectedByValueKeyword.execute(VerifyOptionSelectedByValueKeyword.groovy:70)
	at com.kms.katalon.core.keyword.internal.KeywordExecutor.executeKeywordForPlatform(KeywordExecutor.groovy:72)
	at com.kms.katalon.core.webui.keyword.WebUiBuiltInKeywords.verifyOptionSelectedByValue(WebUiBuiltInKeywords.groovy:2200)
	at com.kms.katalon.core.webui.keyword.WebUiBuiltInKeywords$verifyOptionSelectedByValue$11.call(Unknown Source)
	at ist_real.Contract_Dispatcher.checkFormat(Contract_Dispatcher.groovy:1848)
	at cucumber.runtime.Utils$1.call(Utils.java:26)
	at cucumber.runtime.Timeout.timeout(Timeout.java:16)
	at cucumber.runtime.Utils.invoke(Utils.java:20)
	at cucumber.runtime.java.JavaStepDefinition.execute(JavaStepDefinition.java:48)
	at cucumber.runtime.PickleStepDefinitionMatch.runStep(PickleStepDefinitionMatch.java:50)
	at cucumber.runner.TestStep.executeStep(TestStep.java:55)
	at cucumber.runner.TestStep.run(TestStep.java:42)
	at cucumber.runner.PickleStepTestStep.run(PickleStepTestStep.java:53)
	at cucumber.runner.TestCase.run(TestCase.java:47)
	at cucumber.runner.Runner.runPickle(Runner.java:44)
	at cucumber.runtime.Runtime.runFeature(Runtime.java:120)
	at cucumber.runtime.Runtime.run(Runtime.java:106)
	at cucumber.api.cli.Main.run(Main.java:35)
	at cucumber.api.cli.Main$run.call(Unknown Source)
	at com.kms.katalon.core.cucumber.keyword.CucumberBuiltinKeywords$_runFeatureFile_closure1.doCall(CucumberBuiltinKeywords.groovy:76)
	at com.kms.katalon.core.cucumber.keyword.CucumberBuiltinKeywords$_runFeatureFile_closure1.doCall(CucumberBuiltinKeywords.groovy)
	at com.kms.katalon.core.keyword.internal.KeywordMain.runKeyword(KeywordMain.groovy:68)
	at com.kms.katalon.core.keyword.internal.KeywordMain$runKeyword.call(Unknown Source)
	at com.kms.katalon.core.cucumber.keyword.CucumberBuiltinKeywords.runFeatureFile(CucumberBuiltinKeywords.groovy:46)
	at com.kms.katalon.core.cucumber.keyword.CucumberBuiltinKeywords$runFeatureFile$0.callStatic(Unknown Source)
	at com.kms.katalon.core.cucumber.keyword.CucumberBuiltinKeywords.runFeatureFile(CucumberBuiltinKeywords.groovy:169)
	at com.kms.katalon.core.cucumber.keyword.CucumberBuiltinKeywords$runFeatureFile.call(Unknown Source)
	at Tracker_Invoice_System_Update_Data.run(Tracker_Invoice_System_Update_Data:18)
	at com.kms.katalon.core.main.ScriptEngine.run(ScriptEngine.java:194)
	at com.kms.katalon.core.main.ScriptEngine.runScriptAsRawText(ScriptEngine.java:119)
	at com.kms.katalon.core.main.TestCaseExecutor.runScript(TestCaseExecutor.java:337)
	at com.kms.katalon.core.main.TestCaseExecutor.doExecute(TestCaseExecutor.java:328)
	at com.kms.katalon.core.main.TestCaseExecutor.processExecutionPhase(TestCaseExecutor.java:307)
	at com.kms.katalon.core.main.TestCaseExecutor.accessMainPhase(TestCaseExecutor.java:299)
	at com.kms.katalon.core.main.TestCaseExecutor.execute(TestCaseExecutor.java:233)
	at com.kms.katalon.core.main.TestSuiteExecutor.accessTestCaseMainPhase(TestSuiteExecutor.java:169)
	at com.kms.katalon.core.main.TestSuiteExecutor.accessTestSuiteMainPhase(TestSuiteExecutor.java:142)
	at com.kms.katalon.core.main.TestSuiteExecutor.execute(TestSuiteExecutor.java:91)
	at com.kms.katalon.core.main.TestCaseMain.startTestSuite(TestCaseMain.java:157)
	at com.kms.katalon.core.main.TestCaseMain$startTestSuite$0.call(Unknown Source)
	at TempTestSuite1585753192807.run(TempTestSuite1585753192807.groovy:36)
Caused by: com.kms.katalon.core.exception.StepFailedException: There is no option with value 'HCI Format' present in object ''  using regular expression
	at com.kms.katalon.core.webui.keyword.internal.WebUIKeywordMain.stepFailed(WebUIKeywordMain.groovy:64)
	at com.kms.katalon.core.webui.keyword.builtin.VerifyOptionSelectedByValueKeyword$_verifyOptionSelectedByValue_closure1.doCall(VerifyOptionSelectedByValueKeyword.groovy:92)
	at com.kms.katalon.core.webui.keyword.builtin.VerifyOptionSelectedByValueKeyword$_verifyOptionSelectedByValue_closure1.call(VerifyOptionSelectedByValueKeyword.groovy)
	at com.kms.katalon.core.webui.keyword.internal.WebUIKeywordMain.runKeyword(WebUIKeywordMain.groovy:20)
	... 42 more
)
[[ATTACHMENT|C:\\Users\\ramsey.loloyanto\\Documents\\ist-Katalon\\Reports\\20200401_215952\\TRIS\\DEV\\Tracker_Invoice_System_Update_Data\\20200401_215952\\1585753300069.png]]

2020-04-01 22:01:40 - [MESSAGE][FAILED] - Check Invoice Format is "HCI Format" FAILED.
Reason:
com.kms.katalon.core.exception.StepFailedException: Unable to verify option is selected by value 'HCI Format' on object ''  using regular expression
	at com.kms.katalon.core.webui.keyword.internal.WebUIKeywordMain.stepFailed(WebUIKeywordMain.groovy:64)
	at com.kms.katalon.core.webui.keyword.internal.WebUIKeywordMain.runKeyword(WebUIKeywordMain.groovy:26)
	at com.kms.katalon.core.webui.keyword.builtin.VerifyOptionSelectedByValueKeyword.verifyOptionSelectedByValue(VerifyOptionSelectedByValueKeyword.groovy:106)
	at com.kms.katalon.core.webui.keyword.builtin.VerifyOptionSelectedByValueKeyword.execute(VerifyOptionSelectedByValueKeyword.groovy:70)
	at com.kms.katalon.core.keyword.internal.KeywordExecutor.executeKeywordForPlatform(KeywordExecutor.groovy:72)
	at com.kms.katalon.core.webui.keyword.WebUiBuiltInKeywords.verifyOptionSelectedByValue(WebUiBuiltInKeywords.groovy:2200)
	at com.kms.katalon.core.webui.keyword.WebUiBuiltInKeywords$verifyOptionSelectedByValue$11.call(Unknown Source)
	at ist_real.Contract_Dispatcher.checkFormat(Contract_Dispatcher.groovy:1848)
	at ✽.Check Invoice Format is "HCI Format"(C:/Users/ramsey.loloyanto/Documents/ist-Katalon/Include/features/IST_Real/TRIS/DEV/Tracker_Invoice_System_Update_Data.feature:83)
Caused by: com.kms.katalon.core.exception.StepFailedException: There is no option with value 'HCI Format' present in object ''  using regular expression
	at com.kms.katalon.core.webui.keyword.internal.WebUIKeywordMain.stepFailed(WebUIKeywordMain.groovy:64)
	at com.kms.katalon.core.webui.keyword.builtin.VerifyOptionSelectedByValueKeyword$_verifyOptionSelectedByValue_closure1.doCall(VerifyOptionSelectedByValueKeyword.groovy:92)
	at com.kms.katalon.core.webui.keyword.builtin.VerifyOptionSelectedByValueKeyword$_verifyOptionSelectedByValue_closure1.call(VerifyOptionSelectedByValueKeyword.groovy)
	at com.kms.katalon.core.webui.keyword.internal.WebUIKeywordMain.runKeyword(WebUIKeywordMain.groovy:20)
	at com.kms.katalon.core.webui.keyword.builtin.VerifyOptionSelectedByValueKeyword.verifyOptionSelectedByValue(VerifyOptionSelectedByValueKeyword.groovy:106)
	at com.kms.katalon.core.webui.keyword.builtin.VerifyOptionSelectedByValueKeyword.execute(VerifyOptionSelectedByValueKeyword.groovy:70)
	at com.kms.katalon.core.keyword.internal.KeywordExecutor.executeKeywordForPlatform(KeywordExecutor.groovy:72)
	at com.kms.katalon.core.webui.keyword.WebUiBuiltInKeywords.verifyOptionSelectedByValue(WebUiBuiltInKeywords.groovy:2200)
	at com.kms.katalon.core.webui.keyword.WebUiBuiltInKeywords$verifyOptionSelectedByValue$11.call(Unknown Source)
	at ist_real.Contract_Dispatcher.checkFormat(Contract_Dispatcher.groovy:1848)
	at cucumber.runtime.Utils$1.call(Utils.java:26)
	at cucumber.runtime.Timeout.timeout(Timeout.java:16)
	at cucumber.runtime.Utils.invoke(Utils.java:20)
	at cucumber.runtime.java.JavaStepDefinition.execute(JavaStepDefinition.java:48)
	at cucumber.runtime.PickleStepDefinitionMatch.runStep(PickleStepDefinitionMatch.java:50)
	at cucumber.runner.TestStep.executeStep(TestStep.java:55)
	at cucumber.runner.TestStep.run(TestStep.java:42)
	at cucumber.runner.PickleStepTestStep.run(PickleStepTestStep.java:53)
	at cucumber.runner.TestCase.run(TestCase.java:47)
	at cucumber.runner.Runner.runPickle(Runner.java:44)
	at cucumber.runtime.Runtime.runFeature(Runtime.java:120)
	at cucumber.runtime.Runtime.run(Runtime.java:106)
	at cucumber.api.cli.Main.run(Main.java:35)
	at cucumber.api.cli.Main$run.call(Unknown Source)
	at com.kms.katalon.core.cucumber.keyword.CucumberBuiltinKeywords$_runFeatureFile_closure1.doCall(CucumberBuiltinKeywords.groovy:76)
	at com.kms.katalon.core.cucumber.keyword.CucumberBuiltinKeywords$_runFeatureFile_closure1.doCall(CucumberBuiltinKeywords.groovy)
	at com.kms.katalon.core.keyword.internal.KeywordMain.runKeyword(KeywordMain.groovy:68)
	at com.kms.katalon.core.keyword.internal.KeywordMain$runKeyword.call(Unknown Source)
	at com.kms.katalon.core.cucumber.keyword.CucumberBuiltinKeywords.runFeatureFile(CucumberBuiltinKeywords.groovy:46)
	at com.kms.katalon.core.cucumber.keyword.CucumberBuiltinKeywords$runFeatureFile$0.callStatic(Unknown Source)
	at com.kms.katalon.core.cucumber.keyword.CucumberBuiltinKeywords.runFeatureFile(CucumberBuiltinKeywords.groovy:169)
	at com.kms.katalon.core.cucumber.keyword.CucumberBuiltinKeywords$runFeatureFile.call(Unknown Source)
	at Tracker_Invoice_System_Update_Data.run(Tracker_Invoice_System_Update_Data:18)
	at com.kms.katalon.core.main.ScriptEngine.run(ScriptEngine.java:194)
	at com.kms.katalon.core.main.ScriptEngine.runScriptAsRawText(ScriptEngine.java:119)
	at com.kms.katalon.core.main.TestCaseExecutor.runScript(TestCaseExecutor.java:337)
	at com.kms.katalon.core.main.TestCaseExecutor.doExecute(TestCaseExecutor.java:328)
	at com.kms.katalon.core.main.TestCaseExecutor.processExecutionPhase(TestCaseExecutor.java:307)
	at com.kms.katalon.core.main.TestCaseExecutor.accessMainPhase(TestCaseExecutor.java:299)
	at com.kms.katalon.core.main.TestCaseExecutor.execute(TestCaseExecutor.java:233)
	at com.kms.katalon.core.main.TestSuiteExecutor.accessTestCaseMainPhase(TestSuiteExecutor.java:169)
	at com.kms.katalon.core.main.TestSuiteExecutor.accessTestSuiteMainPhase(TestSuiteExecutor.java:142)
	at com.kms.katalon.core.main.TestSuiteExecutor.execute(TestSuiteExecutor.java:91)
	at com.kms.katalon.core.main.TestCaseMain.startTestSuite(TestCaseMain.java:157)
	at com.kms.katalon.core.main.TestCaseMain$startTestSuite$0.call(Unknown Source)
	at TempTestSuite1585753192807.run(TempTestSuite1585753192807.groovy:36)


2020-04-01 22:01:40 - [TEST_STEP][NOT_RUN] - Update Data Value Based on Check Point: Update Data Value Based on Check Point

2020-04-01 22:01:40 - [MESSAGE][NOT_RUN] - Update Data Value Based on Check Point

2020-04-01 22:01:40 - [TEST_STEP][NOT_RUN] - Check Corrected Result: Check Corrected Result

2020-04-01 22:01:40 - [MESSAGE][NOT_RUN] - Check Corrected Result

2020-04-01 22:01:40 - [TEST_STEP][NOT_RUN] - Click button "Save Invoice": Click button "Save Invoice"

2020-04-01 22:01:40 - [MESSAGE][NOT_RUN] - Click button "Save Invoice"

2020-04-01 22:01:40 - [TEST_STEP][NOT_RUN] - Verify Update Data in Invoice Summary: Verify Update Data in Invoice Summary

2020-04-01 22:01:40 - [MESSAGE][NOT_RUN] - Verify Update Data in Invoice Summary

2020-04-01 22:01:40 - [TEST_STEP][NOT_RUN] - Verify Update Data in Additional Detail: Verify Update Data in Additional Detail

2020-04-01 22:01:40 - [MESSAGE][NOT_RUN] - Verify Update Data in Additional Detail

2020-04-01 22:01:40 - [TEST_STEP][NOT_RUN] - Click button "Logout": Click button "Logout"

2020-04-01 22:01:40 - [MESSAGE][NOT_RUN] - Click button "Logout"

2020-04-01 22:01:40 - [TEST_STEP][NOT_RUN] - Close browser: Close browser

2020-04-01 22:01:40 - [MESSAGE][NOT_RUN] - Close browser

2020-04-01 22:01:40 - [TEST_CASE][PASSED] - Start Test Case : SCENARIO Update Invoice Data School Invoice: SCENARIO Update Invoice Data School Invoice

2020-04-01 22:01:40 - [TEST_STEP][PASSED] - Go to IST: Go to IST

2020-04-01 22:01:40 - [MESSAGE][WARNING] - A browser is already opened. Closing browser and opening a new one

2020-04-01 22:01:41 - [MESSAGE][INFO] - Starting 'Firefox' driver

2020-04-01 22:01:44 - [MESSAGE][PASSED] - Browser is opened with url: ''

2020-04-01 22:01:45 - [MESSAGE][PASSED] - Navigate to 'https://id-ist01.id.nonprod/foundation/' successfully

2020-04-01 22:01:45 - [MESSAGE][PASSED] - Go to IST

2020-04-01 22:01:45 - [TEST_STEP][PASSED] - Login IST with valid credentials: Login IST with valid credentials

2020-04-01 22:01:45 - [MESSAGE][PASSED] - Text 'mobile.test' is set on object 'Object Repository/Page_/input_Username_j_username'

2020-04-01 22:01:46 - [MESSAGE][PASSED] - Text ****** has been set on object 'Object Repository/Page_/input_Password_j_password'

2020-04-01 22:01:47 - [MESSAGE][PASSED] - Object: 'Object Repository/Page_/button_Login' is clicked on

2020-04-01 22:01:47 - [MESSAGE][PASSED] - Login IST with valid credentials

2020-04-01 22:01:47 - [TEST_STEP][PASSED] - Login Success for contract dispatcher: Login Success for contract dispatcher

2020-04-01 22:01:47 - [MESSAGE][INFO] - Login Success

2020-04-01 22:01:47 - [MESSAGE][PASSED] - Current window maximized

2020-04-01 22:01:47 - [MESSAGE][PASSED] - Object 'Object Repository/Page_/h1_Welcome to IT Supporting Tools' is present

2020-04-01 22:01:47 - [MESSAGE][PASSED] - Login Success for contract dispatcher

2020-04-01 22:01:47 - [TEST_STEP][PASSED] - Check User Login for Update: Check User Login for Update

2020-04-01 22:01:47 - [MESSAGE][PASSED] - Text of object '' is: 'Sign in as mobile.test'

2020-04-01 22:01:47 - [MESSAGE][PASSED] - Check User Login for Update

2020-04-01 22:01:47 - [TEST_STEP][PASSED] - Select Arrow Menu "Invoice System": Select Arrow Menu "Invoice System"

2020-04-01 22:01:48 - [MESSAGE][PASSED] - Object: '' is clicked on

2020-04-01 22:01:48 - [MESSAGE][PASSED] - Select Arrow Menu "Invoice System"

2020-04-01 22:01:48 - [TEST_STEP][PASSED] - Select Menu "Tracker Invoice System": Select Menu "Tracker Invoice System"

2020-04-01 22:01:48 - [MESSAGE][PASSED] - Object '' is present

2020-04-01 22:01:49 - [MESSAGE][PASSED] - Object: '' is clicked on

2020-04-01 22:01:49 - [MESSAGE][PASSED] - Wait for page load successfully

2020-04-01 22:01:49 - [MESSAGE][PASSED] - Select Menu "Tracker Invoice System"

2020-04-01 22:01:49 - [TEST_STEP][PASSED] - Type on Textbox label "contract number of email address" with value "9999999999": Type on Textbox label "contract number of email address" with value "9999999999"

2020-04-01 22:01:49 - [MESSAGE][PASSED] - Text '9999999999' is set on object ''

2020-04-01 22:01:49 - [MESSAGE][PASSED] - Type on Textbox label "contract number of email address" with value "9999999999"

2020-04-01 22:01:49 - [TEST_STEP][PASSED] - Click button "Search": Click button "Search"

2020-04-01 22:01:49 - [MESSAGE][INFO] - >>>>>//Button[contains(text(),'Search')]

2020-04-01 22:01:53 - [MESSAGE][PASSED] - Object: '' is clicked on

2020-04-01 22:01:53 - [MESSAGE][PASSED] - Click button "Search"

2020-04-01 22:01:53 - [TEST_STEP][PASSED] - Verify Table Filled: Verify Table Filled

2020-04-01 22:01:53 - [MESSAGE][PASSED] - Object '' is present

2020-04-01 22:01:53 - [MESSAGE][PASSED] - Verify Table Filled

2020-04-01 22:01:53 - [TEST_STEP][PASSED] - Right Click Invoice Want to Update based on sub contract number "9999999999-1": Right Click Invoice Want to Update based on sub contract number "9999999999-1"

2020-04-01 22:01:53 - [MESSAGE][PASSED] - Scroll to object '' successfully

2020-04-01 22:01:54 - [MESSAGE][PASSED] - Object: '' is right clicked on

2020-04-01 22:01:54 - [MESSAGE][PASSED] - Right Click Invoice Want to Update based on sub contract number "9999999999-1"

2020-04-01 22:01:54 - [TEST_STEP][PASSED] - Check Invoice Format is "School Invoice": Check Invoice Format is "School Invoice"

2020-04-01 22:01:56 - [MESSAGE][PASSED] - All options with value 'School Invoice' are selected in object ''  using regular expression

2020-04-01 22:01:56 - [MESSAGE][PASSED] - Check Invoice Format is "School Invoice"

2020-04-01 22:01:56 - [TEST_STEP][PASSED] - Update Data Value Based on Check Point: Update Data Value Based on Check Point

2020-04-01 22:01:57 - [MESSAGE][PASSED] - All options with index in [9] are selected on object ''

2020-04-01 22:01:57 - [MESSAGE][PASSED] - Text '1800000' is set on object ''

2020-04-01 22:01:57 - [MESSAGE][PASSED] - Text '01-15-2020' is set on object ''

2020-04-01 22:01:57 - [MESSAGE][PASSED] - Text of object '' is: ''

2020-04-01 22:01:58 - [MESSAGE][PASSED] - Text 'Test Update' is set on object ''

2020-04-01 22:01:58 - [MESSAGE][PASSED] - Text 'Test Update' is set on object ''

2020-04-01 22:01:58 - [MESSAGE][PASSED] - Update Data Value Based on Check Point

2020-04-01 22:01:58 - [TEST_STEP][PASSED] - Check Corrected Result: Check Corrected Result

2020-04-01 22:01:59 - [MESSAGE][WARNING] - Only 0 in 1 option(s) with value 'Cetak' is/are selected in object ''  using regular expression (Root cause: com.kms.katalon.core.exception.StepFailedException: Only 0 in 1 option(s) with value 'Cetak' is/are selected in object ''  using regular expression
	at com.kms.katalon.core.webui.keyword.internal.WebUIKeywordMain.stepFailed(WebUIKeywordMain.groovy:64)
	at com.kms.katalon.core.webui.keyword.builtin.VerifyOptionSelectedByValueKeyword$_verifyOptionSelectedByValue_closure1.doCall(VerifyOptionSelectedByValueKeyword.groovy:94)
	at com.kms.katalon.core.webui.keyword.builtin.VerifyOptionSelectedByValueKeyword$_verifyOptionSelectedByValue_closure1.call(VerifyOptionSelectedByValueKeyword.groovy)
	at com.kms.katalon.core.webui.keyword.internal.WebUIKeywordMain.runKeyword(WebUIKeywordMain.groovy:20)
	at com.kms.katalon.core.webui.keyword.builtin.VerifyOptionSelectedByValueKeyword.verifyOptionSelectedByValue(VerifyOptionSelectedByValueKeyword.groovy:106)
	at com.kms.katalon.core.webui.keyword.builtin.VerifyOptionSelectedByValueKeyword.execute(VerifyOptionSelectedByValueKeyword.groovy:70)
	at com.kms.katalon.core.keyword.internal.KeywordExecutor.executeKeywordForPlatform(KeywordExecutor.groovy:72)
	at com.kms.katalon.core.webui.keyword.WebUiBuiltInKeywords.verifyOptionSelectedByValue(WebUiBuiltInKeywords.groovy:2200)
	at com.kms.katalon.core.webui.keyword.WebUiBuiltInKeywords$verifyOptionSelectedByValue$11.call(Unknown Source)
	at ist_real.Contract_Dispatcher.TestingTestingCode(Contract_Dispatcher.groovy:1692)
	at cucumber.runtime.Utils$1.call(Utils.java:26)
	at cucumber.runtime.Timeout.timeout(Timeout.java:16)
	at cucumber.runtime.Utils.invoke(Utils.java:20)
	at cucumber.runtime.java.JavaStepDefinition.execute(JavaStepDefinition.java:48)
	at cucumber.runtime.PickleStepDefinitionMatch.runStep(PickleStepDefinitionMatch.java:50)
	at cucumber.runner.TestStep.executeStep(TestStep.java:55)
	at cucumber.runner.TestStep.run(TestStep.java:42)
	at cucumber.runner.PickleStepTestStep.run(PickleStepTestStep.java:53)
	at cucumber.runner.TestCase.run(TestCase.java:47)
	at cucumber.runner.Runner.runPickle(Runner.java:44)
	at cucumber.runtime.Runtime.runFeature(Runtime.java:120)
	at cucumber.runtime.Runtime.run(Runtime.java:106)
	at cucumber.api.cli.Main.run(Main.java:35)
	at cucumber.api.cli.Main$run.call(Unknown Source)
	at com.kms.katalon.core.cucumber.keyword.CucumberBuiltinKeywords$_runFeatureFile_closure1.doCall(CucumberBuiltinKeywords.groovy:76)
	at com.kms.katalon.core.cucumber.keyword.CucumberBuiltinKeywords$_runFeatureFile_closure1.doCall(CucumberBuiltinKeywords.groovy)
	at com.kms.katalon.core.keyword.internal.KeywordMain.runKeyword(KeywordMain.groovy:68)
	at com.kms.katalon.core.keyword.internal.KeywordMain$runKeyword.call(Unknown Source)
	at com.kms.katalon.core.cucumber.keyword.CucumberBuiltinKeywords.runFeatureFile(CucumberBuiltinKeywords.groovy:46)
	at com.kms.katalon.core.cucumber.keyword.CucumberBuiltinKeywords$runFeatureFile$0.callStatic(Unknown Source)
	at com.kms.katalon.core.cucumber.keyword.CucumberBuiltinKeywords.runFeatureFile(CucumberBuiltinKeywords.groovy:169)
	at com.kms.katalon.core.cucumber.keyword.CucumberBuiltinKeywords$runFeatureFile.call(Unknown Source)
	at Tracker_Invoice_System_Update_Data.run(Tracker_Invoice_System_Update_Data:18)
	at com.kms.katalon.core.main.ScriptEngine.run(ScriptEngine.java:194)
	at com.kms.katalon.core.main.ScriptEngine.runScriptAsRawText(ScriptEngine.java:119)
	at com.kms.katalon.core.main.TestCaseExecutor.runScript(TestCaseExecutor.java:337)
	at com.kms.katalon.core.main.TestCaseExecutor.doExecute(TestCaseExecutor.java:328)
	at com.kms.katalon.core.main.TestCaseExecutor.processExecutionPhase(TestCaseExecutor.java:307)
	at com.kms.katalon.core.main.TestCaseExecutor.accessMainPhase(TestCaseExecutor.java:299)
	at com.kms.katalon.core.main.TestCaseExecutor.execute(TestCaseExecutor.java:233)
	at com.kms.katalon.core.main.TestSuiteExecutor.accessTestCaseMainPhase(TestSuiteExecutor.java:169)
	at com.kms.katalon.core.main.TestSuiteExecutor.accessTestSuiteMainPhase(TestSuiteExecutor.java:142)
	at com.kms.katalon.core.main.TestSuiteExecutor.execute(TestSuiteExecutor.java:91)
	at com.kms.katalon.core.main.TestCaseMain.startTestSuite(TestCaseMain.java:157)
	at com.kms.katalon.core.main.TestCaseMain$startTestSuite$0.call(Unknown Source)
	at TempTestSuite1585753192807.run(TempTestSuite1585753192807.groovy:36)
)
[[ATTACHMENT|C:\\Users\\ramsey.loloyanto\\Documents\\ist-Katalon\\Reports\\20200401_215952\\TRIS\\DEV\\Tracker_Invoice_System_Update_Data\\20200401_215952\\1585753319416.png]]

2020-04-01 22:02:00 - [MESSAGE][WARNING] - Only 0 in 1 option(s) with value 'General' is/are selected in object ''  using regular expression (Root cause: com.kms.katalon.core.exception.StepFailedException: Only 0 in 1 option(s) with value 'General' is/are selected in object ''  using regular expression
	at com.kms.katalon.core.webui.keyword.internal.WebUIKeywordMain.stepFailed(WebUIKeywordMain.groovy:64)
	at com.kms.katalon.core.webui.keyword.builtin.VerifyOptionSelectedByValueKeyword$_verifyOptionSelectedByValue_closure1.doCall(VerifyOptionSelectedByValueKeyword.groovy:94)
	at com.kms.katalon.core.webui.keyword.builtin.VerifyOptionSelectedByValueKeyword$_verifyOptionSelectedByValue_closure1.call(VerifyOptionSelectedByValueKeyword.groovy)
	at com.kms.katalon.core.webui.keyword.internal.WebUIKeywordMain.runKeyword(WebUIKeywordMain.groovy:20)
	at com.kms.katalon.core.webui.keyword.builtin.VerifyOptionSelectedByValueKeyword.verifyOptionSelectedByValue(VerifyOptionSelectedByValueKeyword.groovy:106)
	at com.kms.katalon.core.webui.keyword.builtin.VerifyOptionSelectedByValueKeyword.execute(VerifyOptionSelectedByValueKeyword.groovy:70)
	at com.kms.katalon.core.keyword.internal.KeywordExecutor.executeKeywordForPlatform(KeywordExecutor.groovy:72)
	at com.kms.katalon.core.webui.keyword.WebUiBuiltInKeywords.verifyOptionSelectedByValue(WebUiBuiltInKeywords.groovy:2200)
	at com.kms.katalon.core.webui.keyword.WebUiBuiltInKeywords$verifyOptionSelectedByValue$11.call(Unknown Source)
	at ist_real.Contract_Dispatcher.TestingTestingCode(Contract_Dispatcher.groovy:1729)
	at cucumber.runtime.Utils$1.call(Utils.java:26)
	at cucumber.runtime.Timeout.timeout(Timeout.java:16)
	at cucumber.runtime.Utils.invoke(Utils.java:20)
	at cucumber.runtime.java.JavaStepDefinition.execute(JavaStepDefinition.java:48)
	at cucumber.runtime.PickleStepDefinitionMatch.runStep(PickleStepDefinitionMatch.java:50)
	at cucumber.runner.TestStep.executeStep(TestStep.java:55)
	at cucumber.runner.TestStep.run(TestStep.java:42)
	at cucumber.runner.PickleStepTestStep.run(PickleStepTestStep.java:53)
	at cucumber.runner.TestCase.run(TestCase.java:47)
	at cucumber.runner.Runner.runPickle(Runner.java:44)
	at cucumber.runtime.Runtime.runFeature(Runtime.java:120)
	at cucumber.runtime.Runtime.run(Runtime.java:106)
	at cucumber.api.cli.Main.run(Main.java:35)
	at cucumber.api.cli.Main$run.call(Unknown Source)
	at com.kms.katalon.core.cucumber.keyword.CucumberBuiltinKeywords$_runFeatureFile_closure1.doCall(CucumberBuiltinKeywords.groovy:76)
	at com.kms.katalon.core.cucumber.keyword.CucumberBuiltinKeywords$_runFeatureFile_closure1.doCall(CucumberBuiltinKeywords.groovy)
	at com.kms.katalon.core.keyword.internal.KeywordMain.runKeyword(KeywordMain.groovy:68)
	at com.kms.katalon.core.keyword.internal.KeywordMain$runKeyword.call(Unknown Source)
	at com.kms.katalon.core.cucumber.keyword.CucumberBuiltinKeywords.runFeatureFile(CucumberBuiltinKeywords.groovy:46)
	at com.kms.katalon.core.cucumber.keyword.CucumberBuiltinKeywords$runFeatureFile$0.callStatic(Unknown Source)
	at com.kms.katalon.core.cucumber.keyword.CucumberBuiltinKeywords.runFeatureFile(CucumberBuiltinKeywords.groovy:169)
	at com.kms.katalon.core.cucumber.keyword.CucumberBuiltinKeywords$runFeatureFile.call(Unknown Source)
	at Tracker_Invoice_System_Update_Data.run(Tracker_Invoice_System_Update_Data:18)
	at com.kms.katalon.core.main.ScriptEngine.run(ScriptEngine.java:194)
	at com.kms.katalon.core.main.ScriptEngine.runScriptAsRawText(ScriptEngine.java:119)
	at com.kms.katalon.core.main.TestCaseExecutor.runScript(TestCaseExecutor.java:337)
	at com.kms.katalon.core.main.TestCaseExecutor.doExecute(TestCaseExecutor.java:328)
	at com.kms.katalon.core.main.TestCaseExecutor.processExecutionPhase(TestCaseExecutor.java:307)
	at com.kms.katalon.core.main.TestCaseExecutor.accessMainPhase(TestCaseExecutor.java:299)
	at com.kms.katalon.core.main.TestCaseExecutor.execute(TestCaseExecutor.java:233)
	at com.kms.katalon.core.main.TestSuiteExecutor.accessTestCaseMainPhase(TestSuiteExecutor.java:169)
	at com.kms.katalon.core.main.TestSuiteExecutor.accessTestSuiteMainPhase(TestSuiteExecutor.java:142)
	at com.kms.katalon.core.main.TestSuiteExecutor.execute(TestSuiteExecutor.java:91)
	at com.kms.katalon.core.main.TestCaseMain.startTestSuite(TestCaseMain.java:157)
	at com.kms.katalon.core.main.TestCaseMain$startTestSuite$0.call(Unknown Source)
	at TempTestSuite1585753192807.run(TempTestSuite1585753192807.groovy:36)
)
[[ATTACHMENT|C:\\Users\\ramsey.loloyanto\\Documents\\ist-Katalon\\Reports\\20200401_215952\\TRIS\\DEV\\Tracker_Invoice_System_Update_Data\\20200401_215952\\1585753320497.png]]

2020-04-01 22:02:01 - [MESSAGE][WARNING] - Only 0 in 1 option(s) with value 'HCI format' is/are selected in object ''  using regular expression (Root cause: com.kms.katalon.core.exception.StepFailedException: Only 0 in 1 option(s) with value 'HCI format' is/are selected in object ''  using regular expression
	at com.kms.katalon.core.webui.keyword.internal.WebUIKeywordMain.stepFailed(WebUIKeywordMain.groovy:64)
	at com.kms.katalon.core.webui.keyword.builtin.VerifyOptionSelectedByValueKeyword$_verifyOptionSelectedByValue_closure1.doCall(VerifyOptionSelectedByValueKeyword.groovy:94)
	at com.kms.katalon.core.webui.keyword.builtin.VerifyOptionSelectedByValueKeyword$_verifyOptionSelectedByValue_closure1.call(VerifyOptionSelectedByValueKeyword.groovy)
	at com.kms.katalon.core.webui.keyword.internal.WebUIKeywordMain.runKeyword(WebUIKeywordMain.groovy:20)
	at com.kms.katalon.core.webui.keyword.builtin.VerifyOptionSelectedByValueKeyword.verifyOptionSelectedByValue(VerifyOptionSelectedByValueKeyword.groovy:106)
	at com.kms.katalon.core.webui.keyword.builtin.VerifyOptionSelectedByValueKeyword.execute(VerifyOptionSelectedByValueKeyword.groovy:70)
	at com.kms.katalon.core.keyword.internal.KeywordExecutor.executeKeywordForPlatform(KeywordExecutor.groovy:72)
	at com.kms.katalon.core.webui.keyword.WebUiBuiltInKeywords.verifyOptionSelectedByValue(WebUiBuiltInKeywords.groovy:2200)
	at com.kms.katalon.core.webui.keyword.WebUiBuiltInKeywords$verifyOptionSelectedByValue$11.call(Unknown Source)
	at ist_real.Contract_Dispatcher.TestingTestingCode(Contract_Dispatcher.groovy:1765)
	at cucumber.runtime.Utils$1.call(Utils.java:26)
	at cucumber.runtime.Timeout.timeout(Timeout.java:16)
	at cucumber.runtime.Utils.invoke(Utils.java:20)
	at cucumber.runtime.java.JavaStepDefinition.execute(JavaStepDefinition.java:48)
	at cucumber.runtime.PickleStepDefinitionMatch.runStep(PickleStepDefinitionMatch.java:50)
	at cucumber.runner.TestStep.executeStep(TestStep.java:55)
	at cucumber.runner.TestStep.run(TestStep.java:42)
	at cucumber.runner.PickleStepTestStep.run(PickleStepTestStep.java:53)
	at cucumber.runner.TestCase.run(TestCase.java:47)
	at cucumber.runner.Runner.runPickle(Runner.java:44)
	at cucumber.runtime.Runtime.runFeature(Runtime.java:120)
	at cucumber.runtime.Runtime.run(Runtime.java:106)
	at cucumber.api.cli.Main.run(Main.java:35)
	at cucumber.api.cli.Main$run.call(Unknown Source)
	at com.kms.katalon.core.cucumber.keyword.CucumberBuiltinKeywords$_runFeatureFile_closure1.doCall(CucumberBuiltinKeywords.groovy:76)
	at com.kms.katalon.core.cucumber.keyword.CucumberBuiltinKeywords$_runFeatureFile_closure1.doCall(CucumberBuiltinKeywords.groovy)
	at com.kms.katalon.core.keyword.internal.KeywordMain.runKeyword(KeywordMain.groovy:68)
	at com.kms.katalon.core.keyword.internal.KeywordMain$runKeyword.call(Unknown Source)
	at com.kms.katalon.core.cucumber.keyword.CucumberBuiltinKeywords.runFeatureFile(CucumberBuiltinKeywords.groovy:46)
	at com.kms.katalon.core.cucumber.keyword.CucumberBuiltinKeywords$runFeatureFile$0.callStatic(Unknown Source)
	at com.kms.katalon.core.cucumber.keyword.CucumberBuiltinKeywords.runFeatureFile(CucumberBuiltinKeywords.groovy:169)
	at com.kms.katalon.core.cucumber.keyword.CucumberBuiltinKeywords$runFeatureFile.call(Unknown Source)
	at Tracker_Invoice_System_Update_Data.run(Tracker_Invoice_System_Update_Data:18)
	at com.kms.katalon.core.main.ScriptEngine.run(ScriptEngine.java:194)
	at com.kms.katalon.core.main.ScriptEngine.runScriptAsRawText(ScriptEngine.java:119)
	at com.kms.katalon.core.main.TestCaseExecutor.runScript(TestCaseExecutor.java:337)
	at com.kms.katalon.core.main.TestCaseExecutor.doExecute(TestCaseExecutor.java:328)
	at com.kms.katalon.core.main.TestCaseExecutor.processExecutionPhase(TestCaseExecutor.java:307)
	at com.kms.katalon.core.main.TestCaseExecutor.accessMainPhase(TestCaseExecutor.java:299)
	at com.kms.katalon.core.main.TestCaseExecutor.execute(TestCaseExecutor.java:233)
	at com.kms.katalon.core.main.TestSuiteExecutor.accessTestCaseMainPhase(TestSuiteExecutor.java:169)
	at com.kms.katalon.core.main.TestSuiteExecutor.accessTestSuiteMainPhase(TestSuiteExecutor.java:142)
	at com.kms.katalon.core.main.TestSuiteExecutor.execute(TestSuiteExecutor.java:91)
	at com.kms.katalon.core.main.TestCaseMain.startTestSuite(TestCaseMain.java:157)
	at com.kms.katalon.core.main.TestCaseMain$startTestSuite$0.call(Unknown Source)
	at TempTestSuite1585753192807.run(TempTestSuite1585753192807.groovy:36)
)
[[ATTACHMENT|C:\\Users\\ramsey.loloyanto\\Documents\\ist-Katalon\\Reports\\20200401_215952\\TRIS\\DEV\\Tracker_Invoice_System_Update_Data\\20200401_215952\\1585753321557.png]]

2020-04-01 22:02:01 - [MESSAGE][PASSED] - Attribute 'disabled' of object '' is: 'null'

2020-04-01 22:02:02 - [MESSAGE][WARNING] - Object '' is not checked (Root cause: com.kms.katalon.core.exception.StepFailedException: Object '' is not checked
	at com.kms.katalon.core.webui.keyword.internal.WebUIKeywordMain.stepFailed(WebUIKeywordMain.groovy:64)
	at com.kms.katalon.core.webui.keyword.builtin.VerifyElementCheckedKeyword$_verifyElementChecked_closure1.doCall(VerifyElementCheckedKeyword.groovy:81)
	at com.kms.katalon.core.webui.keyword.builtin.VerifyElementCheckedKeyword$_verifyElementChecked_closure1.call(VerifyElementCheckedKeyword.groovy)
	at com.kms.katalon.core.webui.keyword.internal.WebUIKeywordMain.runKeyword(WebUIKeywordMain.groovy:20)
	at com.kms.katalon.core.webui.keyword.builtin.VerifyElementCheckedKeyword.verifyElementChecked(VerifyElementCheckedKeyword.groovy:92)
	at com.kms.katalon.core.webui.keyword.builtin.VerifyElementCheckedKeyword.execute(VerifyElementCheckedKeyword.groovy:68)
	at com.kms.katalon.core.keyword.internal.KeywordExecutor.executeKeywordForPlatform(KeywordExecutor.groovy:72)
	at com.kms.katalon.core.webui.keyword.WebUiBuiltInKeywords.verifyElementChecked(WebUiBuiltInKeywords.groovy:1378)
	at com.kms.katalon.core.webui.keyword.WebUiBuiltInKeywords$verifyElementChecked$14.call(Unknown Source)
	at ist_real.Contract_Dispatcher.TestingTestingCode(Contract_Dispatcher.groovy:1825)
	at cucumber.runtime.Utils$1.call(Utils.java:26)
	at cucumber.runtime.Timeout.timeout(Timeout.java:16)
	at cucumber.runtime.Utils.invoke(Utils.java:20)
	at cucumber.runtime.java.JavaStepDefinition.execute(JavaStepDefinition.java:48)
	at cucumber.runtime.PickleStepDefinitionMatch.runStep(PickleStepDefinitionMatch.java:50)
	at cucumber.runner.TestStep.executeStep(TestStep.java:55)
	at cucumber.runner.TestStep.run(TestStep.java:42)
	at cucumber.runner.PickleStepTestStep.run(PickleStepTestStep.java:53)
	at cucumber.runner.TestCase.run(TestCase.java:47)
	at cucumber.runner.Runner.runPickle(Runner.java:44)
	at cucumber.runtime.Runtime.runFeature(Runtime.java:120)
	at cucumber.runtime.Runtime.run(Runtime.java:106)
	at cucumber.api.cli.Main.run(Main.java:35)
	at cucumber.api.cli.Main$run.call(Unknown Source)
	at com.kms.katalon.core.cucumber.keyword.CucumberBuiltinKeywords$_runFeatureFile_closure1.doCall(CucumberBuiltinKeywords.groovy:76)
	at com.kms.katalon.core.cucumber.keyword.CucumberBuiltinKeywords$_runFeatureFile_closure1.doCall(CucumberBuiltinKeywords.groovy)
	at com.kms.katalon.core.keyword.internal.KeywordMain.runKeyword(KeywordMain.groovy:68)
	at com.kms.katalon.core.keyword.internal.KeywordMain$runKeyword.call(Unknown Source)
	at com.kms.katalon.core.cucumber.keyword.CucumberBuiltinKeywords.runFeatureFile(CucumberBuiltinKeywords.groovy:46)
	at com.kms.katalon.core.cucumber.keyword.CucumberBuiltinKeywords$runFeatureFile$0.callStatic(Unknown Source)
	at com.kms.katalon.core.cucumber.keyword.CucumberBuiltinKeywords.runFeatureFile(CucumberBuiltinKeywords.groovy:169)
	at com.kms.katalon.core.cucumber.keyword.CucumberBuiltinKeywords$runFeatureFile.call(Unknown Source)
	at Tracker_Invoice_System_Update_Data.run(Tracker_Invoice_System_Update_Data:18)
	at com.kms.katalon.core.main.ScriptEngine.run(ScriptEngine.java:194)
	at com.kms.katalon.core.main.ScriptEngine.runScriptAsRawText(ScriptEngine.java:119)
	at com.kms.katalon.core.main.TestCaseExecutor.runScript(TestCaseExecutor.java:337)
	at com.kms.katalon.core.main.TestCaseExecutor.doExecute(TestCaseExecutor.java:328)
	at com.kms.katalon.core.main.TestCaseExecutor.processExecutionPhase(TestCaseExecutor.java:307)
	at com.kms.katalon.core.main.TestCaseExecutor.accessMainPhase(TestCaseExecutor.java:299)
	at com.kms.katalon.core.main.TestCaseExecutor.execute(TestCaseExecutor.java:233)
	at com.kms.katalon.core.main.TestSuiteExecutor.accessTestCaseMainPhase(TestSuiteExecutor.java:169)
	at com.kms.katalon.core.main.TestSuiteExecutor.accessTestSuiteMainPhase(TestSuiteExecutor.java:142)
	at com.kms.katalon.core.main.TestSuiteExecutor.execute(TestSuiteExecutor.java:91)
	at com.kms.katalon.core.main.TestCaseMain.startTestSuite(TestCaseMain.java:157)
	at com.kms.katalon.core.main.TestCaseMain$startTestSuite$0.call(Unknown Source)
	at TempTestSuite1585753192807.run(TempTestSuite1585753192807.groovy:36)
)
[[ATTACHMENT|C:\\Users\\ramsey.loloyanto\\Documents\\ist-Katalon\\Reports\\20200401_215952\\TRIS\\DEV\\Tracker_Invoice_System_Update_Data\\20200401_215952\\1585753322120.png]]

2020-04-01 22:02:02 - [MESSAGE][PASSED] - Attribute 'disabled' of object '' is: 'null'

2020-04-01 22:02:02 - [MESSAGE][WARNING] - Object '' is not checked (Root cause: com.kms.katalon.core.exception.StepFailedException: Object '' is not checked
	at com.kms.katalon.core.webui.keyword.internal.WebUIKeywordMain.stepFailed(WebUIKeywordMain.groovy:64)
	at com.kms.katalon.core.webui.keyword.builtin.VerifyElementCheckedKeyword$_verifyElementChecked_closure1.doCall(VerifyElementCheckedKeyword.groovy:81)
	at com.kms.katalon.core.webui.keyword.builtin.VerifyElementCheckedKeyword$_verifyElementChecked_closure1.call(VerifyElementCheckedKeyword.groovy)
	at com.kms.katalon.core.webui.keyword.internal.WebUIKeywordMain.runKeyword(WebUIKeywordMain.groovy:20)
	at com.kms.katalon.core.webui.keyword.builtin.VerifyElementCheckedKeyword.verifyElementChecked(VerifyElementCheckedKeyword.groovy:92)
	at com.kms.katalon.core.webui.keyword.builtin.VerifyElementCheckedKeyword.execute(VerifyElementCheckedKeyword.groovy:68)
	at com.kms.katalon.core.keyword.internal.KeywordExecutor.executeKeywordForPlatform(KeywordExecutor.groovy:72)
	at com.kms.katalon.core.webui.keyword.WebUiBuiltInKeywords.verifyElementChecked(WebUiBuiltInKeywords.groovy:1378)
	at com.kms.katalon.core.webui.keyword.WebUiBuiltInKeywords$verifyElementChecked$14.call(Unknown Source)
	at ist_real.Contract_Dispatcher.TestingTestingCode(Contract_Dispatcher.groovy:1825)
	at cucumber.runtime.Utils$1.call(Utils.java:26)
	at cucumber.runtime.Timeout.timeout(Timeout.java:16)
	at cucumber.runtime.Utils.invoke(Utils.java:20)
	at cucumber.runtime.java.JavaStepDefinition.execute(JavaStepDefinition.java:48)
	at cucumber.runtime.PickleStepDefinitionMatch.runStep(PickleStepDefinitionMatch.java:50)
	at cucumber.runner.TestStep.executeStep(TestStep.java:55)
	at cucumber.runner.TestStep.run(TestStep.java:42)
	at cucumber.runner.PickleStepTestStep.run(PickleStepTestStep.java:53)
	at cucumber.runner.TestCase.run(TestCase.java:47)
	at cucumber.runner.Runner.runPickle(Runner.java:44)
	at cucumber.runtime.Runtime.runFeature(Runtime.java:120)
	at cucumber.runtime.Runtime.run(Runtime.java:106)
	at cucumber.api.cli.Main.run(Main.java:35)
	at cucumber.api.cli.Main$run.call(Unknown Source)
	at com.kms.katalon.core.cucumber.keyword.CucumberBuiltinKeywords$_runFeatureFile_closure1.doCall(CucumberBuiltinKeywords.groovy:76)
	at com.kms.katalon.core.cucumber.keyword.CucumberBuiltinKeywords$_runFeatureFile_closure1.doCall(CucumberBuiltinKeywords.groovy)
	at com.kms.katalon.core.keyword.internal.KeywordMain.runKeyword(KeywordMain.groovy:68)
	at com.kms.katalon.core.keyword.internal.KeywordMain$runKeyword.call(Unknown Source)
	at com.kms.katalon.core.cucumber.keyword.CucumberBuiltinKeywords.runFeatureFile(CucumberBuiltinKeywords.groovy:46)
	at com.kms.katalon.core.cucumber.keyword.CucumberBuiltinKeywords$runFeatureFile$0.callStatic(Unknown Source)
	at com.kms.katalon.core.cucumber.keyword.CucumberBuiltinKeywords.runFeatureFile(CucumberBuiltinKeywords.groovy:169)
	at com.kms.katalon.core.cucumber.keyword.CucumberBuiltinKeywords$runFeatureFile.call(Unknown Source)
	at Tracker_Invoice_System_Update_Data.run(Tracker_Invoice_System_Update_Data:18)
	at com.kms.katalon.core.main.ScriptEngine.run(ScriptEngine.java:194)
	at com.kms.katalon.core.main.ScriptEngine.runScriptAsRawText(ScriptEngine.java:119)
	at com.kms.katalon.core.main.TestCaseExecutor.runScript(TestCaseExecutor.java:337)
	at com.kms.katalon.core.main.TestCaseExecutor.doExecute(TestCaseExecutor.java:328)
	at com.kms.katalon.core.main.TestCaseExecutor.processExecutionPhase(TestCaseExecutor.java:307)
	at com.kms.katalon.core.main.TestCaseExecutor.accessMainPhase(TestCaseExecutor.java:299)
	at com.kms.katalon.core.main.TestCaseExecutor.execute(TestCaseExecutor.java:233)
	at com.kms.katalon.core.main.TestSuiteExecutor.accessTestCaseMainPhase(TestSuiteExecutor.java:169)
	at com.kms.katalon.core.main.TestSuiteExecutor.accessTestSuiteMainPhase(TestSuiteExecutor.java:142)
	at com.kms.katalon.core.main.TestSuiteExecutor.execute(TestSuiteExecutor.java:91)
	at com.kms.katalon.core.main.TestCaseMain.startTestSuite(TestCaseMain.java:157)
	at com.kms.katalon.core.main.TestCaseMain$startTestSuite$0.call(Unknown Source)
	at TempTestSuite1585753192807.run(TempTestSuite1585753192807.groovy:36)
)
[[ATTACHMENT|C:\\Users\\ramsey.loloyanto\\Documents\\ist-Katalon\\Reports\\20200401_215952\\TRIS\\DEV\\Tracker_Invoice_System_Update_Data\\20200401_215952\\1585753322682.png]]

2020-04-01 22:02:03 - [MESSAGE][PASSED] - Attribute 'disabled' of object '' is: 'null'

2020-04-01 22:02:03 - [MESSAGE][WARNING] - Object '' is not checked (Root cause: com.kms.katalon.core.exception.StepFailedException: Object '' is not checked
	at com.kms.katalon.core.webui.keyword.internal.WebUIKeywordMain.stepFailed(WebUIKeywordMain.groovy:64)
	at com.kms.katalon.core.webui.keyword.builtin.VerifyElementCheckedKeyword$_verifyElementChecked_closure1.doCall(VerifyElementCheckedKeyword.groovy:81)
	at com.kms.katalon.core.webui.keyword.builtin.VerifyElementCheckedKeyword$_verifyElementChecked_closure1.call(VerifyElementCheckedKeyword.groovy)
	at com.kms.katalon.core.webui.keyword.internal.WebUIKeywordMain.runKeyword(WebUIKeywordMain.groovy:20)
	at com.kms.katalon.core.webui.keyword.builtin.VerifyElementCheckedKeyword.verifyElementChecked(VerifyElementCheckedKeyword.groovy:92)
	at com.kms.katalon.core.webui.keyword.builtin.VerifyElementCheckedKeyword.execute(VerifyElementCheckedKeyword.groovy:68)
	at com.kms.katalon.core.keyword.internal.KeywordExecutor.executeKeywordForPlatform(KeywordExecutor.groovy:72)
	at com.kms.katalon.core.webui.keyword.WebUiBuiltInKeywords.verifyElementChecked(WebUiBuiltInKeywords.groovy:1378)
	at com.kms.katalon.core.webui.keyword.WebUiBuiltInKeywords$verifyElementChecked$14.call(Unknown Source)
	at ist_real.Contract_Dispatcher.TestingTestingCode(Contract_Dispatcher.groovy:1825)
	at cucumber.runtime.Utils$1.call(Utils.java:26)
	at cucumber.runtime.Timeout.timeout(Timeout.java:16)
	at cucumber.runtime.Utils.invoke(Utils.java:20)
	at cucumber.runtime.java.JavaStepDefinition.execute(JavaStepDefinition.java:48)
	at cucumber.runtime.PickleStepDefinitionMatch.runStep(PickleStepDefinitionMatch.java:50)
	at cucumber.runner.TestStep.executeStep(TestStep.java:55)
	at cucumber.runner.TestStep.run(TestStep.java:42)
	at cucumber.runner.PickleStepTestStep.run(PickleStepTestStep.java:53)
	at cucumber.runner.TestCase.run(TestCase.java:47)
	at cucumber.runner.Runner.runPickle(Runner.java:44)
	at cucumber.runtime.Runtime.runFeature(Runtime.java:120)
	at cucumber.runtime.Runtime.run(Runtime.java:106)
	at cucumber.api.cli.Main.run(Main.java:35)
	at cucumber.api.cli.Main$run.call(Unknown Source)
	at com.kms.katalon.core.cucumber.keyword.CucumberBuiltinKeywords$_runFeatureFile_closure1.doCall(CucumberBuiltinKeywords.groovy:76)
	at com.kms.katalon.core.cucumber.keyword.CucumberBuiltinKeywords$_runFeatureFile_closure1.doCall(CucumberBuiltinKeywords.groovy)
	at com.kms.katalon.core.keyword.internal.KeywordMain.runKeyword(KeywordMain.groovy:68)
	at com.kms.katalon.core.keyword.internal.KeywordMain$runKeyword.call(Unknown Source)
	at com.kms.katalon.core.cucumber.keyword.CucumberBuiltinKeywords.runFeatureFile(CucumberBuiltinKeywords.groovy:46)
	at com.kms.katalon.core.cucumber.keyword.CucumberBuiltinKeywords$runFeatureFile$0.callStatic(Unknown Source)
	at com.kms.katalon.core.cucumber.keyword.CucumberBuiltinKeywords.runFeatureFile(CucumberBuiltinKeywords.groovy:169)
	at com.kms.katalon.core.cucumber.keyword.CucumberBuiltinKeywords$runFeatureFile.call(Unknown Source)
	at Tracker_Invoice_System_Update_Data.run(Tracker_Invoice_System_Update_Data:18)
	at com.kms.katalon.core.main.ScriptEngine.run(ScriptEngine.java:194)
	at com.kms.katalon.core.main.ScriptEngine.runScriptAsRawText(ScriptEngine.java:119)
	at com.kms.katalon.core.main.TestCaseExecutor.runScript(TestCaseExecutor.java:337)
	at com.kms.katalon.core.main.TestCaseExecutor.doExecute(TestCaseExecutor.java:328)
	at com.kms.katalon.core.main.TestCaseExecutor.processExecutionPhase(TestCaseExecutor.java:307)
	at com.kms.katalon.core.main.TestCaseExecutor.accessMainPhase(TestCaseExecutor.java:299)
	at com.kms.katalon.core.main.TestCaseExecutor.execute(TestCaseExecutor.java:233)
	at com.kms.katalon.core.main.TestSuiteExecutor.accessTestCaseMainPhase(TestSuiteExecutor.java:169)
	at com.kms.katalon.core.main.TestSuiteExecutor.accessTestSuiteMainPhase(TestSuiteExecutor.java:142)
	at com.kms.katalon.core.main.TestSuiteExecutor.execute(TestSuiteExecutor.java:91)
	at com.kms.katalon.core.main.TestCaseMain.startTestSuite(TestCaseMain.java:157)
	at com.kms.katalon.core.main.TestCaseMain$startTestSuite$0.call(Unknown Source)
	at TempTestSuite1585753192807.run(TempTestSuite1585753192807.groovy:36)
)
[[ATTACHMENT|C:\\Users\\ramsey.loloyanto\\Documents\\ist-Katalon\\Reports\\20200401_215952\\TRIS\\DEV\\Tracker_Invoice_System_Update_Data\\20200401_215952\\1585753323244.png]]

2020-04-01 22:02:03 - [MESSAGE][PASSED] - Attribute 'disabled' of object '' is: 'null'

2020-04-01 22:02:03 - [MESSAGE][WARNING] - Object '' is not checked (Root cause: com.kms.katalon.core.exception.StepFailedException: Object '' is not checked
	at com.kms.katalon.core.webui.keyword.internal.WebUIKeywordMain.stepFailed(WebUIKeywordMain.groovy:64)
	at com.kms.katalon.core.webui.keyword.builtin.VerifyElementCheckedKeyword$_verifyElementChecked_closure1.doCall(VerifyElementCheckedKeyword.groovy:81)
	at com.kms.katalon.core.webui.keyword.builtin.VerifyElementCheckedKeyword$_verifyElementChecked_closure1.call(VerifyElementCheckedKeyword.groovy)
	at com.kms.katalon.core.webui.keyword.internal.WebUIKeywordMain.runKeyword(WebUIKeywordMain.groovy:20)
	at com.kms.katalon.core.webui.keyword.builtin.VerifyElementCheckedKeyword.verifyElementChecked(VerifyElementCheckedKeyword.groovy:92)
	at com.kms.katalon.core.webui.keyword.builtin.VerifyElementCheckedKeyword.execute(VerifyElementCheckedKeyword.groovy:68)
	at com.kms.katalon.core.keyword.internal.KeywordExecutor.executeKeywordForPlatform(KeywordExecutor.groovy:72)
	at com.kms.katalon.core.webui.keyword.WebUiBuiltInKeywords.verifyElementChecked(WebUiBuiltInKeywords.groovy:1378)
	at com.kms.katalon.core.webui.keyword.WebUiBuiltInKeywords$verifyElementChecked$14.call(Unknown Source)
	at ist_real.Contract_Dispatcher.TestingTestingCode(Contract_Dispatcher.groovy:1825)
	at cucumber.runtime.Utils$1.call(Utils.java:26)
	at cucumber.runtime.Timeout.timeout(Timeout.java:16)
	at cucumber.runtime.Utils.invoke(Utils.java:20)
	at cucumber.runtime.java.JavaStepDefinition.execute(JavaStepDefinition.java:48)
	at cucumber.runtime.PickleStepDefinitionMatch.runStep(PickleStepDefinitionMatch.java:50)
	at cucumber.runner.TestStep.executeStep(TestStep.java:55)
	at cucumber.runner.TestStep.run(TestStep.java:42)
	at cucumber.runner.PickleStepTestStep.run(PickleStepTestStep.java:53)
	at cucumber.runner.TestCase.run(TestCase.java:47)
	at cucumber.runner.Runner.runPickle(Runner.java:44)
	at cucumber.runtime.Runtime.runFeature(Runtime.java:120)
	at cucumber.runtime.Runtime.run(Runtime.java:106)
	at cucumber.api.cli.Main.run(Main.java:35)
	at cucumber.api.cli.Main$run.call(Unknown Source)
	at com.kms.katalon.core.cucumber.keyword.CucumberBuiltinKeywords$_runFeatureFile_closure1.doCall(CucumberBuiltinKeywords.groovy:76)
	at com.kms.katalon.core.cucumber.keyword.CucumberBuiltinKeywords$_runFeatureFile_closure1.doCall(CucumberBuiltinKeywords.groovy)
	at com.kms.katalon.core.keyword.internal.KeywordMain.runKeyword(KeywordMain.groovy:68)
	at com.kms.katalon.core.keyword.internal.KeywordMain$runKeyword.call(Unknown Source)
	at com.kms.katalon.core.cucumber.keyword.CucumberBuiltinKeywords.runFeatureFile(CucumberBuiltinKeywords.groovy:46)
	at com.kms.katalon.core.cucumber.keyword.CucumberBuiltinKeywords$runFeatureFile$0.callStatic(Unknown Source)
	at com.kms.katalon.core.cucumber.keyword.CucumberBuiltinKeywords.runFeatureFile(CucumberBuiltinKeywords.groovy:169)
	at com.kms.katalon.core.cucumber.keyword.CucumberBuiltinKeywords$runFeatureFile.call(Unknown Source)
	at Tracker_Invoice_System_Update_Data.run(Tracker_Invoice_System_Update_Data:18)
	at com.kms.katalon.core.main.ScriptEngine.run(ScriptEngine.java:194)
	at com.kms.katalon.core.main.ScriptEngine.runScriptAsRawText(ScriptEngine.java:119)
	at com.kms.katalon.core.main.TestCaseExecutor.runScript(TestCaseExecutor.java:337)
	at com.kms.katalon.core.main.TestCaseExecutor.doExecute(TestCaseExecutor.java:328)
	at com.kms.katalon.core.main.TestCaseExecutor.processExecutionPhase(TestCaseExecutor.java:307)
	at com.kms.katalon.core.main.TestCaseExecutor.accessMainPhase(TestCaseExecutor.java:299)
	at com.kms.katalon.core.main.TestCaseExecutor.execute(TestCaseExecutor.java:233)
	at com.kms.katalon.core.main.TestSuiteExecutor.accessTestCaseMainPhase(TestSuiteExecutor.java:169)
	at com.kms.katalon.core.main.TestSuiteExecutor.accessTestSuiteMainPhase(TestSuiteExecutor.java:142)
	at com.kms.katalon.core.main.TestSuiteExecutor.execute(TestSuiteExecutor.java:91)
	at com.kms.katalon.core.main.TestCaseMain.startTestSuite(TestCaseMain.java:157)
	at com.kms.katalon.core.main.TestCaseMain$startTestSuite$0.call(Unknown Source)
	at TempTestSuite1585753192807.run(TempTestSuite1585753192807.groovy:36)
)
[[ATTACHMENT|C:\\Users\\ramsey.loloyanto\\Documents\\ist-Katalon\\Reports\\20200401_215952\\TRIS\\DEV\\Tracker_Invoice_System_Update_Data\\20200401_215952\\1585753323835.png]]

2020-04-01 22:02:04 - [MESSAGE][PASSED] - Attribute 'disabled' of object '' is: 'null'

2020-04-01 22:02:04 - [MESSAGE][WARNING] - Object '' is not checked (Root cause: com.kms.katalon.core.exception.StepFailedException: Object '' is not checked
	at com.kms.katalon.core.webui.keyword.internal.WebUIKeywordMain.stepFailed(WebUIKeywordMain.groovy:64)
	at com.kms.katalon.core.webui.keyword.builtin.VerifyElementCheckedKeyword$_verifyElementChecked_closure1.doCall(VerifyElementCheckedKeyword.groovy:81)
	at com.kms.katalon.core.webui.keyword.builtin.VerifyElementCheckedKeyword$_verifyElementChecked_closure1.call(VerifyElementCheckedKeyword.groovy)
	at com.kms.katalon.core.webui.keyword.internal.WebUIKeywordMain.runKeyword(WebUIKeywordMain.groovy:20)
	at com.kms.katalon.core.webui.keyword.builtin.VerifyElementCheckedKeyword.verifyElementChecked(VerifyElementCheckedKeyword.groovy:92)
	at com.kms.katalon.core.webui.keyword.builtin.VerifyElementCheckedKeyword.execute(VerifyElementCheckedKeyword.groovy:68)
	at com.kms.katalon.core.keyword.internal.KeywordExecutor.executeKeywordForPlatform(KeywordExecutor.groovy:72)
	at com.kms.katalon.core.webui.keyword.WebUiBuiltInKeywords.verifyElementChecked(WebUiBuiltInKeywords.groovy:1378)
	at com.kms.katalon.core.webui.keyword.WebUiBuiltInKeywords$verifyElementChecked$14.call(Unknown Source)
	at ist_real.Contract_Dispatcher.TestingTestingCode(Contract_Dispatcher.groovy:1825)
	at cucumber.runtime.Utils$1.call(Utils.java:26)
	at cucumber.runtime.Timeout.timeout(Timeout.java:16)
	at cucumber.runtime.Utils.invoke(Utils.java:20)
	at cucumber.runtime.java.JavaStepDefinition.execute(JavaStepDefinition.java:48)
	at cucumber.runtime.PickleStepDefinitionMatch.runStep(PickleStepDefinitionMatch.java:50)
	at cucumber.runner.TestStep.executeStep(TestStep.java:55)
	at cucumber.runner.TestStep.run(TestStep.java:42)
	at cucumber.runner.PickleStepTestStep.run(PickleStepTestStep.java:53)
	at cucumber.runner.TestCase.run(TestCase.java:47)
	at cucumber.runner.Runner.runPickle(Runner.java:44)
	at cucumber.runtime.Runtime.runFeature(Runtime.java:120)
	at cucumber.runtime.Runtime.run(Runtime.java:106)
	at cucumber.api.cli.Main.run(Main.java:35)
	at cucumber.api.cli.Main$run.call(Unknown Source)
	at com.kms.katalon.core.cucumber.keyword.CucumberBuiltinKeywords$_runFeatureFile_closure1.doCall(CucumberBuiltinKeywords.groovy:76)
	at com.kms.katalon.core.cucumber.keyword.CucumberBuiltinKeywords$_runFeatureFile_closure1.doCall(CucumberBuiltinKeywords.groovy)
	at com.kms.katalon.core.keyword.internal.KeywordMain.runKeyword(KeywordMain.groovy:68)
	at com.kms.katalon.core.keyword.internal.KeywordMain$runKeyword.call(Unknown Source)
	at com.kms.katalon.core.cucumber.keyword.CucumberBuiltinKeywords.runFeatureFile(CucumberBuiltinKeywords.groovy:46)
	at com.kms.katalon.core.cucumber.keyword.CucumberBuiltinKeywords$runFeatureFile$0.callStatic(Unknown Source)
	at com.kms.katalon.core.cucumber.keyword.CucumberBuiltinKeywords.runFeatureFile(CucumberBuiltinKeywords.groovy:169)
	at com.kms.katalon.core.cucumber.keyword.CucumberBuiltinKeywords$runFeatureFile.call(Unknown Source)
	at Tracker_Invoice_System_Update_Data.run(Tracker_Invoice_System_Update_Data:18)
	at com.kms.katalon.core.main.ScriptEngine.run(ScriptEngine.java:194)
	at com.kms.katalon.core.main.ScriptEngine.runScriptAsRawText(ScriptEngine.java:119)
	at com.kms.katalon.core.main.TestCaseExecutor.runScript(TestCaseExecutor.java:337)
	at com.kms.katalon.core.main.TestCaseExecutor.doExecute(TestCaseExecutor.java:328)
	at com.kms.katalon.core.main.TestCaseExecutor.processExecutionPhase(TestCaseExecutor.java:307)
	at com.kms.katalon.core.main.TestCaseExecutor.accessMainPhase(TestCaseExecutor.java:299)
	at com.kms.katalon.core.main.TestCaseExecutor.execute(TestCaseExecutor.java:233)
	at com.kms.katalon.core.main.TestSuiteExecutor.accessTestCaseMainPhase(TestSuiteExecutor.java:169)
	at com.kms.katalon.core.main.TestSuiteExecutor.accessTestSuiteMainPhase(TestSuiteExecutor.java:142)
	at com.kms.katalon.core.main.TestSuiteExecutor.execute(TestSuiteExecutor.java:91)
	at com.kms.katalon.core.main.TestCaseMain.startTestSuite(TestCaseMain.java:157)
	at com.kms.katalon.core.main.TestCaseMain$startTestSuite$0.call(Unknown Source)
	at TempTestSuite1585753192807.run(TempTestSuite1585753192807.groovy:36)
)
[[ATTACHMENT|C:\\Users\\ramsey.loloyanto\\Documents\\ist-Katalon\\Reports\\20200401_215952\\TRIS\\DEV\\Tracker_Invoice_System_Update_Data\\20200401_215952\\1585753324396.png]]

2020-04-01 22:02:04 - [MESSAGE][PASSED] - Attribute 'disabled' of object '' is: 'null'

2020-04-01 22:02:05 - [MESSAGE][WARNING] - Object '' is not checked (Root cause: com.kms.katalon.core.exception.StepFailedException: Object '' is not checked
	at com.kms.katalon.core.webui.keyword.internal.WebUIKeywordMain.stepFailed(WebUIKeywordMain.groovy:64)
	at com.kms.katalon.core.webui.keyword.builtin.VerifyElementCheckedKeyword$_verifyElementChecked_closure1.doCall(VerifyElementCheckedKeyword.groovy:81)
	at com.kms.katalon.core.webui.keyword.builtin.VerifyElementCheckedKeyword$_verifyElementChecked_closure1.call(VerifyElementCheckedKeyword.groovy)
	at com.kms.katalon.core.webui.keyword.internal.WebUIKeywordMain.runKeyword(WebUIKeywordMain.groovy:20)
	at com.kms.katalon.core.webui.keyword.builtin.VerifyElementCheckedKeyword.verifyElementChecked(VerifyElementCheckedKeyword.groovy:92)
	at com.kms.katalon.core.webui.keyword.builtin.VerifyElementCheckedKeyword.execute(VerifyElementCheckedKeyword.groovy:68)
	at com.kms.katalon.core.keyword.internal.KeywordExecutor.executeKeywordForPlatform(KeywordExecutor.groovy:72)
	at com.kms.katalon.core.webui.keyword.WebUiBuiltInKeywords.verifyElementChecked(WebUiBuiltInKeywords.groovy:1378)
	at com.kms.katalon.core.webui.keyword.WebUiBuiltInKeywords$verifyElementChecked$14.call(Unknown Source)
	at ist_real.Contract_Dispatcher.TestingTestingCode(Contract_Dispatcher.groovy:1825)
	at cucumber.runtime.Utils$1.call(Utils.java:26)
	at cucumber.runtime.Timeout.timeout(Timeout.java:16)
	at cucumber.runtime.Utils.invoke(Utils.java:20)
	at cucumber.runtime.java.JavaStepDefinition.execute(JavaStepDefinition.java:48)
	at cucumber.runtime.PickleStepDefinitionMatch.runStep(PickleStepDefinitionMatch.java:50)
	at cucumber.runner.TestStep.executeStep(TestStep.java:55)
	at cucumber.runner.TestStep.run(TestStep.java:42)
	at cucumber.runner.PickleStepTestStep.run(PickleStepTestStep.java:53)
	at cucumber.runner.TestCase.run(TestCase.java:47)
	at cucumber.runner.Runner.runPickle(Runner.java:44)
	at cucumber.runtime.Runtime.runFeature(Runtime.java:120)
	at cucumber.runtime.Runtime.run(Runtime.java:106)
	at cucumber.api.cli.Main.run(Main.java:35)
	at cucumber.api.cli.Main$run.call(Unknown Source)
	at com.kms.katalon.core.cucumber.keyword.CucumberBuiltinKeywords$_runFeatureFile_closure1.doCall(CucumberBuiltinKeywords.groovy:76)
	at com.kms.katalon.core.cucumber.keyword.CucumberBuiltinKeywords$_runFeatureFile_closure1.doCall(CucumberBuiltinKeywords.groovy)
	at com.kms.katalon.core.keyword.internal.KeywordMain.runKeyword(KeywordMain.groovy:68)
	at com.kms.katalon.core.keyword.internal.KeywordMain$runKeyword.call(Unknown Source)
	at com.kms.katalon.core.cucumber.keyword.CucumberBuiltinKeywords.runFeatureFile(CucumberBuiltinKeywords.groovy:46)
	at com.kms.katalon.core.cucumber.keyword.CucumberBuiltinKeywords$runFeatureFile$0.callStatic(Unknown Source)
	at com.kms.katalon.core.cucumber.keyword.CucumberBuiltinKeywords.runFeatureFile(CucumberBuiltinKeywords.groovy:169)
	at com.kms.katalon.core.cucumber.keyword.CucumberBuiltinKeywords$runFeatureFile.call(Unknown Source)
	at Tracker_Invoice_System_Update_Data.run(Tracker_Invoice_System_Update_Data:18)
	at com.kms.katalon.core.main.ScriptEngine.run(ScriptEngine.java:194)
	at com.kms.katalon.core.main.ScriptEngine.runScriptAsRawText(ScriptEngine.java:119)
	at com.kms.katalon.core.main.TestCaseExecutor.runScript(TestCaseExecutor.java:337)
	at com.kms.katalon.core.main.TestCaseExecutor.doExecute(TestCaseExecutor.java:328)
	at com.kms.katalon.core.main.TestCaseExecutor.processExecutionPhase(TestCaseExecutor.java:307)
	at com.kms.katalon.core.main.TestCaseExecutor.accessMainPhase(TestCaseExecutor.java:299)
	at com.kms.katalon.core.main.TestCaseExecutor.execute(TestCaseExecutor.java:233)
	at com.kms.katalon.core.main.TestSuiteExecutor.accessTestCaseMainPhase(TestSuiteExecutor.java:169)
	at com.kms.katalon.core.main.TestSuiteExecutor.accessTestSuiteMainPhase(TestSuiteExecutor.java:142)
	at com.kms.katalon.core.main.TestSuiteExecutor.execute(TestSuiteExecutor.java:91)
	at com.kms.katalon.core.main.TestCaseMain.startTestSuite(TestCaseMain.java:157)
	at com.kms.katalon.core.main.TestCaseMain$startTestSuite$0.call(Unknown Source)
	at TempTestSuite1585753192807.run(TempTestSuite1585753192807.groovy:36)
)
[[ATTACHMENT|C:\\Users\\ramsey.loloyanto\\Documents\\ist-Katalon\\Reports\\20200401_215952\\TRIS\\DEV\\Tracker_Invoice_System_Update_Data\\20200401_215952\\1585753324976.png]]

2020-04-01 22:02:05 - [MESSAGE][PASSED] - Attribute 'disabled' of object '' is: 'null'

2020-04-01 22:02:05 - [MESSAGE][WARNING] - Object '' is not checked (Root cause: com.kms.katalon.core.exception.StepFailedException: Object '' is not checked
	at com.kms.katalon.core.webui.keyword.internal.WebUIKeywordMain.stepFailed(WebUIKeywordMain.groovy:64)
	at com.kms.katalon.core.webui.keyword.builtin.VerifyElementCheckedKeyword$_verifyElementChecked_closure1.doCall(VerifyElementCheckedKeyword.groovy:81)
	at com.kms.katalon.core.webui.keyword.builtin.VerifyElementCheckedKeyword$_verifyElementChecked_closure1.call(VerifyElementCheckedKeyword.groovy)
	at com.kms.katalon.core.webui.keyword.internal.WebUIKeywordMain.runKeyword(WebUIKeywordMain.groovy:20)
	at com.kms.katalon.core.webui.keyword.builtin.VerifyElementCheckedKeyword.verifyElementChecked(VerifyElementCheckedKeyword.groovy:92)
	at com.kms.katalon.core.webui.keyword.builtin.VerifyElementCheckedKeyword.execute(VerifyElementCheckedKeyword.groovy:68)
	at com.kms.katalon.core.keyword.internal.KeywordExecutor.executeKeywordForPlatform(KeywordExecutor.groovy:72)
	at com.kms.katalon.core.webui.keyword.WebUiBuiltInKeywords.verifyElementChecked(WebUiBuiltInKeywords.groovy:1378)
	at com.kms.katalon.core.webui.keyword.WebUiBuiltInKeywords$verifyElementChecked$14.call(Unknown Source)
	at ist_real.Contract_Dispatcher.TestingTestingCode(Contract_Dispatcher.groovy:1825)
	at cucumber.runtime.Utils$1.call(Utils.java:26)
	at cucumber.runtime.Timeout.timeout(Timeout.java:16)
	at cucumber.runtime.Utils.invoke(Utils.java:20)
	at cucumber.runtime.java.JavaStepDefinition.execute(JavaStepDefinition.java:48)
	at cucumber.runtime.PickleStepDefinitionMatch.runStep(PickleStepDefinitionMatch.java:50)
	at cucumber.runner.TestStep.executeStep(TestStep.java:55)
	at cucumber.runner.TestStep.run(TestStep.java:42)
	at cucumber.runner.PickleStepTestStep.run(PickleStepTestStep.java:53)
	at cucumber.runner.TestCase.run(TestCase.java:47)
	at cucumber.runner.Runner.runPickle(Runner.java:44)
	at cucumber.runtime.Runtime.runFeature(Runtime.java:120)
	at cucumber.runtime.Runtime.run(Runtime.java:106)
	at cucumber.api.cli.Main.run(Main.java:35)
	at cucumber.api.cli.Main$run.call(Unknown Source)
	at com.kms.katalon.core.cucumber.keyword.CucumberBuiltinKeywords$_runFeatureFile_closure1.doCall(CucumberBuiltinKeywords.groovy:76)
	at com.kms.katalon.core.cucumber.keyword.CucumberBuiltinKeywords$_runFeatureFile_closure1.doCall(CucumberBuiltinKeywords.groovy)
	at com.kms.katalon.core.keyword.internal.KeywordMain.runKeyword(KeywordMain.groovy:68)
	at com.kms.katalon.core.keyword.internal.KeywordMain$runKeyword.call(Unknown Source)
	at com.kms.katalon.core.cucumber.keyword.CucumberBuiltinKeywords.runFeatureFile(CucumberBuiltinKeywords.groovy:46)
	at com.kms.katalon.core.cucumber.keyword.CucumberBuiltinKeywords$runFeatureFile$0.callStatic(Unknown Source)
	at com.kms.katalon.core.cucumber.keyword.CucumberBuiltinKeywords.runFeatureFile(CucumberBuiltinKeywords.groovy:169)
	at com.kms.katalon.core.cucumber.keyword.CucumberBuiltinKeywords$runFeatureFile.call(Unknown Source)
	at Tracker_Invoice_System_Update_Data.run(Tracker_Invoice_System_Update_Data:18)
	at com.kms.katalon.core.main.ScriptEngine.run(ScriptEngine.java:194)
	at com.kms.katalon.core.main.ScriptEngine.runScriptAsRawText(ScriptEngine.java:119)
	at com.kms.katalon.core.main.TestCaseExecutor.runScript(TestCaseExecutor.java:337)
	at com.kms.katalon.core.main.TestCaseExecutor.doExecute(TestCaseExecutor.java:328)
	at com.kms.katalon.core.main.TestCaseExecutor.processExecutionPhase(TestCaseExecutor.java:307)
	at com.kms.katalon.core.main.TestCaseExecutor.accessMainPhase(TestCaseExecutor.java:299)
	at com.kms.katalon.core.main.TestCaseExecutor.execute(TestCaseExecutor.java:233)
	at com.kms.katalon.core.main.TestSuiteExecutor.accessTestCaseMainPhase(TestSuiteExecutor.java:169)
	at com.kms.katalon.core.main.TestSuiteExecutor.accessTestSuiteMainPhase(TestSuiteExecutor.java:142)
	at com.kms.katalon.core.main.TestSuiteExecutor.execute(TestSuiteExecutor.java:91)
	at com.kms.katalon.core.main.TestCaseMain.startTestSuite(TestCaseMain.java:157)
	at com.kms.katalon.core.main.TestCaseMain$startTestSuite$0.call(Unknown Source)
	at TempTestSuite1585753192807.run(TempTestSuite1585753192807.groovy:36)
)
[[ATTACHMENT|C:\\Users\\ramsey.loloyanto\\Documents\\ist-Katalon\\Reports\\20200401_215952\\TRIS\\DEV\\Tracker_Invoice_System_Update_Data\\20200401_215952\\1585753325533.png]]

2020-04-01 22:02:05 - [MESSAGE][PASSED] - Attribute 'disabled' of object '' is: 'null'

2020-04-01 22:02:06 - [MESSAGE][WARNING] - Object '' is not checked (Root cause: com.kms.katalon.core.exception.StepFailedException: Object '' is not checked
	at com.kms.katalon.core.webui.keyword.internal.WebUIKeywordMain.stepFailed(WebUIKeywordMain.groovy:64)
	at com.kms.katalon.core.webui.keyword.builtin.VerifyElementCheckedKeyword$_verifyElementChecked_closure1.doCall(VerifyElementCheckedKeyword.groovy:81)
	at com.kms.katalon.core.webui.keyword.builtin.VerifyElementCheckedKeyword$_verifyElementChecked_closure1.call(VerifyElementCheckedKeyword.groovy)
	at com.kms.katalon.core.webui.keyword.internal.WebUIKeywordMain.runKeyword(WebUIKeywordMain.groovy:20)
	at com.kms.katalon.core.webui.keyword.builtin.VerifyElementCheckedKeyword.verifyElementChecked(VerifyElementCheckedKeyword.groovy:92)
	at com.kms.katalon.core.webui.keyword.builtin.VerifyElementCheckedKeyword.execute(VerifyElementCheckedKeyword.groovy:68)
	at com.kms.katalon.core.keyword.internal.KeywordExecutor.executeKeywordForPlatform(KeywordExecutor.groovy:72)
	at com.kms.katalon.core.webui.keyword.WebUiBuiltInKeywords.verifyElementChecked(WebUiBuiltInKeywords.groovy:1378)
	at com.kms.katalon.core.webui.keyword.WebUiBuiltInKeywords$verifyElementChecked$14.call(Unknown Source)
	at ist_real.Contract_Dispatcher.TestingTestingCode(Contract_Dispatcher.groovy:1825)
	at cucumber.runtime.Utils$1.call(Utils.java:26)
	at cucumber.runtime.Timeout.timeout(Timeout.java:16)
	at cucumber.runtime.Utils.invoke(Utils.java:20)
	at cucumber.runtime.java.JavaStepDefinition.execute(JavaStepDefinition.java:48)
	at cucumber.runtime.PickleStepDefinitionMatch.runStep(PickleStepDefinitionMatch.java:50)
	at cucumber.runner.TestStep.executeStep(TestStep.java:55)
	at cucumber.runner.TestStep.run(TestStep.java:42)
	at cucumber.runner.PickleStepTestStep.run(PickleStepTestStep.java:53)
	at cucumber.runner.TestCase.run(TestCase.java:47)
	at cucumber.runner.Runner.runPickle(Runner.java:44)
	at cucumber.runtime.Runtime.runFeature(Runtime.java:120)
	at cucumber.runtime.Runtime.run(Runtime.java:106)
	at cucumber.api.cli.Main.run(Main.java:35)
	at cucumber.api.cli.Main$run.call(Unknown Source)
	at com.kms.katalon.core.cucumber.keyword.CucumberBuiltinKeywords$_runFeatureFile_closure1.doCall(CucumberBuiltinKeywords.groovy:76)
	at com.kms.katalon.core.cucumber.keyword.CucumberBuiltinKeywords$_runFeatureFile_closure1.doCall(CucumberBuiltinKeywords.groovy)
	at com.kms.katalon.core.keyword.internal.KeywordMain.runKeyword(KeywordMain.groovy:68)
	at com.kms.katalon.core.keyword.internal.KeywordMain$runKeyword.call(Unknown Source)
	at com.kms.katalon.core.cucumber.keyword.CucumberBuiltinKeywords.runFeatureFile(CucumberBuiltinKeywords.groovy:46)
	at com.kms.katalon.core.cucumber.keyword.CucumberBuiltinKeywords$runFeatureFile$0.callStatic(Unknown Source)
	at com.kms.katalon.core.cucumber.keyword.CucumberBuiltinKeywords.runFeatureFile(CucumberBuiltinKeywords.groovy:169)
	at com.kms.katalon.core.cucumber.keyword.CucumberBuiltinKeywords$runFeatureFile.call(Unknown Source)
	at Tracker_Invoice_System_Update_Data.run(Tracker_Invoice_System_Update_Data:18)
	at com.kms.katalon.core.main.ScriptEngine.run(ScriptEngine.java:194)
	at com.kms.katalon.core.main.ScriptEngine.runScriptAsRawText(ScriptEngine.java:119)
	at com.kms.katalon.core.main.TestCaseExecutor.runScript(TestCaseExecutor.java:337)
	at com.kms.katalon.core.main.TestCaseExecutor.doExecute(TestCaseExecutor.java:328)
	at com.kms.katalon.core.main.TestCaseExecutor.processExecutionPhase(TestCaseExecutor.java:307)
	at com.kms.katalon.core.main.TestCaseExecutor.accessMainPhase(TestCaseExecutor.java:299)
	at com.kms.katalon.core.main.TestCaseExecutor.execute(TestCaseExecutor.java:233)
	at com.kms.katalon.core.main.TestSuiteExecutor.accessTestCaseMainPhase(TestSuiteExecutor.java:169)
	at com.kms.katalon.core.main.TestSuiteExecutor.accessTestSuiteMainPhase(TestSuiteExecutor.java:142)
	at com.kms.katalon.core.main.TestSuiteExecutor.execute(TestSuiteExecutor.java:91)
	at com.kms.katalon.core.main.TestCaseMain.startTestSuite(TestCaseMain.java:157)
	at com.kms.katalon.core.main.TestCaseMain$startTestSuite$0.call(Unknown Source)
	at TempTestSuite1585753192807.run(TempTestSuite1585753192807.groovy:36)
)
[[ATTACHMENT|C:\\Users\\ramsey.loloyanto\\Documents\\ist-Katalon\\Reports\\20200401_215952\\TRIS\\DEV\\Tracker_Invoice_System_Update_Data\\20200401_215952\\1585753326091.png]]

2020-04-01 22:02:06 - [MESSAGE][PASSED] - Check Corrected Result

2020-04-01 22:02:06 - [TEST_STEP][PASSED] - Click button "Save Invoice": Click button "Save Invoice"

2020-04-01 22:02:06 - [MESSAGE][INFO] - >>>>>//Button[contains(text(),'Save Invoice')]

2020-04-01 22:02:09 - [MESSAGE][PASSED] - Object: '' is clicked on

2020-04-01 22:02:09 - [MESSAGE][PASSED] - Click button "Save Invoice"

2020-04-01 22:02:09 - [TEST_STEP][PASSED] - Verify Update Data in Invoice Summary: Verify Update Data in Invoice Summary

2020-04-01 22:02:10 - [MESSAGE][PASSED] - Text of object '' is: '15/01/2020'

2020-04-01 22:02:10 - [MESSAGE][PASSED] - Text of object '' is: '1.800.000'

2020-04-01 22:02:11 - [MESSAGE][PASSED] - Text of object '' is: 'Mistake'

2020-04-01 22:02:11 - [MESSAGE][PASSED] - Text of object '' is: 'mobile.test'

2020-04-01 22:02:11 - [MESSAGE][PASSED] - Verify Update Data in Invoice Summary

2020-04-01 22:02:11 - [TEST_STEP][PASSED] - Verify Update Data in Additional Detail: Verify Update Data in Additional Detail

2020-04-01 22:02:11 - [MESSAGE][PASSED] - Scroll to object '' successfully

2020-04-01 22:02:11 - [MESSAGE][PASSED] - Object: '' is clicked on

2020-04-01 22:02:12 - [MESSAGE][PASSED] - Text of object '' is: 'None'

2020-04-01 22:02:12 - [MESSAGE][PASSED] - Text of object '' is: '15/01/2020'

2020-04-01 22:02:12 - [MESSAGE][PASSED] - Text of object '' is: '9999999999'

2020-04-01 22:02:12 - [MESSAGE][PASSED] - Text of object '' is: 'Test Update'

2020-04-01 22:02:13 - [MESSAGE][PASSED] - Text of object '' is: 'Test Update'

2020-04-01 22:02:13 - [MESSAGE][PASSED] - Text of object '' is: 'mobile.test'

2020-04-01 22:02:13 - [MESSAGE][PASSED] - Text of object '' is: '01/04/2020'

2020-04-01 22:02:13 - [MESSAGE][PASSED] - Verify Update Data in Additional Detail

2020-04-01 22:02:13 - [TEST_STEP][PASSED] - Click button "Logout": Click button "Logout"

2020-04-01 22:02:13 - [MESSAGE][INFO] - >>>>>//Button[contains(text(),'Logout')]

2020-04-01 22:02:17 - [MESSAGE][PASSED] - Object: '' is clicked on

2020-04-01 22:02:17 - [MESSAGE][PASSED] - Click button "Logout"

2020-04-01 22:02:17 - [TEST_STEP][PASSED] - Close browser: Close browser

2020-04-01 22:02:18 - [MESSAGE][PASSED] - Browser is closed

2020-04-01 22:02:18 - [MESSAGE][PASSED] - Close browser

2020-04-01 22:02:18 - [MESSAGE][FAILED] - Feature file 'Include/features/IST_Real/TRIS/DEV/Tracker_Invoice_System_Update_Data.feature' was failed

2020-04-01 22:02:18 - [MESSAGE][FAILED] - Keyword runFeatureFile was failed (Root cause: com.kms.katalon.core.exception.StepFailedException: Feature file 'Include/features/IST_Real/TRIS/DEV/Tracker_Invoice_System_Update_Data.feature' was failed
	at com.kms.katalon.core.keyword.internal.KeywordMain.stepFailed(KeywordMain.groovy:50)
	at com.kms.katalon.core.keyword.internal.KeywordMain.stepFailed(KeywordMain.groovy)
	at com.kms.katalon.core.keyword.internal.KeywordMain.stepFailed(KeywordMain.groovy:23)
	at com.kms.katalon.core.keyword.internal.KeywordMain$stepFailed$0.call(Unknown Source)
	at com.kms.katalon.core.cucumber.keyword.CucumberBuiltinKeywords$_runFeatureFile_closure1.doCall(CucumberBuiltinKeywords.groovy:82)
	at com.kms.katalon.core.cucumber.keyword.CucumberBuiltinKeywords$_runFeatureFile_closure1.doCall(CucumberBuiltinKeywords.groovy)
	at com.kms.katalon.core.keyword.internal.KeywordMain.runKeyword(KeywordMain.groovy:68)
	at com.kms.katalon.core.keyword.internal.KeywordMain$runKeyword.call(Unknown Source)
	at com.kms.katalon.core.cucumber.keyword.CucumberBuiltinKeywords.runFeatureFile(CucumberBuiltinKeywords.groovy:46)
	at com.kms.katalon.core.cucumber.keyword.CucumberBuiltinKeywords$runFeatureFile$0.callStatic(Unknown Source)
	at com.kms.katalon.core.cucumber.keyword.CucumberBuiltinKeywords.runFeatureFile(CucumberBuiltinKeywords.groovy:169)
	at com.kms.katalon.core.cucumber.keyword.CucumberBuiltinKeywords$runFeatureFile.call(Unknown Source)
	at Tracker_Invoice_System_Update_Data.run(Tracker_Invoice_System_Update_Data:18)
	at com.kms.katalon.core.main.ScriptEngine.run(ScriptEngine.java:194)
	at com.kms.katalon.core.main.ScriptEngine.runScriptAsRawText(ScriptEngine.java:119)
	at com.kms.katalon.core.main.TestCaseExecutor.runScript(TestCaseExecutor.java:337)
	at com.kms.katalon.core.main.TestCaseExecutor.doExecute(TestCaseExecutor.java:328)
	at com.kms.katalon.core.main.TestCaseExecutor.processExecutionPhase(TestCaseExecutor.java:307)
	at com.kms.katalon.core.main.TestCaseExecutor.accessMainPhase(TestCaseExecutor.java:299)
	at com.kms.katalon.core.main.TestCaseExecutor.execute(TestCaseExecutor.java:233)
	at com.kms.katalon.core.main.TestSuiteExecutor.accessTestCaseMainPhase(TestSuiteExecutor.java:169)
	at com.kms.katalon.core.main.TestSuiteExecutor.accessTestSuiteMainPhase(TestSuiteExecutor.java:142)
	at com.kms.katalon.core.main.TestSuiteExecutor.execute(TestSuiteExecutor.java:91)
	at com.kms.katalon.core.main.TestCaseMain.startTestSuite(TestCaseMain.java:157)
	at com.kms.katalon.core.main.TestCaseMain$startTestSuite$0.call(Unknown Source)
	at TempTestSuite1585753192807.run(TempTestSuite1585753192807.groovy:36)
)]]></system-out>
         <system-err><![CDATA[2020-04-01 22:00:01 - [TEST_CASE][FAILED] - Test Cases/IST_Real/TRIS/DEV/Tracker_Invoice_System_Update_Data: Test Cases/IST_Real/TRIS/DEV/Tracker_Invoice_System_Update_Data FAILED.
Reason:
com.kms.katalon.core.exception.StepFailedException: Feature file 'Include/features/IST_Real/TRIS/DEV/Tracker_Invoice_System_Update_Data.feature' was failed
	at com.kms.katalon.core.keyword.internal.KeywordMain.stepFailed(KeywordMain.groovy:50)
	at com.kms.katalon.core.keyword.internal.KeywordMain.stepFailed(KeywordMain.groovy)
	at com.kms.katalon.core.keyword.internal.KeywordMain.stepFailed(KeywordMain.groovy:23)
	at com.kms.katalon.core.keyword.internal.KeywordMain$stepFailed$0.call(Unknown Source)
	at com.kms.katalon.core.cucumber.keyword.CucumberBuiltinKeywords$_runFeatureFile_closure1.doCall(CucumberBuiltinKeywords.groovy:82)
	at com.kms.katalon.core.cucumber.keyword.CucumberBuiltinKeywords$_runFeatureFile_closure1.doCall(CucumberBuiltinKeywords.groovy)
	at com.kms.katalon.core.keyword.internal.KeywordMain.runKeyword(KeywordMain.groovy:68)
	at com.kms.katalon.core.keyword.internal.KeywordMain$runKeyword.call(Unknown Source)
	at com.kms.katalon.core.cucumber.keyword.CucumberBuiltinKeywords.runFeatureFile(CucumberBuiltinKeywords.groovy:46)
	at com.kms.katalon.core.cucumber.keyword.CucumberBuiltinKeywords$runFeatureFile$0.callStatic(Unknown Source)
	at com.kms.katalon.core.cucumber.keyword.CucumberBuiltinKeywords.runFeatureFile(CucumberBuiltinKeywords.groovy:169)
	at com.kms.katalon.core.cucumber.keyword.CucumberBuiltinKeywords$runFeatureFile.call(Unknown Source)
	at Tracker_Invoice_System_Update_Data.run(Tracker_Invoice_System_Update_Data:18)
	at com.kms.katalon.core.main.ScriptEngine.run(ScriptEngine.java:194)
	at com.kms.katalon.core.main.ScriptEngine.runScriptAsRawText(ScriptEngine.java:119)
	at com.kms.katalon.core.main.TestCaseExecutor.runScript(TestCaseExecutor.java:337)
	at com.kms.katalon.core.main.TestCaseExecutor.doExecute(TestCaseExecutor.java:328)
	at com.kms.katalon.core.main.TestCaseExecutor.processExecutionPhase(TestCaseExecutor.java:307)
	at com.kms.katalon.core.main.TestCaseExecutor.accessMainPhase(TestCaseExecutor.java:299)
	at com.kms.katalon.core.main.TestCaseExecutor.execute(TestCaseExecutor.java:233)
	at com.kms.katalon.core.main.TestSuiteExecutor.accessTestCaseMainPhase(TestSuiteExecutor.java:169)
	at com.kms.katalon.core.main.TestSuiteExecutor.accessTestSuiteMainPhase(TestSuiteExecutor.java:142)
	at com.kms.katalon.core.main.TestSuiteExecutor.execute(TestSuiteExecutor.java:91)
	at com.kms.katalon.core.main.TestCaseMain.startTestSuite(TestCaseMain.java:157)
	at com.kms.katalon.core.main.TestCaseMain$startTestSuite$0.call(Unknown Source)
	at TempTestSuite1585753192807.run(TempTestSuite1585753192807.groovy:36)]]></system-err>
      </testcase>
      <system-out><![CDATA[2020-04-01 22:00:01 - [TEST_SUITE][FAILED] - Tracker_Invoice_System_Update_Data: Test Cases/IST_Real/TRIS/DEV/Tracker_Invoice_System_Update_Data FAILED.
Reason:
com.kms.katalon.core.exception.StepFailedException: Feature file 'Include/features/IST_Real/TRIS/DEV/Tracker_Invoice_System_Update_Data.feature' was failed
	at com.kms.katalon.core.keyword.internal.KeywordMain.stepFailed(KeywordMain.groovy:50)
	at com.kms.katalon.core.keyword.internal.KeywordMain.stepFailed(KeywordMain.groovy)
	at com.kms.katalon.core.keyword.internal.KeywordMain.stepFailed(KeywordMain.groovy:23)
	at com.kms.katalon.core.keyword.internal.KeywordMain$stepFailed$0.call(Unknown Source)
	at com.kms.katalon.core.cucumber.keyword.CucumberBuiltinKeywords$_runFeatureFile_closure1.doCall(CucumberBuiltinKeywords.groovy:82)
	at com.kms.katalon.core.cucumber.keyword.CucumberBuiltinKeywords$_runFeatureFile_closure1.doCall(CucumberBuiltinKeywords.groovy)
	at com.kms.katalon.core.keyword.internal.KeywordMain.runKeyword(KeywordMain.groovy:68)
	at com.kms.katalon.core.keyword.internal.KeywordMain$runKeyword.call(Unknown Source)
	at com.kms.katalon.core.cucumber.keyword.CucumberBuiltinKeywords.runFeatureFile(CucumberBuiltinKeywords.groovy:46)
	at com.kms.katalon.core.cucumber.keyword.CucumberBuiltinKeywords$runFeatureFile$0.callStatic(Unknown Source)
	at com.kms.katalon.core.cucumber.keyword.CucumberBuiltinKeywords.runFeatureFile(CucumberBuiltinKeywords.groovy:169)
	at com.kms.katalon.core.cucumber.keyword.CucumberBuiltinKeywords$runFeatureFile.call(Unknown Source)
	at Tracker_Invoice_System_Update_Data.run(Tracker_Invoice_System_Update_Data:18)
	at com.kms.katalon.core.main.ScriptEngine.run(ScriptEngine.java:194)
	at com.kms.katalon.core.main.ScriptEngine.runScriptAsRawText(ScriptEngine.java:119)
	at com.kms.katalon.core.main.TestCaseExecutor.runScript(TestCaseExecutor.java:337)
	at com.kms.katalon.core.main.TestCaseExecutor.doExecute(TestCaseExecutor.java:328)
	at com.kms.katalon.core.main.TestCaseExecutor.processExecutionPhase(TestCaseExecutor.java:307)
	at com.kms.katalon.core.main.TestCaseExecutor.accessMainPhase(TestCaseExecutor.java:299)
	at com.kms.katalon.core.main.TestCaseExecutor.execute(TestCaseExecutor.java:233)
	at com.kms.katalon.core.main.TestSuiteExecutor.accessTestCaseMainPhase(TestSuiteExecutor.java:169)
	at com.kms.katalon.core.main.TestSuiteExecutor.accessTestSuiteMainPhase(TestSuiteExecutor.java:142)
	at com.kms.katalon.core.main.TestSuiteExecutor.execute(TestSuiteExecutor.java:91)
	at com.kms.katalon.core.main.TestCaseMain.startTestSuite(TestCaseMain.java:157)
	at com.kms.katalon.core.main.TestCaseMain$startTestSuite$0.call(Unknown Source)
	at TempTestSuite1585753192807.run(TempTestSuite1585753192807.groovy:36)]]></system-out>
      <system-err><![CDATA[2020-04-01 22:00:01 - [TEST_SUITE][FAILED] - Tracker_Invoice_System_Update_Data: Test Cases/IST_Real/TRIS/DEV/Tracker_Invoice_System_Update_Data FAILED.
Reason:
com.kms.katalon.core.exception.StepFailedException: Feature file 'Include/features/IST_Real/TRIS/DEV/Tracker_Invoice_System_Update_Data.feature' was failed
	at com.kms.katalon.core.keyword.internal.KeywordMain.stepFailed(KeywordMain.groovy:50)
	at com.kms.katalon.core.keyword.internal.KeywordMain.stepFailed(KeywordMain.groovy)
	at com.kms.katalon.core.keyword.internal.KeywordMain.stepFailed(KeywordMain.groovy:23)
	at com.kms.katalon.core.keyword.internal.KeywordMain$stepFailed$0.call(Unknown Source)
	at com.kms.katalon.core.cucumber.keyword.CucumberBuiltinKeywords$_runFeatureFile_closure1.doCall(CucumberBuiltinKeywords.groovy:82)
	at com.kms.katalon.core.cucumber.keyword.CucumberBuiltinKeywords$_runFeatureFile_closure1.doCall(CucumberBuiltinKeywords.groovy)
	at com.kms.katalon.core.keyword.internal.KeywordMain.runKeyword(KeywordMain.groovy:68)
	at com.kms.katalon.core.keyword.internal.KeywordMain$runKeyword.call(Unknown Source)
	at com.kms.katalon.core.cucumber.keyword.CucumberBuiltinKeywords.runFeatureFile(CucumberBuiltinKeywords.groovy:46)
	at com.kms.katalon.core.cucumber.keyword.CucumberBuiltinKeywords$runFeatureFile$0.callStatic(Unknown Source)
	at com.kms.katalon.core.cucumber.keyword.CucumberBuiltinKeywords.runFeatureFile(CucumberBuiltinKeywords.groovy:169)
	at com.kms.katalon.core.cucumber.keyword.CucumberBuiltinKeywords$runFeatureFile.call(Unknown Source)
	at Tracker_Invoice_System_Update_Data.run(Tracker_Invoice_System_Update_Data:18)
	at com.kms.katalon.core.main.ScriptEngine.run(ScriptEngine.java:194)
	at com.kms.katalon.core.main.ScriptEngine.runScriptAsRawText(ScriptEngine.java:119)
	at com.kms.katalon.core.main.TestCaseExecutor.runScript(TestCaseExecutor.java:337)
	at com.kms.katalon.core.main.TestCaseExecutor.doExecute(TestCaseExecutor.java:328)
	at com.kms.katalon.core.main.TestCaseExecutor.processExecutionPhase(TestCaseExecutor.java:307)
	at com.kms.katalon.core.main.TestCaseExecutor.accessMainPhase(TestCaseExecutor.java:299)
	at com.kms.katalon.core.main.TestCaseExecutor.execute(TestCaseExecutor.java:233)
	at com.kms.katalon.core.main.TestSuiteExecutor.accessTestCaseMainPhase(TestSuiteExecutor.java:169)
	at com.kms.katalon.core.main.TestSuiteExecutor.accessTestSuiteMainPhase(TestSuiteExecutor.java:142)
	at com.kms.katalon.core.main.TestSuiteExecutor.execute(TestSuiteExecutor.java:91)
	at com.kms.katalon.core.main.TestCaseMain.startTestSuite(TestCaseMain.java:157)
	at com.kms.katalon.core.main.TestCaseMain$startTestSuite$0.call(Unknown Source)
	at TempTestSuite1585753192807.run(TempTestSuite1585753192807.groovy:36)]]></system-err>
   </testsuite>
</testsuites>
