<?xml version="1.0" encoding="UTF-8"?>
<testsuites name="Track_Invoice_System_Correction" time="93.37" tests="1" failures="0" errors="0">
   <testsuite name="Track_Invoice_System_Correction" tests="1" failures="0" errors="0" time="93.37" timestamp="2020-07-16 15:56:35" hostname="chaidir.pratama01 - localhost" id="Test Suites/TRIS/DEV/Track_Invoice_System_Correction">
      <properties>
         <property name="deviceName" value=""/>
         <property name="devicePlatform" value=""/>
         <property name="logFolder" value="/Users/chaidir.pratama01/Katalon Studio/IST_Automation_Git/Reports/20200716_155627/TRIS/DEV/Track_Invoice_System_Correction/20200716_155627"/>
         <property name="logFiles" value="/Users/chaidir.pratama01/Katalon Studio/IST_Automation_Git/Reports/20200716_155627/TRIS/DEV/Track_Invoice_System_Correction/20200716_155627/execution0.log"/>
         <property name="attachments" value="/Users/chaidir.pratama01/Katalon Studio/IST_Automation_Git/Reports/20200716_155627/TRIS/DEV/Track_Invoice_System_Correction/20200716_155627/1594889873646.png, /Users/chaidir.pratama01/Katalon Studio/IST_Automation_Git/Reports/20200716_155627/TRIS/DEV/Track_Invoice_System_Correction/20200716_155627/1594889874973.png, /Users/chaidir.pratama01/Katalon Studio/IST_Automation_Git/Reports/20200716_155627/TRIS/DEV/Track_Invoice_System_Correction/20200716_155627/1594889876211.png, /Users/chaidir.pratama01/Katalon Studio/IST_Automation_Git/Reports/20200716_155627/TRIS/DEV/Track_Invoice_System_Correction/20200716_155627/1594889877322.png, /Users/chaidir.pratama01/Katalon Studio/IST_Automation_Git/Reports/20200716_155627/TRIS/DEV/Track_Invoice_System_Correction/20200716_155627/1594889878549.png, /Users/chaidir.pratama01/Katalon Studio/IST_Automation_Git/Reports/20200716_155627/TRIS/DEV/Track_Invoice_System_Correction/20200716_155627/1594889879777.png"/>
         <property name="hostName" value="chaidir.pratama01 - localhost"/>
         <property name="os" value="Mac OS X 64bit"/>
         <property name="katalonVersion" value="7.6.0.${buildNumber}"/>
         <property name="browser" value="Chrome 83.0.4103.116"/>
         <property name="hostAddress" value="127.0.0.1"/>
         <property name="sessionId" value="14a006f3de8e3c1f303502a5a0f37044"/>
         <property name="seleniumVersion" value="3.141.59"/>
         <property name="proxyInformation" value="ProxyInformation { proxyOption=NO_PROXY, proxyServerType=HTTP, username=, password=********, proxyServerAddress=, proxyServerPort=0, executionList=\&quot;\&quot;, isApplyToDesiredCapabilities=true }"/>
         <property name="platform" value="Mac OS X"/>
      </properties>
      <testcase name="Test Cases/IST_Real/TRIS/DEV/Track_Invoice_System_Correction" time="93.138" classname="Test Cases/IST_Real/TRIS/DEV/Track_Invoice_System_Correction" status="PASSED">
         <system-out><![CDATA[2020-07-16 15:56:35 - [TEST_CASE][PASSED] - Test Cases/IST_Real/TRIS/DEV/Track_Invoice_System_Correction: Test Cases/IST_Real/TRIS/DEV/Track_Invoice_System_Correction

2020-07-16 15:56:35 - [TEST_STEP][PASSED] - runFeatureFile("Include/features/IST_Real/TRIS/DEV/Track_Invoice_System_Correction.feature"): Feature file: 'Include/features/IST_Real/TRIS/DEV/Track_Invoice_System_Correction.feature' was passed

2020-07-16 15:56:35 - [MESSAGE][INFO] - Starting run keyword runFeatureFile: 'Include/features/IST_Real/TRIS/DEV/Track_Invoice_System_Correction.feature' and extract report to folder: '/Users/chaidir.pratama01/Katalon Studio/IST_Automation_Git/Reports/20200716_155627/TRIS/DEV/Track_Invoice_System_Correction/20200716_155627/cucumber_report/1594889795965'...

2020-07-16 15:56:36 - [TEST_CASE][PASSED] - Start Test Case : SCENARIO Correction Check and Correction Remark: SCENARIO Correction Check and Correction Remark

2020-07-16 15:56:36 - [TEST_STEP][PASSED] - Go to IST: Go to IST

2020-07-16 15:56:36 - [MESSAGE][INFO] - Starting 'Chrome' driver

2020-07-16 15:56:36 - [MESSAGE][INFO] - Action delay is set to 0 milliseconds

2020-07-16 15:56:39 - [MESSAGE][PASSED] - Browser is opened with url: ''

2020-07-16 15:56:43 - [MESSAGE][PASSED] - Navigate to 'https://dev-istools.homecredit.id/foundation/login.zul' successfully

2020-07-16 15:56:43 - [MESSAGE][PASSED] - Go to IST

2020-07-16 15:56:43 - [TEST_STEP][PASSED] - Login IST with valid credentials: Login IST with valid credentials

2020-07-16 15:56:43 - [MESSAGE][PASSED] - Text 'mobile.test' is set on object 'Object Repository/Page_/input_Username_j_username'

2020-07-16 15:56:44 - [MESSAGE][PASSED] - Text ****** has been set on object 'Object Repository/Page_/input_Password_j_password'

2020-07-16 15:56:46 - [MESSAGE][PASSED] - Object: 'Object Repository/Page_/button_Login' is clicked on

2020-07-16 15:56:46 - [MESSAGE][PASSED] - Login IST with valid credentials

2020-07-16 15:56:46 - [TEST_STEP][PASSED] - Login Success for contract dispatcher: Login Success for contract dispatcher

2020-07-16 15:56:46 - [MESSAGE][INFO] - Login Success

2020-07-16 15:56:46 - [MESSAGE][PASSED] - Current window maximized

2020-07-16 15:56:46 - [MESSAGE][PASSED] - Object 'Object Repository/Page_/h1_Welcome to IT Supporting Tools' is present

2020-07-16 15:56:46 - [MESSAGE][PASSED] - Login Success for contract dispatcher

2020-07-16 15:56:46 - [TEST_STEP][PASSED] - Check User Login for Update: Check User Login for Update

2020-07-16 15:56:46 - [MESSAGE][PASSED] - Text of object '' is: 'Sign in as mobile.test'

2020-07-16 15:56:46 - [MESSAGE][PASSED] - Check User Login for Update

2020-07-16 15:56:46 - [TEST_STEP][PASSED] - Select Arrow Menu "Invoice System": Select Arrow Menu "Invoice System"

2020-07-16 15:56:47 - [MESSAGE][PASSED] - Object: '' is clicked on

2020-07-16 15:56:47 - [MESSAGE][PASSED] - Select Arrow Menu "Invoice System"

2020-07-16 15:56:47 - [TEST_STEP][PASSED] - Select Menu "Tracker Invoice System": Select Menu "Tracker Invoice System"

2020-07-16 15:56:47 - [MESSAGE][PASSED] - Object '' is present

2020-07-16 15:56:48 - [MESSAGE][PASSED] - Object: '' is clicked on

2020-07-16 15:56:48 - [MESSAGE][PASSED] - Wait for page load successfully

2020-07-16 15:56:48 - [MESSAGE][PASSED] - Select Menu "Tracker Invoice System"

2020-07-16 15:56:48 - [TEST_STEP][PASSED] - Type on Textbox label "contract number of email address" with value "9999999999": Type on Textbox label "contract number of email address" with value "9999999999"

2020-07-16 15:56:49 - [MESSAGE][PASSED] - Text '9999999999' is set on object ''

2020-07-16 15:56:49 - [MESSAGE][PASSED] - Type on Textbox label "contract number of email address" with value "9999999999"

2020-07-16 15:56:49 - [TEST_STEP][PASSED] - Click button "Search": Click button "Search"

2020-07-16 15:56:49 - [MESSAGE][INFO] - >>>>>//Button[contains(text(),'Search')]

2020-07-16 15:56:53 - [MESSAGE][PASSED] - Object: '' is clicked on

2020-07-16 15:56:53 - [MESSAGE][PASSED] - Click button "Search"

2020-07-16 15:56:53 - [TEST_STEP][PASSED] - Verify Table Filled: Verify Table Filled

2020-07-16 15:56:53 - [MESSAGE][PASSED] - Object '' is present

2020-07-16 15:56:53 - [MESSAGE][PASSED] - Verify Table Filled

2020-07-16 15:56:53 - [TEST_STEP][PASSED] - Right Click Invoice Want to Update based on sub contract number "9999999999-7": Right Click Invoice Want to Update based on sub contract number "9999999999-7"

2020-07-16 15:56:54 - [MESSAGE][PASSED] - Scroll to object '' successfully

2020-07-16 15:56:54 - [MESSAGE][PASSED] - Object: '' is right clicked on

2020-07-16 15:56:54 - [MESSAGE][PASSED] - Right Click Invoice Want to Update based on sub contract number "9999999999-7"

2020-07-16 15:56:54 - [TEST_STEP][PASSED] - Check Invoice Format is "Cetak": Check Invoice Format is "Cetak"

2020-07-16 15:56:56 - [MESSAGE][PASSED] - All options with value 'Cetak' are selected in object ''  using regular expression

2020-07-16 15:56:56 - [MESSAGE][PASSED] - Check Invoice Format is "Cetak"

2020-07-16 15:56:56 - [TEST_STEP][PASSED] - Do Correction Check and Correction Remark: Do Correction Check and Correction Remark

2020-07-16 15:56:56 - [MESSAGE][PASSED] - Attribute 'disabled' of object '' is: 'null'

2020-07-16 15:56:57 - [MESSAGE][PASSED] - Object '' is not checked

2020-07-16 15:56:57 - [MESSAGE][PASSED] - Object: '' is clicked on

2020-07-16 15:56:58 - [MESSAGE][PASSED] - Object '' is present

2020-07-16 15:56:58 - [MESSAGE][PASSED] - Text 'TESTING CHECK' is set on object ''

2020-07-16 15:56:59 - [MESSAGE][PASSED] - Attribute 'disabled' of object '' is: 'null'

2020-07-16 15:56:59 - [MESSAGE][PASSED] - Object '' is not checked

2020-07-16 15:56:59 - [MESSAGE][PASSED] - Object: '' is clicked on

2020-07-16 15:57:00 - [MESSAGE][PASSED] - Object '' is present

2020-07-16 15:57:01 - [MESSAGE][PASSED] - Text 'TESTING CHECK' is set on object ''

2020-07-16 15:57:01 - [MESSAGE][PASSED] - Attribute 'disabled' of object '' is: 'null'

2020-07-16 15:57:01 - [MESSAGE][PASSED] - Object '' is not checked

2020-07-16 15:57:02 - [MESSAGE][PASSED] - Object: '' is clicked on

2020-07-16 15:57:02 - [MESSAGE][PASSED] - Object '' is present

2020-07-16 15:57:03 - [MESSAGE][PASSED] - Text 'TESTING CHECK' is set on object ''

2020-07-16 15:57:04 - [MESSAGE][PASSED] - Attribute 'disabled' of object '' is: 'null'

2020-07-16 15:57:04 - [MESSAGE][PASSED] - Object '' is not checked

2020-07-16 15:57:04 - [MESSAGE][PASSED] - Object: '' is clicked on

2020-07-16 15:57:05 - [MESSAGE][PASSED] - Object '' is present

2020-07-16 15:57:06 - [MESSAGE][PASSED] - Text 'TESTING CHECK' is set on object ''

2020-07-16 15:57:06 - [MESSAGE][PASSED] - Attribute 'disabled' of object '' is: 'null'

2020-07-16 15:57:06 - [MESSAGE][PASSED] - Object '' is not checked

2020-07-16 15:57:07 - [MESSAGE][PASSED] - Object: '' is clicked on

2020-07-16 15:57:07 - [MESSAGE][PASSED] - Object '' is present

2020-07-16 15:57:08 - [MESSAGE][PASSED] - Text 'TESTING CHECK' is set on object ''

2020-07-16 15:57:09 - [MESSAGE][PASSED] - Attribute 'disabled' of object '' is: 'null'

2020-07-16 15:57:09 - [MESSAGE][PASSED] - Object '' is not checked

2020-07-16 15:57:09 - [MESSAGE][PASSED] - Object: '' is clicked on

2020-07-16 15:57:10 - [MESSAGE][PASSED] - Object '' is present

2020-07-16 15:57:10 - [MESSAGE][PASSED] - Text 'TESTING CHECK' is set on object ''

2020-07-16 15:57:10 - [MESSAGE][PASSED] - Do Correction Check and Correction Remark

2020-07-16 15:57:10 - [TEST_STEP][PASSED] - Check Corrected Result: Check Corrected Result

2020-07-16 15:57:12 - [MESSAGE][PASSED] - All options with value 'Cetak' are selected in object ''  using regular expression

2020-07-16 15:57:12 - [MESSAGE][PASSED] - Attribute 'disabled' of object '' is: 'null'

2020-07-16 15:57:12 - [MESSAGE][PASSED] - Object '' is checked

2020-07-16 15:57:13 - [MESSAGE][PASSED] - Attribute 'disabled' of object '' is: 'null'

2020-07-16 15:57:13 - [MESSAGE][PASSED] - Object '' is checked

2020-07-16 15:57:13 - [MESSAGE][PASSED] - Attribute 'disabled' of object '' is: 'null'

2020-07-16 15:57:14 - [MESSAGE][PASSED] - Object '' is checked

2020-07-16 15:57:14 - [MESSAGE][PASSED] - Attribute 'disabled' of object '' is: 'null'

2020-07-16 15:57:14 - [MESSAGE][PASSED] - Object '' is checked

2020-07-16 15:57:15 - [MESSAGE][PASSED] - Attribute 'disabled' of object '' is: 'null'

2020-07-16 15:57:15 - [MESSAGE][PASSED] - Object '' is checked

2020-07-16 15:57:15 - [MESSAGE][PASSED] - Attribute 'disabled' of object '' is: 'null'

2020-07-16 15:57:15 - [MESSAGE][PASSED] - Object '' is checked

2020-07-16 15:57:15 - [MESSAGE][PASSED] - Check Corrected Result

2020-07-16 15:57:15 - [TEST_STEP][PASSED] - Click button "Save Invoice": Click button "Save Invoice"

2020-07-16 15:57:15 - [MESSAGE][INFO] - >>>>>//Button[contains(text(),'Save Invoice')]

2020-07-16 15:57:19 - [MESSAGE][PASSED] - Object: '' is clicked on

2020-07-16 15:57:19 - [MESSAGE][PASSED] - Click button "Save Invoice"

2020-07-16 15:57:19 - [TEST_STEP][PASSED] - Verify Update Checking Result in Invoice Summary: Verify Update Checking Result in Invoice Summary

2020-07-16 15:57:20 - [MESSAGE][PASSED] - Text of object '' is: 'All Ok'

2020-07-16 15:57:20 - [MESSAGE][PASSED] - Verify Update Checking Result in Invoice Summary

2020-07-16 15:57:20 - [TEST_STEP][PASSED] - Click button "Logout": Click button "Logout"

2020-07-16 15:57:20 - [MESSAGE][INFO] - >>>>>//Button[contains(text(),'Logout')]

2020-07-16 15:57:23 - [MESSAGE][PASSED] - Object: '' is clicked on

2020-07-16 15:57:23 - [MESSAGE][PASSED] - Click button "Logout"

2020-07-16 15:57:23 - [TEST_STEP][PASSED] - Close browser: Close browser

2020-07-16 15:57:23 - [MESSAGE][PASSED] - Browser is closed

2020-07-16 15:57:23 - [MESSAGE][PASSED] - Close browser

2020-07-16 15:57:23 - [TEST_CASE][PASSED] - Start Test Case : SCENARIO Repeated Mistake Check: SCENARIO Repeated Mistake Check

2020-07-16 15:57:23 - [TEST_STEP][PASSED] - Go to IST: Go to IST

2020-07-16 15:57:23 - [MESSAGE][INFO] - Starting 'Chrome' driver

2020-07-16 15:57:23 - [MESSAGE][INFO] - Action delay is set to 0 milliseconds

2020-07-16 15:57:24 - [MESSAGE][PASSED] - Browser is opened with url: ''

2020-07-16 15:57:27 - [MESSAGE][PASSED] - Navigate to 'https://dev-istools.homecredit.id/foundation/login.zul' successfully

2020-07-16 15:57:27 - [MESSAGE][PASSED] - Go to IST

2020-07-16 15:57:27 - [TEST_STEP][PASSED] - Login IST with valid credentials: Login IST with valid credentials

2020-07-16 15:57:28 - [MESSAGE][PASSED] - Text 'mobile.test' is set on object 'Object Repository/Page_/input_Username_j_username'

2020-07-16 15:57:29 - [MESSAGE][PASSED] - Text ****** has been set on object 'Object Repository/Page_/input_Password_j_password'

2020-07-16 15:57:31 - [MESSAGE][PASSED] - Object: 'Object Repository/Page_/button_Login' is clicked on

2020-07-16 15:57:31 - [MESSAGE][PASSED] - Login IST with valid credentials

2020-07-16 15:57:31 - [TEST_STEP][PASSED] - Login Success for contract dispatcher: Login Success for contract dispatcher

2020-07-16 15:57:31 - [MESSAGE][INFO] - Login Success

2020-07-16 15:57:31 - [MESSAGE][PASSED] - Current window maximized

2020-07-16 15:57:31 - [MESSAGE][PASSED] - Object 'Object Repository/Page_/h1_Welcome to IT Supporting Tools' is present

2020-07-16 15:57:31 - [MESSAGE][PASSED] - Login Success for contract dispatcher

2020-07-16 15:57:31 - [TEST_STEP][PASSED] - Check User Login for Update: Check User Login for Update

2020-07-16 15:57:32 - [MESSAGE][PASSED] - Text of object '' is: 'Sign in as mobile.test'

2020-07-16 15:57:32 - [MESSAGE][PASSED] - Check User Login for Update

2020-07-16 15:57:32 - [TEST_STEP][PASSED] - Select Arrow Menu "Invoice System": Select Arrow Menu "Invoice System"

2020-07-16 15:57:32 - [MESSAGE][PASSED] - Object: '' is clicked on

2020-07-16 15:57:32 - [MESSAGE][PASSED] - Select Arrow Menu "Invoice System"

2020-07-16 15:57:32 - [TEST_STEP][PASSED] - Select Menu "Tracker Invoice System": Select Menu "Tracker Invoice System"

2020-07-16 15:57:33 - [MESSAGE][PASSED] - Object '' is present

2020-07-16 15:57:33 - [MESSAGE][PASSED] - Object: '' is clicked on

2020-07-16 15:57:33 - [MESSAGE][PASSED] - Wait for page load successfully

2020-07-16 15:57:33 - [MESSAGE][PASSED] - Select Menu "Tracker Invoice System"

2020-07-16 15:57:33 - [TEST_STEP][PASSED] - Type on Textbox label "contract number of email address" with value "9999999999": Type on Textbox label "contract number of email address" with value "9999999999"

2020-07-16 15:57:34 - [MESSAGE][PASSED] - Text '9999999999' is set on object ''

2020-07-16 15:57:34 - [MESSAGE][PASSED] - Type on Textbox label "contract number of email address" with value "9999999999"

2020-07-16 15:57:34 - [TEST_STEP][PASSED] - Click button "Search": Click button "Search"

2020-07-16 15:57:34 - [MESSAGE][INFO] - >>>>>//Button[contains(text(),'Search')]

2020-07-16 15:57:38 - [MESSAGE][PASSED] - Object: '' is clicked on

2020-07-16 15:57:38 - [MESSAGE][PASSED] - Click button "Search"

2020-07-16 15:57:38 - [TEST_STEP][PASSED] - Verify Table Filled: Verify Table Filled

2020-07-16 15:57:39 - [MESSAGE][PASSED] - Object '' is present

2020-07-16 15:57:39 - [MESSAGE][PASSED] - Verify Table Filled

2020-07-16 15:57:39 - [TEST_STEP][PASSED] - Right Click Invoice Want to Update based on sub contract number "9999999999-7": Right Click Invoice Want to Update based on sub contract number "9999999999-7"

2020-07-16 15:57:39 - [MESSAGE][PASSED] - Scroll to object '' successfully

2020-07-16 15:57:39 - [MESSAGE][PASSED] - Object: '' is right clicked on

2020-07-16 15:57:39 - [MESSAGE][PASSED] - Right Click Invoice Want to Update based on sub contract number "9999999999-7"

2020-07-16 15:57:39 - [TEST_STEP][PASSED] - Check Invoice Format is "Cetak": Check Invoice Format is "Cetak"

2020-07-16 15:57:41 - [MESSAGE][PASSED] - All options with value 'Cetak' are selected in object ''  using regular expression

2020-07-16 15:57:41 - [MESSAGE][PASSED] - Check Invoice Format is "Cetak"

2020-07-16 15:57:41 - [TEST_STEP][PASSED] - Do Repeated Mistake Check: Do Repeated Mistake Check

2020-07-16 15:57:42 - [MESSAGE][PASSED] - Object '' is checked

2020-07-16 15:57:42 - [MESSAGE][PASSED] - Object: '' is clicked on

2020-07-16 15:57:43 - [MESSAGE][PASSED] - Object '' is not checked

2020-07-16 15:57:43 - [MESSAGE][PASSED] - Object '' is present

2020-07-16 15:57:44 - [MESSAGE][PASSED] - Object '' is checked

2020-07-16 15:57:44 - [MESSAGE][PASSED] - Object: '' is clicked on

2020-07-16 15:57:44 - [MESSAGE][PASSED] - Object '' is not checked

2020-07-16 15:57:45 - [MESSAGE][PASSED] - Object '' is present

2020-07-16 15:57:45 - [MESSAGE][PASSED] - Object '' is checked

2020-07-16 15:57:45 - [MESSAGE][PASSED] - Object: '' is clicked on

2020-07-16 15:57:46 - [MESSAGE][PASSED] - Object '' is not checked

2020-07-16 15:57:46 - [MESSAGE][PASSED] - Object '' is present

2020-07-16 15:57:46 - [MESSAGE][PASSED] - Object '' is checked

2020-07-16 15:57:47 - [MESSAGE][PASSED] - Object: '' is clicked on

2020-07-16 15:57:47 - [MESSAGE][PASSED] - Object '' is not checked

2020-07-16 15:57:48 - [MESSAGE][PASSED] - Object '' is present

2020-07-16 15:57:48 - [MESSAGE][PASSED] - Object '' is checked

2020-07-16 15:57:48 - [MESSAGE][PASSED] - Object: '' is clicked on

2020-07-16 15:57:49 - [MESSAGE][PASSED] - Object '' is not checked

2020-07-16 15:57:50 - [MESSAGE][PASSED] - Object '' is present

2020-07-16 15:57:50 - [MESSAGE][PASSED] - Object '' is checked

2020-07-16 15:57:50 - [MESSAGE][PASSED] - Object: '' is clicked on

2020-07-16 15:57:51 - [MESSAGE][PASSED] - Object '' is not checked

2020-07-16 15:57:51 - [MESSAGE][PASSED] - Object '' is present

2020-07-16 15:57:51 - [MESSAGE][PASSED] - Do Repeated Mistake Check

2020-07-16 15:57:51 - [TEST_STEP][PASSED] - Check Corrected Result: Check Corrected Result

2020-07-16 15:57:52 - [MESSAGE][PASSED] - All options with value 'Cetak' are selected in object ''  using regular expression

2020-07-16 15:57:53 - [MESSAGE][PASSED] - Attribute 'disabled' of object '' is: 'null'

2020-07-16 15:57:54 - [MESSAGE][WARNING] - Object '' is not checked (Root cause: com.kms.katalon.core.exception.StepFailedException: Object '' is not checked
	at com.kms.katalon.core.webui.keyword.internal.WebUIKeywordMain.stepFailed(WebUIKeywordMain.groovy:64)
	at com.kms.katalon.core.webui.keyword.builtin.VerifyElementCheckedKeyword$_verifyElementChecked_closure1.doCall(VerifyElementCheckedKeyword.groovy:81)
	at com.kms.katalon.core.webui.keyword.builtin.VerifyElementCheckedKeyword$_verifyElementChecked_closure1.call(VerifyElementCheckedKeyword.groovy)
	at com.kms.katalon.core.webui.keyword.internal.WebUIKeywordMain.runKeyword(WebUIKeywordMain.groovy:20)
	at com.kms.katalon.core.webui.keyword.builtin.VerifyElementCheckedKeyword.verifyElementChecked(VerifyElementCheckedKeyword.groovy:92)
	at com.kms.katalon.core.webui.keyword.builtin.VerifyElementCheckedKeyword.execute(VerifyElementCheckedKeyword.groovy:68)
	at com.kms.katalon.core.keyword.internal.KeywordExecutor.executeKeywordForPlatform(KeywordExecutor.groovy:73)
	at com.kms.katalon.core.webui.keyword.WebUiBuiltInKeywords.verifyElementChecked(WebUiBuiltInKeywords.groovy:1378)
	at com.kms.katalon.core.webui.keyword.WebUiBuiltInKeywords$verifyElementChecked$14.call(Unknown Source)
	at ist_real.Contract_Dispatcher.TestingTestingCode(Contract_Dispatcher.groovy:1391)
	at cucumber.runtime.Utils$1.call(Utils.java:26)
	at cucumber.runtime.Timeout.timeout(Timeout.java:16)
	at cucumber.runtime.Utils.invoke(Utils.java:20)
	at cucumber.runtime.java.JavaStepDefinition.execute(JavaStepDefinition.java:48)
	at cucumber.runtime.PickleStepDefinitionMatch.runStep(PickleStepDefinitionMatch.java:50)
	at cucumber.runner.TestStep.executeStep(TestStep.java:55)
	at cucumber.runner.TestStep.run(TestStep.java:42)
	at cucumber.runner.PickleStepTestStep.run(PickleStepTestStep.java:53)
	at cucumber.runner.TestCase.run(TestCase.java:47)
	at cucumber.runner.Runner.runPickle(Runner.java:44)
	at cucumber.runtime.Runtime.runFeature(Runtime.java:120)
	at cucumber.runtime.Runtime.run(Runtime.java:106)
	at cucumber.api.cli.Main.run(Main.java:35)
	at cucumber.api.cli.Main$run.call(Unknown Source)
	at com.kms.katalon.core.cucumber.keyword.CucumberBuiltinKeywords$_runFeatureFile_closure1.doCall(CucumberBuiltinKeywords.groovy:76)
	at com.kms.katalon.core.cucumber.keyword.CucumberBuiltinKeywords$_runFeatureFile_closure1.doCall(CucumberBuiltinKeywords.groovy)
	at com.kms.katalon.core.keyword.internal.KeywordMain.runKeyword(KeywordMain.groovy:68)
	at com.kms.katalon.core.keyword.internal.KeywordMain$runKeyword.call(Unknown Source)
	at com.kms.katalon.core.cucumber.keyword.CucumberBuiltinKeywords.runFeatureFile(CucumberBuiltinKeywords.groovy:46)
	at com.kms.katalon.core.cucumber.keyword.CucumberBuiltinKeywords$runFeatureFile$0.callStatic(Unknown Source)
	at com.kms.katalon.core.cucumber.keyword.CucumberBuiltinKeywords.runFeatureFile(CucumberBuiltinKeywords.groovy:169)
	at com.kms.katalon.core.cucumber.keyword.CucumberBuiltinKeywords$runFeatureFile.call(Unknown Source)
	at Track_Invoice_System_Correction.run(Track_Invoice_System_Correction:18)
	at com.kms.katalon.core.main.ScriptEngine.run(ScriptEngine.java:194)
	at com.kms.katalon.core.main.ScriptEngine.runScriptAsRawText(ScriptEngine.java:119)
	at com.kms.katalon.core.main.TestCaseExecutor.runScript(TestCaseExecutor.java:339)
	at com.kms.katalon.core.main.TestCaseExecutor.doExecute(TestCaseExecutor.java:330)
	at com.kms.katalon.core.main.TestCaseExecutor.processExecutionPhase(TestCaseExecutor.java:309)
	at com.kms.katalon.core.main.TestCaseExecutor.accessMainPhase(TestCaseExecutor.java:301)
	at com.kms.katalon.core.main.TestCaseExecutor.execute(TestCaseExecutor.java:235)
	at com.kms.katalon.core.main.TestSuiteExecutor.accessTestCaseMainPhase(TestSuiteExecutor.java:191)
	at com.kms.katalon.core.main.TestSuiteExecutor.accessTestSuiteMainPhase(TestSuiteExecutor.java:141)
	at com.kms.katalon.core.main.TestSuiteExecutor.execute(TestSuiteExecutor.java:90)
	at com.kms.katalon.core.main.TestCaseMain.startTestSuite(TestCaseMain.java:157)
	at com.kms.katalon.core.main.TestCaseMain$startTestSuite$0.call(Unknown Source)
	at TempTestSuite1594889787735.run(TempTestSuite1594889787735.groovy:39)
)
[[ATTACHMENT|/Users/chaidir.pratama01/Katalon Studio/IST_Automation_Git/Reports/20200716_155627/TRIS/DEV/Track_Invoice_System_Correction/20200716_155627/1594889873646.png]]

2020-07-16 15:57:54 - [MESSAGE][PASSED] - Attribute 'disabled' of object '' is: 'null'

2020-07-16 15:57:55 - [MESSAGE][WARNING] - Object '' is not checked (Root cause: com.kms.katalon.core.exception.StepFailedException: Object '' is not checked
	at com.kms.katalon.core.webui.keyword.internal.WebUIKeywordMain.stepFailed(WebUIKeywordMain.groovy:64)
	at com.kms.katalon.core.webui.keyword.builtin.VerifyElementCheckedKeyword$_verifyElementChecked_closure1.doCall(VerifyElementCheckedKeyword.groovy:81)
	at com.kms.katalon.core.webui.keyword.builtin.VerifyElementCheckedKeyword$_verifyElementChecked_closure1.call(VerifyElementCheckedKeyword.groovy)
	at com.kms.katalon.core.webui.keyword.internal.WebUIKeywordMain.runKeyword(WebUIKeywordMain.groovy:20)
	at com.kms.katalon.core.webui.keyword.builtin.VerifyElementCheckedKeyword.verifyElementChecked(VerifyElementCheckedKeyword.groovy:92)
	at com.kms.katalon.core.webui.keyword.builtin.VerifyElementCheckedKeyword.execute(VerifyElementCheckedKeyword.groovy:68)
	at com.kms.katalon.core.keyword.internal.KeywordExecutor.executeKeywordForPlatform(KeywordExecutor.groovy:73)
	at com.kms.katalon.core.webui.keyword.WebUiBuiltInKeywords.verifyElementChecked(WebUiBuiltInKeywords.groovy:1378)
	at com.kms.katalon.core.webui.keyword.WebUiBuiltInKeywords$verifyElementChecked$14.call(Unknown Source)
	at ist_real.Contract_Dispatcher.TestingTestingCode(Contract_Dispatcher.groovy:1391)
	at cucumber.runtime.Utils$1.call(Utils.java:26)
	at cucumber.runtime.Timeout.timeout(Timeout.java:16)
	at cucumber.runtime.Utils.invoke(Utils.java:20)
	at cucumber.runtime.java.JavaStepDefinition.execute(JavaStepDefinition.java:48)
	at cucumber.runtime.PickleStepDefinitionMatch.runStep(PickleStepDefinitionMatch.java:50)
	at cucumber.runner.TestStep.executeStep(TestStep.java:55)
	at cucumber.runner.TestStep.run(TestStep.java:42)
	at cucumber.runner.PickleStepTestStep.run(PickleStepTestStep.java:53)
	at cucumber.runner.TestCase.run(TestCase.java:47)
	at cucumber.runner.Runner.runPickle(Runner.java:44)
	at cucumber.runtime.Runtime.runFeature(Runtime.java:120)
	at cucumber.runtime.Runtime.run(Runtime.java:106)
	at cucumber.api.cli.Main.run(Main.java:35)
	at cucumber.api.cli.Main$run.call(Unknown Source)
	at com.kms.katalon.core.cucumber.keyword.CucumberBuiltinKeywords$_runFeatureFile_closure1.doCall(CucumberBuiltinKeywords.groovy:76)
	at com.kms.katalon.core.cucumber.keyword.CucumberBuiltinKeywords$_runFeatureFile_closure1.doCall(CucumberBuiltinKeywords.groovy)
	at com.kms.katalon.core.keyword.internal.KeywordMain.runKeyword(KeywordMain.groovy:68)
	at com.kms.katalon.core.keyword.internal.KeywordMain$runKeyword.call(Unknown Source)
	at com.kms.katalon.core.cucumber.keyword.CucumberBuiltinKeywords.runFeatureFile(CucumberBuiltinKeywords.groovy:46)
	at com.kms.katalon.core.cucumber.keyword.CucumberBuiltinKeywords$runFeatureFile$0.callStatic(Unknown Source)
	at com.kms.katalon.core.cucumber.keyword.CucumberBuiltinKeywords.runFeatureFile(CucumberBuiltinKeywords.groovy:169)
	at com.kms.katalon.core.cucumber.keyword.CucumberBuiltinKeywords$runFeatureFile.call(Unknown Source)
	at Track_Invoice_System_Correction.run(Track_Invoice_System_Correction:18)
	at com.kms.katalon.core.main.ScriptEngine.run(ScriptEngine.java:194)
	at com.kms.katalon.core.main.ScriptEngine.runScriptAsRawText(ScriptEngine.java:119)
	at com.kms.katalon.core.main.TestCaseExecutor.runScript(TestCaseExecutor.java:339)
	at com.kms.katalon.core.main.TestCaseExecutor.doExecute(TestCaseExecutor.java:330)
	at com.kms.katalon.core.main.TestCaseExecutor.processExecutionPhase(TestCaseExecutor.java:309)
	at com.kms.katalon.core.main.TestCaseExecutor.accessMainPhase(TestCaseExecutor.java:301)
	at com.kms.katalon.core.main.TestCaseExecutor.execute(TestCaseExecutor.java:235)
	at com.kms.katalon.core.main.TestSuiteExecutor.accessTestCaseMainPhase(TestSuiteExecutor.java:191)
	at com.kms.katalon.core.main.TestSuiteExecutor.accessTestSuiteMainPhase(TestSuiteExecutor.java:141)
	at com.kms.katalon.core.main.TestSuiteExecutor.execute(TestSuiteExecutor.java:90)
	at com.kms.katalon.core.main.TestCaseMain.startTestSuite(TestCaseMain.java:157)
	at com.kms.katalon.core.main.TestCaseMain$startTestSuite$0.call(Unknown Source)
	at TempTestSuite1594889787735.run(TempTestSuite1594889787735.groovy:39)
)
[[ATTACHMENT|/Users/chaidir.pratama01/Katalon Studio/IST_Automation_Git/Reports/20200716_155627/TRIS/DEV/Track_Invoice_System_Correction/20200716_155627/1594889874973.png]]

2020-07-16 15:57:55 - [MESSAGE][PASSED] - Attribute 'disabled' of object '' is: 'null'

2020-07-16 15:57:56 - [MESSAGE][WARNING] - Object '' is not checked (Root cause: com.kms.katalon.core.exception.StepFailedException: Object '' is not checked
	at com.kms.katalon.core.webui.keyword.internal.WebUIKeywordMain.stepFailed(WebUIKeywordMain.groovy:64)
	at com.kms.katalon.core.webui.keyword.builtin.VerifyElementCheckedKeyword$_verifyElementChecked_closure1.doCall(VerifyElementCheckedKeyword.groovy:81)
	at com.kms.katalon.core.webui.keyword.builtin.VerifyElementCheckedKeyword$_verifyElementChecked_closure1.call(VerifyElementCheckedKeyword.groovy)
	at com.kms.katalon.core.webui.keyword.internal.WebUIKeywordMain.runKeyword(WebUIKeywordMain.groovy:20)
	at com.kms.katalon.core.webui.keyword.builtin.VerifyElementCheckedKeyword.verifyElementChecked(VerifyElementCheckedKeyword.groovy:92)
	at com.kms.katalon.core.webui.keyword.builtin.VerifyElementCheckedKeyword.execute(VerifyElementCheckedKeyword.groovy:68)
	at com.kms.katalon.core.keyword.internal.KeywordExecutor.executeKeywordForPlatform(KeywordExecutor.groovy:73)
	at com.kms.katalon.core.webui.keyword.WebUiBuiltInKeywords.verifyElementChecked(WebUiBuiltInKeywords.groovy:1378)
	at com.kms.katalon.core.webui.keyword.WebUiBuiltInKeywords$verifyElementChecked$14.call(Unknown Source)
	at ist_real.Contract_Dispatcher.TestingTestingCode(Contract_Dispatcher.groovy:1391)
	at cucumber.runtime.Utils$1.call(Utils.java:26)
	at cucumber.runtime.Timeout.timeout(Timeout.java:16)
	at cucumber.runtime.Utils.invoke(Utils.java:20)
	at cucumber.runtime.java.JavaStepDefinition.execute(JavaStepDefinition.java:48)
	at cucumber.runtime.PickleStepDefinitionMatch.runStep(PickleStepDefinitionMatch.java:50)
	at cucumber.runner.TestStep.executeStep(TestStep.java:55)
	at cucumber.runner.TestStep.run(TestStep.java:42)
	at cucumber.runner.PickleStepTestStep.run(PickleStepTestStep.java:53)
	at cucumber.runner.TestCase.run(TestCase.java:47)
	at cucumber.runner.Runner.runPickle(Runner.java:44)
	at cucumber.runtime.Runtime.runFeature(Runtime.java:120)
	at cucumber.runtime.Runtime.run(Runtime.java:106)
	at cucumber.api.cli.Main.run(Main.java:35)
	at cucumber.api.cli.Main$run.call(Unknown Source)
	at com.kms.katalon.core.cucumber.keyword.CucumberBuiltinKeywords$_runFeatureFile_closure1.doCall(CucumberBuiltinKeywords.groovy:76)
	at com.kms.katalon.core.cucumber.keyword.CucumberBuiltinKeywords$_runFeatureFile_closure1.doCall(CucumberBuiltinKeywords.groovy)
	at com.kms.katalon.core.keyword.internal.KeywordMain.runKeyword(KeywordMain.groovy:68)
	at com.kms.katalon.core.keyword.internal.KeywordMain$runKeyword.call(Unknown Source)
	at com.kms.katalon.core.cucumber.keyword.CucumberBuiltinKeywords.runFeatureFile(CucumberBuiltinKeywords.groovy:46)
	at com.kms.katalon.core.cucumber.keyword.CucumberBuiltinKeywords$runFeatureFile$0.callStatic(Unknown Source)
	at com.kms.katalon.core.cucumber.keyword.CucumberBuiltinKeywords.runFeatureFile(CucumberBuiltinKeywords.groovy:169)
	at com.kms.katalon.core.cucumber.keyword.CucumberBuiltinKeywords$runFeatureFile.call(Unknown Source)
	at Track_Invoice_System_Correction.run(Track_Invoice_System_Correction:18)
	at com.kms.katalon.core.main.ScriptEngine.run(ScriptEngine.java:194)
	at com.kms.katalon.core.main.ScriptEngine.runScriptAsRawText(ScriptEngine.java:119)
	at com.kms.katalon.core.main.TestCaseExecutor.runScript(TestCaseExecutor.java:339)
	at com.kms.katalon.core.main.TestCaseExecutor.doExecute(TestCaseExecutor.java:330)
	at com.kms.katalon.core.main.TestCaseExecutor.processExecutionPhase(TestCaseExecutor.java:309)
	at com.kms.katalon.core.main.TestCaseExecutor.accessMainPhase(TestCaseExecutor.java:301)
	at com.kms.katalon.core.main.TestCaseExecutor.execute(TestCaseExecutor.java:235)
	at com.kms.katalon.core.main.TestSuiteExecutor.accessTestCaseMainPhase(TestSuiteExecutor.java:191)
	at com.kms.katalon.core.main.TestSuiteExecutor.accessTestSuiteMainPhase(TestSuiteExecutor.java:141)
	at com.kms.katalon.core.main.TestSuiteExecutor.execute(TestSuiteExecutor.java:90)
	at com.kms.katalon.core.main.TestCaseMain.startTestSuite(TestCaseMain.java:157)
	at com.kms.katalon.core.main.TestCaseMain$startTestSuite$0.call(Unknown Source)
	at TempTestSuite1594889787735.run(TempTestSuite1594889787735.groovy:39)
)
[[ATTACHMENT|/Users/chaidir.pratama01/Katalon Studio/IST_Automation_Git/Reports/20200716_155627/TRIS/DEV/Track_Invoice_System_Correction/20200716_155627/1594889876211.png]]

2020-07-16 15:57:57 - [MESSAGE][PASSED] - Attribute 'disabled' of object '' is: 'null'

2020-07-16 15:57:57 - [MESSAGE][WARNING] - Object '' is not checked (Root cause: com.kms.katalon.core.exception.StepFailedException: Object '' is not checked
	at com.kms.katalon.core.webui.keyword.internal.WebUIKeywordMain.stepFailed(WebUIKeywordMain.groovy:64)
	at com.kms.katalon.core.webui.keyword.builtin.VerifyElementCheckedKeyword$_verifyElementChecked_closure1.doCall(VerifyElementCheckedKeyword.groovy:81)
	at com.kms.katalon.core.webui.keyword.builtin.VerifyElementCheckedKeyword$_verifyElementChecked_closure1.call(VerifyElementCheckedKeyword.groovy)
	at com.kms.katalon.core.webui.keyword.internal.WebUIKeywordMain.runKeyword(WebUIKeywordMain.groovy:20)
	at com.kms.katalon.core.webui.keyword.builtin.VerifyElementCheckedKeyword.verifyElementChecked(VerifyElementCheckedKeyword.groovy:92)
	at com.kms.katalon.core.webui.keyword.builtin.VerifyElementCheckedKeyword.execute(VerifyElementCheckedKeyword.groovy:68)
	at com.kms.katalon.core.keyword.internal.KeywordExecutor.executeKeywordForPlatform(KeywordExecutor.groovy:73)
	at com.kms.katalon.core.webui.keyword.WebUiBuiltInKeywords.verifyElementChecked(WebUiBuiltInKeywords.groovy:1378)
	at com.kms.katalon.core.webui.keyword.WebUiBuiltInKeywords$verifyElementChecked$14.call(Unknown Source)
	at ist_real.Contract_Dispatcher.TestingTestingCode(Contract_Dispatcher.groovy:1391)
	at cucumber.runtime.Utils$1.call(Utils.java:26)
	at cucumber.runtime.Timeout.timeout(Timeout.java:16)
	at cucumber.runtime.Utils.invoke(Utils.java:20)
	at cucumber.runtime.java.JavaStepDefinition.execute(JavaStepDefinition.java:48)
	at cucumber.runtime.PickleStepDefinitionMatch.runStep(PickleStepDefinitionMatch.java:50)
	at cucumber.runner.TestStep.executeStep(TestStep.java:55)
	at cucumber.runner.TestStep.run(TestStep.java:42)
	at cucumber.runner.PickleStepTestStep.run(PickleStepTestStep.java:53)
	at cucumber.runner.TestCase.run(TestCase.java:47)
	at cucumber.runner.Runner.runPickle(Runner.java:44)
	at cucumber.runtime.Runtime.runFeature(Runtime.java:120)
	at cucumber.runtime.Runtime.run(Runtime.java:106)
	at cucumber.api.cli.Main.run(Main.java:35)
	at cucumber.api.cli.Main$run.call(Unknown Source)
	at com.kms.katalon.core.cucumber.keyword.CucumberBuiltinKeywords$_runFeatureFile_closure1.doCall(CucumberBuiltinKeywords.groovy:76)
	at com.kms.katalon.core.cucumber.keyword.CucumberBuiltinKeywords$_runFeatureFile_closure1.doCall(CucumberBuiltinKeywords.groovy)
	at com.kms.katalon.core.keyword.internal.KeywordMain.runKeyword(KeywordMain.groovy:68)
	at com.kms.katalon.core.keyword.internal.KeywordMain$runKeyword.call(Unknown Source)
	at com.kms.katalon.core.cucumber.keyword.CucumberBuiltinKeywords.runFeatureFile(CucumberBuiltinKeywords.groovy:46)
	at com.kms.katalon.core.cucumber.keyword.CucumberBuiltinKeywords$runFeatureFile$0.callStatic(Unknown Source)
	at com.kms.katalon.core.cucumber.keyword.CucumberBuiltinKeywords.runFeatureFile(CucumberBuiltinKeywords.groovy:169)
	at com.kms.katalon.core.cucumber.keyword.CucumberBuiltinKeywords$runFeatureFile.call(Unknown Source)
	at Track_Invoice_System_Correction.run(Track_Invoice_System_Correction:18)
	at com.kms.katalon.core.main.ScriptEngine.run(ScriptEngine.java:194)
	at com.kms.katalon.core.main.ScriptEngine.runScriptAsRawText(ScriptEngine.java:119)
	at com.kms.katalon.core.main.TestCaseExecutor.runScript(TestCaseExecutor.java:339)
	at com.kms.katalon.core.main.TestCaseExecutor.doExecute(TestCaseExecutor.java:330)
	at com.kms.katalon.core.main.TestCaseExecutor.processExecutionPhase(TestCaseExecutor.java:309)
	at com.kms.katalon.core.main.TestCaseExecutor.accessMainPhase(TestCaseExecutor.java:301)
	at com.kms.katalon.core.main.TestCaseExecutor.execute(TestCaseExecutor.java:235)
	at com.kms.katalon.core.main.TestSuiteExecutor.accessTestCaseMainPhase(TestSuiteExecutor.java:191)
	at com.kms.katalon.core.main.TestSuiteExecutor.accessTestSuiteMainPhase(TestSuiteExecutor.java:141)
	at com.kms.katalon.core.main.TestSuiteExecutor.execute(TestSuiteExecutor.java:90)
	at com.kms.katalon.core.main.TestCaseMain.startTestSuite(TestCaseMain.java:157)
	at com.kms.katalon.core.main.TestCaseMain$startTestSuite$0.call(Unknown Source)
	at TempTestSuite1594889787735.run(TempTestSuite1594889787735.groovy:39)
)
[[ATTACHMENT|/Users/chaidir.pratama01/Katalon Studio/IST_Automation_Git/Reports/20200716_155627/TRIS/DEV/Track_Invoice_System_Correction/20200716_155627/1594889877322.png]]

2020-07-16 15:57:58 - [MESSAGE][PASSED] - Attribute 'disabled' of object '' is: 'null'

2020-07-16 15:57:59 - [MESSAGE][WARNING] - Object '' is not checked (Root cause: com.kms.katalon.core.exception.StepFailedException: Object '' is not checked
	at com.kms.katalon.core.webui.keyword.internal.WebUIKeywordMain.stepFailed(WebUIKeywordMain.groovy:64)
	at com.kms.katalon.core.webui.keyword.builtin.VerifyElementCheckedKeyword$_verifyElementChecked_closure1.doCall(VerifyElementCheckedKeyword.groovy:81)
	at com.kms.katalon.core.webui.keyword.builtin.VerifyElementCheckedKeyword$_verifyElementChecked_closure1.call(VerifyElementCheckedKeyword.groovy)
	at com.kms.katalon.core.webui.keyword.internal.WebUIKeywordMain.runKeyword(WebUIKeywordMain.groovy:20)
	at com.kms.katalon.core.webui.keyword.builtin.VerifyElementCheckedKeyword.verifyElementChecked(VerifyElementCheckedKeyword.groovy:92)
	at com.kms.katalon.core.webui.keyword.builtin.VerifyElementCheckedKeyword.execute(VerifyElementCheckedKeyword.groovy:68)
	at com.kms.katalon.core.keyword.internal.KeywordExecutor.executeKeywordForPlatform(KeywordExecutor.groovy:73)
	at com.kms.katalon.core.webui.keyword.WebUiBuiltInKeywords.verifyElementChecked(WebUiBuiltInKeywords.groovy:1378)
	at com.kms.katalon.core.webui.keyword.WebUiBuiltInKeywords$verifyElementChecked$14.call(Unknown Source)
	at ist_real.Contract_Dispatcher.TestingTestingCode(Contract_Dispatcher.groovy:1391)
	at cucumber.runtime.Utils$1.call(Utils.java:26)
	at cucumber.runtime.Timeout.timeout(Timeout.java:16)
	at cucumber.runtime.Utils.invoke(Utils.java:20)
	at cucumber.runtime.java.JavaStepDefinition.execute(JavaStepDefinition.java:48)
	at cucumber.runtime.PickleStepDefinitionMatch.runStep(PickleStepDefinitionMatch.java:50)
	at cucumber.runner.TestStep.executeStep(TestStep.java:55)
	at cucumber.runner.TestStep.run(TestStep.java:42)
	at cucumber.runner.PickleStepTestStep.run(PickleStepTestStep.java:53)
	at cucumber.runner.TestCase.run(TestCase.java:47)
	at cucumber.runner.Runner.runPickle(Runner.java:44)
	at cucumber.runtime.Runtime.runFeature(Runtime.java:120)
	at cucumber.runtime.Runtime.run(Runtime.java:106)
	at cucumber.api.cli.Main.run(Main.java:35)
	at cucumber.api.cli.Main$run.call(Unknown Source)
	at com.kms.katalon.core.cucumber.keyword.CucumberBuiltinKeywords$_runFeatureFile_closure1.doCall(CucumberBuiltinKeywords.groovy:76)
	at com.kms.katalon.core.cucumber.keyword.CucumberBuiltinKeywords$_runFeatureFile_closure1.doCall(CucumberBuiltinKeywords.groovy)
	at com.kms.katalon.core.keyword.internal.KeywordMain.runKeyword(KeywordMain.groovy:68)
	at com.kms.katalon.core.keyword.internal.KeywordMain$runKeyword.call(Unknown Source)
	at com.kms.katalon.core.cucumber.keyword.CucumberBuiltinKeywords.runFeatureFile(CucumberBuiltinKeywords.groovy:46)
	at com.kms.katalon.core.cucumber.keyword.CucumberBuiltinKeywords$runFeatureFile$0.callStatic(Unknown Source)
	at com.kms.katalon.core.cucumber.keyword.CucumberBuiltinKeywords.runFeatureFile(CucumberBuiltinKeywords.groovy:169)
	at com.kms.katalon.core.cucumber.keyword.CucumberBuiltinKeywords$runFeatureFile.call(Unknown Source)
	at Track_Invoice_System_Correction.run(Track_Invoice_System_Correction:18)
	at com.kms.katalon.core.main.ScriptEngine.run(ScriptEngine.java:194)
	at com.kms.katalon.core.main.ScriptEngine.runScriptAsRawText(ScriptEngine.java:119)
	at com.kms.katalon.core.main.TestCaseExecutor.runScript(TestCaseExecutor.java:339)
	at com.kms.katalon.core.main.TestCaseExecutor.doExecute(TestCaseExecutor.java:330)
	at com.kms.katalon.core.main.TestCaseExecutor.processExecutionPhase(TestCaseExecutor.java:309)
	at com.kms.katalon.core.main.TestCaseExecutor.accessMainPhase(TestCaseExecutor.java:301)
	at com.kms.katalon.core.main.TestCaseExecutor.execute(TestCaseExecutor.java:235)
	at com.kms.katalon.core.main.TestSuiteExecutor.accessTestCaseMainPhase(TestSuiteExecutor.java:191)
	at com.kms.katalon.core.main.TestSuiteExecutor.accessTestSuiteMainPhase(TestSuiteExecutor.java:141)
	at com.kms.katalon.core.main.TestSuiteExecutor.execute(TestSuiteExecutor.java:90)
	at com.kms.katalon.core.main.TestCaseMain.startTestSuite(TestCaseMain.java:157)
	at com.kms.katalon.core.main.TestCaseMain$startTestSuite$0.call(Unknown Source)
	at TempTestSuite1594889787735.run(TempTestSuite1594889787735.groovy:39)
)
[[ATTACHMENT|/Users/chaidir.pratama01/Katalon Studio/IST_Automation_Git/Reports/20200716_155627/TRIS/DEV/Track_Invoice_System_Correction/20200716_155627/1594889878549.png]]

2020-07-16 15:57:59 - [MESSAGE][PASSED] - Attribute 'disabled' of object '' is: 'null'

2020-07-16 15:58:00 - [MESSAGE][WARNING] - Object '' is not checked (Root cause: com.kms.katalon.core.exception.StepFailedException: Object '' is not checked
	at com.kms.katalon.core.webui.keyword.internal.WebUIKeywordMain.stepFailed(WebUIKeywordMain.groovy:64)
	at com.kms.katalon.core.webui.keyword.builtin.VerifyElementCheckedKeyword$_verifyElementChecked_closure1.doCall(VerifyElementCheckedKeyword.groovy:81)
	at com.kms.katalon.core.webui.keyword.builtin.VerifyElementCheckedKeyword$_verifyElementChecked_closure1.call(VerifyElementCheckedKeyword.groovy)
	at com.kms.katalon.core.webui.keyword.internal.WebUIKeywordMain.runKeyword(WebUIKeywordMain.groovy:20)
	at com.kms.katalon.core.webui.keyword.builtin.VerifyElementCheckedKeyword.verifyElementChecked(VerifyElementCheckedKeyword.groovy:92)
	at com.kms.katalon.core.webui.keyword.builtin.VerifyElementCheckedKeyword.execute(VerifyElementCheckedKeyword.groovy:68)
	at com.kms.katalon.core.keyword.internal.KeywordExecutor.executeKeywordForPlatform(KeywordExecutor.groovy:73)
	at com.kms.katalon.core.webui.keyword.WebUiBuiltInKeywords.verifyElementChecked(WebUiBuiltInKeywords.groovy:1378)
	at com.kms.katalon.core.webui.keyword.WebUiBuiltInKeywords$verifyElementChecked$14.call(Unknown Source)
	at ist_real.Contract_Dispatcher.TestingTestingCode(Contract_Dispatcher.groovy:1391)
	at cucumber.runtime.Utils$1.call(Utils.java:26)
	at cucumber.runtime.Timeout.timeout(Timeout.java:16)
	at cucumber.runtime.Utils.invoke(Utils.java:20)
	at cucumber.runtime.java.JavaStepDefinition.execute(JavaStepDefinition.java:48)
	at cucumber.runtime.PickleStepDefinitionMatch.runStep(PickleStepDefinitionMatch.java:50)
	at cucumber.runner.TestStep.executeStep(TestStep.java:55)
	at cucumber.runner.TestStep.run(TestStep.java:42)
	at cucumber.runner.PickleStepTestStep.run(PickleStepTestStep.java:53)
	at cucumber.runner.TestCase.run(TestCase.java:47)
	at cucumber.runner.Runner.runPickle(Runner.java:44)
	at cucumber.runtime.Runtime.runFeature(Runtime.java:120)
	at cucumber.runtime.Runtime.run(Runtime.java:106)
	at cucumber.api.cli.Main.run(Main.java:35)
	at cucumber.api.cli.Main$run.call(Unknown Source)
	at com.kms.katalon.core.cucumber.keyword.CucumberBuiltinKeywords$_runFeatureFile_closure1.doCall(CucumberBuiltinKeywords.groovy:76)
	at com.kms.katalon.core.cucumber.keyword.CucumberBuiltinKeywords$_runFeatureFile_closure1.doCall(CucumberBuiltinKeywords.groovy)
	at com.kms.katalon.core.keyword.internal.KeywordMain.runKeyword(KeywordMain.groovy:68)
	at com.kms.katalon.core.keyword.internal.KeywordMain$runKeyword.call(Unknown Source)
	at com.kms.katalon.core.cucumber.keyword.CucumberBuiltinKeywords.runFeatureFile(CucumberBuiltinKeywords.groovy:46)
	at com.kms.katalon.core.cucumber.keyword.CucumberBuiltinKeywords$runFeatureFile$0.callStatic(Unknown Source)
	at com.kms.katalon.core.cucumber.keyword.CucumberBuiltinKeywords.runFeatureFile(CucumberBuiltinKeywords.groovy:169)
	at com.kms.katalon.core.cucumber.keyword.CucumberBuiltinKeywords$runFeatureFile.call(Unknown Source)
	at Track_Invoice_System_Correction.run(Track_Invoice_System_Correction:18)
	at com.kms.katalon.core.main.ScriptEngine.run(ScriptEngine.java:194)
	at com.kms.katalon.core.main.ScriptEngine.runScriptAsRawText(ScriptEngine.java:119)
	at com.kms.katalon.core.main.TestCaseExecutor.runScript(TestCaseExecutor.java:339)
	at com.kms.katalon.core.main.TestCaseExecutor.doExecute(TestCaseExecutor.java:330)
	at com.kms.katalon.core.main.TestCaseExecutor.processExecutionPhase(TestCaseExecutor.java:309)
	at com.kms.katalon.core.main.TestCaseExecutor.accessMainPhase(TestCaseExecutor.java:301)
	at com.kms.katalon.core.main.TestCaseExecutor.execute(TestCaseExecutor.java:235)
	at com.kms.katalon.core.main.TestSuiteExecutor.accessTestCaseMainPhase(TestSuiteExecutor.java:191)
	at com.kms.katalon.core.main.TestSuiteExecutor.accessTestSuiteMainPhase(TestSuiteExecutor.java:141)
	at com.kms.katalon.core.main.TestSuiteExecutor.execute(TestSuiteExecutor.java:90)
	at com.kms.katalon.core.main.TestCaseMain.startTestSuite(TestCaseMain.java:157)
	at com.kms.katalon.core.main.TestCaseMain$startTestSuite$0.call(Unknown Source)
	at TempTestSuite1594889787735.run(TempTestSuite1594889787735.groovy:39)
)
[[ATTACHMENT|/Users/chaidir.pratama01/Katalon Studio/IST_Automation_Git/Reports/20200716_155627/TRIS/DEV/Track_Invoice_System_Correction/20200716_155627/1594889879777.png]]

2020-07-16 15:58:00 - [MESSAGE][PASSED] - Check Corrected Result

2020-07-16 15:58:00 - [TEST_STEP][PASSED] - Click button "Save Invoice": Click button "Save Invoice"

2020-07-16 15:58:00 - [MESSAGE][INFO] - >>>>>//Button[contains(text(),'Save Invoice')]

2020-07-16 15:58:03 - [MESSAGE][PASSED] - Object: '' is clicked on

2020-07-16 15:58:03 - [MESSAGE][PASSED] - Click button "Save Invoice"

2020-07-16 15:58:03 - [TEST_STEP][PASSED] - Verify Update Checking Result in Invoice Summary: Verify Update Checking Result in Invoice Summary

2020-07-16 15:58:05 - [MESSAGE][PASSED] - Text of object '' is: 'Mistake'

2020-07-16 15:58:05 - [MESSAGE][PASSED] - Verify Update Checking Result in Invoice Summary

2020-07-16 15:58:05 - [TEST_STEP][PASSED] - Click button "Logout": Click button "Logout"

2020-07-16 15:58:05 - [MESSAGE][INFO] - >>>>>//Button[contains(text(),'Logout')]

2020-07-16 15:58:08 - [MESSAGE][PASSED] - Object: '' is clicked on

2020-07-16 15:58:08 - [MESSAGE][PASSED] - Click button "Logout"

2020-07-16 15:58:08 - [TEST_STEP][PASSED] - Close browser: Close browser

2020-07-16 15:58:08 - [MESSAGE][PASSED] - Browser is closed

2020-07-16 15:58:08 - [MESSAGE][PASSED] - Close browser

2020-07-16 15:58:08 - [MESSAGE][PASSED] - Feature file: 'Include/features/IST_Real/TRIS/DEV/Track_Invoice_System_Correction.feature' was passed]]></system-out>
         <system-err><![CDATA[]]></system-err>
      </testcase>
      <system-out><![CDATA[2020-07-16 15:56:35 - [TEST_SUITE][PASSED] - Track_Invoice_System_Correction: Test Cases/IST_Real/TRIS/DEV/Track_Invoice_System_Correction]]></system-out>
      <system-err><![CDATA[]]></system-err>
   </testsuite>
</testsuites>
