<?xml version="1.0" encoding="UTF-8"?>
<testsuites name="DRC_IST_Tracker" time="150.167" tests="4" failures="1" errors="0">
   <testsuite name="DRC_IST_Tracker" tests="4" failures="1" errors="0" time="150.167" timestamp="2020-09-22 03:16:47" hostname="chaidir.pratama01 - localhost" id="Test Suites/DRC/DRC_IST_Tracker">
      <properties>
         <property name="deviceName" value=""/>
         <property name="devicePlatform" value=""/>
         <property name="logFolder" value="/Users/chaidir.pratama01/Katalon Studio/IST_Automation_Git/Reports/20200922_031640/DRC/DRC_IST_Tracker/20200922_031640"/>
         <property name="logFiles" value="/Users/chaidir.pratama01/Katalon Studio/IST_Automation_Git/Reports/20200922_031640/DRC/DRC_IST_Tracker/20200922_031640/execution0.log"/>
         <property name="attachments" value="/Users/chaidir.pratama01/Documents/Docs/Katalon Studio/Screenshot/popupslik.png, /Users/chaidir.pratama01/Katalon Studio/IST_Automation_Git/Reports/20200922_031640/DRC/DRC_IST_Tracker/20200922_031640/1600719501276.png, /Users/chaidir.pratama01/Documents/Docs/Katalon Studio/Screenshot/popupslik.png"/>
         <property name="hostName" value="chaidir.pratama01 - localhost"/>
         <property name="os" value="Mac OS X 64bit"/>
         <property name="katalonVersion" value="7.6.0.${buildNumber}"/>
         <property name="browser" value="Chrome 85.0.4183.102"/>
         <property name="hostAddress" value="127.0.0.1"/>
         <property name="sessionId" value="249c5d5c06391db0c98e8168c0580aeb"/>
         <property name="seleniumVersion" value="3.141.59"/>
         <property name="proxyInformation" value="ProxyInformation { proxyOption=NO_PROXY, proxyServerType=HTTP, username=, password=********, proxyServerAddress=, proxyServerPort=0, executionList=\&quot;\&quot;, isApplyToDesiredCapabilities=true }"/>
         <property name="platform" value="Mac OS X"/>
      </properties>
      <testcase name="Test Cases/DRC/IST_Tracker/DRC_IST_Tracker-Connection_to_Database" time="57.609" classname="Test Cases/DRC/IST_Tracker/DRC_IST_Tracker-Connection_to_Database" status="PASSED">
         <system-out><![CDATA[2020-09-22 03:16:47 - [TEST_CASE][PASSED] - Test Cases/DRC/IST_Tracker/DRC_IST_Tracker-Connection_to_Database: Test Cases/DRC/IST_Tracker/DRC_IST_Tracker-Connection_to_Database

2020-09-22 03:16:48 - [TEST_STEP][PASSED] - runFeatureFile("Include/features/DRC/IST_Tracker/Connection_to_Database.feature"): Feature file: 'Include/features/DRC/IST_Tracker/Connection_to_Database.feature' was passed

2020-09-22 03:16:48 - [MESSAGE][INFO] - Starting run keyword runFeatureFile: 'Include/features/DRC/IST_Tracker/Connection_to_Database.feature' and extract report to folder: '/Users/chaidir.pratama01/Katalon Studio/IST_Automation_Git/Reports/20200922_031640/DRC/DRC_IST_Tracker/20200922_031640/cucumber_report/1600719408095'...

2020-09-22 03:16:48 - [TEST_CASE][PASSED] - Start Test Case : SCENARIO Select Menu Management Assignment to give assign contract PAPERLESS POS: SCENARIO Select Menu Management Assignment to give assign contract PAPERLESS POS

2020-09-22 03:16:48 - [TEST_STEP][PASSED] - Go to IST: Go to IST

2020-09-22 03:16:48 - [MESSAGE][INFO] - Starting 'Chrome' driver

2020-09-22 03:16:48 - [MESSAGE][INFO] - User set preference: ['AcceptInsecureCerts', 'true']

2020-09-22 03:16:48 - [MESSAGE][INFO] - User set preference: ['args', '[ignore-certificate-errors]']

2020-09-22 03:16:48 - [MESSAGE][INFO] - Action delay is set to 0 milliseconds

2020-09-22 03:16:51 - [MESSAGE][PASSED] - Browser is opened with url: ''

2020-09-22 03:16:53 - [MESSAGE][PASSED] - Navigate to 'https://dev-ist.homecredit.id/ist_tracker/' successfully

2020-09-22 03:16:53 - [MESSAGE][PASSED] - Go to IST

2020-09-22 03:16:53 - [TEST_STEP][PASSED] - Login IST with valid credentials: Login IST with valid credentials

2020-09-22 03:16:54 - [MESSAGE][PASSED] - Text 'mobile.test' is set on object 'Object Repository/Page_/input_Username_j_username'

2020-09-22 03:16:54 - [MESSAGE][PASSED] - Text ****** has been set on object 'Object Repository/Page_/input_Password_j_password'

2020-09-22 03:16:55 - [MESSAGE][PASSED] - Object: 'Object Repository/Page_/button_Login' is clicked on

2020-09-22 03:16:55 - [MESSAGE][PASSED] - Login IST with valid credentials

2020-09-22 03:16:55 - [TEST_STEP][PASSED] - Login Success for contract dispatcher: Login Success for contract dispatcher

2020-09-22 03:16:55 - [MESSAGE][INFO] - Login Success

2020-09-22 03:16:55 - [MESSAGE][PASSED] - Current window maximized

2020-09-22 03:16:55 - [MESSAGE][PASSED] - Object 'Object Repository/Page_/h1_Welcome to IT Supporting Tools' is present

2020-09-22 03:16:55 - [MESSAGE][PASSED] - Login Success for contract dispatcher

2020-09-22 03:16:55 - [TEST_STEP][PASSED] - Select Arrow Menu "Contract Dispatcher Admin": Select Arrow Menu "Contract Dispatcher Admin"

2020-09-22 03:16:56 - [MESSAGE][PASSED] - Object: '' is clicked on

2020-09-22 03:16:56 - [MESSAGE][PASSED] - Select Arrow Menu "Contract Dispatcher Admin"

2020-09-22 03:16:56 - [TEST_STEP][PASSED] - Select Menu "Management Assignment": Select Menu "Management Assignment"

2020-09-22 03:16:56 - [MESSAGE][PASSED] - Object '' is present

2020-09-22 03:16:57 - [MESSAGE][PASSED] - Object: '' is clicked on

2020-09-22 03:16:57 - [MESSAGE][PASSED] - Wait for page load successfully

2020-09-22 03:16:57 - [MESSAGE][PASSED] - Select Menu "Management Assignment"

2020-09-22 03:16:57 - [TEST_STEP][PASSED] - Click button "Reset All User": Click button "Reset All User"

2020-09-22 03:16:57 - [MESSAGE][INFO] - >>>>>//Button[contains(text(),'Reset All User')]

2020-09-22 03:17:00 - [MESSAGE][PASSED] - Object: '' is clicked on

2020-09-22 03:17:00 - [MESSAGE][PASSED] - Click button "Reset All User"

2020-09-22 03:17:00 - [TEST_STEP][PASSED] - Get text from pop up "Confirmation Reset All" with text "Are you sure ?": Get text from pop up "Confirmation Reset All" with text "Are you sure ?"

2020-09-22 03:17:01 - [MESSAGE][PASSED] - Taking screenshot successfully
[[ATTACHMENT|/Users/chaidir.pratama01/Documents/Docs/Katalon Studio/Screenshot/popupslik.png]]

2020-09-22 03:17:02 - [MESSAGE][PASSED] - Object '' is present

2020-09-22 03:17:02 - [MESSAGE][PASSED] - Wait for page load successfully

2020-09-22 03:17:02 - [MESSAGE][PASSED] - Wait for page load successfully

2020-09-22 03:17:02 - [MESSAGE][PASSED] - Get text from pop up "Confirmation Reset All" with text "Are you sure ?"

2020-09-22 03:17:02 - [TEST_STEP][PASSED] - Click button "OK": Click button "OK"

2020-09-22 03:17:02 - [MESSAGE][INFO] - >>>>>//Button[contains(text(),'OK')]

2020-09-22 03:17:05 - [MESSAGE][PASSED] - Object: '' is clicked on

2020-09-22 03:17:05 - [MESSAGE][PASSED] - Click button "OK"

2020-09-22 03:17:05 - [TEST_STEP][PASSED] - Wait page for load: Wait page for load

2020-09-22 03:17:05 - [MESSAGE][PASSED] - Wait for page load successfully

2020-09-22 03:17:05 - [MESSAGE][PASSED] - Wait page for load

2020-09-22 03:17:05 - [TEST_STEP][PASSED] - Notification "Reset All Success": Notification "Reset All Success"

2020-09-22 03:17:06 - [MESSAGE][PASSED] - Object '' is present

2020-09-22 03:17:06 - [MESSAGE][PASSED] - Notification "Reset All Success"

2020-09-22 03:17:06 - [TEST_STEP][PASSED] - Select Username "mobile.test" of Management Assignment: Select Username "mobile.test" of Management Assignment

2020-09-22 03:17:08 - [MESSAGE][PASSED] - All options with value 'mobile.test' are selected in object 'Object Repository/Page_/dropdown_list_username_assignment'  using regular expression

2020-09-22 03:17:08 - [MESSAGE][PASSED] - Select Username "mobile.test" of Management Assignment

2020-09-22 03:17:08 - [TEST_STEP][PASSED] - Check unchecked contract type POS: Check unchecked contract type POS

2020-09-22 03:17:08 - [MESSAGE][PASSED] - Object '' is present

2020-09-22 03:17:09 - [MESSAGE][PASSED] - Object '' is not checked

2020-09-22 03:17:09 - [MESSAGE][PASSED] - Object '' is present

2020-09-22 03:17:09 - [MESSAGE][PASSED] - Object '' is not checked

2020-09-22 03:17:10 - [MESSAGE][PASSED] - Object '' is present

2020-09-22 03:17:10 - [MESSAGE][PASSED] - Object '' is not checked

2020-09-22 03:17:10 - [MESSAGE][PASSED] - Object '' is present

2020-09-22 03:17:11 - [MESSAGE][PASSED] - Object '' is not checked

2020-09-22 03:17:11 - [MESSAGE][PASSED] - Object '' is present

2020-09-22 03:17:11 - [MESSAGE][PASSED] - Object '' is not checked

2020-09-22 03:17:12 - [MESSAGE][PASSED] - Object '' is present

2020-09-22 03:17:12 - [MESSAGE][PASSED] - Object '' is not checked

2020-09-22 03:17:12 - [MESSAGE][PASSED] - Object '' is present

2020-09-22 03:17:13 - [MESSAGE][PASSED] - Object '' is not checked

2020-09-22 03:17:13 - [MESSAGE][PASSED] - Object '' is present

2020-09-22 03:17:14 - [MESSAGE][PASSED] - Object '' is not checked

2020-09-22 03:17:14 - [MESSAGE][PASSED] - Object '' is present

2020-09-22 03:17:14 - [MESSAGE][PASSED] - Object '' is not checked

2020-09-22 03:17:14 - [MESSAGE][PASSED] - Object '' is present

2020-09-22 03:17:15 - [MESSAGE][PASSED] - Object '' is not checked

2020-09-22 03:17:15 - [MESSAGE][PASSED] - Object '' is present

2020-09-22 03:17:16 - [MESSAGE][PASSED] - Object '' is not checked

2020-09-22 03:17:16 - [MESSAGE][PASSED] - Object '' is present

2020-09-22 03:17:16 - [MESSAGE][PASSED] - Object '' is not checked

2020-09-22 03:17:16 - [MESSAGE][PASSED] - Object '' is present

2020-09-22 03:17:17 - [MESSAGE][PASSED] - Object '' is not checked

2020-09-22 03:17:17 - [MESSAGE][PASSED] - Object '' is present

2020-09-22 03:17:17 - [MESSAGE][PASSED] - Object '' is not checked

2020-09-22 03:17:18 - [MESSAGE][PASSED] - Object '' is present

2020-09-22 03:17:18 - [MESSAGE][PASSED] - Object '' is not checked

2020-09-22 03:17:18 - [MESSAGE][PASSED] - Object '' is present

2020-09-22 03:17:19 - [MESSAGE][PASSED] - Object '' is not checked

2020-09-22 03:17:19 - [MESSAGE][PASSED] - Object '' is present

2020-09-22 03:17:19 - [MESSAGE][PASSED] - Object '' is not checked

2020-09-22 03:17:20 - [MESSAGE][PASSED] - Object '' is present

2020-09-22 03:17:20 - [MESSAGE][PASSED] - Object '' is not checked

2020-09-22 03:17:20 - [MESSAGE][PASSED] - Object '' is present

2020-09-22 03:17:21 - [MESSAGE][PASSED] - Object '' is not checked

2020-09-22 03:17:21 - [MESSAGE][PASSED] - Object '' is present

2020-09-22 03:17:21 - [MESSAGE][PASSED] - Object '' is not checked

2020-09-22 03:17:22 - [MESSAGE][PASSED] - Object '' is present

2020-09-22 03:17:22 - [MESSAGE][PASSED] - Object '' is not checked

2020-09-22 03:17:22 - [MESSAGE][PASSED] - Object '' is present

2020-09-22 03:17:23 - [MESSAGE][PASSED] - Object '' is not checked

2020-09-22 03:17:23 - [MESSAGE][PASSED] - Object '' is present

2020-09-22 03:17:23 - [MESSAGE][PASSED] - Object '' is not checked

2020-09-22 03:17:24 - [MESSAGE][PASSED] - Object '' is present

2020-09-22 03:17:24 - [MESSAGE][PASSED] - Object '' is not checked

2020-09-22 03:17:24 - [MESSAGE][PASSED] - Check unchecked contract type POS

2020-09-22 03:17:24 - [TEST_STEP][PASSED] - Check for username if already assigned to "Regular": Check for username if already assigned to "Regular"

2020-09-22 03:17:27 - [MESSAGE][PASSED] - Scroll to object '' successfully

2020-09-22 03:17:28 - [MESSAGE][PASSED] - Object '' is present

2020-09-22 03:17:28 - [MESSAGE][PASSED] - Object '' is checked

2020-09-22 03:17:28 - [MESSAGE][INFO] - Element is already Checked

2020-09-22 03:17:28 - [MESSAGE][PASSED] - Check for username if already assigned to "Regular"

2020-09-22 03:17:28 - [TEST_STEP][PASSED] - Click button "Logout": Click button "Logout"

2020-09-22 03:17:28 - [MESSAGE][INFO] - >>>>>//Button[contains(text(),'Logout')]

2020-09-22 03:17:32 - [MESSAGE][PASSED] - Object: '' is clicked on

2020-09-22 03:17:32 - [MESSAGE][PASSED] - Click button "Logout"

2020-09-22 03:17:32 - [TEST_STEP][PASSED] - Close browser: Close browser

2020-09-22 03:17:32 - [MESSAGE][PASSED] - Browser is closed

2020-09-22 03:17:32 - [MESSAGE][PASSED] - Close browser

2020-09-22 03:17:32 - [TEST_CASE][PASSED] - Start Test Case : SCENARIO Connection to Database IST Tracker with Search data from menu(Contract Dispatcher): SCENARIO Connection to Database IST Tracker with Search data from menu(Contract Dispatcher)

2020-09-22 03:17:32 - [TEST_STEP][PASSED] - Go to IST: Go to IST

2020-09-22 03:17:32 - [MESSAGE][INFO] - Starting 'Chrome' driver

2020-09-22 03:17:32 - [MESSAGE][INFO] - User set preference: ['AcceptInsecureCerts', 'true']

2020-09-22 03:17:32 - [MESSAGE][INFO] - User set preference: ['args', '[ignore-certificate-errors]']

2020-09-22 03:17:32 - [MESSAGE][INFO] - Action delay is set to 0 milliseconds

2020-09-22 03:17:33 - [MESSAGE][PASSED] - Browser is opened with url: ''

2020-09-22 03:17:35 - [MESSAGE][PASSED] - Navigate to 'https://dev-ist.homecredit.id/ist_tracker/' successfully

2020-09-22 03:17:35 - [MESSAGE][PASSED] - Go to IST

2020-09-22 03:17:35 - [TEST_STEP][PASSED] - Login IST with valid credentials: Login IST with valid credentials

2020-09-22 03:17:36 - [MESSAGE][PASSED] - Text 'mobile.test' is set on object 'Object Repository/Page_/input_Username_j_username'

2020-09-22 03:17:36 - [MESSAGE][PASSED] - Text ****** has been set on object 'Object Repository/Page_/input_Password_j_password'

2020-09-22 03:17:37 - [MESSAGE][PASSED] - Object: 'Object Repository/Page_/button_Login' is clicked on

2020-09-22 03:17:37 - [MESSAGE][PASSED] - Login IST with valid credentials

2020-09-22 03:17:37 - [TEST_STEP][PASSED] - Login Success for contract dispatcher: Login Success for contract dispatcher

2020-09-22 03:17:37 - [MESSAGE][INFO] - Login Success

2020-09-22 03:17:37 - [MESSAGE][PASSED] - Current window maximized

2020-09-22 03:17:37 - [MESSAGE][PASSED] - Object 'Object Repository/Page_/h1_Welcome to IT Supporting Tools' is present

2020-09-22 03:17:37 - [MESSAGE][PASSED] - Login Success for contract dispatcher

2020-09-22 03:17:37 - [TEST_STEP][PASSED] - Select Menu "Contract Dispatcher": Select Menu "Contract Dispatcher"

2020-09-22 03:17:38 - [MESSAGE][PASSED] - Object '' is present

2020-09-22 03:17:38 - [MESSAGE][PASSED] - Object: '' is clicked on

2020-09-22 03:17:38 - [MESSAGE][PASSED] - Wait for page load successfully

2020-09-22 03:17:38 - [MESSAGE][PASSED] - Select Menu "Contract Dispatcher"

2020-09-22 03:17:38 - [TEST_STEP][PASSED] - Select Contract Number based on Type Contract "REGULAR POS": Select Contract Number based on Type Contract "REGULAR POS"

2020-09-22 03:17:39 - [MESSAGE][PASSED] - Object '' is present

2020-09-22 03:17:39 - [MESSAGE][PASSED] - Object '' is present

2020-09-22 03:17:39 - [MESSAGE][PASSED] - Object: '' is clicked on

2020-09-22 03:17:40 - [MESSAGE][PASSED] - Object '' is checked

2020-09-22 03:17:40 - [MESSAGE][PASSED] - Text of object '' is: 'REGULAR POS'

2020-09-22 03:17:40 - [MESSAGE][PASSED] - Object '' is present

2020-09-22 03:17:41 - [MESSAGE][PASSED] - Object: '' is clicked on

2020-09-22 03:17:41 - [MESSAGE][PASSED] - Object '' is checked

2020-09-22 03:17:41 - [MESSAGE][PASSED] - Select Contract Number based on Type Contract "REGULAR POS"

2020-09-22 03:17:41 - [TEST_STEP][PASSED] - Click button "Logout": Click button "Logout"

2020-09-22 03:17:41 - [MESSAGE][INFO] - >>>>>//Button[contains(text(),'Logout')]

2020-09-22 03:17:45 - [MESSAGE][PASSED] - Object: '' is clicked on

2020-09-22 03:17:45 - [MESSAGE][PASSED] - Click button "Logout"

2020-09-22 03:17:45 - [TEST_STEP][PASSED] - Close browser: Close browser

2020-09-22 03:17:45 - [MESSAGE][PASSED] - Browser is closed

2020-09-22 03:17:45 - [MESSAGE][PASSED] - Close browser

2020-09-22 03:17:45 - [MESSAGE][PASSED] - Feature file: 'Include/features/DRC/IST_Tracker/Connection_to_Database.feature' was passed]]></system-out>
         <system-err><![CDATA[]]></system-err>
      </testcase>
      <testcase name="Test Cases/DRC/IST_Tracker/DRC_IST_Tracker-Connection_to_Oasys" time="36.439" classname="Test Cases/DRC/IST_Tracker/DRC_IST_Tracker-Connection_to_Oasys" status="FAILED">
         <failure type="FAILED" message="Test Cases/DRC/IST_Tracker/DRC_IST_Tracker-Connection_to_Oasys FAILED.
Reason:
com.kms.katalon.core.exception.StepFailedException: Feature file 'Include/features/DRC/IST_Tracker/Connection_to_Oasys.feature' was failed
	at com.kms.katalon.core.keyword.internal.KeywordMain.stepFailed(KeywordMain.groovy:50)
	at com.kms.katalon.core.keyword.internal.KeywordMain.stepFailed(KeywordMain.groovy)
	at com.kms.katalon.core.keyword.internal.KeywordMain.stepFailed(KeywordMain.groovy:23)
	at com.kms.katalon.core.keyword.internal.KeywordMain$stepFailed$0.call(Unknown Source)
	at com.kms.katalon.core.cucumber.keyword.CucumberBuiltinKeywords$_runFeatureFile_closure1.doCall(CucumberBuiltinKeywords.groovy:82)
	at com.kms.katalon.core.cucumber.keyword.CucumberBuiltinKeywords$_runFeatureFile_closure1.doCall(CucumberBuiltinKeywords.groovy)
	at com.kms.katalon.core.keyword.internal.KeywordMain.runKeyword(KeywordMain.groovy:68)
	at com.kms.katalon.core.keyword.internal.KeywordMain$runKeyword.call(Unknown Source)
	at com.kms.katalon.core.cucumber.keyword.CucumberBuiltinKeywords.runFeatureFile(CucumberBuiltinKeywords.groovy:46)
	at com.kms.katalon.core.cucumber.keyword.CucumberBuiltinKeywords$runFeatureFile$0.callStatic(Unknown Source)
	at com.kms.katalon.core.cucumber.keyword.CucumberBuiltinKeywords.runFeatureFile(CucumberBuiltinKeywords.groovy:169)
	at com.kms.katalon.core.cucumber.keyword.CucumberBuiltinKeywords$runFeatureFile.call(Unknown Source)
	at DRC_IST_Tracker-Connection_to_Oasys.run(DRC_IST_Tracker-Connection_to_Oasys:18)
	at com.kms.katalon.core.main.ScriptEngine.run(ScriptEngine.java:194)
	at com.kms.katalon.core.main.ScriptEngine.runScriptAsRawText(ScriptEngine.java:119)
	at com.kms.katalon.core.main.TestCaseExecutor.runScript(TestCaseExecutor.java:339)
	at com.kms.katalon.core.main.TestCaseExecutor.doExecute(TestCaseExecutor.java:330)
	at com.kms.katalon.core.main.TestCaseExecutor.processExecutionPhase(TestCaseExecutor.java:309)
	at com.kms.katalon.core.main.TestCaseExecutor.accessMainPhase(TestCaseExecutor.java:301)
	at com.kms.katalon.core.main.TestCaseExecutor.execute(TestCaseExecutor.java:235)
	at com.kms.katalon.core.main.TestSuiteExecutor.accessTestCaseMainPhase(TestSuiteExecutor.java:191)
	at com.kms.katalon.core.main.TestSuiteExecutor.accessTestSuiteMainPhase(TestSuiteExecutor.java:141)
	at com.kms.katalon.core.main.TestSuiteExecutor.execute(TestSuiteExecutor.java:90)
	at com.kms.katalon.core.main.TestCaseMain.startTestSuite(TestCaseMain.java:157)
	at com.kms.katalon.core.main.TestCaseMain$startTestSuite$0.call(Unknown Source)
	at TempTestSuite1600719400367.run(TempTestSuite1600719400367.groovy:39)
"/>
         <system-out><![CDATA[2020-09-22 03:17:45 - [TEST_CASE][FAILED] - Test Cases/DRC/IST_Tracker/DRC_IST_Tracker-Connection_to_Oasys: Test Cases/DRC/IST_Tracker/DRC_IST_Tracker-Connection_to_Oasys FAILED.
Reason:
com.kms.katalon.core.exception.StepFailedException: Feature file 'Include/features/DRC/IST_Tracker/Connection_to_Oasys.feature' was failed
	at com.kms.katalon.core.keyword.internal.KeywordMain.stepFailed(KeywordMain.groovy:50)
	at com.kms.katalon.core.keyword.internal.KeywordMain.stepFailed(KeywordMain.groovy)
	at com.kms.katalon.core.keyword.internal.KeywordMain.stepFailed(KeywordMain.groovy:23)
	at com.kms.katalon.core.keyword.internal.KeywordMain$stepFailed$0.call(Unknown Source)
	at com.kms.katalon.core.cucumber.keyword.CucumberBuiltinKeywords$_runFeatureFile_closure1.doCall(CucumberBuiltinKeywords.groovy:82)
	at com.kms.katalon.core.cucumber.keyword.CucumberBuiltinKeywords$_runFeatureFile_closure1.doCall(CucumberBuiltinKeywords.groovy)
	at com.kms.katalon.core.keyword.internal.KeywordMain.runKeyword(KeywordMain.groovy:68)
	at com.kms.katalon.core.keyword.internal.KeywordMain$runKeyword.call(Unknown Source)
	at com.kms.katalon.core.cucumber.keyword.CucumberBuiltinKeywords.runFeatureFile(CucumberBuiltinKeywords.groovy:46)
	at com.kms.katalon.core.cucumber.keyword.CucumberBuiltinKeywords$runFeatureFile$0.callStatic(Unknown Source)
	at com.kms.katalon.core.cucumber.keyword.CucumberBuiltinKeywords.runFeatureFile(CucumberBuiltinKeywords.groovy:169)
	at com.kms.katalon.core.cucumber.keyword.CucumberBuiltinKeywords$runFeatureFile.call(Unknown Source)
	at DRC_IST_Tracker-Connection_to_Oasys.run(DRC_IST_Tracker-Connection_to_Oasys:18)
	at com.kms.katalon.core.main.ScriptEngine.run(ScriptEngine.java:194)
	at com.kms.katalon.core.main.ScriptEngine.runScriptAsRawText(ScriptEngine.java:119)
	at com.kms.katalon.core.main.TestCaseExecutor.runScript(TestCaseExecutor.java:339)
	at com.kms.katalon.core.main.TestCaseExecutor.doExecute(TestCaseExecutor.java:330)
	at com.kms.katalon.core.main.TestCaseExecutor.processExecutionPhase(TestCaseExecutor.java:309)
	at com.kms.katalon.core.main.TestCaseExecutor.accessMainPhase(TestCaseExecutor.java:301)
	at com.kms.katalon.core.main.TestCaseExecutor.execute(TestCaseExecutor.java:235)
	at com.kms.katalon.core.main.TestSuiteExecutor.accessTestCaseMainPhase(TestSuiteExecutor.java:191)
	at com.kms.katalon.core.main.TestSuiteExecutor.accessTestSuiteMainPhase(TestSuiteExecutor.java:141)
	at com.kms.katalon.core.main.TestSuiteExecutor.execute(TestSuiteExecutor.java:90)
	at com.kms.katalon.core.main.TestCaseMain.startTestSuite(TestCaseMain.java:157)
	at com.kms.katalon.core.main.TestCaseMain$startTestSuite$0.call(Unknown Source)
	at TempTestSuite1600719400367.run(TempTestSuite1600719400367.groovy:39)


2020-09-22 03:17:45 - [TEST_STEP][FAILED] - runFeatureFile("Include/features/DRC/IST_Tracker/Connection_to_Oasys.feature"): Keyword runFeatureFile was failed (Root cause: com.kms.katalon.core.exception.StepFailedException: Feature file 'Include/features/DRC/IST_Tracker/Connection_to_Oasys.feature' was failed
	at com.kms.katalon.core.keyword.internal.KeywordMain.stepFailed(KeywordMain.groovy:50)
	at com.kms.katalon.core.keyword.internal.KeywordMain.stepFailed(KeywordMain.groovy)
	at com.kms.katalon.core.keyword.internal.KeywordMain.stepFailed(KeywordMain.groovy:23)
	at com.kms.katalon.core.keyword.internal.KeywordMain$stepFailed$0.call(Unknown Source)
	at com.kms.katalon.core.cucumber.keyword.CucumberBuiltinKeywords$_runFeatureFile_closure1.doCall(CucumberBuiltinKeywords.groovy:82)
	at com.kms.katalon.core.cucumber.keyword.CucumberBuiltinKeywords$_runFeatureFile_closure1.doCall(CucumberBuiltinKeywords.groovy)
	at com.kms.katalon.core.keyword.internal.KeywordMain.runKeyword(KeywordMain.groovy:68)
	at com.kms.katalon.core.keyword.internal.KeywordMain$runKeyword.call(Unknown Source)
	at com.kms.katalon.core.cucumber.keyword.CucumberBuiltinKeywords.runFeatureFile(CucumberBuiltinKeywords.groovy:46)
	at com.kms.katalon.core.cucumber.keyword.CucumberBuiltinKeywords$runFeatureFile$0.callStatic(Unknown Source)
	at com.kms.katalon.core.cucumber.keyword.CucumberBuiltinKeywords.runFeatureFile(CucumberBuiltinKeywords.groovy:169)
	at com.kms.katalon.core.cucumber.keyword.CucumberBuiltinKeywords$runFeatureFile.call(Unknown Source)
	at DRC_IST_Tracker-Connection_to_Oasys.run(DRC_IST_Tracker-Connection_to_Oasys:18)
	at com.kms.katalon.core.main.ScriptEngine.run(ScriptEngine.java:194)
	at com.kms.katalon.core.main.ScriptEngine.runScriptAsRawText(ScriptEngine.java:119)
	at com.kms.katalon.core.main.TestCaseExecutor.runScript(TestCaseExecutor.java:339)
	at com.kms.katalon.core.main.TestCaseExecutor.doExecute(TestCaseExecutor.java:330)
	at com.kms.katalon.core.main.TestCaseExecutor.processExecutionPhase(TestCaseExecutor.java:309)
	at com.kms.katalon.core.main.TestCaseExecutor.accessMainPhase(TestCaseExecutor.java:301)
	at com.kms.katalon.core.main.TestCaseExecutor.execute(TestCaseExecutor.java:235)
	at com.kms.katalon.core.main.TestSuiteExecutor.accessTestCaseMainPhase(TestSuiteExecutor.java:191)
	at com.kms.katalon.core.main.TestSuiteExecutor.accessTestSuiteMainPhase(TestSuiteExecutor.java:141)
	at com.kms.katalon.core.main.TestSuiteExecutor.execute(TestSuiteExecutor.java:90)
	at com.kms.katalon.core.main.TestCaseMain.startTestSuite(TestCaseMain.java:157)
	at com.kms.katalon.core.main.TestCaseMain$startTestSuite$0.call(Unknown Source)
	at TempTestSuite1600719400367.run(TempTestSuite1600719400367.groovy:39)
)

2020-09-22 03:17:45 - [MESSAGE][INFO] - Starting run keyword runFeatureFile: 'Include/features/DRC/IST_Tracker/Connection_to_Oasys.feature' and extract report to folder: '/Users/chaidir.pratama01/Katalon Studio/IST_Automation_Git/Reports/20200922_031640/DRC/DRC_IST_Tracker/20200922_031640/cucumber_report/1600719465523'...

2020-09-22 03:17:45 - [TEST_CASE][FAILED] - Start Test Case : SCENARIO Select Menu Oasys Customer Cycle from Oasys Report: SCENARIO Select Menu Oasys Customer Cycle from Oasys Report FAILED.
Reason:
com.kms.katalon.core.exception.StepFailedException: Unable to click on object ''
	at com.kms.katalon.core.webui.keyword.internal.WebUIKeywordMain.stepFailed(WebUIKeywordMain.groovy:64)
	at com.kms.katalon.core.webui.keyword.internal.WebUIKeywordMain.runKeyword(WebUIKeywordMain.groovy:26)
	at com.kms.katalon.core.webui.keyword.builtin.ClickKeyword.click(ClickKeyword.groovy:76)
	at com.kms.katalon.core.webui.keyword.builtin.ClickKeyword.execute(ClickKeyword.groovy:43)
	at com.kms.katalon.core.keyword.internal.KeywordExecutor.executeKeywordForPlatform(KeywordExecutor.groovy:73)
	at com.kms.katalon.core.webui.keyword.WebUiBuiltInKeywords.click(WebUiBuiltInKeywords.groovy:616)
	at com.kms.katalon.core.webui.keyword.WebUiBuiltInKeywords$click$3.call(Unknown Source)
	at ist_real.Contract_Dispatcher.ArrowMenu(Contract_Dispatcher.groovy:462)
	at ✽.Select Arrow Menu " Oasys Report"(/Users/chaidir.pratama01/Katalon Studio/IST_Automation_Git/Include/features/DRC/IST_Tracker/Connection_to_Oasys.feature:31)
Caused by: com.kms.katalon.core.webui.exception.WebElementNotFoundException: Web element with id: '' located by '//span[contains(text(),' Oasys Report')]/preceding-sibling::span/i[@class='z-icon-caret-right z-tree-close']' not found
	at com.kms.katalon.core.webui.common.WebUiCommonHelper.findWebElement(WebUiCommonHelper.java:1354)
	at com.kms.katalon.core.webui.keyword.internal.WebUIAbstractKeyword.findWebElement(WebUIAbstractKeyword.groovy:27)
	at com.kms.katalon.core.webui.keyword.internal.WebUIAbstractKeyword.findWebElement(WebUIAbstractKeyword.groovy:26)
	at com.kms.katalon.core.webui.keyword.builtin.ClickKeyword$_click_closure1.doCall(ClickKeyword.groovy:67)
	at com.kms.katalon.core.webui.keyword.builtin.ClickKeyword$_click_closure1.call(ClickKeyword.groovy)
	at com.kms.katalon.core.webui.keyword.internal.WebUIKeywordMain.runKeyword(WebUIKeywordMain.groovy:20)
	at com.kms.katalon.core.webui.keyword.builtin.ClickKeyword.click(ClickKeyword.groovy:76)
	at com.kms.katalon.core.webui.keyword.builtin.ClickKeyword.execute(ClickKeyword.groovy:43)
	at com.kms.katalon.core.keyword.internal.KeywordExecutor.executeKeywordForPlatform(KeywordExecutor.groovy:73)
	at com.kms.katalon.core.webui.keyword.WebUiBuiltInKeywords.click(WebUiBuiltInKeywords.groovy:616)
	at com.kms.katalon.core.webui.keyword.WebUiBuiltInKeywords$click$3.call(Unknown Source)
	at ist_real.Contract_Dispatcher.ArrowMenu(Contract_Dispatcher.groovy:462)
	at cucumber.runtime.Utils$1.call(Utils.java:26)
	at cucumber.runtime.Timeout.timeout(Timeout.java:16)
	at cucumber.runtime.Utils.invoke(Utils.java:20)
	at cucumber.runtime.java.JavaStepDefinition.execute(JavaStepDefinition.java:48)
	at cucumber.runtime.PickleStepDefinitionMatch.runStep(PickleStepDefinitionMatch.java:50)
	at cucumber.runner.TestStep.executeStep(TestStep.java:55)
	at cucumber.runner.TestStep.run(TestStep.java:42)
	at cucumber.runner.PickleStepTestStep.run(PickleStepTestStep.java:53)
	at cucumber.runner.TestCase.run(TestCase.java:47)
	at cucumber.runner.Runner.runPickle(Runner.java:44)
	at cucumber.runtime.Runtime.runFeature(Runtime.java:120)
	at cucumber.runtime.Runtime.run(Runtime.java:106)
	at cucumber.api.cli.Main.run(Main.java:35)
	at cucumber.api.cli.Main$run.call(Unknown Source)
	at com.kms.katalon.core.cucumber.keyword.CucumberBuiltinKeywords$_runFeatureFile_closure1.doCall(CucumberBuiltinKeywords.groovy:76)
	at com.kms.katalon.core.cucumber.keyword.CucumberBuiltinKeywords$_runFeatureFile_closure1.doCall(CucumberBuiltinKeywords.groovy)
	at com.kms.katalon.core.keyword.internal.KeywordMain.runKeyword(KeywordMain.groovy:68)
	at com.kms.katalon.core.keyword.internal.KeywordMain$runKeyword.call(Unknown Source)
	at com.kms.katalon.core.cucumber.keyword.CucumberBuiltinKeywords.runFeatureFile(CucumberBuiltinKeywords.groovy:46)
	at com.kms.katalon.core.cucumber.keyword.CucumberBuiltinKeywords$runFeatureFile$0.callStatic(Unknown Source)
	at com.kms.katalon.core.cucumber.keyword.CucumberBuiltinKeywords.runFeatureFile(CucumberBuiltinKeywords.groovy:169)
	at com.kms.katalon.core.cucumber.keyword.CucumberBuiltinKeywords$runFeatureFile.call(Unknown Source)
	at DRC_IST_Tracker-Connection_to_Oasys.run(DRC_IST_Tracker-Connection_to_Oasys:18)
	at com.kms.katalon.core.main.ScriptEngine.run(ScriptEngine.java:194)
	at com.kms.katalon.core.main.ScriptEngine.runScriptAsRawText(ScriptEngine.java:119)
	at com.kms.katalon.core.main.TestCaseExecutor.runScript(TestCaseExecutor.java:339)
	at com.kms.katalon.core.main.TestCaseExecutor.doExecute(TestCaseExecutor.java:330)
	at com.kms.katalon.core.main.TestCaseExecutor.processExecutionPhase(TestCaseExecutor.java:309)
	at com.kms.katalon.core.main.TestCaseExecutor.accessMainPhase(TestCaseExecutor.java:301)
	at com.kms.katalon.core.main.TestCaseExecutor.execute(TestCaseExecutor.java:235)
	at com.kms.katalon.core.main.TestSuiteExecutor.accessTestCaseMainPhase(TestSuiteExecutor.java:191)
	at com.kms.katalon.core.main.TestSuiteExecutor.accessTestSuiteMainPhase(TestSuiteExecutor.java:141)
	at com.kms.katalon.core.main.TestSuiteExecutor.execute(TestSuiteExecutor.java:90)
	at com.kms.katalon.core.main.TestCaseMain.startTestSuite(TestCaseMain.java:157)
	at com.kms.katalon.core.main.TestCaseMain$startTestSuite$0.call(Unknown Source)
	at TempTestSuite1600719400367.run(TempTestSuite1600719400367.groovy:39)


2020-09-22 03:17:45 - [TEST_STEP][PASSED] - Go to IST: Go to IST

2020-09-22 03:17:45 - [MESSAGE][INFO] - Starting 'Chrome' driver

2020-09-22 03:17:45 - [MESSAGE][INFO] - User set preference: ['AcceptInsecureCerts', 'true']

2020-09-22 03:17:45 - [MESSAGE][INFO] - User set preference: ['args', '[ignore-certificate-errors]']

2020-09-22 03:17:45 - [MESSAGE][INFO] - Action delay is set to 0 milliseconds

2020-09-22 03:17:46 - [MESSAGE][PASSED] - Browser is opened with url: ''

2020-09-22 03:17:47 - [MESSAGE][PASSED] - Navigate to 'https://dev-ist.homecredit.id/ist_tracker/' successfully

2020-09-22 03:17:47 - [MESSAGE][PASSED] - Go to IST

2020-09-22 03:17:47 - [TEST_STEP][PASSED] - Login IST with valid credentials: Login IST with valid credentials

2020-09-22 03:17:48 - [MESSAGE][PASSED] - Text 'mobile.test' is set on object 'Object Repository/Page_/input_Username_j_username'

2020-09-22 03:17:48 - [MESSAGE][PASSED] - Text ****** has been set on object 'Object Repository/Page_/input_Password_j_password'

2020-09-22 03:17:49 - [MESSAGE][PASSED] - Object: 'Object Repository/Page_/button_Login' is clicked on

2020-09-22 03:17:49 - [MESSAGE][PASSED] - Login IST with valid credentials

2020-09-22 03:17:49 - [TEST_STEP][PASSED] - Login Success for contract dispatcher: Login Success for contract dispatcher

2020-09-22 03:17:49 - [MESSAGE][INFO] - Login Success

2020-09-22 03:17:49 - [MESSAGE][PASSED] - Current window maximized

2020-09-22 03:17:50 - [MESSAGE][PASSED] - Object 'Object Repository/Page_/h1_Welcome to IT Supporting Tools' is present

2020-09-22 03:17:50 - [MESSAGE][PASSED] - Login Success for contract dispatcher

2020-09-22 03:17:50 - [TEST_STEP][FAILED] - Select Arrow Menu " Oasys Report": Select Arrow Menu " Oasys Report" FAILED.
Reason:
com.kms.katalon.core.exception.StepFailedException: Unable to click on object ''
	at com.kms.katalon.core.webui.keyword.internal.WebUIKeywordMain.stepFailed(WebUIKeywordMain.groovy:64)
	at com.kms.katalon.core.webui.keyword.internal.WebUIKeywordMain.runKeyword(WebUIKeywordMain.groovy:26)
	at com.kms.katalon.core.webui.keyword.builtin.ClickKeyword.click(ClickKeyword.groovy:76)
	at com.kms.katalon.core.webui.keyword.builtin.ClickKeyword.execute(ClickKeyword.groovy:43)
	at com.kms.katalon.core.keyword.internal.KeywordExecutor.executeKeywordForPlatform(KeywordExecutor.groovy:73)
	at com.kms.katalon.core.webui.keyword.WebUiBuiltInKeywords.click(WebUiBuiltInKeywords.groovy:616)
	at com.kms.katalon.core.webui.keyword.WebUiBuiltInKeywords$click$3.call(Unknown Source)
	at ist_real.Contract_Dispatcher.ArrowMenu(Contract_Dispatcher.groovy:462)
	at ✽.Select Arrow Menu " Oasys Report"(/Users/chaidir.pratama01/Katalon Studio/IST_Automation_Git/Include/features/DRC/IST_Tracker/Connection_to_Oasys.feature:31)
Caused by: com.kms.katalon.core.webui.exception.WebElementNotFoundException: Web element with id: '' located by '//span[contains(text(),' Oasys Report')]/preceding-sibling::span/i[@class='z-icon-caret-right z-tree-close']' not found
	at com.kms.katalon.core.webui.common.WebUiCommonHelper.findWebElement(WebUiCommonHelper.java:1354)
	at com.kms.katalon.core.webui.keyword.internal.WebUIAbstractKeyword.findWebElement(WebUIAbstractKeyword.groovy:27)
	at com.kms.katalon.core.webui.keyword.internal.WebUIAbstractKeyword.findWebElement(WebUIAbstractKeyword.groovy:26)
	at com.kms.katalon.core.webui.keyword.builtin.ClickKeyword$_click_closure1.doCall(ClickKeyword.groovy:67)
	at com.kms.katalon.core.webui.keyword.builtin.ClickKeyword$_click_closure1.call(ClickKeyword.groovy)
	at com.kms.katalon.core.webui.keyword.internal.WebUIKeywordMain.runKeyword(WebUIKeywordMain.groovy:20)
	at com.kms.katalon.core.webui.keyword.builtin.ClickKeyword.click(ClickKeyword.groovy:76)
	at com.kms.katalon.core.webui.keyword.builtin.ClickKeyword.execute(ClickKeyword.groovy:43)
	at com.kms.katalon.core.keyword.internal.KeywordExecutor.executeKeywordForPlatform(KeywordExecutor.groovy:73)
	at com.kms.katalon.core.webui.keyword.WebUiBuiltInKeywords.click(WebUiBuiltInKeywords.groovy:616)
	at com.kms.katalon.core.webui.keyword.WebUiBuiltInKeywords$click$3.call(Unknown Source)
	at ist_real.Contract_Dispatcher.ArrowMenu(Contract_Dispatcher.groovy:462)
	at cucumber.runtime.Utils$1.call(Utils.java:26)
	at cucumber.runtime.Timeout.timeout(Timeout.java:16)
	at cucumber.runtime.Utils.invoke(Utils.java:20)
	at cucumber.runtime.java.JavaStepDefinition.execute(JavaStepDefinition.java:48)
	at cucumber.runtime.PickleStepDefinitionMatch.runStep(PickleStepDefinitionMatch.java:50)
	at cucumber.runner.TestStep.executeStep(TestStep.java:55)
	at cucumber.runner.TestStep.run(TestStep.java:42)
	at cucumber.runner.PickleStepTestStep.run(PickleStepTestStep.java:53)
	at cucumber.runner.TestCase.run(TestCase.java:47)
	at cucumber.runner.Runner.runPickle(Runner.java:44)
	at cucumber.runtime.Runtime.runFeature(Runtime.java:120)
	at cucumber.runtime.Runtime.run(Runtime.java:106)
	at cucumber.api.cli.Main.run(Main.java:35)
	at cucumber.api.cli.Main$run.call(Unknown Source)
	at com.kms.katalon.core.cucumber.keyword.CucumberBuiltinKeywords$_runFeatureFile_closure1.doCall(CucumberBuiltinKeywords.groovy:76)
	at com.kms.katalon.core.cucumber.keyword.CucumberBuiltinKeywords$_runFeatureFile_closure1.doCall(CucumberBuiltinKeywords.groovy)
	at com.kms.katalon.core.keyword.internal.KeywordMain.runKeyword(KeywordMain.groovy:68)
	at com.kms.katalon.core.keyword.internal.KeywordMain$runKeyword.call(Unknown Source)
	at com.kms.katalon.core.cucumber.keyword.CucumberBuiltinKeywords.runFeatureFile(CucumberBuiltinKeywords.groovy:46)
	at com.kms.katalon.core.cucumber.keyword.CucumberBuiltinKeywords$runFeatureFile$0.callStatic(Unknown Source)
	at com.kms.katalon.core.cucumber.keyword.CucumberBuiltinKeywords.runFeatureFile(CucumberBuiltinKeywords.groovy:169)
	at com.kms.katalon.core.cucumber.keyword.CucumberBuiltinKeywords$runFeatureFile.call(Unknown Source)
	at DRC_IST_Tracker-Connection_to_Oasys.run(DRC_IST_Tracker-Connection_to_Oasys:18)
	at com.kms.katalon.core.main.ScriptEngine.run(ScriptEngine.java:194)
	at com.kms.katalon.core.main.ScriptEngine.runScriptAsRawText(ScriptEngine.java:119)
	at com.kms.katalon.core.main.TestCaseExecutor.runScript(TestCaseExecutor.java:339)
	at com.kms.katalon.core.main.TestCaseExecutor.doExecute(TestCaseExecutor.java:330)
	at com.kms.katalon.core.main.TestCaseExecutor.processExecutionPhase(TestCaseExecutor.java:309)
	at com.kms.katalon.core.main.TestCaseExecutor.accessMainPhase(TestCaseExecutor.java:301)
	at com.kms.katalon.core.main.TestCaseExecutor.execute(TestCaseExecutor.java:235)
	at com.kms.katalon.core.main.TestSuiteExecutor.accessTestCaseMainPhase(TestSuiteExecutor.java:191)
	at com.kms.katalon.core.main.TestSuiteExecutor.accessTestSuiteMainPhase(TestSuiteExecutor.java:141)
	at com.kms.katalon.core.main.TestSuiteExecutor.execute(TestSuiteExecutor.java:90)
	at com.kms.katalon.core.main.TestCaseMain.startTestSuite(TestCaseMain.java:157)
	at com.kms.katalon.core.main.TestCaseMain$startTestSuite$0.call(Unknown Source)
	at TempTestSuite1600719400367.run(TempTestSuite1600719400367.groovy:39)


2020-09-22 03:18:21 - [MESSAGE][INFO] - Unable to find the element located by 'By.xpath: //span[contains(text(),' Oasys Report')]/preceding-sibling::span/i[@class='z-icon-caret-right z-tree-close']'. Please recheck the objects properties to make sure the desired element is located. 

2020-09-22 03:18:21 - [MESSAGE][FAILED] - Unable to click on object '' (Root cause: com.kms.katalon.core.exception.StepFailedException: Unable to click on object ''
	at com.kms.katalon.core.webui.keyword.internal.WebUIKeywordMain.stepFailed(WebUIKeywordMain.groovy:64)
	at com.kms.katalon.core.webui.keyword.internal.WebUIKeywordMain.runKeyword(WebUIKeywordMain.groovy:26)
	at com.kms.katalon.core.webui.keyword.builtin.ClickKeyword.click(ClickKeyword.groovy:76)
	at com.kms.katalon.core.webui.keyword.builtin.ClickKeyword.execute(ClickKeyword.groovy:43)
	at com.kms.katalon.core.keyword.internal.KeywordExecutor.executeKeywordForPlatform(KeywordExecutor.groovy:73)
	at com.kms.katalon.core.webui.keyword.WebUiBuiltInKeywords.click(WebUiBuiltInKeywords.groovy:616)
	at com.kms.katalon.core.webui.keyword.WebUiBuiltInKeywords$click$3.call(Unknown Source)
	at ist_real.Contract_Dispatcher.ArrowMenu(Contract_Dispatcher.groovy:462)
	at cucumber.runtime.Utils$1.call(Utils.java:26)
	at cucumber.runtime.Timeout.timeout(Timeout.java:16)
	at cucumber.runtime.Utils.invoke(Utils.java:20)
	at cucumber.runtime.java.JavaStepDefinition.execute(JavaStepDefinition.java:48)
	at cucumber.runtime.PickleStepDefinitionMatch.runStep(PickleStepDefinitionMatch.java:50)
	at cucumber.runner.TestStep.executeStep(TestStep.java:55)
	at cucumber.runner.TestStep.run(TestStep.java:42)
	at cucumber.runner.PickleStepTestStep.run(PickleStepTestStep.java:53)
	at cucumber.runner.TestCase.run(TestCase.java:47)
	at cucumber.runner.Runner.runPickle(Runner.java:44)
	at cucumber.runtime.Runtime.runFeature(Runtime.java:120)
	at cucumber.runtime.Runtime.run(Runtime.java:106)
	at cucumber.api.cli.Main.run(Main.java:35)
	at cucumber.api.cli.Main$run.call(Unknown Source)
	at com.kms.katalon.core.cucumber.keyword.CucumberBuiltinKeywords$_runFeatureFile_closure1.doCall(CucumberBuiltinKeywords.groovy:76)
	at com.kms.katalon.core.cucumber.keyword.CucumberBuiltinKeywords$_runFeatureFile_closure1.doCall(CucumberBuiltinKeywords.groovy)
	at com.kms.katalon.core.keyword.internal.KeywordMain.runKeyword(KeywordMain.groovy:68)
	at com.kms.katalon.core.keyword.internal.KeywordMain$runKeyword.call(Unknown Source)
	at com.kms.katalon.core.cucumber.keyword.CucumberBuiltinKeywords.runFeatureFile(CucumberBuiltinKeywords.groovy:46)
	at com.kms.katalon.core.cucumber.keyword.CucumberBuiltinKeywords$runFeatureFile$0.callStatic(Unknown Source)
	at com.kms.katalon.core.cucumber.keyword.CucumberBuiltinKeywords.runFeatureFile(CucumberBuiltinKeywords.groovy:169)
	at com.kms.katalon.core.cucumber.keyword.CucumberBuiltinKeywords$runFeatureFile.call(Unknown Source)
	at DRC_IST_Tracker-Connection_to_Oasys.run(DRC_IST_Tracker-Connection_to_Oasys:18)
	at com.kms.katalon.core.main.ScriptEngine.run(ScriptEngine.java:194)
	at com.kms.katalon.core.main.ScriptEngine.runScriptAsRawText(ScriptEngine.java:119)
	at com.kms.katalon.core.main.TestCaseExecutor.runScript(TestCaseExecutor.java:339)
	at com.kms.katalon.core.main.TestCaseExecutor.doExecute(TestCaseExecutor.java:330)
	at com.kms.katalon.core.main.TestCaseExecutor.processExecutionPhase(TestCaseExecutor.java:309)
	at com.kms.katalon.core.main.TestCaseExecutor.accessMainPhase(TestCaseExecutor.java:301)
	at com.kms.katalon.core.main.TestCaseExecutor.execute(TestCaseExecutor.java:235)
	at com.kms.katalon.core.main.TestSuiteExecutor.accessTestCaseMainPhase(TestSuiteExecutor.java:191)
	at com.kms.katalon.core.main.TestSuiteExecutor.accessTestSuiteMainPhase(TestSuiteExecutor.java:141)
	at com.kms.katalon.core.main.TestSuiteExecutor.execute(TestSuiteExecutor.java:90)
	at com.kms.katalon.core.main.TestCaseMain.startTestSuite(TestCaseMain.java:157)
	at com.kms.katalon.core.main.TestCaseMain$startTestSuite$0.call(Unknown Source)
	at TempTestSuite1600719400367.run(TempTestSuite1600719400367.groovy:39)
Caused by: com.kms.katalon.core.webui.exception.WebElementNotFoundException: Web element with id: '' located by '//span[contains(text(),' Oasys Report')]/preceding-sibling::span/i[@class='z-icon-caret-right z-tree-close']' not found
	at com.kms.katalon.core.webui.common.WebUiCommonHelper.findWebElement(WebUiCommonHelper.java:1354)
	at com.kms.katalon.core.webui.keyword.internal.WebUIAbstractKeyword.findWebElement(WebUIAbstractKeyword.groovy:27)
	at com.kms.katalon.core.webui.keyword.internal.WebUIAbstractKeyword.findWebElement(WebUIAbstractKeyword.groovy:26)
	at com.kms.katalon.core.webui.keyword.builtin.ClickKeyword$_click_closure1.doCall(ClickKeyword.groovy:67)
	at com.kms.katalon.core.webui.keyword.builtin.ClickKeyword$_click_closure1.call(ClickKeyword.groovy)
	at com.kms.katalon.core.webui.keyword.internal.WebUIKeywordMain.runKeyword(WebUIKeywordMain.groovy:20)
	at com.kms.katalon.core.webui.keyword.builtin.ClickKeyword.click(ClickKeyword.groovy:76)
	at com.kms.katalon.core.webui.keyword.builtin.ClickKeyword.execute(ClickKeyword.groovy:43)
	at com.kms.katalon.core.keyword.internal.KeywordExecutor.executeKeywordForPlatform(KeywordExecutor.groovy:73)
	at com.kms.katalon.core.webui.keyword.WebUiBuiltInKeywords.click(WebUiBuiltInKeywords.groovy:616)
	at com.kms.katalon.core.webui.keyword.WebUiBuiltInKeywords$click$3.call(Unknown Source)
	at ist_real.Contract_Dispatcher.ArrowMenu(Contract_Dispatcher.groovy:462)
	at cucumber.runtime.Utils$1.call(Utils.java:26)
	at cucumber.runtime.Timeout.timeout(Timeout.java:16)
	at cucumber.runtime.Utils.invoke(Utils.java:20)
	at cucumber.runtime.java.JavaStepDefinition.execute(JavaStepDefinition.java:48)
	at cucumber.runtime.PickleStepDefinitionMatch.runStep(PickleStepDefinitionMatch.java:50)
	at cucumber.runner.TestStep.executeStep(TestStep.java:55)
	at cucumber.runner.TestStep.run(TestStep.java:42)
	at cucumber.runner.PickleStepTestStep.run(PickleStepTestStep.java:53)
	at cucumber.runner.TestCase.run(TestCase.java:47)
	at cucumber.runner.Runner.runPickle(Runner.java:44)
	at cucumber.runtime.Runtime.runFeature(Runtime.java:120)
	at cucumber.runtime.Runtime.run(Runtime.java:106)
	at cucumber.api.cli.Main.run(Main.java:35)
	at cucumber.api.cli.Main$run.call(Unknown Source)
	at com.kms.katalon.core.cucumber.keyword.CucumberBuiltinKeywords$_runFeatureFile_closure1.doCall(CucumberBuiltinKeywords.groovy:76)
	at com.kms.katalon.core.cucumber.keyword.CucumberBuiltinKeywords$_runFeatureFile_closure1.doCall(CucumberBuiltinKeywords.groovy)
	at com.kms.katalon.core.keyword.internal.KeywordMain.runKeyword(KeywordMain.groovy:68)
	at com.kms.katalon.core.keyword.internal.KeywordMain$runKeyword.call(Unknown Source)
	at com.kms.katalon.core.cucumber.keyword.CucumberBuiltinKeywords.runFeatureFile(CucumberBuiltinKeywords.groovy:46)
	at com.kms.katalon.core.cucumber.keyword.CucumberBuiltinKeywords$runFeatureFile$0.callStatic(Unknown Source)
	at com.kms.katalon.core.cucumber.keyword.CucumberBuiltinKeywords.runFeatureFile(CucumberBuiltinKeywords.groovy:169)
	at com.kms.katalon.core.cucumber.keyword.CucumberBuiltinKeywords$runFeatureFile.call(Unknown Source)
	at Script1600719196373.run(Script1600719196373.groovy:18)
	... 13 more
)
[[ATTACHMENT|/Users/chaidir.pratama01/Katalon Studio/IST_Automation_Git/Reports/20200922_031640/DRC/DRC_IST_Tracker/20200922_031640/1600719501276.png]]

2020-09-22 03:18:21 - [MESSAGE][FAILED] - Select Arrow Menu " Oasys Report" FAILED.
Reason:
com.kms.katalon.core.exception.StepFailedException: Unable to click on object ''
	at com.kms.katalon.core.webui.keyword.internal.WebUIKeywordMain.stepFailed(WebUIKeywordMain.groovy:64)
	at com.kms.katalon.core.webui.keyword.internal.WebUIKeywordMain.runKeyword(WebUIKeywordMain.groovy:26)
	at com.kms.katalon.core.webui.keyword.builtin.ClickKeyword.click(ClickKeyword.groovy:76)
	at com.kms.katalon.core.webui.keyword.builtin.ClickKeyword.execute(ClickKeyword.groovy:43)
	at com.kms.katalon.core.keyword.internal.KeywordExecutor.executeKeywordForPlatform(KeywordExecutor.groovy:73)
	at com.kms.katalon.core.webui.keyword.WebUiBuiltInKeywords.click(WebUiBuiltInKeywords.groovy:616)
	at com.kms.katalon.core.webui.keyword.WebUiBuiltInKeywords$click$3.call(Unknown Source)
	at ist_real.Contract_Dispatcher.ArrowMenu(Contract_Dispatcher.groovy:462)
	at ✽.Select Arrow Menu " Oasys Report"(/Users/chaidir.pratama01/Katalon Studio/IST_Automation_Git/Include/features/DRC/IST_Tracker/Connection_to_Oasys.feature:31)
Caused by: com.kms.katalon.core.webui.exception.WebElementNotFoundException: Web element with id: '' located by '//span[contains(text(),' Oasys Report')]/preceding-sibling::span/i[@class='z-icon-caret-right z-tree-close']' not found
	at com.kms.katalon.core.webui.common.WebUiCommonHelper.findWebElement(WebUiCommonHelper.java:1354)
	at com.kms.katalon.core.webui.keyword.internal.WebUIAbstractKeyword.findWebElement(WebUIAbstractKeyword.groovy:27)
	at com.kms.katalon.core.webui.keyword.internal.WebUIAbstractKeyword.findWebElement(WebUIAbstractKeyword.groovy:26)
	at com.kms.katalon.core.webui.keyword.builtin.ClickKeyword$_click_closure1.doCall(ClickKeyword.groovy:67)
	at com.kms.katalon.core.webui.keyword.builtin.ClickKeyword$_click_closure1.call(ClickKeyword.groovy)
	at com.kms.katalon.core.webui.keyword.internal.WebUIKeywordMain.runKeyword(WebUIKeywordMain.groovy:20)
	at com.kms.katalon.core.webui.keyword.builtin.ClickKeyword.click(ClickKeyword.groovy:76)
	at com.kms.katalon.core.webui.keyword.builtin.ClickKeyword.execute(ClickKeyword.groovy:43)
	at com.kms.katalon.core.keyword.internal.KeywordExecutor.executeKeywordForPlatform(KeywordExecutor.groovy:73)
	at com.kms.katalon.core.webui.keyword.WebUiBuiltInKeywords.click(WebUiBuiltInKeywords.groovy:616)
	at com.kms.katalon.core.webui.keyword.WebUiBuiltInKeywords$click$3.call(Unknown Source)
	at ist_real.Contract_Dispatcher.ArrowMenu(Contract_Dispatcher.groovy:462)
	at cucumber.runtime.Utils$1.call(Utils.java:26)
	at cucumber.runtime.Timeout.timeout(Timeout.java:16)
	at cucumber.runtime.Utils.invoke(Utils.java:20)
	at cucumber.runtime.java.JavaStepDefinition.execute(JavaStepDefinition.java:48)
	at cucumber.runtime.PickleStepDefinitionMatch.runStep(PickleStepDefinitionMatch.java:50)
	at cucumber.runner.TestStep.executeStep(TestStep.java:55)
	at cucumber.runner.TestStep.run(TestStep.java:42)
	at cucumber.runner.PickleStepTestStep.run(PickleStepTestStep.java:53)
	at cucumber.runner.TestCase.run(TestCase.java:47)
	at cucumber.runner.Runner.runPickle(Runner.java:44)
	at cucumber.runtime.Runtime.runFeature(Runtime.java:120)
	at cucumber.runtime.Runtime.run(Runtime.java:106)
	at cucumber.api.cli.Main.run(Main.java:35)
	at cucumber.api.cli.Main$run.call(Unknown Source)
	at com.kms.katalon.core.cucumber.keyword.CucumberBuiltinKeywords$_runFeatureFile_closure1.doCall(CucumberBuiltinKeywords.groovy:76)
	at com.kms.katalon.core.cucumber.keyword.CucumberBuiltinKeywords$_runFeatureFile_closure1.doCall(CucumberBuiltinKeywords.groovy)
	at com.kms.katalon.core.keyword.internal.KeywordMain.runKeyword(KeywordMain.groovy:68)
	at com.kms.katalon.core.keyword.internal.KeywordMain$runKeyword.call(Unknown Source)
	at com.kms.katalon.core.cucumber.keyword.CucumberBuiltinKeywords.runFeatureFile(CucumberBuiltinKeywords.groovy:46)
	at com.kms.katalon.core.cucumber.keyword.CucumberBuiltinKeywords$runFeatureFile$0.callStatic(Unknown Source)
	at com.kms.katalon.core.cucumber.keyword.CucumberBuiltinKeywords.runFeatureFile(CucumberBuiltinKeywords.groovy:169)
	at com.kms.katalon.core.cucumber.keyword.CucumberBuiltinKeywords$runFeatureFile.call(Unknown Source)
	at DRC_IST_Tracker-Connection_to_Oasys.run(DRC_IST_Tracker-Connection_to_Oasys:18)
	at com.kms.katalon.core.main.ScriptEngine.run(ScriptEngine.java:194)
	at com.kms.katalon.core.main.ScriptEngine.runScriptAsRawText(ScriptEngine.java:119)
	at com.kms.katalon.core.main.TestCaseExecutor.runScript(TestCaseExecutor.java:339)
	at com.kms.katalon.core.main.TestCaseExecutor.doExecute(TestCaseExecutor.java:330)
	at com.kms.katalon.core.main.TestCaseExecutor.processExecutionPhase(TestCaseExecutor.java:309)
	at com.kms.katalon.core.main.TestCaseExecutor.accessMainPhase(TestCaseExecutor.java:301)
	at com.kms.katalon.core.main.TestCaseExecutor.execute(TestCaseExecutor.java:235)
	at com.kms.katalon.core.main.TestSuiteExecutor.accessTestCaseMainPhase(TestSuiteExecutor.java:191)
	at com.kms.katalon.core.main.TestSuiteExecutor.accessTestSuiteMainPhase(TestSuiteExecutor.java:141)
	at com.kms.katalon.core.main.TestSuiteExecutor.execute(TestSuiteExecutor.java:90)
	at com.kms.katalon.core.main.TestCaseMain.startTestSuite(TestCaseMain.java:157)
	at com.kms.katalon.core.main.TestCaseMain$startTestSuite$0.call(Unknown Source)
	at TempTestSuite1600719400367.run(TempTestSuite1600719400367.groovy:39)


2020-09-22 03:18:21 - [TEST_STEP][NOT_RUN] - Select Menu "OASys Customer Cycle": Select Menu "OASys Customer Cycle"

2020-09-22 03:18:21 - [MESSAGE][NOT_RUN] - Select Menu "OASys Customer Cycle"

2020-09-22 03:18:21 - [TEST_STEP][NOT_RUN] - Type on Textbox label "contract number of email address" with value "3900000252": Type on Textbox label "contract number of email address" with value "3900000252"

2020-09-22 03:18:21 - [MESSAGE][NOT_RUN] - Type on Textbox label "contract number of email address" with value "3900000252"

2020-09-22 03:18:21 - [MESSAGE][FAILED] - Feature file 'Include/features/DRC/IST_Tracker/Connection_to_Oasys.feature' was failed

2020-09-22 03:18:21 - [MESSAGE][FAILED] - Keyword runFeatureFile was failed (Root cause: com.kms.katalon.core.exception.StepFailedException: Feature file 'Include/features/DRC/IST_Tracker/Connection_to_Oasys.feature' was failed
	at com.kms.katalon.core.keyword.internal.KeywordMain.stepFailed(KeywordMain.groovy:50)
	at com.kms.katalon.core.keyword.internal.KeywordMain.stepFailed(KeywordMain.groovy)
	at com.kms.katalon.core.keyword.internal.KeywordMain.stepFailed(KeywordMain.groovy:23)
	at com.kms.katalon.core.keyword.internal.KeywordMain$stepFailed$0.call(Unknown Source)
	at com.kms.katalon.core.cucumber.keyword.CucumberBuiltinKeywords$_runFeatureFile_closure1.doCall(CucumberBuiltinKeywords.groovy:82)
	at com.kms.katalon.core.cucumber.keyword.CucumberBuiltinKeywords$_runFeatureFile_closure1.doCall(CucumberBuiltinKeywords.groovy)
	at com.kms.katalon.core.keyword.internal.KeywordMain.runKeyword(KeywordMain.groovy:68)
	at com.kms.katalon.core.keyword.internal.KeywordMain$runKeyword.call(Unknown Source)
	at com.kms.katalon.core.cucumber.keyword.CucumberBuiltinKeywords.runFeatureFile(CucumberBuiltinKeywords.groovy:46)
	at com.kms.katalon.core.cucumber.keyword.CucumberBuiltinKeywords$runFeatureFile$0.callStatic(Unknown Source)
	at com.kms.katalon.core.cucumber.keyword.CucumberBuiltinKeywords.runFeatureFile(CucumberBuiltinKeywords.groovy:169)
	at com.kms.katalon.core.cucumber.keyword.CucumberBuiltinKeywords$runFeatureFile.call(Unknown Source)
	at DRC_IST_Tracker-Connection_to_Oasys.run(DRC_IST_Tracker-Connection_to_Oasys:18)
	at com.kms.katalon.core.main.ScriptEngine.run(ScriptEngine.java:194)
	at com.kms.katalon.core.main.ScriptEngine.runScriptAsRawText(ScriptEngine.java:119)
	at com.kms.katalon.core.main.TestCaseExecutor.runScript(TestCaseExecutor.java:339)
	at com.kms.katalon.core.main.TestCaseExecutor.doExecute(TestCaseExecutor.java:330)
	at com.kms.katalon.core.main.TestCaseExecutor.processExecutionPhase(TestCaseExecutor.java:309)
	at com.kms.katalon.core.main.TestCaseExecutor.accessMainPhase(TestCaseExecutor.java:301)
	at com.kms.katalon.core.main.TestCaseExecutor.execute(TestCaseExecutor.java:235)
	at com.kms.katalon.core.main.TestSuiteExecutor.accessTestCaseMainPhase(TestSuiteExecutor.java:191)
	at com.kms.katalon.core.main.TestSuiteExecutor.accessTestSuiteMainPhase(TestSuiteExecutor.java:141)
	at com.kms.katalon.core.main.TestSuiteExecutor.execute(TestSuiteExecutor.java:90)
	at com.kms.katalon.core.main.TestCaseMain.startTestSuite(TestCaseMain.java:157)
	at com.kms.katalon.core.main.TestCaseMain$startTestSuite$0.call(Unknown Source)
	at TempTestSuite1600719400367.run(TempTestSuite1600719400367.groovy:39)
)]]></system-out>
         <system-err><![CDATA[2020-09-22 03:17:45 - [TEST_CASE][FAILED] - Test Cases/DRC/IST_Tracker/DRC_IST_Tracker-Connection_to_Oasys: Test Cases/DRC/IST_Tracker/DRC_IST_Tracker-Connection_to_Oasys FAILED.
Reason:
com.kms.katalon.core.exception.StepFailedException: Feature file 'Include/features/DRC/IST_Tracker/Connection_to_Oasys.feature' was failed
	at com.kms.katalon.core.keyword.internal.KeywordMain.stepFailed(KeywordMain.groovy:50)
	at com.kms.katalon.core.keyword.internal.KeywordMain.stepFailed(KeywordMain.groovy)
	at com.kms.katalon.core.keyword.internal.KeywordMain.stepFailed(KeywordMain.groovy:23)
	at com.kms.katalon.core.keyword.internal.KeywordMain$stepFailed$0.call(Unknown Source)
	at com.kms.katalon.core.cucumber.keyword.CucumberBuiltinKeywords$_runFeatureFile_closure1.doCall(CucumberBuiltinKeywords.groovy:82)
	at com.kms.katalon.core.cucumber.keyword.CucumberBuiltinKeywords$_runFeatureFile_closure1.doCall(CucumberBuiltinKeywords.groovy)
	at com.kms.katalon.core.keyword.internal.KeywordMain.runKeyword(KeywordMain.groovy:68)
	at com.kms.katalon.core.keyword.internal.KeywordMain$runKeyword.call(Unknown Source)
	at com.kms.katalon.core.cucumber.keyword.CucumberBuiltinKeywords.runFeatureFile(CucumberBuiltinKeywords.groovy:46)
	at com.kms.katalon.core.cucumber.keyword.CucumberBuiltinKeywords$runFeatureFile$0.callStatic(Unknown Source)
	at com.kms.katalon.core.cucumber.keyword.CucumberBuiltinKeywords.runFeatureFile(CucumberBuiltinKeywords.groovy:169)
	at com.kms.katalon.core.cucumber.keyword.CucumberBuiltinKeywords$runFeatureFile.call(Unknown Source)
	at DRC_IST_Tracker-Connection_to_Oasys.run(DRC_IST_Tracker-Connection_to_Oasys:18)
	at com.kms.katalon.core.main.ScriptEngine.run(ScriptEngine.java:194)
	at com.kms.katalon.core.main.ScriptEngine.runScriptAsRawText(ScriptEngine.java:119)
	at com.kms.katalon.core.main.TestCaseExecutor.runScript(TestCaseExecutor.java:339)
	at com.kms.katalon.core.main.TestCaseExecutor.doExecute(TestCaseExecutor.java:330)
	at com.kms.katalon.core.main.TestCaseExecutor.processExecutionPhase(TestCaseExecutor.java:309)
	at com.kms.katalon.core.main.TestCaseExecutor.accessMainPhase(TestCaseExecutor.java:301)
	at com.kms.katalon.core.main.TestCaseExecutor.execute(TestCaseExecutor.java:235)
	at com.kms.katalon.core.main.TestSuiteExecutor.accessTestCaseMainPhase(TestSuiteExecutor.java:191)
	at com.kms.katalon.core.main.TestSuiteExecutor.accessTestSuiteMainPhase(TestSuiteExecutor.java:141)
	at com.kms.katalon.core.main.TestSuiteExecutor.execute(TestSuiteExecutor.java:90)
	at com.kms.katalon.core.main.TestCaseMain.startTestSuite(TestCaseMain.java:157)
	at com.kms.katalon.core.main.TestCaseMain$startTestSuite$0.call(Unknown Source)
	at TempTestSuite1600719400367.run(TempTestSuite1600719400367.groovy:39)]]></system-err>
      </testcase>
      <testcase name="Test Cases/DRC/IST_Tracker/DRC_IST_Tracker-Connection_to_LDAP" time="8.661" classname="Test Cases/DRC/IST_Tracker/DRC_IST_Tracker-Connection_to_LDAP" status="PASSED">
         <system-out><![CDATA[2020-09-22 03:18:21 - [TEST_CASE][PASSED] - Test Cases/DRC/IST_Tracker/DRC_IST_Tracker-Connection_to_LDAP: Test Cases/DRC/IST_Tracker/DRC_IST_Tracker-Connection_to_LDAP

2020-09-22 03:18:21 - [TEST_STEP][PASSED] - runFeatureFile("Include/features/DRC/IST_Tracker/Connection_to_LDAP.feature"): Feature file: 'Include/features/DRC/IST_Tracker/Connection_to_LDAP.feature' was passed

2020-09-22 03:18:21 - [MESSAGE][INFO] - Starting run keyword runFeatureFile: 'Include/features/DRC/IST_Tracker/Connection_to_LDAP.feature' and extract report to folder: '/Users/chaidir.pratama01/Katalon Studio/IST_Automation_Git/Reports/20200922_031640/DRC/DRC_IST_Tracker/20200922_031640/cucumber_report/1600719501963'...

2020-09-22 03:18:22 - [TEST_CASE][PASSED] - Start Test Case : SCENARIO Login LDAP: SCENARIO Login LDAP

2020-09-22 03:18:22 - [TEST_STEP][PASSED] - Go to IST: Go to IST

2020-09-22 03:18:22 - [MESSAGE][WARNING] - A browser is already opened. Closing browser and opening a new one

2020-09-22 03:18:22 - [MESSAGE][INFO] - Starting 'Chrome' driver

2020-09-22 03:18:22 - [MESSAGE][INFO] - User set preference: ['AcceptInsecureCerts', 'true']

2020-09-22 03:18:22 - [MESSAGE][INFO] - User set preference: ['args', '[ignore-certificate-errors]']

2020-09-22 03:18:22 - [MESSAGE][INFO] - Action delay is set to 0 milliseconds

2020-09-22 03:18:23 - [MESSAGE][PASSED] - Browser is opened with url: ''

2020-09-22 03:18:24 - [MESSAGE][PASSED] - Navigate to 'https://dev-ist.homecredit.id/ist_tracker/' successfully

2020-09-22 03:18:24 - [MESSAGE][PASSED] - Go to IST

2020-09-22 03:18:24 - [TEST_STEP][PASSED] - Login IST with valid credentials: Login IST with valid credentials

2020-09-22 03:18:25 - [MESSAGE][PASSED] - Text 'mobile.test' is set on object 'Object Repository/Page_/input_Username_j_username'

2020-09-22 03:18:25 - [MESSAGE][PASSED] - Text ****** has been set on object 'Object Repository/Page_/input_Password_j_password'

2020-09-22 03:18:26 - [MESSAGE][PASSED] - Object: 'Object Repository/Page_/button_Login' is clicked on

2020-09-22 03:18:26 - [MESSAGE][PASSED] - Login IST with valid credentials

2020-09-22 03:18:26 - [TEST_STEP][PASSED] - Login Success for contract dispatcher: Login Success for contract dispatcher

2020-09-22 03:18:26 - [MESSAGE][INFO] - Login Success

2020-09-22 03:18:26 - [MESSAGE][PASSED] - Current window maximized

2020-09-22 03:18:27 - [MESSAGE][PASSED] - Object 'Object Repository/Page_/h1_Welcome to IT Supporting Tools' is present

2020-09-22 03:18:27 - [MESSAGE][PASSED] - Login Success for contract dispatcher

2020-09-22 03:18:27 - [TEST_STEP][PASSED] - Click button "Logout": Click button "Logout"

2020-09-22 03:18:27 - [MESSAGE][INFO] - >>>>>//Button[contains(text(),'Logout')]

2020-09-22 03:18:30 - [MESSAGE][PASSED] - Object: '' is clicked on

2020-09-22 03:18:30 - [MESSAGE][PASSED] - Click button "Logout"

2020-09-22 03:18:30 - [TEST_STEP][PASSED] - Close browser: Close browser

2020-09-22 03:18:30 - [MESSAGE][PASSED] - Browser is closed

2020-09-22 03:18:30 - [MESSAGE][PASSED] - Close browser

2020-09-22 03:18:30 - [MESSAGE][PASSED] - Feature file: 'Include/features/DRC/IST_Tracker/Connection_to_LDAP.feature' was passed]]></system-out>
         <system-err><![CDATA[]]></system-err>
      </testcase>
      <testcase name="Test Cases/DRC/IST_Tracker/DRC_IST_Tracker-Connection_to_CZ" time="43.06" classname="Test Cases/DRC/IST_Tracker/DRC_IST_Tracker-Connection_to_CZ" status="PASSED">
         <system-out><![CDATA[2020-09-22 03:18:30 - [TEST_CASE][PASSED] - Test Cases/DRC/IST_Tracker/DRC_IST_Tracker-Connection_to_CZ: Test Cases/DRC/IST_Tracker/DRC_IST_Tracker-Connection_to_CZ

2020-09-22 03:18:30 - [TEST_STEP][PASSED] - runFeatureFile("Include/features/DRC/IST_Tracker/Connection_to_CZ.feature"): Feature file: 'Include/features/DRC/IST_Tracker/Connection_to_CZ.feature' was passed

2020-09-22 03:18:30 - [MESSAGE][INFO] - Starting run keyword runFeatureFile: 'Include/features/DRC/IST_Tracker/Connection_to_CZ.feature' and extract report to folder: '/Users/chaidir.pratama01/Katalon Studio/IST_Automation_Git/Reports/20200922_031640/DRC/DRC_IST_Tracker/20200922_031640/cucumber_report/1600719510631'...

2020-09-22 03:18:30 - [TEST_CASE][PASSED] - Start Test Case : SCENARIO Select ROLE_PAPERLESS to enable Menu Approval Status (MANDATORY): SCENARIO Select ROLE_PAPERLESS to enable Menu Approval Status (MANDATORY)

2020-09-22 03:18:30 - [TEST_STEP][PASSED] - Go to IST: Go to IST

2020-09-22 03:18:30 - [MESSAGE][INFO] - Starting 'Chrome' driver

2020-09-22 03:18:30 - [MESSAGE][INFO] - User set preference: ['AcceptInsecureCerts', 'true']

2020-09-22 03:18:30 - [MESSAGE][INFO] - User set preference: ['args', '[ignore-certificate-errors]']

2020-09-22 03:18:30 - [MESSAGE][INFO] - Action delay is set to 0 milliseconds

2020-09-22 03:18:31 - [MESSAGE][PASSED] - Browser is opened with url: ''

2020-09-22 03:18:32 - [MESSAGE][PASSED] - Navigate to 'https://dev-ist.homecredit.id/ist_tracker/' successfully

2020-09-22 03:18:32 - [MESSAGE][PASSED] - Go to IST

2020-09-22 03:18:32 - [TEST_STEP][PASSED] - Login IST with valid credentials: Login IST with valid credentials

2020-09-22 03:18:33 - [MESSAGE][PASSED] - Text 'mobile.test' is set on object 'Object Repository/Page_/input_Username_j_username'

2020-09-22 03:18:34 - [MESSAGE][PASSED] - Text ****** has been set on object 'Object Repository/Page_/input_Password_j_password'

2020-09-22 03:18:34 - [MESSAGE][PASSED] - Object: 'Object Repository/Page_/button_Login' is clicked on

2020-09-22 03:18:34 - [MESSAGE][PASSED] - Login IST with valid credentials

2020-09-22 03:18:34 - [TEST_STEP][PASSED] - Login Success for contract dispatcher: Login Success for contract dispatcher

2020-09-22 03:18:34 - [MESSAGE][INFO] - Login Success

2020-09-22 03:18:34 - [MESSAGE][PASSED] - Current window maximized

2020-09-22 03:18:35 - [MESSAGE][PASSED] - Object 'Object Repository/Page_/h1_Welcome to IT Supporting Tools' is present

2020-09-22 03:18:35 - [MESSAGE][PASSED] - Login Success for contract dispatcher

2020-09-22 03:18:35 - [TEST_STEP][PASSED] - Select Menu "Role Management": Select Menu "Role Management"

2020-09-22 03:18:35 - [MESSAGE][PASSED] - Object '' is present

2020-09-22 03:18:35 - [MESSAGE][PASSED] - Object: '' is clicked on

2020-09-22 03:18:35 - [MESSAGE][PASSED] - Wait for page load successfully

2020-09-22 03:18:35 - [MESSAGE][PASSED] - Select Menu "Role Management"

2020-09-22 03:18:35 - [TEST_STEP][PASSED] - Choose Dropdown Username "mobile.test": Choose Dropdown Username "mobile.test"

2020-09-22 03:18:36 - [MESSAGE][PASSED] - Object '' is present

2020-09-22 03:18:49 - [MESSAGE][PASSED] - All options with value 'mobile.test' are selected in object ''  using regular expression

2020-09-22 03:18:49 - [MESSAGE][PASSED] - Choose Dropdown Username "mobile.test"

2020-09-22 03:18:49 - [TEST_STEP][PASSED] - Select Role "ROLE_PAPERLESS": Select Role "ROLE_PAPERLESS"

2020-09-22 03:18:50 - [MESSAGE][PASSED] - Object '' is present

2020-09-22 03:18:50 - [MESSAGE][PASSED] - Object '' is checked

2020-09-22 03:18:50 - [MESSAGE][INFO] - Element is already Checked

2020-09-22 03:18:50 - [MESSAGE][PASSED] - Select Role "ROLE_PAPERLESS"

2020-09-22 03:18:50 - [TEST_STEP][PASSED] - Click button "Change": Click button "Change"

2020-09-22 03:18:50 - [MESSAGE][INFO] - >>>>>//Button[contains(text(),'Change')]

2020-09-22 03:18:53 - [MESSAGE][PASSED] - Object: '' is clicked on

2020-09-22 03:18:53 - [MESSAGE][PASSED] - Click button "Change"

2020-09-22 03:18:53 - [TEST_STEP][PASSED] - Get text from pop up "Confirm" with text "Are you sure?": Get text from pop up "Confirm" with text "Are you sure?"

2020-09-22 03:18:54 - [MESSAGE][PASSED] - Taking screenshot successfully
[[ATTACHMENT|/Users/chaidir.pratama01/Documents/Docs/Katalon Studio/Screenshot/popupslik.png]]

2020-09-22 03:18:55 - [MESSAGE][PASSED] - Object '' is present

2020-09-22 03:18:55 - [MESSAGE][PASSED] - Wait for page load successfully

2020-09-22 03:18:55 - [MESSAGE][PASSED] - Wait for page load successfully

2020-09-22 03:18:55 - [MESSAGE][PASSED] - Get text from pop up "Confirm" with text "Are you sure?"

2020-09-22 03:18:55 - [TEST_STEP][PASSED] - Click button "Yes": Click button "Yes"

2020-09-22 03:18:55 - [MESSAGE][INFO] - >>>>>//Button[contains(text(),'Yes')]

2020-09-22 03:18:58 - [MESSAGE][PASSED] - Object: '' is clicked on

2020-09-22 03:18:58 - [MESSAGE][PASSED] - Click button "Yes"

2020-09-22 03:18:58 - [TEST_STEP][PASSED] - Click button "Logout": Click button "Logout"

2020-09-22 03:18:58 - [MESSAGE][INFO] - >>>>>//Button[contains(text(),'Logout')]

2020-09-22 03:19:02 - [MESSAGE][PASSED] - Object: '' is clicked on

2020-09-22 03:19:02 - [MESSAGE][PASSED] - Click button "Logout"

2020-09-22 03:19:02 - [TEST_STEP][PASSED] - Close browser: Close browser

2020-09-22 03:19:02 - [MESSAGE][PASSED] - Browser is closed

2020-09-22 03:19:02 - [MESSAGE][PASSED] - Close browser

2020-09-22 03:19:02 - [TEST_CASE][PASSED] - Start Test Case : SCENARIO Select Menu Approval status then Click send Email: SCENARIO Select Menu Approval status then Click send Email

2020-09-22 03:19:02 - [TEST_STEP][PASSED] - Go to IST: Go to IST

2020-09-22 03:19:02 - [MESSAGE][INFO] - Starting 'Chrome' driver

2020-09-22 03:19:02 - [MESSAGE][INFO] - User set preference: ['AcceptInsecureCerts', 'true']

2020-09-22 03:19:02 - [MESSAGE][INFO] - User set preference: ['args', '[ignore-certificate-errors]']

2020-09-22 03:19:02 - [MESSAGE][INFO] - Action delay is set to 0 milliseconds

2020-09-22 03:19:03 - [MESSAGE][PASSED] - Browser is opened with url: ''

2020-09-22 03:19:04 - [MESSAGE][PASSED] - Navigate to 'https://dev-ist.homecredit.id/ist_tracker/' successfully

2020-09-22 03:19:04 - [MESSAGE][PASSED] - Go to IST

2020-09-22 03:19:04 - [TEST_STEP][PASSED] - Login IST with valid credentials: Login IST with valid credentials

2020-09-22 03:19:07 - [MESSAGE][PASSED] - Text 'mobile.test' is set on object 'Object Repository/Page_/input_Username_j_username'

2020-09-22 03:19:09 - [MESSAGE][PASSED] - Text ****** has been set on object 'Object Repository/Page_/input_Password_j_password'

2020-09-22 03:19:12 - [MESSAGE][PASSED] - Object: 'Object Repository/Page_/button_Login' is clicked on

2020-09-22 03:19:12 - [MESSAGE][PASSED] - Login IST with valid credentials

2020-09-22 03:19:12 - [TEST_STEP][PASSED] - Login Success for contract dispatcher: Login Success for contract dispatcher

2020-09-22 03:19:12 - [MESSAGE][INFO] - Login Success

2020-09-22 03:19:12 - [MESSAGE][PASSED] - Current window maximized

2020-09-22 03:19:13 - [MESSAGE][PASSED] - Object 'Object Repository/Page_/h1_Welcome to IT Supporting Tools' is present

2020-09-22 03:19:13 - [MESSAGE][PASSED] - Login Success for contract dispatcher

2020-09-22 03:19:13 - [TEST_STEP][PASSED] - Select Menu "Approval Status": Select Menu "Approval Status"

2020-09-22 03:19:13 - [MESSAGE][PASSED] - Object '' is present

2020-09-22 03:19:13 - [MESSAGE][PASSED] - Object: '' is clicked on

2020-09-22 03:19:13 - [MESSAGE][PASSED] - Wait for page load successfully

2020-09-22 03:19:13 - [MESSAGE][PASSED] - Select Menu "Approval Status"

2020-09-22 03:19:13 - [MESSAGE][PASSED] - Feature file: 'Include/features/DRC/IST_Tracker/Connection_to_CZ.feature' was passed]]></system-out>
         <system-err><![CDATA[]]></system-err>
      </testcase>
      <system-out><![CDATA[2020-09-22 03:16:47 - [TEST_SUITE][FAILED] - DRC_IST_Tracker: Test Cases/DRC/IST_Tracker/DRC_IST_Tracker-Connection_to_Oasys FAILED.
Reason:
com.kms.katalon.core.exception.StepFailedException: Feature file 'Include/features/DRC/IST_Tracker/Connection_to_Oasys.feature' was failed
	at com.kms.katalon.core.keyword.internal.KeywordMain.stepFailed(KeywordMain.groovy:50)
	at com.kms.katalon.core.keyword.internal.KeywordMain.stepFailed(KeywordMain.groovy)
	at com.kms.katalon.core.keyword.internal.KeywordMain.stepFailed(KeywordMain.groovy:23)
	at com.kms.katalon.core.keyword.internal.KeywordMain$stepFailed$0.call(Unknown Source)
	at com.kms.katalon.core.cucumber.keyword.CucumberBuiltinKeywords$_runFeatureFile_closure1.doCall(CucumberBuiltinKeywords.groovy:82)
	at com.kms.katalon.core.cucumber.keyword.CucumberBuiltinKeywords$_runFeatureFile_closure1.doCall(CucumberBuiltinKeywords.groovy)
	at com.kms.katalon.core.keyword.internal.KeywordMain.runKeyword(KeywordMain.groovy:68)
	at com.kms.katalon.core.keyword.internal.KeywordMain$runKeyword.call(Unknown Source)
	at com.kms.katalon.core.cucumber.keyword.CucumberBuiltinKeywords.runFeatureFile(CucumberBuiltinKeywords.groovy:46)
	at com.kms.katalon.core.cucumber.keyword.CucumberBuiltinKeywords$runFeatureFile$0.callStatic(Unknown Source)
	at com.kms.katalon.core.cucumber.keyword.CucumberBuiltinKeywords.runFeatureFile(CucumberBuiltinKeywords.groovy:169)
	at com.kms.katalon.core.cucumber.keyword.CucumberBuiltinKeywords$runFeatureFile.call(Unknown Source)
	at DRC_IST_Tracker-Connection_to_Oasys.run(DRC_IST_Tracker-Connection_to_Oasys:18)
	at com.kms.katalon.core.main.ScriptEngine.run(ScriptEngine.java:194)
	at com.kms.katalon.core.main.ScriptEngine.runScriptAsRawText(ScriptEngine.java:119)
	at com.kms.katalon.core.main.TestCaseExecutor.runScript(TestCaseExecutor.java:339)
	at com.kms.katalon.core.main.TestCaseExecutor.doExecute(TestCaseExecutor.java:330)
	at com.kms.katalon.core.main.TestCaseExecutor.processExecutionPhase(TestCaseExecutor.java:309)
	at com.kms.katalon.core.main.TestCaseExecutor.accessMainPhase(TestCaseExecutor.java:301)
	at com.kms.katalon.core.main.TestCaseExecutor.execute(TestCaseExecutor.java:235)
	at com.kms.katalon.core.main.TestSuiteExecutor.accessTestCaseMainPhase(TestSuiteExecutor.java:191)
	at com.kms.katalon.core.main.TestSuiteExecutor.accessTestSuiteMainPhase(TestSuiteExecutor.java:141)
	at com.kms.katalon.core.main.TestSuiteExecutor.execute(TestSuiteExecutor.java:90)
	at com.kms.katalon.core.main.TestCaseMain.startTestSuite(TestCaseMain.java:157)
	at com.kms.katalon.core.main.TestCaseMain$startTestSuite$0.call(Unknown Source)
	at TempTestSuite1600719400367.run(TempTestSuite1600719400367.groovy:39)]]></system-out>
      <system-err><![CDATA[2020-09-22 03:16:47 - [TEST_SUITE][FAILED] - DRC_IST_Tracker: Test Cases/DRC/IST_Tracker/DRC_IST_Tracker-Connection_to_Oasys FAILED.
Reason:
com.kms.katalon.core.exception.StepFailedException: Feature file 'Include/features/DRC/IST_Tracker/Connection_to_Oasys.feature' was failed
	at com.kms.katalon.core.keyword.internal.KeywordMain.stepFailed(KeywordMain.groovy:50)
	at com.kms.katalon.core.keyword.internal.KeywordMain.stepFailed(KeywordMain.groovy)
	at com.kms.katalon.core.keyword.internal.KeywordMain.stepFailed(KeywordMain.groovy:23)
	at com.kms.katalon.core.keyword.internal.KeywordMain$stepFailed$0.call(Unknown Source)
	at com.kms.katalon.core.cucumber.keyword.CucumberBuiltinKeywords$_runFeatureFile_closure1.doCall(CucumberBuiltinKeywords.groovy:82)
	at com.kms.katalon.core.cucumber.keyword.CucumberBuiltinKeywords$_runFeatureFile_closure1.doCall(CucumberBuiltinKeywords.groovy)
	at com.kms.katalon.core.keyword.internal.KeywordMain.runKeyword(KeywordMain.groovy:68)
	at com.kms.katalon.core.keyword.internal.KeywordMain$runKeyword.call(Unknown Source)
	at com.kms.katalon.core.cucumber.keyword.CucumberBuiltinKeywords.runFeatureFile(CucumberBuiltinKeywords.groovy:46)
	at com.kms.katalon.core.cucumber.keyword.CucumberBuiltinKeywords$runFeatureFile$0.callStatic(Unknown Source)
	at com.kms.katalon.core.cucumber.keyword.CucumberBuiltinKeywords.runFeatureFile(CucumberBuiltinKeywords.groovy:169)
	at com.kms.katalon.core.cucumber.keyword.CucumberBuiltinKeywords$runFeatureFile.call(Unknown Source)
	at DRC_IST_Tracker-Connection_to_Oasys.run(DRC_IST_Tracker-Connection_to_Oasys:18)
	at com.kms.katalon.core.main.ScriptEngine.run(ScriptEngine.java:194)
	at com.kms.katalon.core.main.ScriptEngine.runScriptAsRawText(ScriptEngine.java:119)
	at com.kms.katalon.core.main.TestCaseExecutor.runScript(TestCaseExecutor.java:339)
	at com.kms.katalon.core.main.TestCaseExecutor.doExecute(TestCaseExecutor.java:330)
	at com.kms.katalon.core.main.TestCaseExecutor.processExecutionPhase(TestCaseExecutor.java:309)
	at com.kms.katalon.core.main.TestCaseExecutor.accessMainPhase(TestCaseExecutor.java:301)
	at com.kms.katalon.core.main.TestCaseExecutor.execute(TestCaseExecutor.java:235)
	at com.kms.katalon.core.main.TestSuiteExecutor.accessTestCaseMainPhase(TestSuiteExecutor.java:191)
	at com.kms.katalon.core.main.TestSuiteExecutor.accessTestSuiteMainPhase(TestSuiteExecutor.java:141)
	at com.kms.katalon.core.main.TestSuiteExecutor.execute(TestSuiteExecutor.java:90)
	at com.kms.katalon.core.main.TestCaseMain.startTestSuite(TestCaseMain.java:157)
	at com.kms.katalon.core.main.TestCaseMain$startTestSuite$0.call(Unknown Source)
	at TempTestSuite1600719400367.run(TempTestSuite1600719400367.groovy:39)]]></system-err>
   </testsuite>
</testsuites>
