<?xml version="1.0" encoding="UTF-8"?>
<testsuites name="DRC_IST_Tracker" time="132.778" tests="5" failures="1" errors="0">
   <testsuite name="DRC_IST_Tracker" tests="5" failures="1" errors="0" time="132.778" timestamp="2020-12-08 22:17:16" hostname="chaidir.pratama01 - localhost" id="Test Suites/DRC/DRC_IST_Tracker">
      <properties>
         <property name="deviceName" value=""/>
         <property name="devicePlatform" value=""/>
         <property name="logFolder" value="/Users/chaidir.pratama01/Katalon Studio/IST_Automation_Git/Reports/20201208_221708/DRC/DRC_IST_Tracker/20201208_221708"/>
         <property name="logFiles" value="/Users/chaidir.pratama01/Katalon Studio/IST_Automation_Git/Reports/20201208_221708/DRC/DRC_IST_Tracker/20201208_221708/execution0.log"/>
         <property name="attachments" value="/Users/chaidir.pratama01/Documents/Docs/Katalon Studio/Screenshot/IST_Page.png, /Users/chaidir.pratama01/Documents/Docs/Katalon Studio/Screenshot/IST_Page.png, /Users/chaidir.pratama01/Documents/Docs/Katalon Studio/Screenshot/test-Management Assignment.png, /Users/chaidir.pratama01/Documents/Docs/Katalon Studio/Screenshot/errorpopup.png, /Users/chaidir.pratama01/Katalon Studio/IST_Automation_Git/Reports/20201208_221708/DRC/DRC_IST_Tracker/20201208_221708/1607440667461.png, /Users/chaidir.pratama01/Documents/Docs/Katalon Studio/Screenshot/IST_Page.png, /Users/chaidir.pratama01/Documents/Docs/Katalon Studio/Screenshot/test-Contract Dispatcher.png, /Users/chaidir.pratama01/Documents/Docs/Katalon Studio/Screenshot/IST_Page.png, /Users/chaidir.pratama01/Documents/Docs/Katalon Studio/Screenshot/test-Role Management.png, /Users/chaidir.pratama01/Documents/Docs/Katalon Studio/Screenshot/errorpopup.png, /Users/chaidir.pratama01/Documents/Docs/Katalon Studio/Screenshot/IST_Page.png, /Users/chaidir.pratama01/Documents/Docs/Katalon Studio/Screenshot/test-Approval Status.png, /Users/chaidir.pratama01/Documents/Docs/Katalon Studio/Screenshot/IST_Page.png, /Users/chaidir.pratama01/Documents/Docs/Katalon Studio/Screenshot/test-OASys Customer Cycle.png, /Users/chaidir.pratama01/Katalon Studio/IST_Automation_Git/Reports/20201208_221708/DRC/DRC_IST_Tracker/20201208_221708/1607440756560.png, /Users/chaidir.pratama01/Documents/Docs/Katalon Studio/Screenshot/IST_Page.png, /Users/chaidir.pratama01/Documents/Docs/Katalon Studio/Screenshot/test-Email Handling.png"/>
         <property name="hostName" value="chaidir.pratama01 - localhost"/>
         <property name="os" value="Mac OS X 64bit"/>
         <property name="katalonVersion" value="7.6.0.${buildNumber}"/>
         <property name="browser" value="Chrome 87.0.4280.88"/>
         <property name="hostAddress" value="127.0.0.1"/>
         <property name="sessionId" value="42ea1c26d13e6c5746ef469f13c7e2e3"/>
         <property name="seleniumVersion" value="3.141.59"/>
         <property name="proxyInformation" value="ProxyInformation { proxyOption=NO_PROXY, proxyServerType=HTTP, username=, password=********, proxyServerAddress=, proxyServerPort=0, executionList=\&quot;\&quot;, isApplyToDesiredCapabilities=true }"/>
         <property name="platform" value="Mac OS X"/>
      </properties>
      <testcase name="Test Cases/DRC/IST_Tracker/DRC_IST_Tracker-Connection_to_LDAP" time="11.41" classname="Test Cases/DRC/IST_Tracker/DRC_IST_Tracker-Connection_to_LDAP" status="PASSED">
         <system-out><![CDATA[2020-12-08 22:17:16 - [TEST_CASE][PASSED] - Test Cases/DRC/IST_Tracker/DRC_IST_Tracker-Connection_to_LDAP: Test Cases/DRC/IST_Tracker/DRC_IST_Tracker-Connection_to_LDAP

2020-12-08 22:17:17 - [TEST_STEP][PASSED] - runFeatureFile("Include/features/DRC/IST_Tracker/Connection_to_LDAP.feature"): Feature file: 'Include/features/DRC/IST_Tracker/Connection_to_LDAP.feature' was passed

2020-12-08 22:17:17 - [MESSAGE][INFO] - Starting run keyword runFeatureFile: 'Include/features/DRC/IST_Tracker/Connection_to_LDAP.feature' and extract report to folder: '/Users/chaidir.pratama01/Katalon Studio/IST_Automation_Git/Reports/20201208_221708/DRC/DRC_IST_Tracker/20201208_221708/cucumber_report/1607440637059'...

2020-12-08 22:17:17 - [TEST_CASE][PASSED] - Start Test Case : SCENARIO Login LDAP: SCENARIO Login LDAP

2020-12-08 22:17:17 - [TEST_STEP][PASSED] - Go to IST: Go to IST

2020-12-08 22:17:17 - [MESSAGE][INFO] - Starting 'Chrome (headless)' driver

2020-12-08 22:17:17 - [MESSAGE][INFO] - User set preference: ['args', '[--start-maximized, --disable-gpu, --no-proxy-server, –-no-sandbox, --allow-running-insecure-content, --ignore-certificate-errors, window-size=1680,814, force-device-scale-factor=2, --lang=en-GB]']

2020-12-08 22:17:17 - [MESSAGE][INFO] - User set preference: ['prefs', '{download.default_directory=/Users/chaidir.pratama01/Katalon Studio/IST_Automation_Git/Download}']

2020-12-08 22:17:17 - [MESSAGE][INFO] - Action delay is set to 0 milliseconds

2020-12-08 22:17:18 - [MESSAGE][PASSED] - Browser is opened with url: ''

2020-12-08 22:17:21 - [MESSAGE][PASSED] - Navigate to 'https://ist.homecredit.id/ist_tracker/login.zul' successfully

2020-12-08 22:17:22 - [MESSAGE][PASSED] - Taking screenshot successfully
[[ATTACHMENT|/Users/chaidir.pratama01/Documents/Docs/Katalon Studio/Screenshot/IST_Page.png]]

2020-12-08 22:17:22 - [MESSAGE][PASSED] - Go to IST

2020-12-08 22:17:22 - [TEST_STEP][PASSED] - Login IST with valid credentials: Login IST with valid credentials

2020-12-08 22:17:22 - [MESSAGE][PASSED] - Text 'mobile.test' is set on object 'Object Repository/Page_/input_Username_j_username'

2020-12-08 22:17:22 - [MESSAGE][PASSED] - Text ****** has been set on object 'Object Repository/Page_/input_Password_j_password'

2020-12-08 22:17:24 - [MESSAGE][PASSED] - Object: 'Object Repository/Page_/button_Login' is clicked on

2020-12-08 22:17:24 - [MESSAGE][PASSED] - Login IST with valid credentials

2020-12-08 22:17:24 - [TEST_STEP][PASSED] - Login Success for contract dispatcher: Login Success for contract dispatcher

2020-12-08 22:17:24 - [MESSAGE][INFO] - Login Success

2020-12-08 22:17:24 - [MESSAGE][PASSED] - Current window maximized

2020-12-08 22:17:24 - [MESSAGE][PASSED] - Object 'Object Repository/Page_/h1_Welcome to IT Supporting Tools' is present

2020-12-08 22:17:24 - [MESSAGE][PASSED] - Login Success for contract dispatcher

2020-12-08 22:17:24 - [TEST_STEP][PASSED] - Click button "Logout": Click button "Logout"

2020-12-08 22:17:24 - [MESSAGE][INFO] - >>>>>//Button[contains(text(),'Logout')]

2020-12-08 22:17:27 - [MESSAGE][PASSED] - Object '' is present

2020-12-08 22:17:28 - [MESSAGE][PASSED] - Object: '' is clicked on

2020-12-08 22:17:28 - [MESSAGE][PASSED] - Switched to window with index: '0'

2020-12-08 22:17:28 - [MESSAGE][PASSED] - Click button "Logout"

2020-12-08 22:17:28 - [TEST_STEP][PASSED] - Close browser: Close browser

2020-12-08 22:17:28 - [MESSAGE][PASSED] - Browser is closed

2020-12-08 22:17:28 - [MESSAGE][PASSED] - Close browser

2020-12-08 22:17:28 - [MESSAGE][PASSED] - Feature file: 'Include/features/DRC/IST_Tracker/Connection_to_LDAP.feature' was passed]]></system-out>
         <system-err><![CDATA[]]></system-err>
      </testcase>
      <testcase name="Test Cases/DRC/IST_Tracker/DRC_IST_Tracker-Connection_to_Database" time="33.786" classname="Test Cases/DRC/IST_Tracker/DRC_IST_Tracker-Connection_to_Database" status="PASSED">
         <system-out><![CDATA[2020-12-08 22:17:28 - [TEST_CASE][PASSED] - Test Cases/DRC/IST_Tracker/DRC_IST_Tracker-Connection_to_Database: Test Cases/DRC/IST_Tracker/DRC_IST_Tracker-Connection_to_Database

2020-12-08 22:17:28 - [TEST_STEP][PASSED] - runFeatureFile("Include/features/DRC/IST_Tracker/Connection_to_Database.feature"): Feature file: 'Include/features/DRC/IST_Tracker/Connection_to_Database.feature' was passed

2020-12-08 22:17:28 - [MESSAGE][INFO] - Starting run keyword runFeatureFile: 'Include/features/DRC/IST_Tracker/Connection_to_Database.feature' and extract report to folder: '/Users/chaidir.pratama01/Katalon Studio/IST_Automation_Git/Reports/20201208_221708/DRC/DRC_IST_Tracker/20201208_221708/cucumber_report/1607440648368'...

2020-12-08 22:17:28 - [TEST_CASE][PASSED] - Start Test Case : SCENARIO Select Menu Management Assignment to give assign contract PAPERLESS POS: SCENARIO Select Menu Management Assignment to give assign contract PAPERLESS POS

2020-12-08 22:17:28 - [TEST_STEP][PASSED] - Go to IST: Go to IST

2020-12-08 22:17:28 - [MESSAGE][INFO] - Starting 'Chrome (headless)' driver

2020-12-08 22:17:28 - [MESSAGE][INFO] - User set preference: ['args', '[--start-maximized, --disable-gpu, --no-proxy-server, –-no-sandbox, --allow-running-insecure-content, --ignore-certificate-errors, window-size=1680,814, force-device-scale-factor=2, --lang=en-GB]']

2020-12-08 22:17:28 - [MESSAGE][INFO] - User set preference: ['prefs', '{download.default_directory=/Users/chaidir.pratama01/Katalon Studio/IST_Automation_Git/Download}']

2020-12-08 22:17:28 - [MESSAGE][INFO] - Action delay is set to 0 milliseconds

2020-12-08 22:17:28 - [MESSAGE][PASSED] - Browser is opened with url: ''

2020-12-08 22:17:30 - [MESSAGE][PASSED] - Navigate to 'https://ist.homecredit.id/ist_tracker/login.zul' successfully

2020-12-08 22:17:31 - [MESSAGE][PASSED] - Taking screenshot successfully
[[ATTACHMENT|/Users/chaidir.pratama01/Documents/Docs/Katalon Studio/Screenshot/IST_Page.png]]

2020-12-08 22:17:31 - [MESSAGE][PASSED] - Go to IST

2020-12-08 22:17:31 - [TEST_STEP][PASSED] - Login IST with valid credentials: Login IST with valid credentials

2020-12-08 22:17:31 - [MESSAGE][PASSED] - Text 'mobile.test' is set on object 'Object Repository/Page_/input_Username_j_username'

2020-12-08 22:17:31 - [MESSAGE][PASSED] - Text ****** has been set on object 'Object Repository/Page_/input_Password_j_password'

2020-12-08 22:17:32 - [MESSAGE][PASSED] - Object: 'Object Repository/Page_/button_Login' is clicked on

2020-12-08 22:17:32 - [MESSAGE][PASSED] - Login IST with valid credentials

2020-12-08 22:17:32 - [TEST_STEP][PASSED] - Login Success for contract dispatcher: Login Success for contract dispatcher

2020-12-08 22:17:32 - [MESSAGE][INFO] - Login Success

2020-12-08 22:17:33 - [MESSAGE][PASSED] - Current window maximized

2020-12-08 22:17:33 - [MESSAGE][PASSED] - Object 'Object Repository/Page_/h1_Welcome to IT Supporting Tools' is present

2020-12-08 22:17:33 - [MESSAGE][PASSED] - Login Success for contract dispatcher

2020-12-08 22:17:33 - [TEST_STEP][PASSED] - Select Arrow Menu "Contract Dispatcher Admin": Select Arrow Menu "Contract Dispatcher Admin"

2020-12-08 22:17:33 - [MESSAGE][PASSED] - Object: '' is clicked on

2020-12-08 22:17:33 - [MESSAGE][PASSED] - Select Arrow Menu "Contract Dispatcher Admin"

2020-12-08 22:17:33 - [TEST_STEP][PASSED] - Select Menu "Management Assignment": Select Menu "Management Assignment"

2020-12-08 22:17:33 - [MESSAGE][PASSED] - Taking screenshot successfully
[[ATTACHMENT|/Users/chaidir.pratama01/Documents/Docs/Katalon Studio/Screenshot/test-Management Assignment.png]]

2020-12-08 22:17:33 - [MESSAGE][PASSED] - Object '' is present

2020-12-08 22:17:33 - [MESSAGE][PASSED] - Object: '' is clicked on

2020-12-08 22:17:33 - [MESSAGE][PASSED] - Wait for page load successfully

2020-12-08 22:17:33 - [MESSAGE][PASSED] - Select Menu "Management Assignment"

2020-12-08 22:17:33 - [TEST_STEP][PASSED] - Click button "Reset All User": Click button "Reset All User"

2020-12-08 22:17:33 - [MESSAGE][INFO] - >>>>>//Button[contains(text(),'Reset All User')]

2020-12-08 22:17:36 - [MESSAGE][PASSED] - Object '' is present

2020-12-08 22:17:36 - [MESSAGE][PASSED] - Object: '' is clicked on

2020-12-08 22:17:36 - [MESSAGE][PASSED] - Switched to window with index: '0'

2020-12-08 22:17:36 - [MESSAGE][PASSED] - Click button "Reset All User"

2020-12-08 22:17:36 - [TEST_STEP][PASSED] - Get text from pop up "Confirmation Reset All" with text "Are you sure ?": Get text from pop up "Confirmation Reset All" with text "Are you sure ?"

2020-12-08 22:17:37 - [MESSAGE][PASSED] - Taking screenshot successfully
[[ATTACHMENT|/Users/chaidir.pratama01/Documents/Docs/Katalon Studio/Screenshot/errorpopup.png]]

2020-12-08 22:17:37 - [MESSAGE][PASSED] - Object '' is present

2020-12-08 22:17:37 - [MESSAGE][PASSED] - Wait for page load successfully

2020-12-08 22:17:37 - [MESSAGE][PASSED] - Wait for page load successfully

2020-12-08 22:17:37 - [MESSAGE][PASSED] - Get text from pop up "Confirmation Reset All" with text "Are you sure ?"

2020-12-08 22:17:37 - [TEST_STEP][PASSED] - Click button "OK": Click button "OK"

2020-12-08 22:17:37 - [MESSAGE][INFO] - >>>>>//Button[contains(text(),'OK')]

2020-12-08 22:17:40 - [MESSAGE][PASSED] - Object '' is present

2020-12-08 22:17:40 - [MESSAGE][PASSED] - Object: '' is clicked on

2020-12-08 22:17:40 - [MESSAGE][PASSED] - Switched to window with index: '0'

2020-12-08 22:17:40 - [MESSAGE][PASSED] - Click button "OK"

2020-12-08 22:17:40 - [TEST_STEP][PASSED] - Wait page for load: Wait page for load

2020-12-08 22:17:40 - [MESSAGE][PASSED] - Wait for page load successfully

2020-12-08 22:17:40 - [MESSAGE][PASSED] - Wait page for load

2020-12-08 22:17:40 - [TEST_STEP][PASSED] - Notification "Reset All Success": Notification "Reset All Success"

2020-12-08 22:17:41 - [MESSAGE][PASSED] - Object '' is present

2020-12-08 22:17:41 - [MESSAGE][PASSED] - Notification "Reset All Success"

2020-12-08 22:17:41 - [TEST_STEP][PASSED] - Select Username "mobile.test" of Management Assignment: Select Username "mobile.test" of Management Assignment

2020-12-08 22:17:43 - [MESSAGE][PASSED] - All options with value 'mobile.test' are selected in object 'Object Repository/Page_/dropdown_list_username_assignment'  using regular expression

2020-12-08 22:17:43 - [MESSAGE][PASSED] - Select Username "mobile.test" of Management Assignment

2020-12-08 22:17:43 - [TEST_STEP][PASSED] - Check unchecked contract type POS: Check unchecked contract type POS

2020-12-08 22:17:43 - [MESSAGE][PASSED] - Object '' is present

2020-12-08 22:17:43 - [MESSAGE][PASSED] - Object '' is not checked

2020-12-08 22:17:43 - [MESSAGE][PASSED] - Object '' is present

2020-12-08 22:17:43 - [MESSAGE][PASSED] - Object '' is not checked

2020-12-08 22:17:43 - [MESSAGE][PASSED] - Object '' is present

2020-12-08 22:17:43 - [MESSAGE][PASSED] - Object '' is not checked

2020-12-08 22:17:43 - [MESSAGE][PASSED] - Object '' is present

2020-12-08 22:17:43 - [MESSAGE][PASSED] - Object '' is not checked

2020-12-08 22:17:43 - [MESSAGE][PASSED] - Object '' is present

2020-12-08 22:17:43 - [MESSAGE][PASSED] - Object '' is not checked

2020-12-08 22:17:43 - [MESSAGE][PASSED] - Object '' is present

2020-12-08 22:17:43 - [MESSAGE][PASSED] - Object '' is not checked

2020-12-08 22:17:43 - [MESSAGE][PASSED] - Object '' is present

2020-12-08 22:17:43 - [MESSAGE][PASSED] - Object '' is not checked

2020-12-08 22:17:43 - [MESSAGE][PASSED] - Object '' is present

2020-12-08 22:17:43 - [MESSAGE][PASSED] - Object '' is not checked

2020-12-08 22:17:43 - [MESSAGE][PASSED] - Object '' is present

2020-12-08 22:17:43 - [MESSAGE][PASSED] - Object '' is not checked

2020-12-08 22:17:43 - [MESSAGE][PASSED] - Object '' is present

2020-12-08 22:17:43 - [MESSAGE][PASSED] - Object '' is not checked

2020-12-08 22:17:43 - [MESSAGE][PASSED] - Object '' is present

2020-12-08 22:17:43 - [MESSAGE][PASSED] - Object '' is not checked

2020-12-08 22:17:43 - [MESSAGE][PASSED] - Object '' is present

2020-12-08 22:17:43 - [MESSAGE][PASSED] - Object '' is not checked

2020-12-08 22:17:43 - [MESSAGE][PASSED] - Object '' is present

2020-12-08 22:17:43 - [MESSAGE][PASSED] - Object '' is not checked

2020-12-08 22:17:43 - [MESSAGE][PASSED] - Object '' is present

2020-12-08 22:17:43 - [MESSAGE][PASSED] - Object '' is not checked

2020-12-08 22:17:43 - [MESSAGE][PASSED] - Object '' is present

2020-12-08 22:17:43 - [MESSAGE][PASSED] - Object '' is not checked

2020-12-08 22:17:44 - [MESSAGE][PASSED] - Object '' is present

2020-12-08 22:17:44 - [MESSAGE][PASSED] - Object '' is not checked

2020-12-08 22:17:44 - [MESSAGE][PASSED] - Object '' is present

2020-12-08 22:17:44 - [MESSAGE][PASSED] - Object '' is not checked

2020-12-08 22:17:44 - [MESSAGE][PASSED] - Object '' is present

2020-12-08 22:17:44 - [MESSAGE][PASSED] - Object '' is not checked

2020-12-08 22:17:44 - [MESSAGE][PASSED] - Object '' is present

2020-12-08 22:17:44 - [MESSAGE][PASSED] - Object '' is not checked

2020-12-08 22:17:44 - [MESSAGE][PASSED] - Object '' is present

2020-12-08 22:17:44 - [MESSAGE][PASSED] - Object '' is not checked

2020-12-08 22:17:44 - [MESSAGE][PASSED] - Object '' is present

2020-12-08 22:17:44 - [MESSAGE][PASSED] - Object '' is not checked

2020-12-08 22:17:44 - [MESSAGE][PASSED] - Object '' is present

2020-12-08 22:17:44 - [MESSAGE][PASSED] - Object '' is not checked

2020-12-08 22:17:44 - [MESSAGE][PASSED] - Object '' is present

2020-12-08 22:17:44 - [MESSAGE][PASSED] - Object '' is not checked

2020-12-08 22:17:44 - [MESSAGE][PASSED] - Object '' is present

2020-12-08 22:17:44 - [MESSAGE][PASSED] - Object '' is not checked

2020-12-08 22:17:44 - [MESSAGE][PASSED] - Check unchecked contract type POS

2020-12-08 22:17:44 - [TEST_STEP][PASSED] - Check for username if already assigned to "Paperless": Check for username if already assigned to "Paperless"

2020-12-08 22:17:47 - [MESSAGE][PASSED] - Scroll to object '' successfully

2020-12-08 22:17:47 - [MESSAGE][PASSED] - Object '' is present

2020-12-08 22:17:47 - [MESSAGE][WARNING] - Object '' is not checked (Root cause: com.kms.katalon.core.exception.StepFailedException: Object '' is not checked
	at com.kms.katalon.core.webui.keyword.internal.WebUIKeywordMain.stepFailed(WebUIKeywordMain.groovy:64)
	at com.kms.katalon.core.webui.keyword.builtin.VerifyElementCheckedKeyword$_verifyElementChecked_closure1.doCall(VerifyElementCheckedKeyword.groovy:81)
	at com.kms.katalon.core.webui.keyword.builtin.VerifyElementCheckedKeyword$_verifyElementChecked_closure1.call(VerifyElementCheckedKeyword.groovy)
	at com.kms.katalon.core.webui.keyword.internal.WebUIKeywordMain.runKeyword(WebUIKeywordMain.groovy:20)
	at com.kms.katalon.core.webui.keyword.builtin.VerifyElementCheckedKeyword.verifyElementChecked(VerifyElementCheckedKeyword.groovy:92)
	at com.kms.katalon.core.webui.keyword.builtin.VerifyElementCheckedKeyword.execute(VerifyElementCheckedKeyword.groovy:68)
	at com.kms.katalon.core.keyword.internal.KeywordExecutor.executeKeywordForPlatform(KeywordExecutor.groovy:73)
	at com.kms.katalon.core.webui.keyword.WebUiBuiltInKeywords.verifyElementChecked(WebUiBuiltInKeywords.groovy:1378)
	at com.kms.katalon.core.webui.keyword.WebUiBuiltInKeywords$verifyElementChecked$15.call(Unknown Source)
	at ist_real.Contract_Dispatcher.CheckUsername(Contract_Dispatcher.groovy:723)
	at cucumber.runtime.Utils$1.call(Utils.java:26)
	at cucumber.runtime.Timeout.timeout(Timeout.java:16)
	at cucumber.runtime.Utils.invoke(Utils.java:20)
	at cucumber.runtime.java.JavaStepDefinition.execute(JavaStepDefinition.java:48)
	at cucumber.runtime.PickleStepDefinitionMatch.runStep(PickleStepDefinitionMatch.java:50)
	at cucumber.runner.TestStep.executeStep(TestStep.java:55)
	at cucumber.runner.TestStep.run(TestStep.java:42)
	at cucumber.runner.PickleStepTestStep.run(PickleStepTestStep.java:53)
	at cucumber.runner.TestCase.run(TestCase.java:47)
	at cucumber.runner.Runner.runPickle(Runner.java:44)
	at cucumber.runtime.Runtime.runFeature(Runtime.java:120)
	at cucumber.runtime.Runtime.run(Runtime.java:106)
	at cucumber.api.cli.Main.run(Main.java:35)
	at cucumber.api.cli.Main$run.call(Unknown Source)
	at com.kms.katalon.core.cucumber.keyword.CucumberBuiltinKeywords$_runFeatureFile_closure1.doCall(CucumberBuiltinKeywords.groovy:76)
	at com.kms.katalon.core.cucumber.keyword.CucumberBuiltinKeywords$_runFeatureFile_closure1.doCall(CucumberBuiltinKeywords.groovy)
	at com.kms.katalon.core.keyword.internal.KeywordMain.runKeyword(KeywordMain.groovy:68)
	at com.kms.katalon.core.keyword.internal.KeywordMain$runKeyword.call(Unknown Source)
	at com.kms.katalon.core.cucumber.keyword.CucumberBuiltinKeywords.runFeatureFile(CucumberBuiltinKeywords.groovy:46)
	at com.kms.katalon.core.cucumber.keyword.CucumberBuiltinKeywords$runFeatureFile$0.callStatic(Unknown Source)
	at com.kms.katalon.core.cucumber.keyword.CucumberBuiltinKeywords.runFeatureFile(CucumberBuiltinKeywords.groovy:169)
	at com.kms.katalon.core.cucumber.keyword.CucumberBuiltinKeywords$runFeatureFile.call(Unknown Source)
	at DRC_IST_Tracker-Connection_to_Database.run(DRC_IST_Tracker-Connection_to_Database:18)
	at com.kms.katalon.core.main.ScriptEngine.run(ScriptEngine.java:194)
	at com.kms.katalon.core.main.ScriptEngine.runScriptAsRawText(ScriptEngine.java:119)
	at com.kms.katalon.core.main.TestCaseExecutor.runScript(TestCaseExecutor.java:339)
	at com.kms.katalon.core.main.TestCaseExecutor.doExecute(TestCaseExecutor.java:330)
	at com.kms.katalon.core.main.TestCaseExecutor.processExecutionPhase(TestCaseExecutor.java:309)
	at com.kms.katalon.core.main.TestCaseExecutor.accessMainPhase(TestCaseExecutor.java:301)
	at com.kms.katalon.core.main.TestCaseExecutor.execute(TestCaseExecutor.java:235)
	at com.kms.katalon.core.main.TestSuiteExecutor.accessTestCaseMainPhase(TestSuiteExecutor.java:191)
	at com.kms.katalon.core.main.TestSuiteExecutor.accessTestSuiteMainPhase(TestSuiteExecutor.java:141)
	at com.kms.katalon.core.main.TestSuiteExecutor.execute(TestSuiteExecutor.java:90)
	at com.kms.katalon.core.main.TestCaseMain.startTestSuite(TestCaseMain.java:157)
	at com.kms.katalon.core.main.TestCaseMain$startTestSuite$0.call(Unknown Source)
	at TempTestSuite1607440628058.run(TempTestSuite1607440628058.groovy:39)
)
[[ATTACHMENT|/Users/chaidir.pratama01/Katalon Studio/IST_Automation_Git/Reports/20201208_221708/DRC/DRC_IST_Tracker/20201208_221708/1607440667461.png]]

2020-12-08 22:17:47 - [MESSAGE][INFO] - Element is not Checked, This Step will Check the element

2020-12-08 22:17:47 - [MESSAGE][PASSED] - Object '' is present

2020-12-08 22:17:48 - [MESSAGE][PASSED] - Object: '' is clicked on

2020-12-08 22:17:48 - [MESSAGE][PASSED] - Object: '' is clicked on

2020-12-08 22:17:48 - [MESSAGE][PASSED] - Object '' is present

2020-12-08 22:17:48 - [MESSAGE][PASSED] - Object: '' is clicked on

2020-12-08 22:17:48 - [MESSAGE][PASSED] - Object '' is present

2020-12-08 22:17:48 - [MESSAGE][PASSED] - Check for username if already assigned to "Paperless"

2020-12-08 22:17:48 - [TEST_STEP][PASSED] - Click button "Logout": Click button "Logout"

2020-12-08 22:17:48 - [MESSAGE][INFO] - >>>>>//Button[contains(text(),'Logout')]

2020-12-08 22:17:51 - [MESSAGE][PASSED] - Object '' is present

2020-12-08 22:17:52 - [MESSAGE][PASSED] - Object: '' is clicked on

2020-12-08 22:17:52 - [MESSAGE][PASSED] - Switched to window with index: '0'

2020-12-08 22:17:52 - [MESSAGE][PASSED] - Click button "Logout"

2020-12-08 22:17:52 - [TEST_STEP][PASSED] - Close browser: Close browser

2020-12-08 22:17:52 - [MESSAGE][PASSED] - Browser is closed

2020-12-08 22:17:52 - [MESSAGE][PASSED] - Close browser

2020-12-08 22:17:52 - [TEST_CASE][PASSED] - Start Test Case : SCENARIO Connection to Database IST Tracker with Search data from menu(Contract Dispatcher): SCENARIO Connection to Database IST Tracker with Search data from menu(Contract Dispatcher)

2020-12-08 22:17:52 - [TEST_STEP][PASSED] - Go to IST: Go to IST

2020-12-08 22:17:52 - [MESSAGE][INFO] - Starting 'Chrome (headless)' driver

2020-12-08 22:17:52 - [MESSAGE][INFO] - User set preference: ['args', '[--start-maximized, --disable-gpu, --no-proxy-server, –-no-sandbox, --allow-running-insecure-content, --ignore-certificate-errors, window-size=1680,814, force-device-scale-factor=2, --lang=en-GB]']

2020-12-08 22:17:52 - [MESSAGE][INFO] - User set preference: ['prefs', '{download.default_directory=/Users/chaidir.pratama01/Katalon Studio/IST_Automation_Git/Download}']

2020-12-08 22:17:52 - [MESSAGE][INFO] - Action delay is set to 0 milliseconds

2020-12-08 22:17:52 - [MESSAGE][PASSED] - Browser is opened with url: ''

2020-12-08 22:17:54 - [MESSAGE][PASSED] - Navigate to 'https://ist.homecredit.id/ist_tracker/login.zul' successfully

2020-12-08 22:17:54 - [MESSAGE][PASSED] - Taking screenshot successfully
[[ATTACHMENT|/Users/chaidir.pratama01/Documents/Docs/Katalon Studio/Screenshot/IST_Page.png]]

2020-12-08 22:17:54 - [MESSAGE][PASSED] - Go to IST

2020-12-08 22:17:54 - [TEST_STEP][PASSED] - Login IST with valid credentials: Login IST with valid credentials

2020-12-08 22:17:55 - [MESSAGE][PASSED] - Text 'mobile.test' is set on object 'Object Repository/Page_/input_Username_j_username'

2020-12-08 22:17:55 - [MESSAGE][PASSED] - Text ****** has been set on object 'Object Repository/Page_/input_Password_j_password'

2020-12-08 22:17:56 - [MESSAGE][PASSED] - Object: 'Object Repository/Page_/button_Login' is clicked on

2020-12-08 22:17:56 - [MESSAGE][PASSED] - Login IST with valid credentials

2020-12-08 22:17:56 - [TEST_STEP][PASSED] - Login Success for contract dispatcher: Login Success for contract dispatcher

2020-12-08 22:17:56 - [MESSAGE][INFO] - Login Success

2020-12-08 22:17:56 - [MESSAGE][PASSED] - Current window maximized

2020-12-08 22:17:56 - [MESSAGE][PASSED] - Object 'Object Repository/Page_/h1_Welcome to IT Supporting Tools' is present

2020-12-08 22:17:56 - [MESSAGE][PASSED] - Login Success for contract dispatcher

2020-12-08 22:17:56 - [TEST_STEP][PASSED] - Select Menu "Contract Dispatcher": Select Menu "Contract Dispatcher"

2020-12-08 22:17:57 - [MESSAGE][PASSED] - Taking screenshot successfully
[[ATTACHMENT|/Users/chaidir.pratama01/Documents/Docs/Katalon Studio/Screenshot/test-Contract Dispatcher.png]]

2020-12-08 22:17:57 - [MESSAGE][PASSED] - Object '' is present

2020-12-08 22:17:57 - [MESSAGE][PASSED] - Object: '' is clicked on

2020-12-08 22:17:57 - [MESSAGE][PASSED] - Wait for page load successfully

2020-12-08 22:17:57 - [MESSAGE][PASSED] - Select Menu "Contract Dispatcher"

2020-12-08 22:17:57 - [TEST_STEP][PASSED] - Select Contract Number based on Type Contract "PAPERLESS POS": Select Contract Number based on Type Contract "PAPERLESS POS"

2020-12-08 22:17:58 - [MESSAGE][PASSED] - Object '' is present

2020-12-08 22:17:58 - [MESSAGE][PASSED] - Object '' is present

2020-12-08 22:17:58 - [MESSAGE][PASSED] - Object: '' is clicked on

2020-12-08 22:17:58 - [MESSAGE][PASSED] - Object '' is checked

2020-12-08 22:17:58 - [MESSAGE][PASSED] - Select Contract Number based on Type Contract "PAPERLESS POS"

2020-12-08 22:17:58 - [TEST_STEP][PASSED] - Click button "Logout": Click button "Logout"

2020-12-08 22:17:58 - [MESSAGE][INFO] - >>>>>//Button[contains(text(),'Logout')]

2020-12-08 22:18:01 - [MESSAGE][PASSED] - Object '' is present

2020-12-08 22:18:01 - [MESSAGE][PASSED] - Object: '' is clicked on

2020-12-08 22:18:01 - [MESSAGE][PASSED] - Switched to window with index: '0'

2020-12-08 22:18:01 - [MESSAGE][PASSED] - Click button "Logout"

2020-12-08 22:18:01 - [TEST_STEP][PASSED] - Close browser: Close browser

2020-12-08 22:18:02 - [MESSAGE][PASSED] - Browser is closed

2020-12-08 22:18:02 - [MESSAGE][PASSED] - Close browser

2020-12-08 22:18:02 - [MESSAGE][PASSED] - Feature file: 'Include/features/DRC/IST_Tracker/Connection_to_Database.feature' was passed]]></system-out>
         <system-err><![CDATA[]]></system-err>
      </testcase>
      <testcase name="Test Cases/DRC/IST_Tracker/DRC_IST_Tracker-Connection_to_CZ" time="61.253" classname="Test Cases/DRC/IST_Tracker/DRC_IST_Tracker-Connection_to_CZ" status="PASSED">
         <system-out><![CDATA[2020-12-08 22:18:02 - [TEST_CASE][PASSED] - Test Cases/DRC/IST_Tracker/DRC_IST_Tracker-Connection_to_CZ: Test Cases/DRC/IST_Tracker/DRC_IST_Tracker-Connection_to_CZ

2020-12-08 22:18:02 - [TEST_STEP][PASSED] - runFeatureFile("Include/features/DRC/IST_Tracker/Connection_to_CZ.feature"): Feature file: 'Include/features/DRC/IST_Tracker/Connection_to_CZ.feature' was passed

2020-12-08 22:18:02 - [MESSAGE][INFO] - Starting run keyword runFeatureFile: 'Include/features/DRC/IST_Tracker/Connection_to_CZ.feature' and extract report to folder: '/Users/chaidir.pratama01/Katalon Studio/IST_Automation_Git/Reports/20201208_221708/DRC/DRC_IST_Tracker/20201208_221708/cucumber_report/1607440682151'...

2020-12-08 22:18:02 - [TEST_CASE][PASSED] - Start Test Case : SCENARIO Select ROLE_PAPERLESS to enable Menu Approval Status (MANDATORY): SCENARIO Select ROLE_PAPERLESS to enable Menu Approval Status (MANDATORY)

2020-12-08 22:18:02 - [TEST_STEP][PASSED] - Go to IST: Go to IST

2020-12-08 22:18:02 - [MESSAGE][INFO] - Starting 'Chrome (headless)' driver

2020-12-08 22:18:02 - [MESSAGE][INFO] - User set preference: ['args', '[--start-maximized, --disable-gpu, --no-proxy-server, –-no-sandbox, --allow-running-insecure-content, --ignore-certificate-errors, window-size=1680,814, force-device-scale-factor=2, --lang=en-GB]']

2020-12-08 22:18:02 - [MESSAGE][INFO] - User set preference: ['prefs', '{download.default_directory=/Users/chaidir.pratama01/Katalon Studio/IST_Automation_Git/Download}']

2020-12-08 22:18:02 - [MESSAGE][INFO] - Action delay is set to 0 milliseconds

2020-12-08 22:18:02 - [MESSAGE][PASSED] - Browser is opened with url: ''

2020-12-08 22:18:04 - [MESSAGE][PASSED] - Navigate to 'https://ist.homecredit.id/ist_tracker/login.zul' successfully

2020-12-08 22:18:05 - [MESSAGE][PASSED] - Taking screenshot successfully
[[ATTACHMENT|/Users/chaidir.pratama01/Documents/Docs/Katalon Studio/Screenshot/IST_Page.png]]

2020-12-08 22:18:05 - [MESSAGE][PASSED] - Go to IST

2020-12-08 22:18:05 - [TEST_STEP][PASSED] - Login IST with valid credentials: Login IST with valid credentials

2020-12-08 22:18:05 - [MESSAGE][PASSED] - Text 'mobile.test' is set on object 'Object Repository/Page_/input_Username_j_username'

2020-12-08 22:18:05 - [MESSAGE][PASSED] - Text ****** has been set on object 'Object Repository/Page_/input_Password_j_password'

2020-12-08 22:18:07 - [MESSAGE][PASSED] - Object: 'Object Repository/Page_/button_Login' is clicked on

2020-12-08 22:18:07 - [MESSAGE][PASSED] - Login IST with valid credentials

2020-12-08 22:18:07 - [TEST_STEP][PASSED] - Login Success for contract dispatcher: Login Success for contract dispatcher

2020-12-08 22:18:07 - [MESSAGE][INFO] - Login Success

2020-12-08 22:18:07 - [MESSAGE][PASSED] - Current window maximized

2020-12-08 22:18:07 - [MESSAGE][PASSED] - Object 'Object Repository/Page_/h1_Welcome to IT Supporting Tools' is present

2020-12-08 22:18:07 - [MESSAGE][PASSED] - Login Success for contract dispatcher

2020-12-08 22:18:07 - [TEST_STEP][PASSED] - Select Menu "Role Management": Select Menu "Role Management"

2020-12-08 22:18:07 - [MESSAGE][PASSED] - Taking screenshot successfully
[[ATTACHMENT|/Users/chaidir.pratama01/Documents/Docs/Katalon Studio/Screenshot/test-Role Management.png]]

2020-12-08 22:18:07 - [MESSAGE][PASSED] - Object '' is present

2020-12-08 22:18:07 - [MESSAGE][PASSED] - Object: '' is clicked on

2020-12-08 22:18:07 - [MESSAGE][PASSED] - Wait for page load successfully

2020-12-08 22:18:07 - [MESSAGE][PASSED] - Select Menu "Role Management"

2020-12-08 22:18:07 - [TEST_STEP][PASSED] - Choose Dropdown Username "mobile.test": Choose Dropdown Username "mobile.test"

2020-12-08 22:18:08 - [MESSAGE][PASSED] - Object '' is present

2020-12-08 22:18:39 - [MESSAGE][PASSED] - All options with value 'mobile.test' are selected in object ''  using regular expression

2020-12-08 22:18:39 - [MESSAGE][PASSED] - Choose Dropdown Username "mobile.test"

2020-12-08 22:18:39 - [TEST_STEP][PASSED] - Select Role "ROLE_PAPERLESS": Select Role "ROLE_PAPERLESS"

2020-12-08 22:18:39 - [MESSAGE][PASSED] - Object '' is present

2020-12-08 22:18:39 - [MESSAGE][PASSED] - Object '' is checked

2020-12-08 22:18:39 - [MESSAGE][INFO] - Element is already Checked

2020-12-08 22:18:39 - [MESSAGE][PASSED] - Select Role "ROLE_PAPERLESS"

2020-12-08 22:18:39 - [TEST_STEP][PASSED] - Click button "Change": Click button "Change"

2020-12-08 22:18:39 - [MESSAGE][INFO] - >>>>>//Button[contains(text(),'Change')]

2020-12-08 22:18:42 - [MESSAGE][PASSED] - Object '' is present

2020-12-08 22:18:42 - [MESSAGE][PASSED] - Object: '' is clicked on

2020-12-08 22:18:42 - [MESSAGE][PASSED] - Switched to window with index: '0'

2020-12-08 22:18:42 - [MESSAGE][PASSED] - Click button "Change"

2020-12-08 22:18:42 - [TEST_STEP][PASSED] - Get text from pop up "Confirm" with text "Are you sure?": Get text from pop up "Confirm" with text "Are you sure?"

2020-12-08 22:18:43 - [MESSAGE][PASSED] - Taking screenshot successfully
[[ATTACHMENT|/Users/chaidir.pratama01/Documents/Docs/Katalon Studio/Screenshot/errorpopup.png]]

2020-12-08 22:18:43 - [MESSAGE][PASSED] - Object '' is present

2020-12-08 22:18:43 - [MESSAGE][PASSED] - Wait for page load successfully

2020-12-08 22:18:43 - [MESSAGE][PASSED] - Wait for page load successfully

2020-12-08 22:18:43 - [MESSAGE][PASSED] - Get text from pop up "Confirm" with text "Are you sure?"

2020-12-08 22:18:43 - [TEST_STEP][PASSED] - Click button "Yes": Click button "Yes"

2020-12-08 22:18:43 - [MESSAGE][INFO] - >>>>>//Button[contains(text(),'Yes')]

2020-12-08 22:18:46 - [MESSAGE][PASSED] - Object '' is present

2020-12-08 22:18:46 - [MESSAGE][PASSED] - Object: '' is clicked on

2020-12-08 22:18:46 - [MESSAGE][PASSED] - Switched to window with index: '0'

2020-12-08 22:18:46 - [MESSAGE][PASSED] - Click button "Yes"

2020-12-08 22:18:46 - [TEST_STEP][PASSED] - Click button "Logout": Click button "Logout"

2020-12-08 22:18:46 - [MESSAGE][INFO] - >>>>>//Button[contains(text(),'Logout')]

2020-12-08 22:18:49 - [MESSAGE][PASSED] - Object '' is present

2020-12-08 22:18:49 - [MESSAGE][PASSED] - Object: '' is clicked on

2020-12-08 22:18:49 - [MESSAGE][PASSED] - Switched to window with index: '0'

2020-12-08 22:18:49 - [MESSAGE][PASSED] - Click button "Logout"

2020-12-08 22:18:49 - [TEST_STEP][PASSED] - Close browser: Close browser

2020-12-08 22:18:50 - [MESSAGE][PASSED] - Browser is closed

2020-12-08 22:18:50 - [MESSAGE][PASSED] - Close browser

2020-12-08 22:18:50 - [TEST_CASE][PASSED] - Start Test Case : SCENARIO Select Menu Approval status then Click send Email: SCENARIO Select Menu Approval status then Click send Email

2020-12-08 22:18:50 - [TEST_STEP][PASSED] - Go to IST: Go to IST

2020-12-08 22:18:50 - [MESSAGE][INFO] - Starting 'Chrome (headless)' driver

2020-12-08 22:18:50 - [MESSAGE][INFO] - User set preference: ['args', '[--start-maximized, --disable-gpu, --no-proxy-server, –-no-sandbox, --allow-running-insecure-content, --ignore-certificate-errors, window-size=1680,814, force-device-scale-factor=2, --lang=en-GB]']

2020-12-08 22:18:50 - [MESSAGE][INFO] - User set preference: ['prefs', '{download.default_directory=/Users/chaidir.pratama01/Katalon Studio/IST_Automation_Git/Download}']

2020-12-08 22:18:50 - [MESSAGE][INFO] - Action delay is set to 0 milliseconds

2020-12-08 22:18:50 - [MESSAGE][PASSED] - Browser is opened with url: ''

2020-12-08 22:18:52 - [MESSAGE][PASSED] - Navigate to 'https://ist.homecredit.id/ist_tracker/login.zul' successfully

2020-12-08 22:18:53 - [MESSAGE][PASSED] - Taking screenshot successfully
[[ATTACHMENT|/Users/chaidir.pratama01/Documents/Docs/Katalon Studio/Screenshot/IST_Page.png]]

2020-12-08 22:18:53 - [MESSAGE][PASSED] - Go to IST

2020-12-08 22:18:53 - [TEST_STEP][PASSED] - Login IST with valid credentials: Login IST with valid credentials

2020-12-08 22:18:53 - [MESSAGE][PASSED] - Text 'mobile.test' is set on object 'Object Repository/Page_/input_Username_j_username'

2020-12-08 22:18:53 - [MESSAGE][PASSED] - Text ****** has been set on object 'Object Repository/Page_/input_Password_j_password'

2020-12-08 22:18:55 - [MESSAGE][PASSED] - Object: 'Object Repository/Page_/button_Login' is clicked on

2020-12-08 22:18:55 - [MESSAGE][PASSED] - Login IST with valid credentials

2020-12-08 22:18:55 - [TEST_STEP][PASSED] - Login Success for contract dispatcher: Login Success for contract dispatcher

2020-12-08 22:18:55 - [MESSAGE][INFO] - Login Success

2020-12-08 22:18:55 - [MESSAGE][PASSED] - Current window maximized

2020-12-08 22:18:55 - [MESSAGE][PASSED] - Object 'Object Repository/Page_/h1_Welcome to IT Supporting Tools' is present

2020-12-08 22:18:55 - [MESSAGE][PASSED] - Login Success for contract dispatcher

2020-12-08 22:18:55 - [TEST_STEP][PASSED] - Select Menu "Approval Status": Select Menu "Approval Status"

2020-12-08 22:18:55 - [MESSAGE][PASSED] - Taking screenshot successfully
[[ATTACHMENT|/Users/chaidir.pratama01/Documents/Docs/Katalon Studio/Screenshot/test-Approval Status.png]]

2020-12-08 22:18:55 - [MESSAGE][PASSED] - Object '' is present

2020-12-08 22:18:55 - [MESSAGE][PASSED] - Object: '' is clicked on

2020-12-08 22:18:55 - [MESSAGE][PASSED] - Wait for page load successfully

2020-12-08 22:18:55 - [MESSAGE][PASSED] - Select Menu "Approval Status"

2020-12-08 22:18:55 - [TEST_STEP][PASSED] - Type on Textbox label "Contract Number" with value "3905068360": Type on Textbox label "Contract Number" with value "3905068360"

2020-12-08 22:18:56 - [MESSAGE][PASSED] - Text '3905068360' is set on object ''

2020-12-08 22:18:56 - [MESSAGE][PASSED] - Type on Textbox label "Contract Number" with value "3905068360"

2020-12-08 22:18:56 - [TEST_STEP][PASSED] - Click button "Search": Click button "Search"

2020-12-08 22:18:56 - [MESSAGE][INFO] - >>>>>//Button[contains(text(),'Search')]

2020-12-08 22:18:59 - [MESSAGE][PASSED] - Object '' is present

2020-12-08 22:18:59 - [MESSAGE][PASSED] - Object: '' is clicked on

2020-12-08 22:18:59 - [MESSAGE][PASSED] - Switched to window with index: '0'

2020-12-08 22:18:59 - [MESSAGE][PASSED] - Click button "Search"

2020-12-08 22:18:59 - [TEST_STEP][PASSED] - Verify Table Approval Status Exist: Verify Table Approval Status Exist

2020-12-08 22:18:59 - [MESSAGE][PASSED] - Object '' is present

2020-12-08 22:18:59 - [MESSAGE][PASSED] - Verify Table Approval Status Exist

2020-12-08 22:18:59 - [TEST_STEP][PASSED] - Click button "Logout": Click button "Logout"

2020-12-08 22:18:59 - [MESSAGE][INFO] - >>>>>//Button[contains(text(),'Logout')]

2020-12-08 22:19:02 - [MESSAGE][PASSED] - Object '' is present

2020-12-08 22:19:03 - [MESSAGE][PASSED] - Object: '' is clicked on

2020-12-08 22:19:03 - [MESSAGE][PASSED] - Switched to window with index: '0'

2020-12-08 22:19:03 - [MESSAGE][PASSED] - Click button "Logout"

2020-12-08 22:19:03 - [TEST_STEP][PASSED] - Close browser: Close browser

2020-12-08 22:19:03 - [MESSAGE][PASSED] - Browser is closed

2020-12-08 22:19:03 - [MESSAGE][PASSED] - Close browser

2020-12-08 22:19:03 - [MESSAGE][PASSED] - Feature file: 'Include/features/DRC/IST_Tracker/Connection_to_CZ.feature' was passed]]></system-out>
         <system-err><![CDATA[]]></system-err>
      </testcase>
      <testcase name="Test Cases/DRC/IST_Tracker/DRC_IST_Tracker-Connection_to_Oasys" time="13.737" classname="Test Cases/DRC/IST_Tracker/DRC_IST_Tracker-Connection_to_Oasys" status="FAILED">
         <failure type="FAILED" message="Test Cases/DRC/IST_Tracker/DRC_IST_Tracker-Connection_to_Oasys FAILED.
Reason:
com.kms.katalon.core.exception.StepFailedException: Feature file 'Include/features/DRC/IST_Tracker/Connection_to_Oasys.feature' was failed
	at com.kms.katalon.core.keyword.internal.KeywordMain.stepFailed(KeywordMain.groovy:50)
	at com.kms.katalon.core.keyword.internal.KeywordMain.stepFailed(KeywordMain.groovy)
	at com.kms.katalon.core.keyword.internal.KeywordMain.stepFailed(KeywordMain.groovy:23)
	at com.kms.katalon.core.keyword.internal.KeywordMain$stepFailed$0.call(Unknown Source)
	at com.kms.katalon.core.cucumber.keyword.CucumberBuiltinKeywords$_runFeatureFile_closure1.doCall(CucumberBuiltinKeywords.groovy:82)
	at com.kms.katalon.core.cucumber.keyword.CucumberBuiltinKeywords$_runFeatureFile_closure1.doCall(CucumberBuiltinKeywords.groovy)
	at com.kms.katalon.core.keyword.internal.KeywordMain.runKeyword(KeywordMain.groovy:68)
	at com.kms.katalon.core.keyword.internal.KeywordMain$runKeyword.call(Unknown Source)
	at com.kms.katalon.core.cucumber.keyword.CucumberBuiltinKeywords.runFeatureFile(CucumberBuiltinKeywords.groovy:46)
	at com.kms.katalon.core.cucumber.keyword.CucumberBuiltinKeywords$runFeatureFile$0.callStatic(Unknown Source)
	at com.kms.katalon.core.cucumber.keyword.CucumberBuiltinKeywords.runFeatureFile(CucumberBuiltinKeywords.groovy:169)
	at com.kms.katalon.core.cucumber.keyword.CucumberBuiltinKeywords$runFeatureFile.call(Unknown Source)
	at DRC_IST_Tracker-Connection_to_Oasys.run(DRC_IST_Tracker-Connection_to_Oasys:18)
	at com.kms.katalon.core.main.ScriptEngine.run(ScriptEngine.java:194)
	at com.kms.katalon.core.main.ScriptEngine.runScriptAsRawText(ScriptEngine.java:119)
	at com.kms.katalon.core.main.TestCaseExecutor.runScript(TestCaseExecutor.java:339)
	at com.kms.katalon.core.main.TestCaseExecutor.doExecute(TestCaseExecutor.java:330)
	at com.kms.katalon.core.main.TestCaseExecutor.processExecutionPhase(TestCaseExecutor.java:309)
	at com.kms.katalon.core.main.TestCaseExecutor.accessMainPhase(TestCaseExecutor.java:301)
	at com.kms.katalon.core.main.TestCaseExecutor.execute(TestCaseExecutor.java:235)
	at com.kms.katalon.core.main.TestSuiteExecutor.accessTestCaseMainPhase(TestSuiteExecutor.java:191)
	at com.kms.katalon.core.main.TestSuiteExecutor.accessTestSuiteMainPhase(TestSuiteExecutor.java:141)
	at com.kms.katalon.core.main.TestSuiteExecutor.execute(TestSuiteExecutor.java:90)
	at com.kms.katalon.core.main.TestCaseMain.startTestSuite(TestCaseMain.java:157)
	at com.kms.katalon.core.main.TestCaseMain$startTestSuite$0.call(Unknown Source)
	at TempTestSuite1607440628058.run(TempTestSuite1607440628058.groovy:39)
"/>
         <system-out><![CDATA[2020-12-08 22:19:03 - [TEST_CASE][FAILED] - Test Cases/DRC/IST_Tracker/DRC_IST_Tracker-Connection_to_Oasys: Test Cases/DRC/IST_Tracker/DRC_IST_Tracker-Connection_to_Oasys FAILED.
Reason:
com.kms.katalon.core.exception.StepFailedException: Feature file 'Include/features/DRC/IST_Tracker/Connection_to_Oasys.feature' was failed
	at com.kms.katalon.core.keyword.internal.KeywordMain.stepFailed(KeywordMain.groovy:50)
	at com.kms.katalon.core.keyword.internal.KeywordMain.stepFailed(KeywordMain.groovy)
	at com.kms.katalon.core.keyword.internal.KeywordMain.stepFailed(KeywordMain.groovy:23)
	at com.kms.katalon.core.keyword.internal.KeywordMain$stepFailed$0.call(Unknown Source)
	at com.kms.katalon.core.cucumber.keyword.CucumberBuiltinKeywords$_runFeatureFile_closure1.doCall(CucumberBuiltinKeywords.groovy:82)
	at com.kms.katalon.core.cucumber.keyword.CucumberBuiltinKeywords$_runFeatureFile_closure1.doCall(CucumberBuiltinKeywords.groovy)
	at com.kms.katalon.core.keyword.internal.KeywordMain.runKeyword(KeywordMain.groovy:68)
	at com.kms.katalon.core.keyword.internal.KeywordMain$runKeyword.call(Unknown Source)
	at com.kms.katalon.core.cucumber.keyword.CucumberBuiltinKeywords.runFeatureFile(CucumberBuiltinKeywords.groovy:46)
	at com.kms.katalon.core.cucumber.keyword.CucumberBuiltinKeywords$runFeatureFile$0.callStatic(Unknown Source)
	at com.kms.katalon.core.cucumber.keyword.CucumberBuiltinKeywords.runFeatureFile(CucumberBuiltinKeywords.groovy:169)
	at com.kms.katalon.core.cucumber.keyword.CucumberBuiltinKeywords$runFeatureFile.call(Unknown Source)
	at DRC_IST_Tracker-Connection_to_Oasys.run(DRC_IST_Tracker-Connection_to_Oasys:18)
	at com.kms.katalon.core.main.ScriptEngine.run(ScriptEngine.java:194)
	at com.kms.katalon.core.main.ScriptEngine.runScriptAsRawText(ScriptEngine.java:119)
	at com.kms.katalon.core.main.TestCaseExecutor.runScript(TestCaseExecutor.java:339)
	at com.kms.katalon.core.main.TestCaseExecutor.doExecute(TestCaseExecutor.java:330)
	at com.kms.katalon.core.main.TestCaseExecutor.processExecutionPhase(TestCaseExecutor.java:309)
	at com.kms.katalon.core.main.TestCaseExecutor.accessMainPhase(TestCaseExecutor.java:301)
	at com.kms.katalon.core.main.TestCaseExecutor.execute(TestCaseExecutor.java:235)
	at com.kms.katalon.core.main.TestSuiteExecutor.accessTestCaseMainPhase(TestSuiteExecutor.java:191)
	at com.kms.katalon.core.main.TestSuiteExecutor.accessTestSuiteMainPhase(TestSuiteExecutor.java:141)
	at com.kms.katalon.core.main.TestSuiteExecutor.execute(TestSuiteExecutor.java:90)
	at com.kms.katalon.core.main.TestCaseMain.startTestSuite(TestCaseMain.java:157)
	at com.kms.katalon.core.main.TestCaseMain$startTestSuite$0.call(Unknown Source)
	at TempTestSuite1607440628058.run(TempTestSuite1607440628058.groovy:39)


2020-12-08 22:19:03 - [TEST_STEP][FAILED] - runFeatureFile("Include/features/DRC/IST_Tracker/Connection_to_Oasys.feature"): Keyword runFeatureFile was failed (Root cause: com.kms.katalon.core.exception.StepFailedException: Feature file 'Include/features/DRC/IST_Tracker/Connection_to_Oasys.feature' was failed
	at com.kms.katalon.core.keyword.internal.KeywordMain.stepFailed(KeywordMain.groovy:50)
	at com.kms.katalon.core.keyword.internal.KeywordMain.stepFailed(KeywordMain.groovy)
	at com.kms.katalon.core.keyword.internal.KeywordMain.stepFailed(KeywordMain.groovy:23)
	at com.kms.katalon.core.keyword.internal.KeywordMain$stepFailed$0.call(Unknown Source)
	at com.kms.katalon.core.cucumber.keyword.CucumberBuiltinKeywords$_runFeatureFile_closure1.doCall(CucumberBuiltinKeywords.groovy:82)
	at com.kms.katalon.core.cucumber.keyword.CucumberBuiltinKeywords$_runFeatureFile_closure1.doCall(CucumberBuiltinKeywords.groovy)
	at com.kms.katalon.core.keyword.internal.KeywordMain.runKeyword(KeywordMain.groovy:68)
	at com.kms.katalon.core.keyword.internal.KeywordMain$runKeyword.call(Unknown Source)
	at com.kms.katalon.core.cucumber.keyword.CucumberBuiltinKeywords.runFeatureFile(CucumberBuiltinKeywords.groovy:46)
	at com.kms.katalon.core.cucumber.keyword.CucumberBuiltinKeywords$runFeatureFile$0.callStatic(Unknown Source)
	at com.kms.katalon.core.cucumber.keyword.CucumberBuiltinKeywords.runFeatureFile(CucumberBuiltinKeywords.groovy:169)
	at com.kms.katalon.core.cucumber.keyword.CucumberBuiltinKeywords$runFeatureFile.call(Unknown Source)
	at DRC_IST_Tracker-Connection_to_Oasys.run(DRC_IST_Tracker-Connection_to_Oasys:18)
	at com.kms.katalon.core.main.ScriptEngine.run(ScriptEngine.java:194)
	at com.kms.katalon.core.main.ScriptEngine.runScriptAsRawText(ScriptEngine.java:119)
	at com.kms.katalon.core.main.TestCaseExecutor.runScript(TestCaseExecutor.java:339)
	at com.kms.katalon.core.main.TestCaseExecutor.doExecute(TestCaseExecutor.java:330)
	at com.kms.katalon.core.main.TestCaseExecutor.processExecutionPhase(TestCaseExecutor.java:309)
	at com.kms.katalon.core.main.TestCaseExecutor.accessMainPhase(TestCaseExecutor.java:301)
	at com.kms.katalon.core.main.TestCaseExecutor.execute(TestCaseExecutor.java:235)
	at com.kms.katalon.core.main.TestSuiteExecutor.accessTestCaseMainPhase(TestSuiteExecutor.java:191)
	at com.kms.katalon.core.main.TestSuiteExecutor.accessTestSuiteMainPhase(TestSuiteExecutor.java:141)
	at com.kms.katalon.core.main.TestSuiteExecutor.execute(TestSuiteExecutor.java:90)
	at com.kms.katalon.core.main.TestCaseMain.startTestSuite(TestCaseMain.java:157)
	at com.kms.katalon.core.main.TestCaseMain$startTestSuite$0.call(Unknown Source)
	at TempTestSuite1607440628058.run(TempTestSuite1607440628058.groovy:39)
)

2020-12-08 22:19:03 - [MESSAGE][INFO] - Starting run keyword runFeatureFile: 'Include/features/DRC/IST_Tracker/Connection_to_Oasys.feature' and extract report to folder: '/Users/chaidir.pratama01/Katalon Studio/IST_Automation_Git/Reports/20201208_221708/DRC/DRC_IST_Tracker/20201208_221708/cucumber_report/1607440743408'...

2020-12-08 22:19:03 - [TEST_CASE][FAILED] - Start Test Case : SCENARIO Select Menu Oasys Customer Cycle from Oasys Report: SCENARIO Select Menu Oasys Customer Cycle from Oasys Report FAILED.
Reason:
com.kms.katalon.core.exception.StepFailedException: Unable to click on object ''
	at com.kms.katalon.core.webui.keyword.internal.WebUIKeywordMain.stepFailed(WebUIKeywordMain.groovy:64)
	at com.kms.katalon.core.webui.keyword.internal.WebUIKeywordMain.runKeyword(WebUIKeywordMain.groovy:26)
	at com.kms.katalon.core.webui.keyword.builtin.ClickKeyword.click(ClickKeyword.groovy:76)
	at com.kms.katalon.core.webui.keyword.builtin.ClickKeyword.execute(ClickKeyword.groovy:43)
	at com.kms.katalon.core.keyword.internal.KeywordExecutor.executeKeywordForPlatform(KeywordExecutor.groovy:73)
	at com.kms.katalon.core.webui.keyword.WebUiBuiltInKeywords.click(WebUiBuiltInKeywords.groovy:616)
	at com.kms.katalon.core.webui.keyword.WebUiBuiltInKeywords$click$4.call(Unknown Source)
	at ist_real.Contract_Dispatcher.ClickButton(Contract_Dispatcher.groovy:644)
	at ✽.Click button "Logout"(/Users/chaidir.pratama01/Katalon Studio/IST_Automation_Git/Include/features/DRC/IST_Tracker/Connection_to_Oasys.feature:36)
Caused by: org.openqa.selenium.ElementClickInterceptedException: element click intercepted: Element <button type="button" id="oKFPd" class="btn-danger btn-sm btn">...</button> is not clickable at point (1626, 55). Other element would receive the click: <div id="zk_proc-m" class="z-modal-mask" style="left: 0px; top: 0px; z-index: 30999; width: 1680px; height: 814px;"></div>
  (Session info: headless chrome=87.0.4280.88)
Build info: version: '3.141.59', revision: 'e82be7d358', time: '2018-11-14T08:25:53'
System info: host: 'M-Chaidir-Pratama.local', ip: 'fe80:0:0:0:1060:710b:eeb7:c322%en0', os.name: 'Mac OS X', os.arch: 'x86_64', os.version: '10.15', java.version: '1.8.0_181'
Driver info: com.kms.katalon.selenium.driver.CChromeDriver
Capabilities {acceptInsecureCerts: false, browserName: chrome, browserVersion: 87.0.4280.88, chrome: {chromedriverVersion: 86.0.4240.22 (398b0743353ff..., userDataDir: /var/folders/0s/4_d154xd6dq...}, goog:chromeOptions: {debuggerAddress: localhost:51090}, javascriptEnabled: true, networkConnectionEnabled: false, pageLoadStrategy: normal, platform: MAC, platformName: MAC, proxy: Proxy(), setWindowRect: true, strictFileInteractability: false, timeouts: {implicit: 0, pageLoad: 300000, script: 30000}, unhandledPromptBehavior: dismiss and notify, webauthn:virtualAuthenticators: true}
Session ID: b1f70ca0ee42f79375159935eb3b1c1e
	at org.openqa.selenium.remote.http.W3CHttpResponseCodec.createException(W3CHttpResponseCodec.java:187)
	at org.openqa.selenium.remote.http.W3CHttpResponseCodec.decode(W3CHttpResponseCodec.java:122)
	at org.openqa.selenium.remote.http.W3CHttpResponseCodec.decode(W3CHttpResponseCodec.java:49)
	at org.openqa.selenium.remote.HttpCommandExecutor.execute(HttpCommandExecutor.java:158)
	at org.openqa.selenium.remote.service.DriverCommandExecutor.execute(DriverCommandExecutor.java:83)
	at org.openqa.selenium.remote.RemoteWebDriver.execute(RemoteWebDriver.java:552)
	at com.kms.katalon.selenium.driver.CChromeDriver.execute(CChromeDriver.java:19)
	at org.openqa.selenium.remote.RemoteWebElement.execute(RemoteWebElement.java:285)
	at org.openqa.selenium.remote.RemoteWebElement.click(RemoteWebElement.java:84)
	at org.openqa.selenium.support.events.EventFiringWebDriver$EventFiringWebElement.lambda$new$0(EventFiringWebDriver.java:404)
	at com.sun.proxy.$Proxy19.click(Unknown Source)
	at org.openqa.selenium.support.events.EventFiringWebDriver$EventFiringWebElement.click(EventFiringWebDriver.java:417)
	at com.kms.katalon.core.webui.keyword.builtin.ClickKeyword$_click_closure1.doCall(ClickKeyword.groovy:69)
	at com.kms.katalon.core.webui.keyword.builtin.ClickKeyword$_click_closure1.call(ClickKeyword.groovy)
	at com.kms.katalon.core.webui.keyword.internal.WebUIKeywordMain.runKeyword(WebUIKeywordMain.groovy:20)
	at com.kms.katalon.core.webui.keyword.builtin.ClickKeyword.click(ClickKeyword.groovy:76)
	at com.kms.katalon.core.webui.keyword.builtin.ClickKeyword.execute(ClickKeyword.groovy:43)
	at com.kms.katalon.core.keyword.internal.KeywordExecutor.executeKeywordForPlatform(KeywordExecutor.groovy:73)
	at com.kms.katalon.core.webui.keyword.WebUiBuiltInKeywords.click(WebUiBuiltInKeywords.groovy:616)
	at com.kms.katalon.core.webui.keyword.WebUiBuiltInKeywords$click$4.call(Unknown Source)
	at ist_real.Contract_Dispatcher.ClickButton(Contract_Dispatcher.groovy:644)
	at cucumber.runtime.Utils$1.call(Utils.java:26)
	at cucumber.runtime.Timeout.timeout(Timeout.java:16)
	at cucumber.runtime.Utils.invoke(Utils.java:20)
	at cucumber.runtime.java.JavaStepDefinition.execute(JavaStepDefinition.java:48)
	at cucumber.runtime.PickleStepDefinitionMatch.runStep(PickleStepDefinitionMatch.java:50)
	at cucumber.runner.TestStep.executeStep(TestStep.java:55)
	at cucumber.runner.TestStep.run(TestStep.java:42)
	at cucumber.runner.PickleStepTestStep.run(PickleStepTestStep.java:53)
	at cucumber.runner.TestCase.run(TestCase.java:47)
	at cucumber.runner.Runner.runPickle(Runner.java:44)
	at cucumber.runtime.Runtime.runFeature(Runtime.java:120)
	at cucumber.runtime.Runtime.run(Runtime.java:106)
	at cucumber.api.cli.Main.run(Main.java:35)
	at cucumber.api.cli.Main$run.call(Unknown Source)
	at com.kms.katalon.core.cucumber.keyword.CucumberBuiltinKeywords$_runFeatureFile_closure1.doCall(CucumberBuiltinKeywords.groovy:76)
	at com.kms.katalon.core.cucumber.keyword.CucumberBuiltinKeywords$_runFeatureFile_closure1.doCall(CucumberBuiltinKeywords.groovy)
	at com.kms.katalon.core.keyword.internal.KeywordMain.runKeyword(KeywordMain.groovy:68)
	at com.kms.katalon.core.keyword.internal.KeywordMain$runKeyword.call(Unknown Source)
	at com.kms.katalon.core.cucumber.keyword.CucumberBuiltinKeywords.runFeatureFile(CucumberBuiltinKeywords.groovy:46)
	at com.kms.katalon.core.cucumber.keyword.CucumberBuiltinKeywords$runFeatureFile$0.callStatic(Unknown Source)
	at com.kms.katalon.core.cucumber.keyword.CucumberBuiltinKeywords.runFeatureFile(CucumberBuiltinKeywords.groovy:169)
	at com.kms.katalon.core.cucumber.keyword.CucumberBuiltinKeywords$runFeatureFile.call(Unknown Source)
	at DRC_IST_Tracker-Connection_to_Oasys.run(DRC_IST_Tracker-Connection_to_Oasys:18)
	at com.kms.katalon.core.main.ScriptEngine.run(ScriptEngine.java:194)
	at com.kms.katalon.core.main.ScriptEngine.runScriptAsRawText(ScriptEngine.java:119)
	at com.kms.katalon.core.main.TestCaseExecutor.runScript(TestCaseExecutor.java:339)
	at com.kms.katalon.core.main.TestCaseExecutor.doExecute(TestCaseExecutor.java:330)
	at com.kms.katalon.core.main.TestCaseExecutor.processExecutionPhase(TestCaseExecutor.java:309)
	at com.kms.katalon.core.main.TestCaseExecutor.accessMainPhase(TestCaseExecutor.java:301)
	at com.kms.katalon.core.main.TestCaseExecutor.execute(TestCaseExecutor.java:235)
	at com.kms.katalon.core.main.TestSuiteExecutor.accessTestCaseMainPhase(TestSuiteExecutor.java:191)
	at com.kms.katalon.core.main.TestSuiteExecutor.accessTestSuiteMainPhase(TestSuiteExecutor.java:141)
	at com.kms.katalon.core.main.TestSuiteExecutor.execute(TestSuiteExecutor.java:90)
	at com.kms.katalon.core.main.TestCaseMain.startTestSuite(TestCaseMain.java:157)
	at com.kms.katalon.core.main.TestCaseMain$startTestSuite$0.call(Unknown Source)
	at TempTestSuite1607440628058.run(TempTestSuite1607440628058.groovy:39)


2020-12-08 22:19:03 - [TEST_STEP][PASSED] - Go to IST: Go to IST

2020-12-08 22:19:03 - [MESSAGE][INFO] - Starting 'Chrome (headless)' driver

2020-12-08 22:19:03 - [MESSAGE][INFO] - User set preference: ['args', '[--start-maximized, --disable-gpu, --no-proxy-server, –-no-sandbox, --allow-running-insecure-content, --ignore-certificate-errors, window-size=1680,814, force-device-scale-factor=2, --lang=en-GB]']

2020-12-08 22:19:03 - [MESSAGE][INFO] - User set preference: ['prefs', '{download.default_directory=/Users/chaidir.pratama01/Katalon Studio/IST_Automation_Git/Download}']

2020-12-08 22:19:03 - [MESSAGE][INFO] - Action delay is set to 0 milliseconds

2020-12-08 22:19:03 - [MESSAGE][PASSED] - Browser is opened with url: ''

2020-12-08 22:19:05 - [MESSAGE][PASSED] - Navigate to 'https://ist.homecredit.id/ist_tracker/login.zul' successfully

2020-12-08 22:19:06 - [MESSAGE][PASSED] - Taking screenshot successfully
[[ATTACHMENT|/Users/chaidir.pratama01/Documents/Docs/Katalon Studio/Screenshot/IST_Page.png]]

2020-12-08 22:19:06 - [MESSAGE][PASSED] - Go to IST

2020-12-08 22:19:06 - [TEST_STEP][PASSED] - Login IST with valid credentials: Login IST with valid credentials

2020-12-08 22:19:06 - [MESSAGE][PASSED] - Text 'mobile.test' is set on object 'Object Repository/Page_/input_Username_j_username'

2020-12-08 22:19:06 - [MESSAGE][PASSED] - Text ****** has been set on object 'Object Repository/Page_/input_Password_j_password'

2020-12-08 22:19:08 - [MESSAGE][PASSED] - Object: 'Object Repository/Page_/button_Login' is clicked on

2020-12-08 22:19:08 - [MESSAGE][PASSED] - Login IST with valid credentials

2020-12-08 22:19:08 - [TEST_STEP][PASSED] - Login Success for contract dispatcher: Login Success for contract dispatcher

2020-12-08 22:19:08 - [MESSAGE][INFO] - Login Success

2020-12-08 22:19:08 - [MESSAGE][PASSED] - Current window maximized

2020-12-08 22:19:08 - [MESSAGE][PASSED] - Object 'Object Repository/Page_/h1_Welcome to IT Supporting Tools' is present

2020-12-08 22:19:08 - [MESSAGE][PASSED] - Login Success for contract dispatcher

2020-12-08 22:19:08 - [TEST_STEP][PASSED] - Select Arrow Menu "Oasys Report": Select Arrow Menu "Oasys Report"

2020-12-08 22:19:08 - [MESSAGE][PASSED] - Object: '' is clicked on

2020-12-08 22:19:08 - [MESSAGE][PASSED] - Select Arrow Menu "Oasys Report"

2020-12-08 22:19:08 - [TEST_STEP][PASSED] - Select Menu "OASys Customer Cycle": Select Menu "OASys Customer Cycle"

2020-12-08 22:19:08 - [MESSAGE][PASSED] - Taking screenshot successfully
[[ATTACHMENT|/Users/chaidir.pratama01/Documents/Docs/Katalon Studio/Screenshot/test-OASys Customer Cycle.png]]

2020-12-08 22:19:08 - [MESSAGE][PASSED] - Object '' is present

2020-12-08 22:19:08 - [MESSAGE][PASSED] - Object: '' is clicked on

2020-12-08 22:19:08 - [MESSAGE][PASSED] - Wait for page load successfully

2020-12-08 22:19:08 - [MESSAGE][PASSED] - Select Menu "OASys Customer Cycle"

2020-12-08 22:19:08 - [TEST_STEP][PASSED] - Type on Textbox label "Contract Number" with value "4003378179": Type on Textbox label "Contract Number" with value "4003378179"

2020-12-08 22:19:09 - [MESSAGE][PASSED] - Text '4003378179' is set on object ''

2020-12-08 22:19:09 - [MESSAGE][PASSED] - Type on Textbox label "Contract Number" with value "4003378179"

2020-12-08 22:19:09 - [TEST_STEP][PASSED] - Click button "Search": Click button "Search"

2020-12-08 22:19:09 - [MESSAGE][INFO] - >>>>>//Button[contains(text(),'Search')]

2020-12-08 22:19:12 - [MESSAGE][PASSED] - Object '' is present

2020-12-08 22:19:12 - [MESSAGE][PASSED] - Object: '' is clicked on

2020-12-08 22:19:12 - [MESSAGE][PASSED] - Switched to window with index: '0'

2020-12-08 22:19:12 - [MESSAGE][PASSED] - Click button "Search"

2020-12-08 22:19:12 - [TEST_STEP][PASSED] - Verify Table Exist: Verify Table Exist

2020-12-08 22:19:12 - [MESSAGE][PASSED] - Object '' is present

2020-12-08 22:19:12 - [MESSAGE][PASSED] - Verify Table Exist

2020-12-08 22:19:12 - [TEST_STEP][FAILED] - Click button "Logout": Click button "Logout" FAILED.
Reason:
com.kms.katalon.core.exception.StepFailedException: Unable to click on object ''
	at com.kms.katalon.core.webui.keyword.internal.WebUIKeywordMain.stepFailed(WebUIKeywordMain.groovy:64)
	at com.kms.katalon.core.webui.keyword.internal.WebUIKeywordMain.runKeyword(WebUIKeywordMain.groovy:26)
	at com.kms.katalon.core.webui.keyword.builtin.ClickKeyword.click(ClickKeyword.groovy:76)
	at com.kms.katalon.core.webui.keyword.builtin.ClickKeyword.execute(ClickKeyword.groovy:43)
	at com.kms.katalon.core.keyword.internal.KeywordExecutor.executeKeywordForPlatform(KeywordExecutor.groovy:73)
	at com.kms.katalon.core.webui.keyword.WebUiBuiltInKeywords.click(WebUiBuiltInKeywords.groovy:616)
	at com.kms.katalon.core.webui.keyword.WebUiBuiltInKeywords$click$4.call(Unknown Source)
	at ist_real.Contract_Dispatcher.ClickButton(Contract_Dispatcher.groovy:644)
	at ✽.Click button "Logout"(/Users/chaidir.pratama01/Katalon Studio/IST_Automation_Git/Include/features/DRC/IST_Tracker/Connection_to_Oasys.feature:36)
Caused by: org.openqa.selenium.ElementClickInterceptedException: element click intercepted: Element <button type="button" id="oKFPd" class="btn-danger btn-sm btn">...</button> is not clickable at point (1626, 55). Other element would receive the click: <div id="zk_proc-m" class="z-modal-mask" style="left: 0px; top: 0px; z-index: 30999; width: 1680px; height: 814px;"></div>
  (Session info: headless chrome=87.0.4280.88)
Build info: version: '3.141.59', revision: 'e82be7d358', time: '2018-11-14T08:25:53'
System info: host: 'M-Chaidir-Pratama.local', ip: 'fe80:0:0:0:1060:710b:eeb7:c322%en0', os.name: 'Mac OS X', os.arch: 'x86_64', os.version: '10.15', java.version: '1.8.0_181'
Driver info: com.kms.katalon.selenium.driver.CChromeDriver
Capabilities {acceptInsecureCerts: false, browserName: chrome, browserVersion: 87.0.4280.88, chrome: {chromedriverVersion: 86.0.4240.22 (398b0743353ff..., userDataDir: /var/folders/0s/4_d154xd6dq...}, goog:chromeOptions: {debuggerAddress: localhost:51090}, javascriptEnabled: true, networkConnectionEnabled: false, pageLoadStrategy: normal, platform: MAC, platformName: MAC, proxy: Proxy(), setWindowRect: true, strictFileInteractability: false, timeouts: {implicit: 0, pageLoad: 300000, script: 30000}, unhandledPromptBehavior: dismiss and notify, webauthn:virtualAuthenticators: true}
Session ID: b1f70ca0ee42f79375159935eb3b1c1e
	at org.openqa.selenium.remote.http.W3CHttpResponseCodec.createException(W3CHttpResponseCodec.java:187)
	at org.openqa.selenium.remote.http.W3CHttpResponseCodec.decode(W3CHttpResponseCodec.java:122)
	at org.openqa.selenium.remote.http.W3CHttpResponseCodec.decode(W3CHttpResponseCodec.java:49)
	at org.openqa.selenium.remote.HttpCommandExecutor.execute(HttpCommandExecutor.java:158)
	at org.openqa.selenium.remote.service.DriverCommandExecutor.execute(DriverCommandExecutor.java:83)
	at org.openqa.selenium.remote.RemoteWebDriver.execute(RemoteWebDriver.java:552)
	at com.kms.katalon.selenium.driver.CChromeDriver.execute(CChromeDriver.java:19)
	at org.openqa.selenium.remote.RemoteWebElement.execute(RemoteWebElement.java:285)
	at org.openqa.selenium.remote.RemoteWebElement.click(RemoteWebElement.java:84)
	at org.openqa.selenium.support.events.EventFiringWebDriver$EventFiringWebElement.lambda$new$0(EventFiringWebDriver.java:404)
	at com.sun.proxy.$Proxy19.click(Unknown Source)
	at org.openqa.selenium.support.events.EventFiringWebDriver$EventFiringWebElement.click(EventFiringWebDriver.java:417)
	at com.kms.katalon.core.webui.keyword.builtin.ClickKeyword$_click_closure1.doCall(ClickKeyword.groovy:69)
	at com.kms.katalon.core.webui.keyword.builtin.ClickKeyword$_click_closure1.call(ClickKeyword.groovy)
	at com.kms.katalon.core.webui.keyword.internal.WebUIKeywordMain.runKeyword(WebUIKeywordMain.groovy:20)
	at com.kms.katalon.core.webui.keyword.builtin.ClickKeyword.click(ClickKeyword.groovy:76)
	at com.kms.katalon.core.webui.keyword.builtin.ClickKeyword.execute(ClickKeyword.groovy:43)
	at com.kms.katalon.core.keyword.internal.KeywordExecutor.executeKeywordForPlatform(KeywordExecutor.groovy:73)
	at com.kms.katalon.core.webui.keyword.WebUiBuiltInKeywords.click(WebUiBuiltInKeywords.groovy:616)
	at com.kms.katalon.core.webui.keyword.WebUiBuiltInKeywords$click$4.call(Unknown Source)
	at ist_real.Contract_Dispatcher.ClickButton(Contract_Dispatcher.groovy:644)
	at cucumber.runtime.Utils$1.call(Utils.java:26)
	at cucumber.runtime.Timeout.timeout(Timeout.java:16)
	at cucumber.runtime.Utils.invoke(Utils.java:20)
	at cucumber.runtime.java.JavaStepDefinition.execute(JavaStepDefinition.java:48)
	at cucumber.runtime.PickleStepDefinitionMatch.runStep(PickleStepDefinitionMatch.java:50)
	at cucumber.runner.TestStep.executeStep(TestStep.java:55)
	at cucumber.runner.TestStep.run(TestStep.java:42)
	at cucumber.runner.PickleStepTestStep.run(PickleStepTestStep.java:53)
	at cucumber.runner.TestCase.run(TestCase.java:47)
	at cucumber.runner.Runner.runPickle(Runner.java:44)
	at cucumber.runtime.Runtime.runFeature(Runtime.java:120)
	at cucumber.runtime.Runtime.run(Runtime.java:106)
	at cucumber.api.cli.Main.run(Main.java:35)
	at cucumber.api.cli.Main$run.call(Unknown Source)
	at com.kms.katalon.core.cucumber.keyword.CucumberBuiltinKeywords$_runFeatureFile_closure1.doCall(CucumberBuiltinKeywords.groovy:76)
	at com.kms.katalon.core.cucumber.keyword.CucumberBuiltinKeywords$_runFeatureFile_closure1.doCall(CucumberBuiltinKeywords.groovy)
	at com.kms.katalon.core.keyword.internal.KeywordMain.runKeyword(KeywordMain.groovy:68)
	at com.kms.katalon.core.keyword.internal.KeywordMain$runKeyword.call(Unknown Source)
	at com.kms.katalon.core.cucumber.keyword.CucumberBuiltinKeywords.runFeatureFile(CucumberBuiltinKeywords.groovy:46)
	at com.kms.katalon.core.cucumber.keyword.CucumberBuiltinKeywords$runFeatureFile$0.callStatic(Unknown Source)
	at com.kms.katalon.core.cucumber.keyword.CucumberBuiltinKeywords.runFeatureFile(CucumberBuiltinKeywords.groovy:169)
	at com.kms.katalon.core.cucumber.keyword.CucumberBuiltinKeywords$runFeatureFile.call(Unknown Source)
	at DRC_IST_Tracker-Connection_to_Oasys.run(DRC_IST_Tracker-Connection_to_Oasys:18)
	at com.kms.katalon.core.main.ScriptEngine.run(ScriptEngine.java:194)
	at com.kms.katalon.core.main.ScriptEngine.runScriptAsRawText(ScriptEngine.java:119)
	at com.kms.katalon.core.main.TestCaseExecutor.runScript(TestCaseExecutor.java:339)
	at com.kms.katalon.core.main.TestCaseExecutor.doExecute(TestCaseExecutor.java:330)
	at com.kms.katalon.core.main.TestCaseExecutor.processExecutionPhase(TestCaseExecutor.java:309)
	at com.kms.katalon.core.main.TestCaseExecutor.accessMainPhase(TestCaseExecutor.java:301)
	at com.kms.katalon.core.main.TestCaseExecutor.execute(TestCaseExecutor.java:235)
	at com.kms.katalon.core.main.TestSuiteExecutor.accessTestCaseMainPhase(TestSuiteExecutor.java:191)
	at com.kms.katalon.core.main.TestSuiteExecutor.accessTestSuiteMainPhase(TestSuiteExecutor.java:141)
	at com.kms.katalon.core.main.TestSuiteExecutor.execute(TestSuiteExecutor.java:90)
	at com.kms.katalon.core.main.TestCaseMain.startTestSuite(TestCaseMain.java:157)
	at com.kms.katalon.core.main.TestCaseMain$startTestSuite$0.call(Unknown Source)
	at TempTestSuite1607440628058.run(TempTestSuite1607440628058.groovy:39)


2020-12-08 22:19:12 - [MESSAGE][INFO] - >>>>>//Button[contains(text(),'Logout')]

2020-12-08 22:19:15 - [MESSAGE][PASSED] - Object '' is present

2020-12-08 22:19:17 - [MESSAGE][FAILED] - Unable to click on object '' (Root cause: com.kms.katalon.core.exception.StepFailedException: Unable to click on object ''
	at com.kms.katalon.core.webui.keyword.internal.WebUIKeywordMain.stepFailed(WebUIKeywordMain.groovy:64)
	at com.kms.katalon.core.webui.keyword.internal.WebUIKeywordMain.runKeyword(WebUIKeywordMain.groovy:26)
	at com.kms.katalon.core.webui.keyword.builtin.ClickKeyword.click(ClickKeyword.groovy:76)
	at com.kms.katalon.core.webui.keyword.builtin.ClickKeyword.execute(ClickKeyword.groovy:43)
	at com.kms.katalon.core.keyword.internal.KeywordExecutor.executeKeywordForPlatform(KeywordExecutor.groovy:73)
	at com.kms.katalon.core.webui.keyword.WebUiBuiltInKeywords.click(WebUiBuiltInKeywords.groovy:616)
	at com.kms.katalon.core.webui.keyword.WebUiBuiltInKeywords$click$4.call(Unknown Source)
	at ist_real.Contract_Dispatcher.ClickButton(Contract_Dispatcher.groovy:644)
	at cucumber.runtime.Utils$1.call(Utils.java:26)
	at cucumber.runtime.Timeout.timeout(Timeout.java:16)
	at cucumber.runtime.Utils.invoke(Utils.java:20)
	at cucumber.runtime.java.JavaStepDefinition.execute(JavaStepDefinition.java:48)
	at cucumber.runtime.PickleStepDefinitionMatch.runStep(PickleStepDefinitionMatch.java:50)
	at cucumber.runner.TestStep.executeStep(TestStep.java:55)
	at cucumber.runner.TestStep.run(TestStep.java:42)
	at cucumber.runner.PickleStepTestStep.run(PickleStepTestStep.java:53)
	at cucumber.runner.TestCase.run(TestCase.java:47)
	at cucumber.runner.Runner.runPickle(Runner.java:44)
	at cucumber.runtime.Runtime.runFeature(Runtime.java:120)
	at cucumber.runtime.Runtime.run(Runtime.java:106)
	at cucumber.api.cli.Main.run(Main.java:35)
	at cucumber.api.cli.Main$run.call(Unknown Source)
	at com.kms.katalon.core.cucumber.keyword.CucumberBuiltinKeywords$_runFeatureFile_closure1.doCall(CucumberBuiltinKeywords.groovy:76)
	at com.kms.katalon.core.cucumber.keyword.CucumberBuiltinKeywords$_runFeatureFile_closure1.doCall(CucumberBuiltinKeywords.groovy)
	at com.kms.katalon.core.keyword.internal.KeywordMain.runKeyword(KeywordMain.groovy:68)
	at com.kms.katalon.core.keyword.internal.KeywordMain$runKeyword.call(Unknown Source)
	at com.kms.katalon.core.cucumber.keyword.CucumberBuiltinKeywords.runFeatureFile(CucumberBuiltinKeywords.groovy:46)
	at com.kms.katalon.core.cucumber.keyword.CucumberBuiltinKeywords$runFeatureFile$0.callStatic(Unknown Source)
	at com.kms.katalon.core.cucumber.keyword.CucumberBuiltinKeywords.runFeatureFile(CucumberBuiltinKeywords.groovy:169)
	at com.kms.katalon.core.cucumber.keyword.CucumberBuiltinKeywords$runFeatureFile.call(Unknown Source)
	at DRC_IST_Tracker-Connection_to_Oasys.run(DRC_IST_Tracker-Connection_to_Oasys:18)
	at com.kms.katalon.core.main.ScriptEngine.run(ScriptEngine.java:194)
	at com.kms.katalon.core.main.ScriptEngine.runScriptAsRawText(ScriptEngine.java:119)
	at com.kms.katalon.core.main.TestCaseExecutor.runScript(TestCaseExecutor.java:339)
	at com.kms.katalon.core.main.TestCaseExecutor.doExecute(TestCaseExecutor.java:330)
	at com.kms.katalon.core.main.TestCaseExecutor.processExecutionPhase(TestCaseExecutor.java:309)
	at com.kms.katalon.core.main.TestCaseExecutor.accessMainPhase(TestCaseExecutor.java:301)
	at com.kms.katalon.core.main.TestCaseExecutor.execute(TestCaseExecutor.java:235)
	at com.kms.katalon.core.main.TestSuiteExecutor.accessTestCaseMainPhase(TestSuiteExecutor.java:191)
	at com.kms.katalon.core.main.TestSuiteExecutor.accessTestSuiteMainPhase(TestSuiteExecutor.java:141)
	at com.kms.katalon.core.main.TestSuiteExecutor.execute(TestSuiteExecutor.java:90)
	at com.kms.katalon.core.main.TestCaseMain.startTestSuite(TestCaseMain.java:157)
	at com.kms.katalon.core.main.TestCaseMain$startTestSuite$0.call(Unknown Source)
	at TempTestSuite1607440628058.run(TempTestSuite1607440628058.groovy:39)
Caused by: org.openqa.selenium.ElementClickInterceptedException: element click intercepted: Element <button type="button" id="oKFPd" class="btn-danger btn-sm btn">...</button> is not clickable at point (1626, 55). Other element would receive the click: <div id="zk_proc-m" class="z-modal-mask" style="left: 0px; top: 0px; z-index: 30999; width: 1680px; height: 814px;"></div>
  (Session info: headless chrome=87.0.4280.88)
Build info: version: '3.141.59', revision: 'e82be7d358', time: '2018-11-14T08:25:53'
System info: host: 'M-Chaidir-Pratama.local', ip: 'fe80:0:0:0:1060:710b:eeb7:c322%en0', os.name: 'Mac OS X', os.arch: 'x86_64', os.version: '10.15', java.version: '1.8.0_181'
Driver info: com.kms.katalon.selenium.driver.CChromeDriver
Capabilities {acceptInsecureCerts: false, browserName: chrome, browserVersion: 87.0.4280.88, chrome: {chromedriverVersion: 86.0.4240.22 (398b0743353ff..., userDataDir: /var/folders/0s/4_d154xd6dq...}, goog:chromeOptions: {debuggerAddress: localhost:51090}, javascriptEnabled: true, networkConnectionEnabled: false, pageLoadStrategy: normal, platform: MAC, platformName: MAC, proxy: Proxy(), setWindowRect: true, strictFileInteractability: false, timeouts: {implicit: 0, pageLoad: 300000, script: 30000}, unhandledPromptBehavior: dismiss and notify, webauthn:virtualAuthenticators: true}
Session ID: b1f70ca0ee42f79375159935eb3b1c1e
	at org.openqa.selenium.remote.http.W3CHttpResponseCodec.createException(W3CHttpResponseCodec.java:187)
	at org.openqa.selenium.remote.http.W3CHttpResponseCodec.decode(W3CHttpResponseCodec.java:122)
	at org.openqa.selenium.remote.http.W3CHttpResponseCodec.decode(W3CHttpResponseCodec.java:49)
	at org.openqa.selenium.remote.HttpCommandExecutor.execute(HttpCommandExecutor.java:158)
	at org.openqa.selenium.remote.service.DriverCommandExecutor.execute(DriverCommandExecutor.java:83)
	at org.openqa.selenium.remote.RemoteWebDriver.execute(RemoteWebDriver.java:552)
	at com.kms.katalon.selenium.driver.CChromeDriver.execute(CChromeDriver.java:19)
	at org.openqa.selenium.remote.RemoteWebElement.execute(RemoteWebElement.java:285)
	at org.openqa.selenium.remote.RemoteWebElement.click(RemoteWebElement.java:84)
	at org.openqa.selenium.support.events.EventFiringWebDriver$EventFiringWebElement.lambda$new$0(EventFiringWebDriver.java:404)
	at com.sun.proxy.$Proxy19.click(Unknown Source)
	at org.openqa.selenium.support.events.EventFiringWebDriver$EventFiringWebElement.click(EventFiringWebDriver.java:417)
	at com.kms.katalon.core.webui.keyword.builtin.ClickKeyword$_click_closure1.doCall(ClickKeyword.groovy:69)
	at com.kms.katalon.core.webui.keyword.builtin.ClickKeyword$_click_closure1.call(ClickKeyword.groovy)
	at com.kms.katalon.core.webui.keyword.internal.WebUIKeywordMain.runKeyword(WebUIKeywordMain.groovy:20)
	at com.kms.katalon.core.webui.keyword.builtin.ClickKeyword.click(ClickKeyword.groovy:76)
	at com.kms.katalon.core.webui.keyword.builtin.ClickKeyword.execute(ClickKeyword.groovy:43)
	at com.kms.katalon.core.keyword.internal.KeywordExecutor.executeKeywordForPlatform(KeywordExecutor.groovy:73)
	at com.kms.katalon.core.webui.keyword.WebUiBuiltInKeywords.click(WebUiBuiltInKeywords.groovy:616)
	at com.kms.katalon.core.webui.keyword.WebUiBuiltInKeywords$click$4.call(Unknown Source)
	at ist_real.Contract_Dispatcher.ClickButton(Contract_Dispatcher.groovy:644)
	at cucumber.runtime.Utils$1.call(Utils.java:26)
	at cucumber.runtime.Timeout.timeout(Timeout.java:16)
	at cucumber.runtime.Utils.invoke(Utils.java:20)
	at cucumber.runtime.java.JavaStepDefinition.execute(JavaStepDefinition.java:48)
	at cucumber.runtime.PickleStepDefinitionMatch.runStep(PickleStepDefinitionMatch.java:50)
	at cucumber.runner.TestStep.executeStep(TestStep.java:55)
	at cucumber.runner.TestStep.run(TestStep.java:42)
	at cucumber.runner.PickleStepTestStep.run(PickleStepTestStep.java:53)
	at cucumber.runner.TestCase.run(TestCase.java:47)
	at cucumber.runner.Runner.runPickle(Runner.java:44)
	at cucumber.runtime.Runtime.runFeature(Runtime.java:120)
	at cucumber.runtime.Runtime.run(Runtime.java:106)
	at cucumber.api.cli.Main.run(Main.java:35)
	at cucumber.api.cli.Main$run.call(Unknown Source)
	at com.kms.katalon.core.cucumber.keyword.CucumberBuiltinKeywords$_runFeatureFile_closure1.doCall(CucumberBuiltinKeywords.groovy:76)
	at com.kms.katalon.core.cucumber.keyword.CucumberBuiltinKeywords$_runFeatureFile_closure1.doCall(CucumberBuiltinKeywords.groovy)
	at com.kms.katalon.core.keyword.internal.KeywordMain.runKeyword(KeywordMain.groovy:68)
	at com.kms.katalon.core.keyword.internal.KeywordMain$runKeyword.call(Unknown Source)
	at com.kms.katalon.core.cucumber.keyword.CucumberBuiltinKeywords.runFeatureFile(CucumberBuiltinKeywords.groovy:46)
	at com.kms.katalon.core.cucumber.keyword.CucumberBuiltinKeywords$runFeatureFile$0.callStatic(Unknown Source)
	at com.kms.katalon.core.cucumber.keyword.CucumberBuiltinKeywords.runFeatureFile(CucumberBuiltinKeywords.groovy:169)
	at com.kms.katalon.core.cucumber.keyword.CucumberBuiltinKeywords$runFeatureFile.call(Unknown Source)
	at Script1600719196373.run(Script1600719196373.groovy:18)
	... 13 more
)
[[ATTACHMENT|/Users/chaidir.pratama01/Katalon Studio/IST_Automation_Git/Reports/20201208_221708/DRC/DRC_IST_Tracker/20201208_221708/1607440756560.png]]

2020-12-08 22:19:17 - [MESSAGE][FAILED] - Click button "Logout" FAILED.
Reason:
com.kms.katalon.core.exception.StepFailedException: Unable to click on object ''
	at com.kms.katalon.core.webui.keyword.internal.WebUIKeywordMain.stepFailed(WebUIKeywordMain.groovy:64)
	at com.kms.katalon.core.webui.keyword.internal.WebUIKeywordMain.runKeyword(WebUIKeywordMain.groovy:26)
	at com.kms.katalon.core.webui.keyword.builtin.ClickKeyword.click(ClickKeyword.groovy:76)
	at com.kms.katalon.core.webui.keyword.builtin.ClickKeyword.execute(ClickKeyword.groovy:43)
	at com.kms.katalon.core.keyword.internal.KeywordExecutor.executeKeywordForPlatform(KeywordExecutor.groovy:73)
	at com.kms.katalon.core.webui.keyword.WebUiBuiltInKeywords.click(WebUiBuiltInKeywords.groovy:616)
	at com.kms.katalon.core.webui.keyword.WebUiBuiltInKeywords$click$4.call(Unknown Source)
	at ist_real.Contract_Dispatcher.ClickButton(Contract_Dispatcher.groovy:644)
	at ✽.Click button "Logout"(/Users/chaidir.pratama01/Katalon Studio/IST_Automation_Git/Include/features/DRC/IST_Tracker/Connection_to_Oasys.feature:36)
Caused by: org.openqa.selenium.ElementClickInterceptedException: element click intercepted: Element <button type="button" id="oKFPd" class="btn-danger btn-sm btn">...</button> is not clickable at point (1626, 55). Other element would receive the click: <div id="zk_proc-m" class="z-modal-mask" style="left: 0px; top: 0px; z-index: 30999; width: 1680px; height: 814px;"></div>
  (Session info: headless chrome=87.0.4280.88)
Build info: version: '3.141.59', revision: 'e82be7d358', time: '2018-11-14T08:25:53'
System info: host: 'M-Chaidir-Pratama.local', ip: 'fe80:0:0:0:1060:710b:eeb7:c322%en0', os.name: 'Mac OS X', os.arch: 'x86_64', os.version: '10.15', java.version: '1.8.0_181'
Driver info: com.kms.katalon.selenium.driver.CChromeDriver
Capabilities {acceptInsecureCerts: false, browserName: chrome, browserVersion: 87.0.4280.88, chrome: {chromedriverVersion: 86.0.4240.22 (398b0743353ff..., userDataDir: /var/folders/0s/4_d154xd6dq...}, goog:chromeOptions: {debuggerAddress: localhost:51090}, javascriptEnabled: true, networkConnectionEnabled: false, pageLoadStrategy: normal, platform: MAC, platformName: MAC, proxy: Proxy(), setWindowRect: true, strictFileInteractability: false, timeouts: {implicit: 0, pageLoad: 300000, script: 30000}, unhandledPromptBehavior: dismiss and notify, webauthn:virtualAuthenticators: true}
Session ID: b1f70ca0ee42f79375159935eb3b1c1e
	at org.openqa.selenium.remote.http.W3CHttpResponseCodec.createException(W3CHttpResponseCodec.java:187)
	at org.openqa.selenium.remote.http.W3CHttpResponseCodec.decode(W3CHttpResponseCodec.java:122)
	at org.openqa.selenium.remote.http.W3CHttpResponseCodec.decode(W3CHttpResponseCodec.java:49)
	at org.openqa.selenium.remote.HttpCommandExecutor.execute(HttpCommandExecutor.java:158)
	at org.openqa.selenium.remote.service.DriverCommandExecutor.execute(DriverCommandExecutor.java:83)
	at org.openqa.selenium.remote.RemoteWebDriver.execute(RemoteWebDriver.java:552)
	at com.kms.katalon.selenium.driver.CChromeDriver.execute(CChromeDriver.java:19)
	at org.openqa.selenium.remote.RemoteWebElement.execute(RemoteWebElement.java:285)
	at org.openqa.selenium.remote.RemoteWebElement.click(RemoteWebElement.java:84)
	at org.openqa.selenium.support.events.EventFiringWebDriver$EventFiringWebElement.lambda$new$0(EventFiringWebDriver.java:404)
	at com.sun.proxy.$Proxy19.click(Unknown Source)
	at org.openqa.selenium.support.events.EventFiringWebDriver$EventFiringWebElement.click(EventFiringWebDriver.java:417)
	at com.kms.katalon.core.webui.keyword.builtin.ClickKeyword$_click_closure1.doCall(ClickKeyword.groovy:69)
	at com.kms.katalon.core.webui.keyword.builtin.ClickKeyword$_click_closure1.call(ClickKeyword.groovy)
	at com.kms.katalon.core.webui.keyword.internal.WebUIKeywordMain.runKeyword(WebUIKeywordMain.groovy:20)
	at com.kms.katalon.core.webui.keyword.builtin.ClickKeyword.click(ClickKeyword.groovy:76)
	at com.kms.katalon.core.webui.keyword.builtin.ClickKeyword.execute(ClickKeyword.groovy:43)
	at com.kms.katalon.core.keyword.internal.KeywordExecutor.executeKeywordForPlatform(KeywordExecutor.groovy:73)
	at com.kms.katalon.core.webui.keyword.WebUiBuiltInKeywords.click(WebUiBuiltInKeywords.groovy:616)
	at com.kms.katalon.core.webui.keyword.WebUiBuiltInKeywords$click$4.call(Unknown Source)
	at ist_real.Contract_Dispatcher.ClickButton(Contract_Dispatcher.groovy:644)
	at cucumber.runtime.Utils$1.call(Utils.java:26)
	at cucumber.runtime.Timeout.timeout(Timeout.java:16)
	at cucumber.runtime.Utils.invoke(Utils.java:20)
	at cucumber.runtime.java.JavaStepDefinition.execute(JavaStepDefinition.java:48)
	at cucumber.runtime.PickleStepDefinitionMatch.runStep(PickleStepDefinitionMatch.java:50)
	at cucumber.runner.TestStep.executeStep(TestStep.java:55)
	at cucumber.runner.TestStep.run(TestStep.java:42)
	at cucumber.runner.PickleStepTestStep.run(PickleStepTestStep.java:53)
	at cucumber.runner.TestCase.run(TestCase.java:47)
	at cucumber.runner.Runner.runPickle(Runner.java:44)
	at cucumber.runtime.Runtime.runFeature(Runtime.java:120)
	at cucumber.runtime.Runtime.run(Runtime.java:106)
	at cucumber.api.cli.Main.run(Main.java:35)
	at cucumber.api.cli.Main$run.call(Unknown Source)
	at com.kms.katalon.core.cucumber.keyword.CucumberBuiltinKeywords$_runFeatureFile_closure1.doCall(CucumberBuiltinKeywords.groovy:76)
	at com.kms.katalon.core.cucumber.keyword.CucumberBuiltinKeywords$_runFeatureFile_closure1.doCall(CucumberBuiltinKeywords.groovy)
	at com.kms.katalon.core.keyword.internal.KeywordMain.runKeyword(KeywordMain.groovy:68)
	at com.kms.katalon.core.keyword.internal.KeywordMain$runKeyword.call(Unknown Source)
	at com.kms.katalon.core.cucumber.keyword.CucumberBuiltinKeywords.runFeatureFile(CucumberBuiltinKeywords.groovy:46)
	at com.kms.katalon.core.cucumber.keyword.CucumberBuiltinKeywords$runFeatureFile$0.callStatic(Unknown Source)
	at com.kms.katalon.core.cucumber.keyword.CucumberBuiltinKeywords.runFeatureFile(CucumberBuiltinKeywords.groovy:169)
	at com.kms.katalon.core.cucumber.keyword.CucumberBuiltinKeywords$runFeatureFile.call(Unknown Source)
	at DRC_IST_Tracker-Connection_to_Oasys.run(DRC_IST_Tracker-Connection_to_Oasys:18)
	at com.kms.katalon.core.main.ScriptEngine.run(ScriptEngine.java:194)
	at com.kms.katalon.core.main.ScriptEngine.runScriptAsRawText(ScriptEngine.java:119)
	at com.kms.katalon.core.main.TestCaseExecutor.runScript(TestCaseExecutor.java:339)
	at com.kms.katalon.core.main.TestCaseExecutor.doExecute(TestCaseExecutor.java:330)
	at com.kms.katalon.core.main.TestCaseExecutor.processExecutionPhase(TestCaseExecutor.java:309)
	at com.kms.katalon.core.main.TestCaseExecutor.accessMainPhase(TestCaseExecutor.java:301)
	at com.kms.katalon.core.main.TestCaseExecutor.execute(TestCaseExecutor.java:235)
	at com.kms.katalon.core.main.TestSuiteExecutor.accessTestCaseMainPhase(TestSuiteExecutor.java:191)
	at com.kms.katalon.core.main.TestSuiteExecutor.accessTestSuiteMainPhase(TestSuiteExecutor.java:141)
	at com.kms.katalon.core.main.TestSuiteExecutor.execute(TestSuiteExecutor.java:90)
	at com.kms.katalon.core.main.TestCaseMain.startTestSuite(TestCaseMain.java:157)
	at com.kms.katalon.core.main.TestCaseMain$startTestSuite$0.call(Unknown Source)
	at TempTestSuite1607440628058.run(TempTestSuite1607440628058.groovy:39)


2020-12-08 22:19:17 - [TEST_STEP][NOT_RUN] - Close browser: Close browser

2020-12-08 22:19:17 - [MESSAGE][NOT_RUN] - Close browser

2020-12-08 22:19:17 - [MESSAGE][FAILED] - Feature file 'Include/features/DRC/IST_Tracker/Connection_to_Oasys.feature' was failed

2020-12-08 22:19:17 - [MESSAGE][FAILED] - Keyword runFeatureFile was failed (Root cause: com.kms.katalon.core.exception.StepFailedException: Feature file 'Include/features/DRC/IST_Tracker/Connection_to_Oasys.feature' was failed
	at com.kms.katalon.core.keyword.internal.KeywordMain.stepFailed(KeywordMain.groovy:50)
	at com.kms.katalon.core.keyword.internal.KeywordMain.stepFailed(KeywordMain.groovy)
	at com.kms.katalon.core.keyword.internal.KeywordMain.stepFailed(KeywordMain.groovy:23)
	at com.kms.katalon.core.keyword.internal.KeywordMain$stepFailed$0.call(Unknown Source)
	at com.kms.katalon.core.cucumber.keyword.CucumberBuiltinKeywords$_runFeatureFile_closure1.doCall(CucumberBuiltinKeywords.groovy:82)
	at com.kms.katalon.core.cucumber.keyword.CucumberBuiltinKeywords$_runFeatureFile_closure1.doCall(CucumberBuiltinKeywords.groovy)
	at com.kms.katalon.core.keyword.internal.KeywordMain.runKeyword(KeywordMain.groovy:68)
	at com.kms.katalon.core.keyword.internal.KeywordMain$runKeyword.call(Unknown Source)
	at com.kms.katalon.core.cucumber.keyword.CucumberBuiltinKeywords.runFeatureFile(CucumberBuiltinKeywords.groovy:46)
	at com.kms.katalon.core.cucumber.keyword.CucumberBuiltinKeywords$runFeatureFile$0.callStatic(Unknown Source)
	at com.kms.katalon.core.cucumber.keyword.CucumberBuiltinKeywords.runFeatureFile(CucumberBuiltinKeywords.groovy:169)
	at com.kms.katalon.core.cucumber.keyword.CucumberBuiltinKeywords$runFeatureFile.call(Unknown Source)
	at DRC_IST_Tracker-Connection_to_Oasys.run(DRC_IST_Tracker-Connection_to_Oasys:18)
	at com.kms.katalon.core.main.ScriptEngine.run(ScriptEngine.java:194)
	at com.kms.katalon.core.main.ScriptEngine.runScriptAsRawText(ScriptEngine.java:119)
	at com.kms.katalon.core.main.TestCaseExecutor.runScript(TestCaseExecutor.java:339)
	at com.kms.katalon.core.main.TestCaseExecutor.doExecute(TestCaseExecutor.java:330)
	at com.kms.katalon.core.main.TestCaseExecutor.processExecutionPhase(TestCaseExecutor.java:309)
	at com.kms.katalon.core.main.TestCaseExecutor.accessMainPhase(TestCaseExecutor.java:301)
	at com.kms.katalon.core.main.TestCaseExecutor.execute(TestCaseExecutor.java:235)
	at com.kms.katalon.core.main.TestSuiteExecutor.accessTestCaseMainPhase(TestSuiteExecutor.java:191)
	at com.kms.katalon.core.main.TestSuiteExecutor.accessTestSuiteMainPhase(TestSuiteExecutor.java:141)
	at com.kms.katalon.core.main.TestSuiteExecutor.execute(TestSuiteExecutor.java:90)
	at com.kms.katalon.core.main.TestCaseMain.startTestSuite(TestCaseMain.java:157)
	at com.kms.katalon.core.main.TestCaseMain$startTestSuite$0.call(Unknown Source)
	at TempTestSuite1607440628058.run(TempTestSuite1607440628058.groovy:39)
)]]></system-out>
         <system-err><![CDATA[2020-12-08 22:19:03 - [TEST_CASE][FAILED] - Test Cases/DRC/IST_Tracker/DRC_IST_Tracker-Connection_to_Oasys: Test Cases/DRC/IST_Tracker/DRC_IST_Tracker-Connection_to_Oasys FAILED.
Reason:
com.kms.katalon.core.exception.StepFailedException: Feature file 'Include/features/DRC/IST_Tracker/Connection_to_Oasys.feature' was failed
	at com.kms.katalon.core.keyword.internal.KeywordMain.stepFailed(KeywordMain.groovy:50)
	at com.kms.katalon.core.keyword.internal.KeywordMain.stepFailed(KeywordMain.groovy)
	at com.kms.katalon.core.keyword.internal.KeywordMain.stepFailed(KeywordMain.groovy:23)
	at com.kms.katalon.core.keyword.internal.KeywordMain$stepFailed$0.call(Unknown Source)
	at com.kms.katalon.core.cucumber.keyword.CucumberBuiltinKeywords$_runFeatureFile_closure1.doCall(CucumberBuiltinKeywords.groovy:82)
	at com.kms.katalon.core.cucumber.keyword.CucumberBuiltinKeywords$_runFeatureFile_closure1.doCall(CucumberBuiltinKeywords.groovy)
	at com.kms.katalon.core.keyword.internal.KeywordMain.runKeyword(KeywordMain.groovy:68)
	at com.kms.katalon.core.keyword.internal.KeywordMain$runKeyword.call(Unknown Source)
	at com.kms.katalon.core.cucumber.keyword.CucumberBuiltinKeywords.runFeatureFile(CucumberBuiltinKeywords.groovy:46)
	at com.kms.katalon.core.cucumber.keyword.CucumberBuiltinKeywords$runFeatureFile$0.callStatic(Unknown Source)
	at com.kms.katalon.core.cucumber.keyword.CucumberBuiltinKeywords.runFeatureFile(CucumberBuiltinKeywords.groovy:169)
	at com.kms.katalon.core.cucumber.keyword.CucumberBuiltinKeywords$runFeatureFile.call(Unknown Source)
	at DRC_IST_Tracker-Connection_to_Oasys.run(DRC_IST_Tracker-Connection_to_Oasys:18)
	at com.kms.katalon.core.main.ScriptEngine.run(ScriptEngine.java:194)
	at com.kms.katalon.core.main.ScriptEngine.runScriptAsRawText(ScriptEngine.java:119)
	at com.kms.katalon.core.main.TestCaseExecutor.runScript(TestCaseExecutor.java:339)
	at com.kms.katalon.core.main.TestCaseExecutor.doExecute(TestCaseExecutor.java:330)
	at com.kms.katalon.core.main.TestCaseExecutor.processExecutionPhase(TestCaseExecutor.java:309)
	at com.kms.katalon.core.main.TestCaseExecutor.accessMainPhase(TestCaseExecutor.java:301)
	at com.kms.katalon.core.main.TestCaseExecutor.execute(TestCaseExecutor.java:235)
	at com.kms.katalon.core.main.TestSuiteExecutor.accessTestCaseMainPhase(TestSuiteExecutor.java:191)
	at com.kms.katalon.core.main.TestSuiteExecutor.accessTestSuiteMainPhase(TestSuiteExecutor.java:141)
	at com.kms.katalon.core.main.TestSuiteExecutor.execute(TestSuiteExecutor.java:90)
	at com.kms.katalon.core.main.TestCaseMain.startTestSuite(TestCaseMain.java:157)
	at com.kms.katalon.core.main.TestCaseMain$startTestSuite$0.call(Unknown Source)
	at TempTestSuite1607440628058.run(TempTestSuite1607440628058.groovy:39)]]></system-err>
      </testcase>
      <testcase name="Test Cases/DRC/IST_Tracker/DRC_IST_Tracker-Send_Email" time="9.179" classname="Test Cases/DRC/IST_Tracker/DRC_IST_Tracker-Send_Email" status="PASSED">
         <system-out><![CDATA[2020-12-08 22:19:17 - [TEST_CASE][PASSED] - Test Cases/DRC/IST_Tracker/DRC_IST_Tracker-Send_Email: Test Cases/DRC/IST_Tracker/DRC_IST_Tracker-Send_Email

2020-12-08 22:19:17 - [TEST_STEP][PASSED] - runFeatureFile("Include/features/DRC/IST_Tracker/Send_Email.feature"): Feature file: 'Include/features/DRC/IST_Tracker/Send_Email.feature' was passed

2020-12-08 22:19:17 - [MESSAGE][INFO] - Starting run keyword runFeatureFile: 'Include/features/DRC/IST_Tracker/Send_Email.feature' and extract report to folder: '/Users/chaidir.pratama01/Katalon Studio/IST_Automation_Git/Reports/20201208_221708/DRC/DRC_IST_Tracker/20201208_221708/cucumber_report/1607440757144'...

2020-12-08 22:19:17 - [TEST_CASE][PASSED] - Start Test Case : SCENARIO Send Email by Select Menu Email Handling from Invoice System then Generate Email Handling: SCENARIO Send Email by Select Menu Email Handling from Invoice System then Generate Email Handling

2020-12-08 22:19:17 - [TEST_STEP][PASSED] - Go to IST: Go to IST

2020-12-08 22:19:17 - [MESSAGE][WARNING] - A browser is already opened. Closing browser and opening a new one

2020-12-08 22:19:17 - [MESSAGE][INFO] - Starting 'Chrome (headless)' driver

2020-12-08 22:19:17 - [MESSAGE][INFO] - User set preference: ['args', '[--start-maximized, --disable-gpu, --no-proxy-server, –-no-sandbox, --allow-running-insecure-content, --ignore-certificate-errors, window-size=1680,814, force-device-scale-factor=2, --lang=en-GB]']

2020-12-08 22:19:17 - [MESSAGE][INFO] - User set preference: ['prefs', '{download.default_directory=/Users/chaidir.pratama01/Katalon Studio/IST_Automation_Git/Download}']

2020-12-08 22:19:17 - [MESSAGE][INFO] - Action delay is set to 0 milliseconds

2020-12-08 22:19:17 - [MESSAGE][PASSED] - Browser is opened with url: ''

2020-12-08 22:19:19 - [MESSAGE][PASSED] - Navigate to 'https://ist.homecredit.id/ist_tracker/login.zul' successfully

2020-12-08 22:19:20 - [MESSAGE][PASSED] - Taking screenshot successfully
[[ATTACHMENT|/Users/chaidir.pratama01/Documents/Docs/Katalon Studio/Screenshot/IST_Page.png]]

2020-12-08 22:19:20 - [MESSAGE][PASSED] - Go to IST

2020-12-08 22:19:20 - [TEST_STEP][PASSED] - Login IST with valid credentials: Login IST with valid credentials

2020-12-08 22:19:20 - [MESSAGE][PASSED] - Text 'mobile.test' is set on object 'Object Repository/Page_/input_Username_j_username'

2020-12-08 22:19:20 - [MESSAGE][PASSED] - Text ****** has been set on object 'Object Repository/Page_/input_Password_j_password'

2020-12-08 22:19:21 - [MESSAGE][PASSED] - Object: 'Object Repository/Page_/button_Login' is clicked on

2020-12-08 22:19:21 - [MESSAGE][PASSED] - Login IST with valid credentials

2020-12-08 22:19:21 - [TEST_STEP][PASSED] - Login Success for contract dispatcher: Login Success for contract dispatcher

2020-12-08 22:19:21 - [MESSAGE][INFO] - Login Success

2020-12-08 22:19:21 - [MESSAGE][PASSED] - Current window maximized

2020-12-08 22:19:21 - [MESSAGE][PASSED] - Object 'Object Repository/Page_/h1_Welcome to IT Supporting Tools' is present

2020-12-08 22:19:21 - [MESSAGE][PASSED] - Login Success for contract dispatcher

2020-12-08 22:19:21 - [TEST_STEP][PASSED] - Select Arrow Menu "Invoice System": Select Arrow Menu "Invoice System"

2020-12-08 22:19:21 - [MESSAGE][PASSED] - Object: '' is clicked on

2020-12-08 22:19:21 - [MESSAGE][PASSED] - Select Arrow Menu "Invoice System"

2020-12-08 22:19:21 - [TEST_STEP][PASSED] - Select Menu "Email Handling": Select Menu "Email Handling"

2020-12-08 22:19:22 - [MESSAGE][PASSED] - Taking screenshot successfully
[[ATTACHMENT|/Users/chaidir.pratama01/Documents/Docs/Katalon Studio/Screenshot/test-Email Handling.png]]

2020-12-08 22:19:22 - [MESSAGE][PASSED] - Object '' is present

2020-12-08 22:19:22 - [MESSAGE][PASSED] - Object: '' is clicked on

2020-12-08 22:19:22 - [MESSAGE][PASSED] - Wait for page load successfully

2020-12-08 22:19:22 - [MESSAGE][PASSED] - Select Menu "Email Handling"

2020-12-08 22:19:22 - [TEST_STEP][PASSED] - Select Email handling "Email tidak terdaftar": Select Email handling "Email tidak terdaftar"

2020-12-08 22:19:22 - [MESSAGE][PASSED] - Object '' is present

2020-12-08 22:19:23 - [MESSAGE][PASSED] - Object: '' is clicked on

2020-12-08 22:19:23 - [MESSAGE][PASSED] - Select Email handling "Email tidak terdaftar"

2020-12-08 22:19:23 - [TEST_STEP][PASSED] - Type EmailClient on "Alamat Email yang digunakan client" with value "chaidir04121990@yahoo.co.id": Type EmailClient on "Alamat Email yang digunakan client" with value "chaidir04121990@yahoo.co.id"

2020-12-08 22:19:23 - [MESSAGE][PASSED] - Object '' is present

2020-12-08 22:19:23 - [MESSAGE][PASSED] - Text 'chaidir04121990@yahoo.co.id' is set on object ''

2020-12-08 22:19:23 - [MESSAGE][PASSED] - Type EmailClient on "Alamat Email yang digunakan client" with value "chaidir04121990@yahoo.co.id"

2020-12-08 22:19:23 - [TEST_STEP][PASSED] - Click button "Generate Email": Click button "Generate Email"

2020-12-08 22:19:23 - [MESSAGE][INFO] - >>>>>//Button[contains(text(),'Generate Email')]

2020-12-08 22:19:26 - [MESSAGE][PASSED] - Object '' is present

2020-12-08 22:19:26 - [MESSAGE][PASSED] - Object: '' is clicked on

2020-12-08 22:19:26 - [MESSAGE][PASSED] - Switched to window with index: '0'

2020-12-08 22:19:26 - [MESSAGE][PASSED] - Click button "Generate Email"

2020-12-08 22:19:26 - [MESSAGE][PASSED] - Feature file: 'Include/features/DRC/IST_Tracker/Send_Email.feature' was passed]]></system-out>
         <system-err><![CDATA[]]></system-err>
      </testcase>
      <system-out><![CDATA[2020-12-08 22:17:16 - [TEST_SUITE][FAILED] - DRC_IST_Tracker: Test Cases/DRC/IST_Tracker/DRC_IST_Tracker-Connection_to_Oasys FAILED.
Reason:
com.kms.katalon.core.exception.StepFailedException: Feature file 'Include/features/DRC/IST_Tracker/Connection_to_Oasys.feature' was failed
	at com.kms.katalon.core.keyword.internal.KeywordMain.stepFailed(KeywordMain.groovy:50)
	at com.kms.katalon.core.keyword.internal.KeywordMain.stepFailed(KeywordMain.groovy)
	at com.kms.katalon.core.keyword.internal.KeywordMain.stepFailed(KeywordMain.groovy:23)
	at com.kms.katalon.core.keyword.internal.KeywordMain$stepFailed$0.call(Unknown Source)
	at com.kms.katalon.core.cucumber.keyword.CucumberBuiltinKeywords$_runFeatureFile_closure1.doCall(CucumberBuiltinKeywords.groovy:82)
	at com.kms.katalon.core.cucumber.keyword.CucumberBuiltinKeywords$_runFeatureFile_closure1.doCall(CucumberBuiltinKeywords.groovy)
	at com.kms.katalon.core.keyword.internal.KeywordMain.runKeyword(KeywordMain.groovy:68)
	at com.kms.katalon.core.keyword.internal.KeywordMain$runKeyword.call(Unknown Source)
	at com.kms.katalon.core.cucumber.keyword.CucumberBuiltinKeywords.runFeatureFile(CucumberBuiltinKeywords.groovy:46)
	at com.kms.katalon.core.cucumber.keyword.CucumberBuiltinKeywords$runFeatureFile$0.callStatic(Unknown Source)
	at com.kms.katalon.core.cucumber.keyword.CucumberBuiltinKeywords.runFeatureFile(CucumberBuiltinKeywords.groovy:169)
	at com.kms.katalon.core.cucumber.keyword.CucumberBuiltinKeywords$runFeatureFile.call(Unknown Source)
	at DRC_IST_Tracker-Connection_to_Oasys.run(DRC_IST_Tracker-Connection_to_Oasys:18)
	at com.kms.katalon.core.main.ScriptEngine.run(ScriptEngine.java:194)
	at com.kms.katalon.core.main.ScriptEngine.runScriptAsRawText(ScriptEngine.java:119)
	at com.kms.katalon.core.main.TestCaseExecutor.runScript(TestCaseExecutor.java:339)
	at com.kms.katalon.core.main.TestCaseExecutor.doExecute(TestCaseExecutor.java:330)
	at com.kms.katalon.core.main.TestCaseExecutor.processExecutionPhase(TestCaseExecutor.java:309)
	at com.kms.katalon.core.main.TestCaseExecutor.accessMainPhase(TestCaseExecutor.java:301)
	at com.kms.katalon.core.main.TestCaseExecutor.execute(TestCaseExecutor.java:235)
	at com.kms.katalon.core.main.TestSuiteExecutor.accessTestCaseMainPhase(TestSuiteExecutor.java:191)
	at com.kms.katalon.core.main.TestSuiteExecutor.accessTestSuiteMainPhase(TestSuiteExecutor.java:141)
	at com.kms.katalon.core.main.TestSuiteExecutor.execute(TestSuiteExecutor.java:90)
	at com.kms.katalon.core.main.TestCaseMain.startTestSuite(TestCaseMain.java:157)
	at com.kms.katalon.core.main.TestCaseMain$startTestSuite$0.call(Unknown Source)
	at TempTestSuite1607440628058.run(TempTestSuite1607440628058.groovy:39)]]></system-out>
      <system-err><![CDATA[2020-12-08 22:17:16 - [TEST_SUITE][FAILED] - DRC_IST_Tracker: Test Cases/DRC/IST_Tracker/DRC_IST_Tracker-Connection_to_Oasys FAILED.
Reason:
com.kms.katalon.core.exception.StepFailedException: Feature file 'Include/features/DRC/IST_Tracker/Connection_to_Oasys.feature' was failed
	at com.kms.katalon.core.keyword.internal.KeywordMain.stepFailed(KeywordMain.groovy:50)
	at com.kms.katalon.core.keyword.internal.KeywordMain.stepFailed(KeywordMain.groovy)
	at com.kms.katalon.core.keyword.internal.KeywordMain.stepFailed(KeywordMain.groovy:23)
	at com.kms.katalon.core.keyword.internal.KeywordMain$stepFailed$0.call(Unknown Source)
	at com.kms.katalon.core.cucumber.keyword.CucumberBuiltinKeywords$_runFeatureFile_closure1.doCall(CucumberBuiltinKeywords.groovy:82)
	at com.kms.katalon.core.cucumber.keyword.CucumberBuiltinKeywords$_runFeatureFile_closure1.doCall(CucumberBuiltinKeywords.groovy)
	at com.kms.katalon.core.keyword.internal.KeywordMain.runKeyword(KeywordMain.groovy:68)
	at com.kms.katalon.core.keyword.internal.KeywordMain$runKeyword.call(Unknown Source)
	at com.kms.katalon.core.cucumber.keyword.CucumberBuiltinKeywords.runFeatureFile(CucumberBuiltinKeywords.groovy:46)
	at com.kms.katalon.core.cucumber.keyword.CucumberBuiltinKeywords$runFeatureFile$0.callStatic(Unknown Source)
	at com.kms.katalon.core.cucumber.keyword.CucumberBuiltinKeywords.runFeatureFile(CucumberBuiltinKeywords.groovy:169)
	at com.kms.katalon.core.cucumber.keyword.CucumberBuiltinKeywords$runFeatureFile.call(Unknown Source)
	at DRC_IST_Tracker-Connection_to_Oasys.run(DRC_IST_Tracker-Connection_to_Oasys:18)
	at com.kms.katalon.core.main.ScriptEngine.run(ScriptEngine.java:194)
	at com.kms.katalon.core.main.ScriptEngine.runScriptAsRawText(ScriptEngine.java:119)
	at com.kms.katalon.core.main.TestCaseExecutor.runScript(TestCaseExecutor.java:339)
	at com.kms.katalon.core.main.TestCaseExecutor.doExecute(TestCaseExecutor.java:330)
	at com.kms.katalon.core.main.TestCaseExecutor.processExecutionPhase(TestCaseExecutor.java:309)
	at com.kms.katalon.core.main.TestCaseExecutor.accessMainPhase(TestCaseExecutor.java:301)
	at com.kms.katalon.core.main.TestCaseExecutor.execute(TestCaseExecutor.java:235)
	at com.kms.katalon.core.main.TestSuiteExecutor.accessTestCaseMainPhase(TestSuiteExecutor.java:191)
	at com.kms.katalon.core.main.TestSuiteExecutor.accessTestSuiteMainPhase(TestSuiteExecutor.java:141)
	at com.kms.katalon.core.main.TestSuiteExecutor.execute(TestSuiteExecutor.java:90)
	at com.kms.katalon.core.main.TestCaseMain.startTestSuite(TestCaseMain.java:157)
	at com.kms.katalon.core.main.TestCaseMain$startTestSuite$0.call(Unknown Source)
	at TempTestSuite1607440628058.run(TempTestSuite1607440628058.groovy:39)]]></system-err>
   </testsuite>
</testsuites>
