<?xml version="1.0" encoding="UTF-8" standalone="no"?>
<testsuite failures="1" name="cucumber.runtime.formatter.JUnitFormatter" skipped="0" tests="1" time="18.219873">
<testcase classname="Update Table CONTRACT_DISPATCHER_SOURCE and CONTRACT_DISPATCHER_CLAIM for Contract Two Wheelers" name="Update Table CONTRACT_DISPATCHER_SOURCE and CONTRACT_DISPTACHER_CLAIM" time="18.219873">
<failure message="java.sql.SQLRecoverableException: IO Error: Operation timed out (Read failed)&#10;&#9;at oracle.jdbc.driver.T4CConnection.logoff(T4CConnection.java:857)&#10;&#9;at oracle.jdbc.driver.PhysicalConnection.close(PhysicalConnection.java:2502)&#10;&#9;at java_sql_Connection$close$0.call(Unknown Source)&#10;&#9;at Conn_DB.connectDB(Conn_DB.groovy:63)&#10;&#9;at Conn_DB$connectDB.call(Unknown Source)&#10;&#9;at CustomKeywords.Conn_DB.connectDB(CustomKeywords.groovy:200)&#10;&#9;at try_it_out_Conn_DB.Conn_DB(try_it_out_Conn_DB.groovy:62)&#10;&#9;at ✽.Connect to Database(/Users/chaidir.pratama01/Katalon Studio/IST_Automation_Git/Include/features/IST_Real/CONTRACT_DISPATCHER_BPKB/Update_Tbl_CDS_CDC_TRKRegMistake.feature:26)&#10;Caused by: java.net.SocketException: Operation timed out (Read failed)&#10;&#9;at oracle.net.ns.Packet.receive(Packet.java:311)&#10;&#9;at oracle.net.ns.DataPacket.receive(DataPacket.java:105)&#10;&#9;at oracle.net.ns.NetInputStream.getNextPacket(NetInputStream.java:305)&#10;&#9;at oracle.net.ns.NetInputStream.read(NetInputStream.java:249)&#10;&#9;at oracle.net.ns.NetInputStream.read(NetInputStream.java:171)&#10;&#9;at oracle.net.ns.NetInputStream.read(NetInputStream.java:89)&#10;&#9;at oracle.jdbc.driver.T4CSocketInputStreamWrapper.readNextPacket(T4CSocketInputStreamWrapper.java:123)&#10;&#9;at oracle.jdbc.driver.T4CSocketInputStreamWrapper.read(T4CSocketInputStreamWrapper.java:79)&#10;&#9;at oracle.jdbc.driver.T4CMAREngineStream.unmarshalUB1(T4CMAREngineStream.java:429)&#10;&#9;at oracle.jdbc.driver.T4CTTIfun.receive(T4CTTIfun.java:397)&#10;&#9;at oracle.jdbc.driver.T4CTTIfun.doRPC(T4CTTIfun.java:257)&#10;&#9;at oracle.jdbc.driver.T4C7Ocommoncall.doOLOGOFF(T4C7Ocommoncall.java:59)&#10;&#9;at oracle.jdbc.driver.T4CConnection.logoff(T4CConnection.java:844)&#10;&#9;at oracle.jdbc.driver.PhysicalConnection.close(PhysicalConnection.java:2502)&#10;&#9;at java_sql_Connection$close$0.call(Unknown Source)&#10;&#9;at Conn_DB.connectDB(Conn_DB.groovy:63)&#10;&#9;at Conn_DB$connectDB.call(Unknown Source)&#10;&#9;at CustomKeywords.Conn_DB.connectDB(CustomKeywords.groovy:200)&#10;&#9;at try_it_out_Conn_DB.Conn_DB(try_it_out_Conn_DB.groovy:62)&#10;&#9;at cucumber.runtime.Utils$1.call(Utils.java:26)&#10;&#9;at cucumber.runtime.Timeout.timeout(Timeout.java:16)&#10;&#9;at cucumber.runtime.Utils.invoke(Utils.java:20)&#10;&#9;at cucumber.runtime.java.JavaStepDefinition.execute(JavaStepDefinition.java:48)&#10;&#9;at cucumber.runtime.PickleStepDefinitionMatch.runStep(PickleStepDefinitionMatch.java:50)&#10;&#9;at cucumber.runner.TestStep.executeStep(TestStep.java:55)&#10;&#9;at cucumber.runner.TestStep.run(TestStep.java:42)&#10;&#9;at cucumber.runner.PickleStepTestStep.run(PickleStepTestStep.java:53)&#10;&#9;at cucumber.runner.TestCase.run(TestCase.java:47)&#10;&#9;at cucumber.runner.Runner.runPickle(Runner.java:44)&#10;&#9;at cucumber.runtime.Runtime.runFeature(Runtime.java:120)&#10;&#9;at cucumber.runtime.Runtime.run(Runtime.java:106)&#10;&#9;at cucumber.api.cli.Main.run(Main.java:35)&#10;&#9;at cucumber.api.cli.Main$run.call(Unknown Source)&#10;&#9;at com.kms.katalon.core.cucumber.keyword.CucumberBuiltinKeywords$_runFeatureFile_closure1.doCall(CucumberBuiltinKeywords.groovy:76)&#10;&#9;at com.kms.katalon.core.cucumber.keyword.CucumberBuiltinKeywords$_runFeatureFile_closure1.doCall(CucumberBuiltinKeywords.groovy)&#10;&#9;at com.kms.katalon.core.keyword.internal.KeywordMain.runKeyword(KeywordMain.groovy:68)&#10;&#9;at com.kms.katalon.core.keyword.internal.KeywordMain$runKeyword.call(Unknown Source)&#10;&#9;at com.kms.katalon.core.cucumber.keyword.CucumberBuiltinKeywords.runFeatureFile(CucumberBuiltinKeywords.groovy:46)&#10;&#9;at com.kms.katalon.core.cucumber.keyword.CucumberBuiltinKeywords$runFeatureFile$0.callStatic(Unknown Source)&#10;&#9;at com.kms.katalon.core.cucumber.keyword.CucumberBuiltinKeywords.runFeatureFile(CucumberBuiltinKeywords.groovy:169)&#10;&#9;at com.kms.katalon.core.cucumber.keyword.CucumberBuiltinKeywords$runFeatureFile.call(Unknown Source)&#10;&#9;at Update_Tbl_CDS_CDC_TRKRegMistake.run(Update_Tbl_CDS_CDC_TRKRegMistake:18)&#10;&#9;at com.kms.katalon.core.main.ScriptEngine.run(ScriptEngine.java:194)&#10;&#9;at com.kms.katalon.core.main.ScriptEngine.runScriptAsRawText(ScriptEngine.java:119)&#10;&#9;at com.kms.katalon.core.main.TestCaseExecutor.runScript(TestCaseExecutor.java:339)&#10;&#9;at com.kms.katalon.core.main.TestCaseExecutor.doExecute(TestCaseExecutor.java:330)&#10;&#9;at com.kms.katalon.core.main.TestCaseExecutor.processExecutionPhase(TestCaseExecutor.java:309)&#10;&#9;at com.kms.katalon.core.main.TestCaseExecutor.accessMainPhase(TestCaseExecutor.java:301)&#10;&#9;at com.kms.katalon.core.main.TestCaseExecutor.execute(TestCaseExecutor.java:235)&#10;&#9;at com.kms.katalon.core.main.TestSuiteExecutor.accessTestCaseMainPhase(TestSuiteExecutor.java:191)&#10;&#9;at com.kms.katalon.core.main.TestSuiteExecutor.accessTestSuiteMainPhase(TestSuiteExecutor.java:141)&#10;&#9;at com.kms.katalon.core.main.TestSuiteExecutor.execute(TestSuiteExecutor.java:90)&#10;&#9;at com.kms.katalon.core.main.TestCaseMain.startTestSuite(TestCaseMain.java:157)&#10;&#9;at com.kms.katalon.core.main.TestCaseMain$startTestSuite$0.call(Unknown Source)&#10;&#9;at TempTestSuite1608549027003.run(TempTestSuite1608549027003.groovy:39)&#10;"><![CDATA[Given Connect to Database...................................................failed
And Update Tbl CONTRACT DISPATCHER SRC BPKB To Change PROCESSED From Y to N For BPKB.skipped
And Update Tbl CONTRACT DISPATCHER CLAIM To Delete PROCESS From Column STATUS.skipped
And Delete Contract From TRK_REGISTRATION_MISTAKE...........................skipped

StackTrace:
java.sql.SQLRecoverableException: IO Error: Operation timed out (Read failed)
	at oracle.jdbc.driver.T4CConnection.logoff(T4CConnection.java:857)
	at oracle.jdbc.driver.PhysicalConnection.close(PhysicalConnection.java:2502)
	at java_sql_Connection$close$0.call(Unknown Source)
	at Conn_DB.connectDB(Conn_DB.groovy:63)
	at Conn_DB$connectDB.call(Unknown Source)
	at CustomKeywords.Conn_DB.connectDB(CustomKeywords.groovy:200)
	at try_it_out_Conn_DB.Conn_DB(try_it_out_Conn_DB.groovy:62)
	at ✽.Connect to Database(/Users/chaidir.pratama01/Katalon Studio/IST_Automation_Git/Include/features/IST_Real/CONTRACT_DISPATCHER_BPKB/Update_Tbl_CDS_CDC_TRKRegMistake.feature:26)
Caused by: java.net.SocketException: Operation timed out (Read failed)
	at oracle.net.ns.Packet.receive(Packet.java:311)
	at oracle.net.ns.DataPacket.receive(DataPacket.java:105)
	at oracle.net.ns.NetInputStream.getNextPacket(NetInputStream.java:305)
	at oracle.net.ns.NetInputStream.read(NetInputStream.java:249)
	at oracle.net.ns.NetInputStream.read(NetInputStream.java:171)
	at oracle.net.ns.NetInputStream.read(NetInputStream.java:89)
	at oracle.jdbc.driver.T4CSocketInputStreamWrapper.readNextPacket(T4CSocketInputStreamWrapper.java:123)
	at oracle.jdbc.driver.T4CSocketInputStreamWrapper.read(T4CSocketInputStreamWrapper.java:79)
	at oracle.jdbc.driver.T4CMAREngineStream.unmarshalUB1(T4CMAREngineStream.java:429)
	at oracle.jdbc.driver.T4CTTIfun.receive(T4CTTIfun.java:397)
	at oracle.jdbc.driver.T4CTTIfun.doRPC(T4CTTIfun.java:257)
	at oracle.jdbc.driver.T4C7Ocommoncall.doOLOGOFF(T4C7Ocommoncall.java:59)
	at oracle.jdbc.driver.T4CConnection.logoff(T4CConnection.java:844)
	at oracle.jdbc.driver.PhysicalConnection.close(PhysicalConnection.java:2502)
	at java_sql_Connection$close$0.call(Unknown Source)
	at Conn_DB.connectDB(Conn_DB.groovy:63)
	at Conn_DB$connectDB.call(Unknown Source)
	at CustomKeywords.Conn_DB.connectDB(CustomKeywords.groovy:200)
	at try_it_out_Conn_DB.Conn_DB(try_it_out_Conn_DB.groovy:62)
	at cucumber.runtime.Utils$1.call(Utils.java:26)
	at cucumber.runtime.Timeout.timeout(Timeout.java:16)
	at cucumber.runtime.Utils.invoke(Utils.java:20)
	at cucumber.runtime.java.JavaStepDefinition.execute(JavaStepDefinition.java:48)
	at cucumber.runtime.PickleStepDefinitionMatch.runStep(PickleStepDefinitionMatch.java:50)
	at cucumber.runner.TestStep.executeStep(TestStep.java:55)
	at cucumber.runner.TestStep.run(TestStep.java:42)
	at cucumber.runner.PickleStepTestStep.run(PickleStepTestStep.java:53)
	at cucumber.runner.TestCase.run(TestCase.java:47)
	at cucumber.runner.Runner.runPickle(Runner.java:44)
	at cucumber.runtime.Runtime.runFeature(Runtime.java:120)
	at cucumber.runtime.Runtime.run(Runtime.java:106)
	at cucumber.api.cli.Main.run(Main.java:35)
	at cucumber.api.cli.Main$run.call(Unknown Source)
	at com.kms.katalon.core.cucumber.keyword.CucumberBuiltinKeywords$_runFeatureFile_closure1.doCall(CucumberBuiltinKeywords.groovy:76)
	at com.kms.katalon.core.cucumber.keyword.CucumberBuiltinKeywords$_runFeatureFile_closure1.doCall(CucumberBuiltinKeywords.groovy)
	at com.kms.katalon.core.keyword.internal.KeywordMain.runKeyword(KeywordMain.groovy:68)
	at com.kms.katalon.core.keyword.internal.KeywordMain$runKeyword.call(Unknown Source)
	at com.kms.katalon.core.cucumber.keyword.CucumberBuiltinKeywords.runFeatureFile(CucumberBuiltinKeywords.groovy:46)
	at com.kms.katalon.core.cucumber.keyword.CucumberBuiltinKeywords$runFeatureFile$0.callStatic(Unknown Source)
	at com.kms.katalon.core.cucumber.keyword.CucumberBuiltinKeywords.runFeatureFile(CucumberBuiltinKeywords.groovy:169)
	at com.kms.katalon.core.cucumber.keyword.CucumberBuiltinKeywords$runFeatureFile.call(Unknown Source)
	at Update_Tbl_CDS_CDC_TRKRegMistake.run(Update_Tbl_CDS_CDC_TRKRegMistake:18)
	at com.kms.katalon.core.main.ScriptEngine.run(ScriptEngine.java:194)
	at com.kms.katalon.core.main.ScriptEngine.runScriptAsRawText(ScriptEngine.java:119)
	at com.kms.katalon.core.main.TestCaseExecutor.runScript(TestCaseExecutor.java:339)
	at com.kms.katalon.core.main.TestCaseExecutor.doExecute(TestCaseExecutor.java:330)
	at com.kms.katalon.core.main.TestCaseExecutor.processExecutionPhase(TestCaseExecutor.java:309)
	at com.kms.katalon.core.main.TestCaseExecutor.accessMainPhase(TestCaseExecutor.java:301)
	at com.kms.katalon.core.main.TestCaseExecutor.execute(TestCaseExecutor.java:235)
	at com.kms.katalon.core.main.TestSuiteExecutor.accessTestCaseMainPhase(TestSuiteExecutor.java:191)
	at com.kms.katalon.core.main.TestSuiteExecutor.accessTestSuiteMainPhase(TestSuiteExecutor.java:141)
	at com.kms.katalon.core.main.TestSuiteExecutor.execute(TestSuiteExecutor.java:90)
	at com.kms.katalon.core.main.TestCaseMain.startTestSuite(TestCaseMain.java:157)
	at com.kms.katalon.core.main.TestCaseMain$startTestSuite$0.call(Unknown Source)
	at TempTestSuite1608549027003.run(TempTestSuite1608549027003.groovy:39)
]]></failure>
</testcase>
</testsuite>
