<?xml version="1.0" encoding="UTF-8"?>
<testsuites name="TS_Hold_Payment_Configuration" time="85.04" tests="4" failures="1" errors="0">
   <testsuite name="TS_Hold_Payment_Configuration" tests="4" failures="1" errors="0" time="85.04" timestamp="2021-01-21 17:58:47" hostname="chaidir.pratama01 - localhost" id="Test Suites/RTD/TS_Hold_Payment_Configuration">
      <properties>
         <property name="deviceName" value=""/>
         <property name="devicePlatform" value=""/>
         <property name="logFolder" value="/Users/chaidir.pratama01/Katalon Studio/IST_Automation_Git/Reports/20210121_172548/RTD/TS_Hold_Payment_Configuration/20210121_172555"/>
         <property name="logFiles" value="/Users/chaidir.pratama01/Katalon Studio/IST_Automation_Git/Reports/20210121_172548/RTD/TS_Hold_Payment_Configuration/20210121_172555/execution0.log"/>
         <property name="attachments" value="/Users/chaidir.pratama01/Documents/Docs/Katalon Studio/Screenshot/test-Hold Payment Configuration.png, /Users/chaidir.pratama01/Documents/Docs/Katalon Studio/Screenshot/errorpopup.png, /Users/chaidir.pratama01/Documents/Docs/Katalon Studio/Screenshot/test-Hold Payment Configuration.png, /Users/chaidir.pratama01/Documents/Docs/Katalon Studio/Screenshot/errorpopup.png, /Users/chaidir.pratama01/Katalon Studio/IST_Automation_Git/Screenshot/result date.png, /Users/chaidir.pratama01/Documents/Docs/Katalon Studio/Screenshot/test-Hold Payment Configuration.png, /Users/chaidir.pratama01/Documents/Docs/Katalon Studio/Screenshot/errorpopup.png, /Users/chaidir.pratama01/Documents/Docs/Katalon Studio/Screenshot/test-Hold Payment Configuration.png, /Users/chaidir.pratama01/Documents/Docs/Katalon Studio/Screenshot/errorpopup.png, /Users/chaidir.pratama01/Documents/Docs/Katalon Studio/Screenshot/test-Hold Payment Configuration.png"/>
         <property name="hostName" value="chaidir.pratama01 - localhost"/>
         <property name="os" value="Mac OS X 64bit"/>
         <property name="katalonVersion" value="7.6.0.${buildNumber}"/>
         <property name="browser" value="Chrome 87.0.4280.141"/>
         <property name="hostAddress" value="127.0.0.1"/>
         <property name="sessionId" value="69f223e621656d3910688ba4f0e72651"/>
         <property name="seleniumVersion" value="3.141.59"/>
         <property name="proxyInformation" value="ProxyInformation { proxyOption=NO_PROXY, proxyServerType=HTTP, username=, password=********, proxyServerAddress=, proxyServerPort=0, executionList=\&quot;\&quot;, isApplyToDesiredCapabilities=true }"/>
         <property name="platform" value="Mac OS X"/>
      </properties>
      <testcase name="Test Cases/RTD/Hold Payment Configuration/TC_Release_Schedule" time="14.788" classname="Test Cases/RTD/Hold Payment Configuration/TC_Release_Schedule" status="PASSED">
         <system-out><![CDATA[2021-01-21 17:58:47 - [TEST_CASE][PASSED] - Test Cases/RTD/Hold Payment Configuration/TC_Release_Schedule: Test Cases/RTD/Hold Payment Configuration/TC_Release_Schedule

2021-01-21 17:58:47 - [TEST_STEP][PASSED] - runFeatureFile("Include/features/IST_Real/RTD/Hold Payment Configuration/Release_Schedule.feature"): Feature file: 'Include/features/IST_Real/RTD/Hold Payment Configuration/Release_Schedule.feature' was passed

2021-01-21 17:58:47 - [MESSAGE][INFO] - Starting run keyword runFeatureFile: 'Include/features/IST_Real/RTD/Hold Payment Configuration/Release_Schedule.feature' and extract report to folder: '/Users/chaidir.pratama01/Katalon Studio/IST_Automation_Git/Reports/20210121_172548/RTD/TS_Hold_Payment_Configuration/20210121_172555/cucumber_report/1611226727951'...

2021-01-21 17:58:48 - [TEST_CASE][PASSED] - Start Test Case : SCENARIO Release Schedule: SCENARIO Release Schedule

2021-01-21 17:58:48 - [TEST_STEP][PASSED] - Go to ISTools: Go to ISTools

2021-01-21 17:58:48 - [MESSAGE][INFO] - Starting 'Chrome (headless)' driver

2021-01-21 17:58:48 - [MESSAGE][INFO] - User set preference: ['args', '[--start-maximized, --disable-gpu, --no-proxy-server, â€“-no-sandbox, --allow-running-insecure-content, --ignore-certificate-errors, window-size=1680,814, force-device-scale-factor=2, --lang=en-GB]']

2021-01-21 17:58:48 - [MESSAGE][INFO] - User set preference: ['prefs', '{download.default_directory=/Users/chaidir.pratama01/Katalon Studio/IST_Automation_Git/Download}']

2021-01-21 17:58:48 - [MESSAGE][INFO] - Action delay is set to 0 milliseconds

2021-01-21 17:58:49 - [MESSAGE][PASSED] - Browser is opened with url: ''

2021-01-21 17:58:50 - [MESSAGE][PASSED] - Navigate to 'https://dev-istools.homecredit.id/foundation/' successfully

2021-01-21 17:58:50 - [MESSAGE][PASSED] - Go to ISTools

2021-01-21 17:58:50 - [TEST_STEP][PASSED] - Login IST with valid credentials: Login IST with valid credentials

2021-01-21 17:58:51 - [MESSAGE][PASSED] - Text 'mobile.test' is set on object 'Object Repository/Page_/input_Username_j_username'

2021-01-21 17:58:51 - [MESSAGE][PASSED] - Text ****** has been set on object 'Object Repository/Page_/input_Password_j_password'

2021-01-21 17:58:51 - [MESSAGE][PASSED] - Object: 'Object Repository/Page_/button_Login' is clicked on

2021-01-21 17:58:51 - [MESSAGE][PASSED] - Login IST with valid credentials

2021-01-21 17:58:51 - [TEST_STEP][PASSED] - Login Success: Login Success

2021-01-21 17:58:51 - [MESSAGE][INFO] - Login Success

2021-01-21 17:58:51 - [MESSAGE][PASSED] - Current window maximized

2021-01-21 17:58:51 - [MESSAGE][PASSED] - Object 'Object Repository/Page_/h1_Welcome to IT Supporting Tools' is present

2021-01-21 17:58:51 - [MESSAGE][PASSED] - Login Success

2021-01-21 17:58:51 - [TEST_STEP][PASSED] - Select Arrow Menu "Real Time Disbursement": Select Arrow Menu "Real Time Disbursement"

2021-01-21 17:58:51 - [MESSAGE][PASSED] - Object: '' is clicked on

2021-01-21 17:58:51 - [MESSAGE][PASSED] - Select Arrow Menu "Real Time Disbursement"

2021-01-21 17:58:51 - [TEST_STEP][PASSED] - Select Menu "Hold Payment Configuration": Select Menu "Hold Payment Configuration"

2021-01-21 17:58:52 - [MESSAGE][PASSED] - Taking screenshot successfully
[[ATTACHMENT|/Users/chaidir.pratama01/Documents/Docs/Katalon Studio/Screenshot/test-Hold Payment Configuration.png]]

2021-01-21 17:58:52 - [MESSAGE][PASSED] - Object '' is present

2021-01-21 17:58:52 - [MESSAGE][PASSED] - Object: '' is clicked on

2021-01-21 17:58:52 - [MESSAGE][PASSED] - Wait for page load successfully

2021-01-21 17:58:52 - [MESSAGE][PASSED] - Select Menu "Hold Payment Configuration"

2021-01-21 17:58:52 - [TEST_STEP][PASSED] - Click button "Release" and Verify data: Click button "Release" and Verify data

2021-01-21 17:58:55 - [MESSAGE][PASSED] - Delayed 3 second(s)

2021-01-21 17:58:55 - [MESSAGE][PASSED] - Click button "Release" and Verify data

2021-01-21 17:58:55 - [TEST_STEP][PASSED] - Get text from pop up "Confirm" with text "Are you sure want to release this param?": Get text from pop up "Confirm" with text "Are you sure want to release this param?"

2021-01-21 17:58:56 - [MESSAGE][PASSED] - Taking screenshot successfully
[[ATTACHMENT|/Users/chaidir.pratama01/Documents/Docs/Katalon Studio/Screenshot/errorpopup.png]]

2021-01-21 17:58:56 - [MESSAGE][PASSED] - Object '' is present

2021-01-21 17:58:56 - [MESSAGE][PASSED] - Wait for page load successfully

2021-01-21 17:58:56 - [MESSAGE][PASSED] - Wait for page load successfully

2021-01-21 17:58:56 - [MESSAGE][PASSED] - Get text from pop up "Confirm" with text "Are you sure want to release this param?"

2021-01-21 17:58:56 - [TEST_STEP][PASSED] - Click button "Yes": Click button "Yes"

2021-01-21 17:58:56 - [MESSAGE][INFO] - >>>>>//Button[contains(text(),'Yes')]

2021-01-21 17:58:59 - [MESSAGE][PASSED] - Object '' is present

2021-01-21 17:58:59 - [MESSAGE][PASSED] - Object: '' is clicked on

2021-01-21 17:58:59 - [MESSAGE][PASSED] - Switched to window with index: '0'

2021-01-21 17:58:59 - [MESSAGE][PASSED] - Click button "Yes"

2021-01-21 17:58:59 - [TEST_STEP][PASSED] - Verify Data dont Exist: Verify Data dont Exist

2021-01-21 17:59:02 - [MESSAGE][PASSED] - Delayed 3 second(s)

2021-01-21 17:59:02 - [MESSAGE][PASSED] - Web element with id: '' located by 'By.xpath: //tbody/tr/td/div/button[text()='Release']/../../preceding-sibling::td[4]/div/span[text()='25-01-2021']' is not present after '3' second(s)

2021-01-21 17:59:02 - [MESSAGE][PASSED] - Web element with id: '' located by 'By.xpath: //tbody/tr/td/div/button[text()='Release']/../../preceding-sibling::td[3]/div/span[text()='30-01-2021']' is not present after '3' second(s)

2021-01-21 17:59:02 - [MESSAGE][PASSED] - Verify Data dont Exist

2021-01-21 17:59:02 - [MESSAGE][PASSED] - Feature file: 'Include/features/IST_Real/RTD/Hold Payment Configuration/Release_Schedule.feature' was passed]]></system-out>
         <system-err><![CDATA[]]></system-err>
      </testcase>
      <testcase name="Test Cases/RTD/Hold Payment Configuration/TC_Add_New_Schedule" time="22.431" classname="Test Cases/RTD/Hold Payment Configuration/TC_Add_New_Schedule" status="PASSED">
         <system-out><![CDATA[2021-01-21 17:59:02 - [TEST_CASE][PASSED] - Test Cases/RTD/Hold Payment Configuration/TC_Add_New_Schedule: Test Cases/RTD/Hold Payment Configuration/TC_Add_New_Schedule

2021-01-21 17:59:02 - [TEST_STEP][PASSED] - runFeatureFile("Include/features/IST_Real/RTD/Hold Payment Configuration/Add_New_Schedule.feature"): Feature file: 'Include/features/IST_Real/RTD/Hold Payment Configuration/Add_New_Schedule.feature' was passed

2021-01-21 17:59:02 - [MESSAGE][INFO] - Starting run keyword runFeatureFile: 'Include/features/IST_Real/RTD/Hold Payment Configuration/Add_New_Schedule.feature' and extract report to folder: '/Users/chaidir.pratama01/Katalon Studio/IST_Automation_Git/Reports/20210121_172548/RTD/TS_Hold_Payment_Configuration/20210121_172555/cucumber_report/1611226742612'...

2021-01-21 17:59:02 - [TEST_CASE][PASSED] - Start Test Case : SCENARIO Set Schedule for Hold Payment: SCENARIO Set Schedule for Hold Payment

2021-01-21 17:59:02 - [TEST_STEP][PASSED] - Go to ISTools: Go to ISTools

2021-01-21 17:59:02 - [MESSAGE][WARNING] - A browser is already opened. Closing browser and opening a new one

2021-01-21 17:59:02 - [MESSAGE][INFO] - Starting 'Chrome (headless)' driver

2021-01-21 17:59:02 - [MESSAGE][INFO] - User set preference: ['args', '[--start-maximized, --disable-gpu, --no-proxy-server, â€“-no-sandbox, --allow-running-insecure-content, --ignore-certificate-errors, window-size=1680,814, force-device-scale-factor=2, --lang=en-GB]']

2021-01-21 17:59:02 - [MESSAGE][INFO] - User set preference: ['prefs', '{download.default_directory=/Users/chaidir.pratama01/Katalon Studio/IST_Automation_Git/Download}']

2021-01-21 17:59:02 - [MESSAGE][INFO] - Action delay is set to 0 milliseconds

2021-01-21 17:59:03 - [MESSAGE][PASSED] - Browser is opened with url: ''

2021-01-21 17:59:03 - [MESSAGE][PASSED] - Navigate to 'https://dev-istools.homecredit.id/foundation/' successfully

2021-01-21 17:59:03 - [MESSAGE][PASSED] - Go to ISTools

2021-01-21 17:59:03 - [TEST_STEP][PASSED] - Login IST with valid credentials: Login IST with valid credentials

2021-01-21 17:59:04 - [MESSAGE][PASSED] - Text 'mobile.test' is set on object 'Object Repository/Page_/input_Username_j_username'

2021-01-21 17:59:04 - [MESSAGE][PASSED] - Text ****** has been set on object 'Object Repository/Page_/input_Password_j_password'

2021-01-21 17:59:04 - [MESSAGE][PASSED] - Object: 'Object Repository/Page_/button_Login' is clicked on

2021-01-21 17:59:04 - [MESSAGE][PASSED] - Login IST with valid credentials

2021-01-21 17:59:04 - [TEST_STEP][PASSED] - Login Success: Login Success

2021-01-21 17:59:04 - [MESSAGE][INFO] - Login Success

2021-01-21 17:59:04 - [MESSAGE][PASSED] - Current window maximized

2021-01-21 17:59:04 - [MESSAGE][PASSED] - Object 'Object Repository/Page_/h1_Welcome to IT Supporting Tools' is present

2021-01-21 17:59:04 - [MESSAGE][PASSED] - Login Success

2021-01-21 17:59:04 - [TEST_STEP][PASSED] - Select Arrow Menu "Real Time Disbursement": Select Arrow Menu "Real Time Disbursement"

2021-01-21 17:59:04 - [MESSAGE][PASSED] - Object: '' is clicked on

2021-01-21 17:59:04 - [MESSAGE][PASSED] - Select Arrow Menu "Real Time Disbursement"

2021-01-21 17:59:04 - [TEST_STEP][PASSED] - Select Menu "Hold Payment Configuration": Select Menu "Hold Payment Configuration"

2021-01-21 17:59:05 - [MESSAGE][PASSED] - Taking screenshot successfully
[[ATTACHMENT|/Users/chaidir.pratama01/Documents/Docs/Katalon Studio/Screenshot/test-Hold Payment Configuration.png]]

2021-01-21 17:59:05 - [MESSAGE][PASSED] - Object '' is present

2021-01-21 17:59:05 - [MESSAGE][PASSED] - Object: '' is clicked on

2021-01-21 17:59:05 - [MESSAGE][PASSED] - Wait for page load successfully

2021-01-21 17:59:05 - [MESSAGE][PASSED] - Select Menu "Hold Payment Configuration"

2021-01-21 17:59:05 - [TEST_STEP][PASSED] - Input "Start Date Hold Payment" with value "25-01-2021": Input "Start Date Hold Payment" with value "25-01-2021"

2021-01-21 17:59:08 - [MESSAGE][PASSED] - Delayed 3 second(s)

2021-01-21 17:59:08 - [MESSAGE][PASSED] - Input "Start Date Hold Payment" with value "25-01-2021"

2021-01-21 17:59:08 - [TEST_STEP][PASSED] - Input "Release Date" with value "30-01-2021": Input "Release Date" with value "30-01-2021"

2021-01-21 17:59:11 - [MESSAGE][PASSED] - Delayed 3 second(s)

2021-01-21 17:59:11 - [MESSAGE][PASSED] - Input "Release Date" with value "30-01-2021"

2021-01-21 17:59:11 - [TEST_STEP][PASSED] - Click button "Add": Click button "Add"

2021-01-21 17:59:11 - [MESSAGE][INFO] - >>>>>//Button[contains(text(),'Add')]

2021-01-21 17:59:14 - [MESSAGE][PASSED] - Object '' is present

2021-01-21 17:59:14 - [MESSAGE][PASSED] - Object: '' is clicked on

2021-01-21 17:59:14 - [MESSAGE][PASSED] - Switched to window with index: '0'

2021-01-21 17:59:14 - [MESSAGE][PASSED] - Click button "Add"

2021-01-21 17:59:14 - [TEST_STEP][PASSED] - Get text from pop up "Confirm" with text "Add new hold payment config?": Get text from pop up "Confirm" with text "Add new hold payment config?"

2021-01-21 17:59:15 - [MESSAGE][PASSED] - Taking screenshot successfully
[[ATTACHMENT|/Users/chaidir.pratama01/Documents/Docs/Katalon Studio/Screenshot/errorpopup.png]]

2021-01-21 17:59:15 - [MESSAGE][PASSED] - Object '' is present

2021-01-21 17:59:15 - [MESSAGE][PASSED] - Wait for page load successfully

2021-01-21 17:59:15 - [MESSAGE][PASSED] - Wait for page load successfully

2021-01-21 17:59:15 - [MESSAGE][PASSED] - Get text from pop up "Confirm" with text "Add new hold payment config?"

2021-01-21 17:59:15 - [TEST_STEP][PASSED] - Click button "Yes": Click button "Yes"

2021-01-21 17:59:15 - [MESSAGE][INFO] - >>>>>//Button[contains(text(),'Yes')]

2021-01-21 17:59:18 - [MESSAGE][PASSED] - Object '' is present

2021-01-21 17:59:18 - [MESSAGE][PASSED] - Object: '' is clicked on

2021-01-21 17:59:18 - [MESSAGE][PASSED] - Switched to window with index: '0'

2021-01-21 17:59:18 - [MESSAGE][PASSED] - Click button "Yes"

2021-01-21 17:59:18 - [TEST_STEP][PASSED] - Verify Result: Verify Result

2021-01-21 17:59:21 - [MESSAGE][PASSED] - Delayed 3 second(s)

2021-01-21 17:59:21 - [MESSAGE][PASSED] - Taking screenshot successfully
[[ATTACHMENT|/Users/chaidir.pratama01/Katalon Studio/IST_Automation_Git/Screenshot/result date.png]]

2021-01-21 17:59:21 - [MESSAGE][PASSED] - Verify Result

2021-01-21 17:59:21 - [TEST_STEP][PASSED] - Click button "Logout": Click button "Logout"

2021-01-21 17:59:21 - [MESSAGE][INFO] - >>>>>//Button[contains(text(),'Logout')]

2021-01-21 17:59:24 - [MESSAGE][PASSED] - Object '' is present

2021-01-21 17:59:24 - [MESSAGE][PASSED] - Object: '' is clicked on

2021-01-21 17:59:24 - [MESSAGE][PASSED] - Switched to window with index: '0'

2021-01-21 17:59:24 - [MESSAGE][PASSED] - Click button "Logout"

2021-01-21 17:59:24 - [TEST_STEP][PASSED] - Close browser: Close browser

2021-01-21 17:59:24 - [MESSAGE][PASSED] - Browser is closed

2021-01-21 17:59:24 - [MESSAGE][PASSED] - Close browser

2021-01-21 17:59:24 - [MESSAGE][PASSED] - Feature file: 'Include/features/IST_Real/RTD/Hold Payment Configuration/Add_New_Schedule.feature' was passed]]></system-out>
         <system-err><![CDATA[]]></system-err>
      </testcase>
      <testcase name="Test Cases/RTD/Hold Payment Configuration/TC_Date_is_NULL" time="37.508" classname="Test Cases/RTD/Hold Payment Configuration/TC_Date_is_NULL" status="PASSED">
         <system-out><![CDATA[2021-01-21 17:59:24 - [TEST_CASE][PASSED] - Test Cases/RTD/Hold Payment Configuration/TC_Date_is_NULL: Test Cases/RTD/Hold Payment Configuration/TC_Date_is_NULL

2021-01-21 17:59:25 - [TEST_STEP][PASSED] - runFeatureFile("Include/features/IST_Real/RTD/Hold Payment Configuration/Date_is_NULL.feature"): Feature file: 'Include/features/IST_Real/RTD/Hold Payment Configuration/Date_is_NULL.feature' was passed

2021-01-21 17:59:25 - [MESSAGE][INFO] - Starting run keyword runFeatureFile: 'Include/features/IST_Real/RTD/Hold Payment Configuration/Date_is_NULL.feature' and extract report to folder: '/Users/chaidir.pratama01/Katalon Studio/IST_Automation_Git/Reports/20210121_172548/RTD/TS_Hold_Payment_Configuration/20210121_172555/cucumber_report/1611226765028'...

2021-01-21 17:59:25 - [TEST_CASE][PASSED] - Start Test Case : SCENARIO Start Date is Null: SCENARIO Start Date is Null

2021-01-21 17:59:25 - [TEST_STEP][PASSED] - Go to ISTools: Go to ISTools

2021-01-21 17:59:25 - [MESSAGE][INFO] - Starting 'Chrome (headless)' driver

2021-01-21 17:59:25 - [MESSAGE][INFO] - User set preference: ['args', '[--start-maximized, --disable-gpu, --no-proxy-server, â€“-no-sandbox, --allow-running-insecure-content, --ignore-certificate-errors, window-size=1680,814, force-device-scale-factor=2, --lang=en-GB]']

2021-01-21 17:59:25 - [MESSAGE][INFO] - User set preference: ['prefs', '{download.default_directory=/Users/chaidir.pratama01/Katalon Studio/IST_Automation_Git/Download}']

2021-01-21 17:59:25 - [MESSAGE][INFO] - Action delay is set to 0 milliseconds

2021-01-21 17:59:25 - [MESSAGE][PASSED] - Browser is opened with url: ''

2021-01-21 17:59:26 - [MESSAGE][PASSED] - Navigate to 'https://dev-istools.homecredit.id/foundation/' successfully

2021-01-21 17:59:26 - [MESSAGE][PASSED] - Go to ISTools

2021-01-21 17:59:26 - [TEST_STEP][PASSED] - Login IST with valid credentials: Login IST with valid credentials

2021-01-21 17:59:26 - [MESSAGE][PASSED] - Text 'mobile.test' is set on object 'Object Repository/Page_/input_Username_j_username'

2021-01-21 17:59:26 - [MESSAGE][PASSED] - Text ****** has been set on object 'Object Repository/Page_/input_Password_j_password'

2021-01-21 17:59:26 - [MESSAGE][PASSED] - Object: 'Object Repository/Page_/button_Login' is clicked on

2021-01-21 17:59:26 - [MESSAGE][PASSED] - Login IST with valid credentials

2021-01-21 17:59:26 - [TEST_STEP][PASSED] - Login Success: Login Success

2021-01-21 17:59:26 - [MESSAGE][INFO] - Login Success

2021-01-21 17:59:26 - [MESSAGE][PASSED] - Current window maximized

2021-01-21 17:59:26 - [MESSAGE][PASSED] - Object 'Object Repository/Page_/h1_Welcome to IT Supporting Tools' is present

2021-01-21 17:59:26 - [MESSAGE][PASSED] - Login Success

2021-01-21 17:59:26 - [TEST_STEP][PASSED] - Select Arrow Menu "Real Time Disbursement": Select Arrow Menu "Real Time Disbursement"

2021-01-21 17:59:26 - [MESSAGE][PASSED] - Object: '' is clicked on

2021-01-21 17:59:26 - [MESSAGE][PASSED] - Select Arrow Menu "Real Time Disbursement"

2021-01-21 17:59:26 - [TEST_STEP][PASSED] - Select Menu "Hold Payment Configuration": Select Menu "Hold Payment Configuration"

2021-01-21 17:59:27 - [MESSAGE][PASSED] - Taking screenshot successfully
[[ATTACHMENT|/Users/chaidir.pratama01/Documents/Docs/Katalon Studio/Screenshot/test-Hold Payment Configuration.png]]

2021-01-21 17:59:27 - [MESSAGE][PASSED] - Object '' is present

2021-01-21 17:59:27 - [MESSAGE][PASSED] - Object: '' is clicked on

2021-01-21 17:59:27 - [MESSAGE][PASSED] - Wait for page load successfully

2021-01-21 17:59:27 - [MESSAGE][PASSED] - Select Menu "Hold Payment Configuration"

2021-01-21 17:59:27 - [TEST_STEP][PASSED] - Input "Start Date Hold Payment" with value "": Input "Start Date Hold Payment" with value ""

2021-01-21 17:59:30 - [MESSAGE][PASSED] - Delayed 3 second(s)

2021-01-21 17:59:30 - [MESSAGE][PASSED] - Input "Start Date Hold Payment" with value ""

2021-01-21 17:59:30 - [TEST_STEP][PASSED] - Input "Release Date" with value "30-01-2021": Input "Release Date" with value "30-01-2021"

2021-01-21 17:59:33 - [MESSAGE][PASSED] - Delayed 3 second(s)

2021-01-21 17:59:33 - [MESSAGE][PASSED] - Input "Release Date" with value "30-01-2021"

2021-01-21 17:59:33 - [TEST_STEP][PASSED] - Click button "Add": Click button "Add"

2021-01-21 17:59:33 - [MESSAGE][INFO] - >>>>>//Button[contains(text(),'Add')]

2021-01-21 17:59:36 - [MESSAGE][PASSED] - Object '' is present

2021-01-21 17:59:36 - [MESSAGE][PASSED] - Object: '' is clicked on

2021-01-21 17:59:36 - [MESSAGE][PASSED] - Switched to window with index: '0'

2021-01-21 17:59:36 - [MESSAGE][PASSED] - Click button "Add"

2021-01-21 17:59:36 - [TEST_STEP][PASSED] - Get text from pop up "IT Supporting Tools" with text "Start date & end date cannot be empty": Get text from pop up "IT Supporting Tools" with text "Start date & end date cannot be empty"

2021-01-21 17:59:37 - [MESSAGE][PASSED] - Taking screenshot successfully
[[ATTACHMENT|/Users/chaidir.pratama01/Documents/Docs/Katalon Studio/Screenshot/errorpopup.png]]

2021-01-21 17:59:37 - [MESSAGE][PASSED] - Object '' is present

2021-01-21 17:59:37 - [MESSAGE][PASSED] - Wait for page load successfully

2021-01-21 17:59:37 - [MESSAGE][PASSED] - Wait for page load successfully

2021-01-21 17:59:37 - [MESSAGE][PASSED] - Get text from pop up "IT Supporting Tools" with text "Start date & end date cannot be empty"

2021-01-21 17:59:37 - [TEST_STEP][PASSED] - Click button "OK": Click button "OK"

2021-01-21 17:59:37 - [MESSAGE][INFO] - >>>>>//Button[contains(text(),'OK')]

2021-01-21 17:59:40 - [MESSAGE][PASSED] - Object '' is present

2021-01-21 17:59:40 - [MESSAGE][PASSED] - Object: '' is clicked on

2021-01-21 17:59:40 - [MESSAGE][PASSED] - Switched to window with index: '0'

2021-01-21 17:59:40 - [MESSAGE][PASSED] - Click button "OK"

2021-01-21 17:59:40 - [TEST_STEP][PASSED] - Click button "Logout": Click button "Logout"

2021-01-21 17:59:40 - [MESSAGE][INFO] - >>>>>//Button[contains(text(),'Logout')]

2021-01-21 17:59:43 - [MESSAGE][PASSED] - Object '' is present

2021-01-21 17:59:43 - [MESSAGE][PASSED] - Object: '' is clicked on

2021-01-21 17:59:43 - [MESSAGE][PASSED] - Switched to window with index: '0'

2021-01-21 17:59:43 - [MESSAGE][PASSED] - Click button "Logout"

2021-01-21 17:59:43 - [TEST_STEP][PASSED] - Close browser: Close browser

2021-01-21 17:59:43 - [MESSAGE][PASSED] - Browser is closed

2021-01-21 17:59:43 - [MESSAGE][PASSED] - Close browser

2021-01-21 17:59:43 - [TEST_CASE][PASSED] - Start Test Case : SCENARIO End Date is Null: SCENARIO End Date is Null

2021-01-21 17:59:43 - [TEST_STEP][PASSED] - Go to ISTools: Go to ISTools

2021-01-21 17:59:43 - [MESSAGE][INFO] - Starting 'Chrome (headless)' driver

2021-01-21 17:59:43 - [MESSAGE][INFO] - User set preference: ['args', '[--start-maximized, --disable-gpu, --no-proxy-server, â€“-no-sandbox, --allow-running-insecure-content, --ignore-certificate-errors, window-size=1680,814, force-device-scale-factor=2, --lang=en-GB]']

2021-01-21 17:59:43 - [MESSAGE][INFO] - User set preference: ['prefs', '{download.default_directory=/Users/chaidir.pratama01/Katalon Studio/IST_Automation_Git/Download}']

2021-01-21 17:59:43 - [MESSAGE][INFO] - Action delay is set to 0 milliseconds

2021-01-21 17:59:44 - [MESSAGE][PASSED] - Browser is opened with url: ''

2021-01-21 17:59:44 - [MESSAGE][PASSED] - Navigate to 'https://dev-istools.homecredit.id/foundation/' successfully

2021-01-21 17:59:44 - [MESSAGE][PASSED] - Go to ISTools

2021-01-21 17:59:44 - [TEST_STEP][PASSED] - Login IST with valid credentials: Login IST with valid credentials

2021-01-21 17:59:45 - [MESSAGE][PASSED] - Text 'mobile.test' is set on object 'Object Repository/Page_/input_Username_j_username'

2021-01-21 17:59:45 - [MESSAGE][PASSED] - Text ****** has been set on object 'Object Repository/Page_/input_Password_j_password'

2021-01-21 17:59:45 - [MESSAGE][PASSED] - Object: 'Object Repository/Page_/button_Login' is clicked on

2021-01-21 17:59:45 - [MESSAGE][PASSED] - Login IST with valid credentials

2021-01-21 17:59:45 - [TEST_STEP][PASSED] - Login Success: Login Success

2021-01-21 17:59:45 - [MESSAGE][INFO] - Login Success

2021-01-21 17:59:45 - [MESSAGE][PASSED] - Current window maximized

2021-01-21 17:59:45 - [MESSAGE][PASSED] - Object 'Object Repository/Page_/h1_Welcome to IT Supporting Tools' is present

2021-01-21 17:59:45 - [MESSAGE][PASSED] - Login Success

2021-01-21 17:59:45 - [TEST_STEP][PASSED] - Select Arrow Menu "Real Time Disbursement": Select Arrow Menu "Real Time Disbursement"

2021-01-21 17:59:45 - [MESSAGE][PASSED] - Object: '' is clicked on

2021-01-21 17:59:45 - [MESSAGE][PASSED] - Select Arrow Menu "Real Time Disbursement"

2021-01-21 17:59:45 - [TEST_STEP][PASSED] - Select Menu "Hold Payment Configuration": Select Menu "Hold Payment Configuration"

2021-01-21 17:59:46 - [MESSAGE][PASSED] - Taking screenshot successfully
[[ATTACHMENT|/Users/chaidir.pratama01/Documents/Docs/Katalon Studio/Screenshot/test-Hold Payment Configuration.png]]

2021-01-21 17:59:46 - [MESSAGE][PASSED] - Object '' is present

2021-01-21 17:59:46 - [MESSAGE][PASSED] - Object: '' is clicked on

2021-01-21 17:59:46 - [MESSAGE][PASSED] - Wait for page load successfully

2021-01-21 17:59:46 - [MESSAGE][PASSED] - Select Menu "Hold Payment Configuration"

2021-01-21 17:59:46 - [TEST_STEP][PASSED] - Input "Start Date Hold Payment" with value "25-01-2021": Input "Start Date Hold Payment" with value "25-01-2021"

2021-01-21 17:59:49 - [MESSAGE][PASSED] - Delayed 3 second(s)

2021-01-21 17:59:49 - [MESSAGE][PASSED] - Input "Start Date Hold Payment" with value "25-01-2021"

2021-01-21 17:59:49 - [TEST_STEP][PASSED] - Input "Release Date" with value "": Input "Release Date" with value ""

2021-01-21 17:59:52 - [MESSAGE][PASSED] - Delayed 3 second(s)

2021-01-21 17:59:52 - [MESSAGE][PASSED] - Input "Release Date" with value ""

2021-01-21 17:59:52 - [TEST_STEP][PASSED] - Click button "Add": Click button "Add"

2021-01-21 17:59:52 - [MESSAGE][INFO] - >>>>>//Button[contains(text(),'Add')]

2021-01-21 17:59:55 - [MESSAGE][PASSED] - Object '' is present

2021-01-21 17:59:55 - [MESSAGE][PASSED] - Object: '' is clicked on

2021-01-21 17:59:55 - [MESSAGE][PASSED] - Switched to window with index: '0'

2021-01-21 17:59:55 - [MESSAGE][PASSED] - Click button "Add"

2021-01-21 17:59:55 - [TEST_STEP][PASSED] - Get text from pop up "IT Supporting Tools" with text "Start date & end date cannot be empty": Get text from pop up "IT Supporting Tools" with text "Start date & end date cannot be empty"

2021-01-21 17:59:56 - [MESSAGE][PASSED] - Taking screenshot successfully
[[ATTACHMENT|/Users/chaidir.pratama01/Documents/Docs/Katalon Studio/Screenshot/errorpopup.png]]

2021-01-21 17:59:56 - [MESSAGE][PASSED] - Object '' is present

2021-01-21 17:59:56 - [MESSAGE][PASSED] - Wait for page load successfully

2021-01-21 17:59:56 - [MESSAGE][PASSED] - Wait for page load successfully

2021-01-21 17:59:56 - [MESSAGE][PASSED] - Get text from pop up "IT Supporting Tools" with text "Start date & end date cannot be empty"

2021-01-21 17:59:56 - [TEST_STEP][PASSED] - Click button "OK": Click button "OK"

2021-01-21 17:59:56 - [MESSAGE][INFO] - >>>>>//Button[contains(text(),'OK')]

2021-01-21 17:59:59 - [MESSAGE][PASSED] - Object '' is present

2021-01-21 17:59:59 - [MESSAGE][PASSED] - Object: '' is clicked on

2021-01-21 17:59:59 - [MESSAGE][PASSED] - Switched to window with index: '0'

2021-01-21 17:59:59 - [MESSAGE][PASSED] - Click button "OK"

2021-01-21 17:59:59 - [TEST_STEP][PASSED] - Click button "Logout": Click button "Logout"

2021-01-21 17:59:59 - [MESSAGE][INFO] - >>>>>//Button[contains(text(),'Logout')]

2021-01-21 18:00:02 - [MESSAGE][PASSED] - Object '' is present

2021-01-21 18:00:02 - [MESSAGE][PASSED] - Object: '' is clicked on

2021-01-21 18:00:02 - [MESSAGE][PASSED] - Switched to window with index: '0'

2021-01-21 18:00:02 - [MESSAGE][PASSED] - Click button "Logout"

2021-01-21 18:00:02 - [TEST_STEP][PASSED] - Close browser: Close browser

2021-01-21 18:00:02 - [MESSAGE][PASSED] - Browser is closed

2021-01-21 18:00:02 - [MESSAGE][PASSED] - Close browser

2021-01-21 18:00:02 - [MESSAGE][PASSED] - Feature file: 'Include/features/IST_Real/RTD/Hold Payment Configuration/Date_is_NULL.feature' was passed]]></system-out>
         <system-err><![CDATA[]]></system-err>
      </testcase>
      <testcase name="Test Cases/RTD/Hold Payment Configuration/TC_Start_Date_Greater_than_Release_Date" time="5.803" classname="Test Cases/RTD/Hold Payment Configuration/TC_Start_Date_Greater_than_Release_Date" status="FAILED">
         <failure type="FAILED" message="Test Cases/RTD/Hold Payment Configuration/TC_Start_Date_Greater_than_Release_Date FAILED.
Reason:
com.kms.katalon.core.exception.StepFailedException: Feature file 'Include/features/IST_Real/RTD/Hold Payment Configuration/Start_Date_Greater_than_Release_Date.feature' was failed
	at com.kms.katalon.core.keyword.internal.KeywordMain.stepFailed(KeywordMain.groovy:50)
	at com.kms.katalon.core.keyword.internal.KeywordMain.stepFailed(KeywordMain.groovy)
	at com.kms.katalon.core.keyword.internal.KeywordMain.stepFailed(KeywordMain.groovy:23)
	at com.kms.katalon.core.keyword.internal.KeywordMain$stepFailed$0.call(Unknown Source)
	at com.kms.katalon.core.cucumber.keyword.CucumberBuiltinKeywords$_runFeatureFile_closure1.doCall(CucumberBuiltinKeywords.groovy:82)
	at com.kms.katalon.core.cucumber.keyword.CucumberBuiltinKeywords$_runFeatureFile_closure1.doCall(CucumberBuiltinKeywords.groovy)
	at com.kms.katalon.core.keyword.internal.KeywordMain.runKeyword(KeywordMain.groovy:68)
	at com.kms.katalon.core.keyword.internal.KeywordMain$runKeyword.call(Unknown Source)
	at com.kms.katalon.core.cucumber.keyword.CucumberBuiltinKeywords.runFeatureFile(CucumberBuiltinKeywords.groovy:46)
	at com.kms.katalon.core.cucumber.keyword.CucumberBuiltinKeywords$runFeatureFile$0.callStatic(Unknown Source)
	at com.kms.katalon.core.cucumber.keyword.CucumberBuiltinKeywords.runFeatureFile(CucumberBuiltinKeywords.groovy:169)
	at com.kms.katalon.core.cucumber.keyword.CucumberBuiltinKeywords$runFeatureFile.call(Unknown Source)
	at TC_Start_Date_Greater_than_Release_Date.run(TC_Start_Date_Greater_than_Release_Date:18)
	at com.kms.katalon.core.main.ScriptEngine.run(ScriptEngine.java:194)
	at com.kms.katalon.core.main.ScriptEngine.runScriptAsRawText(ScriptEngine.java:119)
	at com.kms.katalon.core.main.TestCaseExecutor.runScript(TestCaseExecutor.java:339)
	at com.kms.katalon.core.main.TestCaseExecutor.doExecute(TestCaseExecutor.java:330)
	at com.kms.katalon.core.main.TestCaseExecutor.processExecutionPhase(TestCaseExecutor.java:309)
	at com.kms.katalon.core.main.TestCaseExecutor.accessMainPhase(TestCaseExecutor.java:301)
	at com.kms.katalon.core.main.TestCaseExecutor.execute(TestCaseExecutor.java:235)
	at com.kms.katalon.core.main.TestSuiteExecutor.accessTestCaseMainPhase(TestSuiteExecutor.java:191)
	at com.kms.katalon.core.main.TestSuiteExecutor.accessTestSuiteMainPhase(TestSuiteExecutor.java:141)
	at com.kms.katalon.core.main.TestSuiteExecutor.execute(TestSuiteExecutor.java:90)
	at com.kms.katalon.core.main.TestCaseMain.startTestSuite(TestCaseMain.java:157)
	at com.kms.katalon.core.main.TestCaseMain$startTestSuite$0.call(Unknown Source)
	at TempTestSuite1611224755804.run(TempTestSuite1611224755804.groovy:39)
"/>
         <system-out><![CDATA[2021-01-21 18:00:02 - [TEST_CASE][FAILED] - Test Cases/RTD/Hold Payment Configuration/TC_Start_Date_Greater_than_Release_Date: Test Cases/RTD/Hold Payment Configuration/TC_Start_Date_Greater_than_Release_Date FAILED.
Reason:
com.kms.katalon.core.exception.StepFailedException: Feature file 'Include/features/IST_Real/RTD/Hold Payment Configuration/Start_Date_Greater_than_Release_Date.feature' was failed
	at com.kms.katalon.core.keyword.internal.KeywordMain.stepFailed(KeywordMain.groovy:50)
	at com.kms.katalon.core.keyword.internal.KeywordMain.stepFailed(KeywordMain.groovy)
	at com.kms.katalon.core.keyword.internal.KeywordMain.stepFailed(KeywordMain.groovy:23)
	at com.kms.katalon.core.keyword.internal.KeywordMain$stepFailed$0.call(Unknown Source)
	at com.kms.katalon.core.cucumber.keyword.CucumberBuiltinKeywords$_runFeatureFile_closure1.doCall(CucumberBuiltinKeywords.groovy:82)
	at com.kms.katalon.core.cucumber.keyword.CucumberBuiltinKeywords$_runFeatureFile_closure1.doCall(CucumberBuiltinKeywords.groovy)
	at com.kms.katalon.core.keyword.internal.KeywordMain.runKeyword(KeywordMain.groovy:68)
	at com.kms.katalon.core.keyword.internal.KeywordMain$runKeyword.call(Unknown Source)
	at com.kms.katalon.core.cucumber.keyword.CucumberBuiltinKeywords.runFeatureFile(CucumberBuiltinKeywords.groovy:46)
	at com.kms.katalon.core.cucumber.keyword.CucumberBuiltinKeywords$runFeatureFile$0.callStatic(Unknown Source)
	at com.kms.katalon.core.cucumber.keyword.CucumberBuiltinKeywords.runFeatureFile(CucumberBuiltinKeywords.groovy:169)
	at com.kms.katalon.core.cucumber.keyword.CucumberBuiltinKeywords$runFeatureFile.call(Unknown Source)
	at TC_Start_Date_Greater_than_Release_Date.run(TC_Start_Date_Greater_than_Release_Date:18)
	at com.kms.katalon.core.main.ScriptEngine.run(ScriptEngine.java:194)
	at com.kms.katalon.core.main.ScriptEngine.runScriptAsRawText(ScriptEngine.java:119)
	at com.kms.katalon.core.main.TestCaseExecutor.runScript(TestCaseExecutor.java:339)
	at com.kms.katalon.core.main.TestCaseExecutor.doExecute(TestCaseExecutor.java:330)
	at com.kms.katalon.core.main.TestCaseExecutor.processExecutionPhase(TestCaseExecutor.java:309)
	at com.kms.katalon.core.main.TestCaseExecutor.accessMainPhase(TestCaseExecutor.java:301)
	at com.kms.katalon.core.main.TestCaseExecutor.execute(TestCaseExecutor.java:235)
	at com.kms.katalon.core.main.TestSuiteExecutor.accessTestCaseMainPhase(TestSuiteExecutor.java:191)
	at com.kms.katalon.core.main.TestSuiteExecutor.accessTestSuiteMainPhase(TestSuiteExecutor.java:141)
	at com.kms.katalon.core.main.TestSuiteExecutor.execute(TestSuiteExecutor.java:90)
	at com.kms.katalon.core.main.TestCaseMain.startTestSuite(TestCaseMain.java:157)
	at com.kms.katalon.core.main.TestCaseMain$startTestSuite$0.call(Unknown Source)
	at TempTestSuite1611224755804.run(TempTestSuite1611224755804.groovy:39)


2021-01-21 18:00:02 - [TEST_STEP][FAILED] - runFeatureFile("Include/features/IST_Real/RTD/Hold Payment Configuration/Start_Date_Greater_than_Release_Date.feature"): Keyword runFeatureFile was failed (Root cause: com.kms.katalon.core.exception.StepFailedException: Feature file 'Include/features/IST_Real/RTD/Hold Payment Configuration/Start_Date_Greater_than_Release_Date.feature' was failed
	at com.kms.katalon.core.keyword.internal.KeywordMain.stepFailed(KeywordMain.groovy:50)
	at com.kms.katalon.core.keyword.internal.KeywordMain.stepFailed(KeywordMain.groovy)
	at com.kms.katalon.core.keyword.internal.KeywordMain.stepFailed(KeywordMain.groovy:23)
	at com.kms.katalon.core.keyword.internal.KeywordMain$stepFailed$0.call(Unknown Source)
	at com.kms.katalon.core.cucumber.keyword.CucumberBuiltinKeywords$_runFeatureFile_closure1.doCall(CucumberBuiltinKeywords.groovy:82)
	at com.kms.katalon.core.cucumber.keyword.CucumberBuiltinKeywords$_runFeatureFile_closure1.doCall(CucumberBuiltinKeywords.groovy)
	at com.kms.katalon.core.keyword.internal.KeywordMain.runKeyword(KeywordMain.groovy:68)
	at com.kms.katalon.core.keyword.internal.KeywordMain$runKeyword.call(Unknown Source)
	at com.kms.katalon.core.cucumber.keyword.CucumberBuiltinKeywords.runFeatureFile(CucumberBuiltinKeywords.groovy:46)
	at com.kms.katalon.core.cucumber.keyword.CucumberBuiltinKeywords$runFeatureFile$0.callStatic(Unknown Source)
	at com.kms.katalon.core.cucumber.keyword.CucumberBuiltinKeywords.runFeatureFile(CucumberBuiltinKeywords.groovy:169)
	at com.kms.katalon.core.cucumber.keyword.CucumberBuiltinKeywords$runFeatureFile.call(Unknown Source)
	at TC_Start_Date_Greater_than_Release_Date.run(TC_Start_Date_Greater_than_Release_Date:18)
	at com.kms.katalon.core.main.ScriptEngine.run(ScriptEngine.java:194)
	at com.kms.katalon.core.main.ScriptEngine.runScriptAsRawText(ScriptEngine.java:119)
	at com.kms.katalon.core.main.TestCaseExecutor.runScript(TestCaseExecutor.java:339)
	at com.kms.katalon.core.main.TestCaseExecutor.doExecute(TestCaseExecutor.java:330)
	at com.kms.katalon.core.main.TestCaseExecutor.processExecutionPhase(TestCaseExecutor.java:309)
	at com.kms.katalon.core.main.TestCaseExecutor.accessMainPhase(TestCaseExecutor.java:301)
	at com.kms.katalon.core.main.TestCaseExecutor.execute(TestCaseExecutor.java:235)
	at com.kms.katalon.core.main.TestSuiteExecutor.accessTestCaseMainPhase(TestSuiteExecutor.java:191)
	at com.kms.katalon.core.main.TestSuiteExecutor.accessTestSuiteMainPhase(TestSuiteExecutor.java:141)
	at com.kms.katalon.core.main.TestSuiteExecutor.execute(TestSuiteExecutor.java:90)
	at com.kms.katalon.core.main.TestCaseMain.startTestSuite(TestCaseMain.java:157)
	at com.kms.katalon.core.main.TestCaseMain$startTestSuite$0.call(Unknown Source)
	at TempTestSuite1611224755804.run(TempTestSuite1611224755804.groovy:39)
)

2021-01-21 18:00:02 - [MESSAGE][INFO] - Starting run keyword runFeatureFile: 'Include/features/IST_Real/RTD/Hold Payment Configuration/Start_Date_Greater_than_Release_Date.feature' and extract report to folder: '/Users/chaidir.pratama01/Katalon Studio/IST_Automation_Git/Reports/20210121_172548/RTD/TS_Hold_Payment_Configuration/20210121_172555/cucumber_report/1611226802536'...

2021-01-21 18:00:02 - [TEST_CASE][ERROR] - Start Test Case : SCENARIO Start date is greater than end date: SCENARIO Start date is greater than end date FAILED.
Reason:
org.openqa.selenium.NoSuchElementException: no such element: Unable to locate element: {"method":"xpath","selector":"//td/span[text()='Start Date Hold Payment']/../following-sibling::td/span/input"}
  (Session info: headless chrome=87.0.4280.141)
For documentation on this error, please visit: https://www.seleniumhq.org/exceptions/no_such_element.html
Build info: version: '3.141.59', revision: 'e82be7d358', time: '2018-11-14T08:25:53'
System info: host: 'M-Chaidir-Pratama.local', ip: 'fe80:0:0:0:14e4:ed6f:bc3b:fd01%en0', os.name: 'Mac OS X', os.arch: 'x86_64', os.version: '10.15', java.version: '1.8.0_181'
Driver info: com.kms.katalon.selenium.driver.CChromeDriver
Capabilities {acceptInsecureCerts: false, browserName: chrome, browserVersion: 87.0.4280.141, chrome: {chromedriverVersion: 87.0.4280.88 (89e2380a3e36c..., userDataDir: /var/folders/0s/4_d154xd6dq...}, goog:chromeOptions: {debuggerAddress: localhost:63592}, javascriptEnabled: true, networkConnectionEnabled: false, pageLoadStrategy: normal, platform: MAC, platformName: MAC, proxy: Proxy(), setWindowRect: true, strictFileInteractability: false, timeouts: {implicit: 0, pageLoad: 300000, script: 30000}, unhandledPromptBehavior: dismiss and notify, webauthn:virtualAuthenticators: true}
Session ID: 69f223e621656d3910688ba4f0e72651
*** Element info: {Using=xpath, value=//td/span[text()='Start Date Hold Payment']/../following-sibling::td/span/input}
	at org.openqa.selenium.remote.http.W3CHttpResponseCodec.createException(W3CHttpResponseCodec.java:187)
	at org.openqa.selenium.remote.http.W3CHttpResponseCodec.decode(W3CHttpResponseCodec.java:122)
	at org.openqa.selenium.remote.http.W3CHttpResponseCodec.decode(W3CHttpResponseCodec.java:49)
	at org.openqa.selenium.remote.HttpCommandExecutor.execute(HttpCommandExecutor.java:158)
	at org.openqa.selenium.remote.service.DriverCommandExecutor.execute(DriverCommandExecutor.java:83)
	at org.openqa.selenium.remote.RemoteWebDriver.execute(RemoteWebDriver.java:552)
	at com.kms.katalon.selenium.driver.CChromeDriver.execute(CChromeDriver.java:19)
	at org.openqa.selenium.remote.RemoteWebDriver.findElement(RemoteWebDriver.java:323)
	at org.openqa.selenium.remote.RemoteWebDriver.findElementByXPath(RemoteWebDriver.java:428)
	at org.openqa.selenium.By$ByXPath.findElement(By.java:353)
	at org.openqa.selenium.remote.RemoteWebDriver.findElement(RemoteWebDriver.java:315)
	at org.openqa.selenium.support.events.EventFiringWebDriver.lambda$new$1(EventFiringWebDriver.java:105)
	at com.sun.proxy.$Proxy18.findElement(Unknown Source)
	at org.openqa.selenium.support.events.EventFiringWebDriver.findElement(EventFiringWebDriver.java:194)
	at org.openqa.selenium.WebDriver$findElement.call(Unknown Source)
	at RTD.Input_(RTD.groovy:406)
	at âœ½.Input "Start Date Hold Payment" with value "30-01-2021"(/Users/chaidir.pratama01/Katalon Studio/IST_Automation_Git/Include/features/IST_Real/RTD/Hold Payment Configuration/Start_Date_Greater_than_Release_Date.feature:32)


2021-01-21 18:00:02 - [TEST_STEP][PASSED] - Go to ISTools: Go to ISTools

2021-01-21 18:00:02 - [MESSAGE][INFO] - Starting 'Chrome (headless)' driver

2021-01-21 18:00:02 - [MESSAGE][INFO] - User set preference: ['args', '[--start-maximized, --disable-gpu, --no-proxy-server, â€“-no-sandbox, --allow-running-insecure-content, --ignore-certificate-errors, window-size=1680,814, force-device-scale-factor=2, --lang=en-GB]']

2021-01-21 18:00:02 - [MESSAGE][INFO] - User set preference: ['prefs', '{download.default_directory=/Users/chaidir.pratama01/Katalon Studio/IST_Automation_Git/Download}']

2021-01-21 18:00:02 - [MESSAGE][INFO] - Action delay is set to 0 milliseconds

2021-01-21 18:00:02 - [MESSAGE][PASSED] - Browser is opened with url: ''

2021-01-21 18:00:03 - [MESSAGE][PASSED] - Navigate to 'https://dev-istools.homecredit.id/foundation/' successfully

2021-01-21 18:00:03 - [MESSAGE][PASSED] - Go to ISTools

2021-01-21 18:00:03 - [TEST_STEP][PASSED] - Login IST with valid credentials: Login IST with valid credentials

2021-01-21 18:00:04 - [MESSAGE][PASSED] - Text 'mobile.test' is set on object 'Object Repository/Page_/input_Username_j_username'

2021-01-21 18:00:04 - [MESSAGE][PASSED] - Text ****** has been set on object 'Object Repository/Page_/input_Password_j_password'

2021-01-21 18:00:04 - [MESSAGE][PASSED] - Object: 'Object Repository/Page_/button_Login' is clicked on

2021-01-21 18:00:04 - [MESSAGE][PASSED] - Login IST with valid credentials

2021-01-21 18:00:04 - [TEST_STEP][PASSED] - Login Success: Login Success

2021-01-21 18:00:04 - [MESSAGE][INFO] - Login Success

2021-01-21 18:00:04 - [MESSAGE][PASSED] - Current window maximized

2021-01-21 18:00:04 - [MESSAGE][PASSED] - Object 'Object Repository/Page_/h1_Welcome to IT Supporting Tools' is present

2021-01-21 18:00:04 - [MESSAGE][PASSED] - Login Success

2021-01-21 18:00:04 - [TEST_STEP][PASSED] - Select Arrow Menu "Real Time Disbursement": Select Arrow Menu "Real Time Disbursement"

2021-01-21 18:00:04 - [MESSAGE][PASSED] - Object: '' is clicked on

2021-01-21 18:00:04 - [MESSAGE][PASSED] - Select Arrow Menu "Real Time Disbursement"

2021-01-21 18:00:04 - [TEST_STEP][PASSED] - Select Menu "Hold Payment Configuration": Select Menu "Hold Payment Configuration"

2021-01-21 18:00:05 - [MESSAGE][PASSED] - Taking screenshot successfully
[[ATTACHMENT|/Users/chaidir.pratama01/Documents/Docs/Katalon Studio/Screenshot/test-Hold Payment Configuration.png]]

2021-01-21 18:00:05 - [MESSAGE][PASSED] - Object '' is present

2021-01-21 18:00:05 - [MESSAGE][PASSED] - Object: '' is clicked on

2021-01-21 18:00:05 - [MESSAGE][PASSED] - Wait for page load successfully

2021-01-21 18:00:05 - [MESSAGE][PASSED] - Select Menu "Hold Payment Configuration"

2021-01-21 18:00:05 - [TEST_STEP][ERROR] - Input "Start Date Hold Payment" with value "30-01-2021": Input "Start Date Hold Payment" with value "30-01-2021" FAILED.
Reason:
org.openqa.selenium.NoSuchElementException: no such element: Unable to locate element: {"method":"xpath","selector":"//td/span[text()='Start Date Hold Payment']/../following-sibling::td/span/input"}
  (Session info: headless chrome=87.0.4280.141)
For documentation on this error, please visit: https://www.seleniumhq.org/exceptions/no_such_element.html
Build info: version: '3.141.59', revision: 'e82be7d358', time: '2018-11-14T08:25:53'
System info: host: 'M-Chaidir-Pratama.local', ip: 'fe80:0:0:0:14e4:ed6f:bc3b:fd01%en0', os.name: 'Mac OS X', os.arch: 'x86_64', os.version: '10.15', java.version: '1.8.0_181'
Driver info: com.kms.katalon.selenium.driver.CChromeDriver
Capabilities {acceptInsecureCerts: false, browserName: chrome, browserVersion: 87.0.4280.141, chrome: {chromedriverVersion: 87.0.4280.88 (89e2380a3e36c..., userDataDir: /var/folders/0s/4_d154xd6dq...}, goog:chromeOptions: {debuggerAddress: localhost:63592}, javascriptEnabled: true, networkConnectionEnabled: false, pageLoadStrategy: normal, platform: MAC, platformName: MAC, proxy: Proxy(), setWindowRect: true, strictFileInteractability: false, timeouts: {implicit: 0, pageLoad: 300000, script: 30000}, unhandledPromptBehavior: dismiss and notify, webauthn:virtualAuthenticators: true}
Session ID: 69f223e621656d3910688ba4f0e72651
*** Element info: {Using=xpath, value=//td/span[text()='Start Date Hold Payment']/../following-sibling::td/span/input}
	at org.openqa.selenium.remote.http.W3CHttpResponseCodec.createException(W3CHttpResponseCodec.java:187)
	at org.openqa.selenium.remote.http.W3CHttpResponseCodec.decode(W3CHttpResponseCodec.java:122)
	at org.openqa.selenium.remote.http.W3CHttpResponseCodec.decode(W3CHttpResponseCodec.java:49)
	at org.openqa.selenium.remote.HttpCommandExecutor.execute(HttpCommandExecutor.java:158)
	at org.openqa.selenium.remote.service.DriverCommandExecutor.execute(DriverCommandExecutor.java:83)
	at org.openqa.selenium.remote.RemoteWebDriver.execute(RemoteWebDriver.java:552)
	at com.kms.katalon.selenium.driver.CChromeDriver.execute(CChromeDriver.java:19)
	at org.openqa.selenium.remote.RemoteWebDriver.findElement(RemoteWebDriver.java:323)
	at org.openqa.selenium.remote.RemoteWebDriver.findElementByXPath(RemoteWebDriver.java:428)
	at org.openqa.selenium.By$ByXPath.findElement(By.java:353)
	at org.openqa.selenium.remote.RemoteWebDriver.findElement(RemoteWebDriver.java:315)
	at org.openqa.selenium.support.events.EventFiringWebDriver.lambda$new$1(EventFiringWebDriver.java:105)
	at com.sun.proxy.$Proxy18.findElement(Unknown Source)
	at org.openqa.selenium.support.events.EventFiringWebDriver.findElement(EventFiringWebDriver.java:194)
	at org.openqa.selenium.WebDriver$findElement.call(Unknown Source)
	at RTD.Input_(RTD.groovy:406)
	at âœ½.Input "Start Date Hold Payment" with value "30-01-2021"(/Users/chaidir.pratama01/Katalon Studio/IST_Automation_Git/Include/features/IST_Real/RTD/Hold Payment Configuration/Start_Date_Greater_than_Release_Date.feature:32)


2021-01-21 18:00:08 - [MESSAGE][PASSED] - Delayed 3 second(s)

2021-01-21 18:00:08 - [MESSAGE][ERROR] - Input "Start Date Hold Payment" with value "30-01-2021" FAILED.
Reason:
org.openqa.selenium.NoSuchElementException: no such element: Unable to locate element: {"method":"xpath","selector":"//td/span[text()='Start Date Hold Payment']/../following-sibling::td/span/input"}
  (Session info: headless chrome=87.0.4280.141)
For documentation on this error, please visit: https://www.seleniumhq.org/exceptions/no_such_element.html
Build info: version: '3.141.59', revision: 'e82be7d358', time: '2018-11-14T08:25:53'
System info: host: 'M-Chaidir-Pratama.local', ip: 'fe80:0:0:0:14e4:ed6f:bc3b:fd01%en0', os.name: 'Mac OS X', os.arch: 'x86_64', os.version: '10.15', java.version: '1.8.0_181'
Driver info: com.kms.katalon.selenium.driver.CChromeDriver
Capabilities {acceptInsecureCerts: false, browserName: chrome, browserVersion: 87.0.4280.141, chrome: {chromedriverVersion: 87.0.4280.88 (89e2380a3e36c..., userDataDir: /var/folders/0s/4_d154xd6dq...}, goog:chromeOptions: {debuggerAddress: localhost:63592}, javascriptEnabled: true, networkConnectionEnabled: false, pageLoadStrategy: normal, platform: MAC, platformName: MAC, proxy: Proxy(), setWindowRect: true, strictFileInteractability: false, timeouts: {implicit: 0, pageLoad: 300000, script: 30000}, unhandledPromptBehavior: dismiss and notify, webauthn:virtualAuthenticators: true}
Session ID: 69f223e621656d3910688ba4f0e72651
*** Element info: {Using=xpath, value=//td/span[text()='Start Date Hold Payment']/../following-sibling::td/span/input}
	at org.openqa.selenium.remote.http.W3CHttpResponseCodec.createException(W3CHttpResponseCodec.java:187)
	at org.openqa.selenium.remote.http.W3CHttpResponseCodec.decode(W3CHttpResponseCodec.java:122)
	at org.openqa.selenium.remote.http.W3CHttpResponseCodec.decode(W3CHttpResponseCodec.java:49)
	at org.openqa.selenium.remote.HttpCommandExecutor.execute(HttpCommandExecutor.java:158)
	at org.openqa.selenium.remote.service.DriverCommandExecutor.execute(DriverCommandExecutor.java:83)
	at org.openqa.selenium.remote.RemoteWebDriver.execute(RemoteWebDriver.java:552)
	at com.kms.katalon.selenium.driver.CChromeDriver.execute(CChromeDriver.java:19)
	at org.openqa.selenium.remote.RemoteWebDriver.findElement(RemoteWebDriver.java:323)
	at org.openqa.selenium.remote.RemoteWebDriver.findElementByXPath(RemoteWebDriver.java:428)
	at org.openqa.selenium.By$ByXPath.findElement(By.java:353)
	at org.openqa.selenium.remote.RemoteWebDriver.findElement(RemoteWebDriver.java:315)
	at org.openqa.selenium.support.events.EventFiringWebDriver.lambda$new$1(EventFiringWebDriver.java:105)
	at com.sun.proxy.$Proxy18.findElement(Unknown Source)
	at org.openqa.selenium.support.events.EventFiringWebDriver.findElement(EventFiringWebDriver.java:194)
	at org.openqa.selenium.WebDriver$findElement.call(Unknown Source)
	at RTD.Input_(RTD.groovy:406)
	at âœ½.Input "Start Date Hold Payment" with value "30-01-2021"(/Users/chaidir.pratama01/Katalon Studio/IST_Automation_Git/Include/features/IST_Real/RTD/Hold Payment Configuration/Start_Date_Greater_than_Release_Date.feature:32)


2021-01-21 18:00:08 - [TEST_STEP][NOT_RUN] - Input "Release Date" with value "25-01-2021": Input "Release Date" with value "25-01-2021"

2021-01-21 18:00:08 - [MESSAGE][NOT_RUN] - Input "Release Date" with value "25-01-2021"

2021-01-21 18:00:08 - [TEST_STEP][NOT_RUN] - Click button "Add": Click button "Add"

2021-01-21 18:00:08 - [MESSAGE][NOT_RUN] - Click button "Add"

2021-01-21 18:00:08 - [TEST_STEP][NOT_RUN] - Get text from pop up "IT Supporting Tools" with text "Release date must be after start date": Get text from pop up "IT Supporting Tools" with text "Release date must be after start date"

2021-01-21 18:00:08 - [MESSAGE][NOT_RUN] - Get text from pop up "IT Supporting Tools" with text "Release date must be after start date"

2021-01-21 18:00:08 - [TEST_STEP][NOT_RUN] - Click button "OK": Click button "OK"

2021-01-21 18:00:08 - [MESSAGE][NOT_RUN] - Click button "OK"

2021-01-21 18:00:08 - [TEST_STEP][NOT_RUN] - Click button "Logout": Click button "Logout"

2021-01-21 18:00:08 - [MESSAGE][NOT_RUN] - Click button "Logout"

2021-01-21 18:00:08 - [TEST_STEP][NOT_RUN] - Close browser: Close browser

2021-01-21 18:00:08 - [MESSAGE][NOT_RUN] - Close browser

2021-01-21 18:00:08 - [MESSAGE][FAILED] - Feature file 'Include/features/IST_Real/RTD/Hold Payment Configuration/Start_Date_Greater_than_Release_Date.feature' was failed

2021-01-21 18:00:08 - [MESSAGE][FAILED] - Keyword runFeatureFile was failed (Root cause: com.kms.katalon.core.exception.StepFailedException: Feature file 'Include/features/IST_Real/RTD/Hold Payment Configuration/Start_Date_Greater_than_Release_Date.feature' was failed
	at com.kms.katalon.core.keyword.internal.KeywordMain.stepFailed(KeywordMain.groovy:50)
	at com.kms.katalon.core.keyword.internal.KeywordMain.stepFailed(KeywordMain.groovy)
	at com.kms.katalon.core.keyword.internal.KeywordMain.stepFailed(KeywordMain.groovy:23)
	at com.kms.katalon.core.keyword.internal.KeywordMain$stepFailed$0.call(Unknown Source)
	at com.kms.katalon.core.cucumber.keyword.CucumberBuiltinKeywords$_runFeatureFile_closure1.doCall(CucumberBuiltinKeywords.groovy:82)
	at com.kms.katalon.core.cucumber.keyword.CucumberBuiltinKeywords$_runFeatureFile_closure1.doCall(CucumberBuiltinKeywords.groovy)
	at com.kms.katalon.core.keyword.internal.KeywordMain.runKeyword(KeywordMain.groovy:68)
	at com.kms.katalon.core.keyword.internal.KeywordMain$runKeyword.call(Unknown Source)
	at com.kms.katalon.core.cucumber.keyword.CucumberBuiltinKeywords.runFeatureFile(CucumberBuiltinKeywords.groovy:46)
	at com.kms.katalon.core.cucumber.keyword.CucumberBuiltinKeywords$runFeatureFile$0.callStatic(Unknown Source)
	at com.kms.katalon.core.cucumber.keyword.CucumberBuiltinKeywords.runFeatureFile(CucumberBuiltinKeywords.groovy:169)
	at com.kms.katalon.core.cucumber.keyword.CucumberBuiltinKeywords$runFeatureFile.call(Unknown Source)
	at TC_Start_Date_Greater_than_Release_Date.run(TC_Start_Date_Greater_than_Release_Date:18)
	at com.kms.katalon.core.main.ScriptEngine.run(ScriptEngine.java:194)
	at com.kms.katalon.core.main.ScriptEngine.runScriptAsRawText(ScriptEngine.java:119)
	at com.kms.katalon.core.main.TestCaseExecutor.runScript(TestCaseExecutor.java:339)
	at com.kms.katalon.core.main.TestCaseExecutor.doExecute(TestCaseExecutor.java:330)
	at com.kms.katalon.core.main.TestCaseExecutor.processExecutionPhase(TestCaseExecutor.java:309)
	at com.kms.katalon.core.main.TestCaseExecutor.accessMainPhase(TestCaseExecutor.java:301)
	at com.kms.katalon.core.main.TestCaseExecutor.execute(TestCaseExecutor.java:235)
	at com.kms.katalon.core.main.TestSuiteExecutor.accessTestCaseMainPhase(TestSuiteExecutor.java:191)
	at com.kms.katalon.core.main.TestSuiteExecutor.accessTestSuiteMainPhase(TestSuiteExecutor.java:141)
	at com.kms.katalon.core.main.TestSuiteExecutor.execute(TestSuiteExecutor.java:90)
	at com.kms.katalon.core.main.TestCaseMain.startTestSuite(TestCaseMain.java:157)
	at com.kms.katalon.core.main.TestCaseMain$startTestSuite$0.call(Unknown Source)
	at TempTestSuite1611224755804.run(TempTestSuite1611224755804.groovy:39)
)]]></system-out>
         <system-err><![CDATA[2021-01-21 18:00:02 - [TEST_CASE][FAILED] - Test Cases/RTD/Hold Payment Configuration/TC_Start_Date_Greater_than_Release_Date: Test Cases/RTD/Hold Payment Configuration/TC_Start_Date_Greater_than_Release_Date FAILED.
Reason:
com.kms.katalon.core.exception.StepFailedException: Feature file 'Include/features/IST_Real/RTD/Hold Payment Configuration/Start_Date_Greater_than_Release_Date.feature' was failed
	at com.kms.katalon.core.keyword.internal.KeywordMain.stepFailed(KeywordMain.groovy:50)
	at com.kms.katalon.core.keyword.internal.KeywordMain.stepFailed(KeywordMain.groovy)
	at com.kms.katalon.core.keyword.internal.KeywordMain.stepFailed(KeywordMain.groovy:23)
	at com.kms.katalon.core.keyword.internal.KeywordMain$stepFailed$0.call(Unknown Source)
	at com.kms.katalon.core.cucumber.keyword.CucumberBuiltinKeywords$_runFeatureFile_closure1.doCall(CucumberBuiltinKeywords.groovy:82)
	at com.kms.katalon.core.cucumber.keyword.CucumberBuiltinKeywords$_runFeatureFile_closure1.doCall(CucumberBuiltinKeywords.groovy)
	at com.kms.katalon.core.keyword.internal.KeywordMain.runKeyword(KeywordMain.groovy:68)
	at com.kms.katalon.core.keyword.internal.KeywordMain$runKeyword.call(Unknown Source)
	at com.kms.katalon.core.cucumber.keyword.CucumberBuiltinKeywords.runFeatureFile(CucumberBuiltinKeywords.groovy:46)
	at com.kms.katalon.core.cucumber.keyword.CucumberBuiltinKeywords$runFeatureFile$0.callStatic(Unknown Source)
	at com.kms.katalon.core.cucumber.keyword.CucumberBuiltinKeywords.runFeatureFile(CucumberBuiltinKeywords.groovy:169)
	at com.kms.katalon.core.cucumber.keyword.CucumberBuiltinKeywords$runFeatureFile.call(Unknown Source)
	at TC_Start_Date_Greater_than_Release_Date.run(TC_Start_Date_Greater_than_Release_Date:18)
	at com.kms.katalon.core.main.ScriptEngine.run(ScriptEngine.java:194)
	at com.kms.katalon.core.main.ScriptEngine.runScriptAsRawText(ScriptEngine.java:119)
	at com.kms.katalon.core.main.TestCaseExecutor.runScript(TestCaseExecutor.java:339)
	at com.kms.katalon.core.main.TestCaseExecutor.doExecute(TestCaseExecutor.java:330)
	at com.kms.katalon.core.main.TestCaseExecutor.processExecutionPhase(TestCaseExecutor.java:309)
	at com.kms.katalon.core.main.TestCaseExecutor.accessMainPhase(TestCaseExecutor.java:301)
	at com.kms.katalon.core.main.TestCaseExecutor.execute(TestCaseExecutor.java:235)
	at com.kms.katalon.core.main.TestSuiteExecutor.accessTestCaseMainPhase(TestSuiteExecutor.java:191)
	at com.kms.katalon.core.main.TestSuiteExecutor.accessTestSuiteMainPhase(TestSuiteExecutor.java:141)
	at com.kms.katalon.core.main.TestSuiteExecutor.execute(TestSuiteExecutor.java:90)
	at com.kms.katalon.core.main.TestCaseMain.startTestSuite(TestCaseMain.java:157)
	at com.kms.katalon.core.main.TestCaseMain$startTestSuite$0.call(Unknown Source)
	at TempTestSuite1611224755804.run(TempTestSuite1611224755804.groovy:39)]]></system-err>
      </testcase>
      <system-out><![CDATA[2021-01-21 17:58:47 - [TEST_SUITE][FAILED] - TS_Hold_Payment_Configuration: Test Cases/RTD/Hold Payment Configuration/TC_Start_Date_Greater_than_Release_Date FAILED.
Reason:
com.kms.katalon.core.exception.StepFailedException: Feature file 'Include/features/IST_Real/RTD/Hold Payment Configuration/Start_Date_Greater_than_Release_Date.feature' was failed
	at com.kms.katalon.core.keyword.internal.KeywordMain.stepFailed(KeywordMain.groovy:50)
	at com.kms.katalon.core.keyword.internal.KeywordMain.stepFailed(KeywordMain.groovy)
	at com.kms.katalon.core.keyword.internal.KeywordMain.stepFailed(KeywordMain.groovy:23)
	at com.kms.katalon.core.keyword.internal.KeywordMain$stepFailed$0.call(Unknown Source)
	at com.kms.katalon.core.cucumber.keyword.CucumberBuiltinKeywords$_runFeatureFile_closure1.doCall(CucumberBuiltinKeywords.groovy:82)
	at com.kms.katalon.core.cucumber.keyword.CucumberBuiltinKeywords$_runFeatureFile_closure1.doCall(CucumberBuiltinKeywords.groovy)
	at com.kms.katalon.core.keyword.internal.KeywordMain.runKeyword(KeywordMain.groovy:68)
	at com.kms.katalon.core.keyword.internal.KeywordMain$runKeyword.call(Unknown Source)
	at com.kms.katalon.core.cucumber.keyword.CucumberBuiltinKeywords.runFeatureFile(CucumberBuiltinKeywords.groovy:46)
	at com.kms.katalon.core.cucumber.keyword.CucumberBuiltinKeywords$runFeatureFile$0.callStatic(Unknown Source)
	at com.kms.katalon.core.cucumber.keyword.CucumberBuiltinKeywords.runFeatureFile(CucumberBuiltinKeywords.groovy:169)
	at com.kms.katalon.core.cucumber.keyword.CucumberBuiltinKeywords$runFeatureFile.call(Unknown Source)
	at TC_Start_Date_Greater_than_Release_Date.run(TC_Start_Date_Greater_than_Release_Date:18)
	at com.kms.katalon.core.main.ScriptEngine.run(ScriptEngine.java:194)
	at com.kms.katalon.core.main.ScriptEngine.runScriptAsRawText(ScriptEngine.java:119)
	at com.kms.katalon.core.main.TestCaseExecutor.runScript(TestCaseExecutor.java:339)
	at com.kms.katalon.core.main.TestCaseExecutor.doExecute(TestCaseExecutor.java:330)
	at com.kms.katalon.core.main.TestCaseExecutor.processExecutionPhase(TestCaseExecutor.java:309)
	at com.kms.katalon.core.main.TestCaseExecutor.accessMainPhase(TestCaseExecutor.java:301)
	at com.kms.katalon.core.main.TestCaseExecutor.execute(TestCaseExecutor.java:235)
	at com.kms.katalon.core.main.TestSuiteExecutor.accessTestCaseMainPhase(TestSuiteExecutor.java:191)
	at com.kms.katalon.core.main.TestSuiteExecutor.accessTestSuiteMainPhase(TestSuiteExecutor.java:141)
	at com.kms.katalon.core.main.TestSuiteExecutor.execute(TestSuiteExecutor.java:90)
	at com.kms.katalon.core.main.TestCaseMain.startTestSuite(TestCaseMain.java:157)
	at com.kms.katalon.core.main.TestCaseMain$startTestSuite$0.call(Unknown Source)
	at TempTestSuite1611224755804.run(TempTestSuite1611224755804.groovy:39)]]></system-out>
      <system-err><![CDATA[2021-01-21 17:58:47 - [TEST_SUITE][FAILED] - TS_Hold_Payment_Configuration: Test Cases/RTD/Hold Payment Configuration/TC_Start_Date_Greater_than_Release_Date FAILED.
Reason:
com.kms.katalon.core.exception.StepFailedException: Feature file 'Include/features/IST_Real/RTD/Hold Payment Configuration/Start_Date_Greater_than_Release_Date.feature' was failed
	at com.kms.katalon.core.keyword.internal.KeywordMain.stepFailed(KeywordMain.groovy:50)
	at com.kms.katalon.core.keyword.internal.KeywordMain.stepFailed(KeywordMain.groovy)
	at com.kms.katalon.core.keyword.internal.KeywordMain.stepFailed(KeywordMain.groovy:23)
	at com.kms.katalon.core.keyword.internal.KeywordMain$stepFailed$0.call(Unknown Source)
	at com.kms.katalon.core.cucumber.keyword.CucumberBuiltinKeywords$_runFeatureFile_closure1.doCall(CucumberBuiltinKeywords.groovy:82)
	at com.kms.katalon.core.cucumber.keyword.CucumberBuiltinKeywords$_runFeatureFile_closure1.doCall(CucumberBuiltinKeywords.groovy)
	at com.kms.katalon.core.keyword.internal.KeywordMain.runKeyword(KeywordMain.groovy:68)
	at com.kms.katalon.core.keyword.internal.KeywordMain$runKeyword.call(Unknown Source)
	at com.kms.katalon.core.cucumber.keyword.CucumberBuiltinKeywords.runFeatureFile(CucumberBuiltinKeywords.groovy:46)
	at com.kms.katalon.core.cucumber.keyword.CucumberBuiltinKeywords$runFeatureFile$0.callStatic(Unknown Source)
	at com.kms.katalon.core.cucumber.keyword.CucumberBuiltinKeywords.runFeatureFile(CucumberBuiltinKeywords.groovy:169)
	at com.kms.katalon.core.cucumber.keyword.CucumberBuiltinKeywords$runFeatureFile.call(Unknown Source)
	at TC_Start_Date_Greater_than_Release_Date.run(TC_Start_Date_Greater_than_Release_Date:18)
	at com.kms.katalon.core.main.ScriptEngine.run(ScriptEngine.java:194)
	at com.kms.katalon.core.main.ScriptEngine.runScriptAsRawText(ScriptEngine.java:119)
	at com.kms.katalon.core.main.TestCaseExecutor.runScript(TestCaseExecutor.java:339)
	at com.kms.katalon.core.main.TestCaseExecutor.doExecute(TestCaseExecutor.java:330)
	at com.kms.katalon.core.main.TestCaseExecutor.processExecutionPhase(TestCaseExecutor.java:309)
	at com.kms.katalon.core.main.TestCaseExecutor.accessMainPhase(TestCaseExecutor.java:301)
	at com.kms.katalon.core.main.TestCaseExecutor.execute(TestCaseExecutor.java:235)
	at com.kms.katalon.core.main.TestSuiteExecutor.accessTestCaseMainPhase(TestSuiteExecutor.java:191)
	at com.kms.katalon.core.main.TestSuiteExecutor.accessTestSuiteMainPhase(TestSuiteExecutor.java:141)
	at com.kms.katalon.core.main.TestSuiteExecutor.execute(TestSuiteExecutor.java:90)
	at com.kms.katalon.core.main.TestCaseMain.startTestSuite(TestCaseMain.java:157)
	at com.kms.katalon.core.main.TestCaseMain$startTestSuite$0.call(Unknown Source)
	at TempTestSuite1611224755804.run(TempTestSuite1611224755804.groovy:39)]]></system-err>
   </testsuite>
</testsuites>
