<?xml version="1.0" encoding="UTF-8"?>
<testsuites name="TS_SLIK_Gateway_Customer" time="270.41" tests="11" failures="1" errors="0">
   <testsuite name="TS_SLIK_Gateway_Customer" tests="11" failures="1" errors="0" time="270.41" timestamp="2020-10-28 18:03:06" hostname="chaidir.pratama01 - localhost" id="Test Suites/SLIK/TS_SLIK_Gateway_Customer">
      <properties>
         <property name="deviceName" value=""/>
         <property name="devicePlatform" value=""/>
         <property name="logFolder" value="/Users/chaidir.pratama01/Katalon Studio/IST_Automation_Git/Reports/20201028_180300/SLIK/TS_SLIK_Gateway_Customer/20201028_180300"/>
         <property name="logFiles" value="/Users/chaidir.pratama01/Katalon Studio/IST_Automation_Git/Reports/20201028_180300/SLIK/TS_SLIK_Gateway_Customer/20201028_180300/execution0.log"/>
         <property name="attachments" value="/Users/chaidir.pratama01/Documents/Docs/Katalon Studio/Screenshot/test-SLIK Gateway Customer.png, /Users/chaidir.pratama01/Documents/Docs/Katalon Studio/Screenshot/slik.png, /Users/chaidir.pratama01/Documents/Docs/Katalon Studio/Screenshot/slik.png, /Users/chaidir.pratama01/Documents/Docs/Katalon Studio/Screenshot/slik.png, /Users/chaidir.pratama01/Documents/Docs/Katalon Studio/Screenshot/errorpopup.png, /Users/chaidir.pratama01/Katalon Studio/IST_Automation_Git/Reports/20201028_180300/SLIK/TS_SLIK_Gateway_Customer/20201028_180300/1603883109719.png, /Users/chaidir.pratama01/Katalon Studio/IST_Automation_Git/Reports/20201028_180300/SLIK/TS_SLIK_Gateway_Customer/20201028_180300/1603883110314.png, /Users/chaidir.pratama01/Documents/Docs/Katalon Studio/Screenshot/errorpopup.png, /Users/chaidir.pratama01/Documents/Docs/Katalon Studio/Screenshot/errorpopup.png"/>
         <property name="hostName" value="chaidir.pratama01 - localhost"/>
         <property name="os" value="Mac OS X 64bit"/>
         <property name="katalonVersion" value="7.6.0.${buildNumber}"/>
         <property name="browser" value="Chrome 86.0.4240.111"/>
         <property name="hostAddress" value="127.0.0.1"/>
         <property name="sessionId" value="d39098287ee637e530e5d0d39ce9c67d"/>
         <property name="seleniumVersion" value="3.141.59"/>
         <property name="proxyInformation" value="ProxyInformation { proxyOption=NO_PROXY, proxyServerType=HTTP, username=, password=********, proxyServerAddress=, proxyServerPort=0, executionList=\&quot;\&quot;, isApplyToDesiredCapabilities=true }"/>
         <property name="platform" value="Mac OS X"/>
      </properties>
      <testcase name="Test Cases/IST_Real/SLIK/SLIK_Gateway_Customer/Open Menu SLIK Gateway Customer" time="40.658" classname="Test Cases/IST_Real/SLIK/SLIK_Gateway_Customer/Open Menu SLIK Gateway Customer" status="PASSED">
         <system-out><![CDATA[2020-10-28 18:03:06 - [TEST_CASE][PASSED] - Test Cases/IST_Real/SLIK/SLIK_Gateway_Customer/Open Menu SLIK Gateway Customer: Test Cases/IST_Real/SLIK/SLIK_Gateway_Customer/Open Menu SLIK Gateway Customer

2020-10-28 18:03:07 - [TEST_STEP][PASSED] - runFeatureFile("Include/features/IST_Real/SLIK/SLIK Gateway Customer/Open_Menu_SLIK_Gateway_Customer.feature"): Feature file: 'Include/features/IST_Real/SLIK/SLIK Gateway Customer/Open_Menu_SLIK_Gateway_Customer.feature' was passed

2020-10-28 18:03:07 - [MESSAGE][INFO] - Starting run keyword runFeatureFile: 'Include/features/IST_Real/SLIK/SLIK Gateway Customer/Open_Menu_SLIK_Gateway_Customer.feature' and extract report to folder: '/Users/chaidir.pratama01/Katalon Studio/IST_Automation_Git/Reports/20201028_180300/SLIK/TS_SLIK_Gateway_Customer/20201028_180300/cucumber_report/1603882987106'...

2020-10-28 18:03:07 - [TEST_CASE][PASSED] - Start Test Case : SCENARIO Menu SLIK Gateway Customer in IST and Verify Element Needed Exist: SCENARIO Menu SLIK Gateway Customer in IST and Verify Element Needed Exist

2020-10-28 18:03:07 - [TEST_STEP][PASSED] - Go to ISTools: Go to ISTools

2020-10-28 18:03:07 - [MESSAGE][INFO] - Starting 'Chrome' driver

2020-10-28 18:03:07 - [MESSAGE][INFO] - User set preference: ['AcceptInsecureCerts', 'true']

2020-10-28 18:03:07 - [MESSAGE][INFO] - User set preference: ['args', '[ignore-certificate-errors]']

2020-10-28 18:03:07 - [MESSAGE][INFO] - Action delay is set to 0 milliseconds

2020-10-28 18:03:09 - [MESSAGE][PASSED] - Browser is opened with url: ''

2020-10-28 18:03:11 - [MESSAGE][PASSED] - Navigate to 'https://id-ist01preprod.id.nonprod/ist/' successfully

2020-10-28 18:03:11 - [MESSAGE][PASSED] - Go to ISTools

2020-10-28 18:03:11 - [TEST_STEP][PASSED] - Login IST with valid credentials: Login IST with valid credentials

2020-10-28 18:03:12 - [MESSAGE][PASSED] - Text 'mobile.test' is set on object 'Object Repository/Page_/input_Username_j_username'

2020-10-28 18:03:12 - [MESSAGE][PASSED] - Text ****** has been set on object 'Object Repository/Page_/input_Password_j_password'

2020-10-28 18:03:13 - [MESSAGE][PASSED] - Object: 'Object Repository/Page_/button_Login' is clicked on

2020-10-28 18:03:13 - [MESSAGE][PASSED] - Login IST with valid credentials

2020-10-28 18:03:13 - [TEST_STEP][PASSED] - Login Success for contract dispatcher: Login Success for contract dispatcher

2020-10-28 18:03:13 - [MESSAGE][INFO] - Login Success

2020-10-28 18:03:13 - [MESSAGE][PASSED] - Current window maximized

2020-10-28 18:03:13 - [MESSAGE][PASSED] - Object 'Object Repository/Page_/h1_Welcome to IT Supporting Tools' is present

2020-10-28 18:03:13 - [MESSAGE][PASSED] - Login Success for contract dispatcher

2020-10-28 18:03:13 - [TEST_STEP][PASSED] - Select Menu "SLIK Gateway Customer": Select Menu "SLIK Gateway Customer"

2020-10-28 18:03:14 - [MESSAGE][PASSED] - Taking screenshot successfully
[[ATTACHMENT|/Users/chaidir.pratama01/Documents/Docs/Katalon Studio/Screenshot/test-SLIK Gateway Customer.png]]

2020-10-28 18:03:14 - [MESSAGE][PASSED] - Object '' is present

2020-10-28 18:03:15 - [MESSAGE][PASSED] - Object: '' is clicked on

2020-10-28 18:03:15 - [MESSAGE][PASSED] - Wait for page load successfully

2020-10-28 18:03:15 - [MESSAGE][PASSED] - Select Menu "SLIK Gateway Customer"

2020-10-28 18:03:15 - [TEST_STEP][PASSED] - Verify Title "SLIK Gateway Customer" Exists: Verify Title "SLIK Gateway Customer" Exists

2020-10-28 18:03:15 - [MESSAGE][PASSED] - Object '' is present

2020-10-28 18:03:16 - [MESSAGE][PASSED] - Object: '' is focused

2020-10-28 18:03:16 - [MESSAGE][PASSED] - Verify Title "SLIK Gateway Customer" Exists

2020-10-28 18:03:16 - [TEST_STEP][PASSED] - Verify Title "Check SLIK" Exists: Verify Title "Check SLIK" Exists

2020-10-28 18:03:16 - [MESSAGE][PASSED] - Object '' is present

2020-10-28 18:03:17 - [MESSAGE][PASSED] - Object: '' is focused

2020-10-28 18:03:17 - [MESSAGE][PASSED] - Verify Title "Check SLIK" Exists

2020-10-28 18:03:17 - [TEST_STEP][PASSED] - Verify Contents of Check SLIK Label in SLIK Gateway Customer Menu Exist: Verify Contents of Check SLIK Label in SLIK Gateway Customer Menu Exist

2020-10-28 18:03:17 - [MESSAGE][PASSED] - Object '' is present

2020-10-28 18:03:17 - [MESSAGE][PASSED] - Object: '' is focused

2020-10-28 18:03:17 - [MESSAGE][PASSED] - Object '' is present

2020-10-28 18:03:18 - [MESSAGE][PASSED] - Object: '' is focused

2020-10-28 18:03:18 - [MESSAGE][PASSED] - Object '' is present

2020-10-28 18:03:19 - [MESSAGE][PASSED] - Object: '' is focused

2020-10-28 18:03:19 - [MESSAGE][PASSED] - Object '' is present

2020-10-28 18:03:20 - [MESSAGE][PASSED] - Object: '' is focused

2020-10-28 18:03:20 - [MESSAGE][PASSED] - Object '' is present

2020-10-28 18:03:20 - [MESSAGE][PASSED] - Object: '' is focused

2020-10-28 18:03:20 - [MESSAGE][PASSED] - Object '' is present

2020-10-28 18:03:21 - [MESSAGE][PASSED] - Object: '' is focused

2020-10-28 18:03:21 - [MESSAGE][PASSED] - Object '' is present

2020-10-28 18:03:22 - [MESSAGE][PASSED] - Object: '' is focused

2020-10-28 18:03:22 - [MESSAGE][PASSED] - Object '' is present

2020-10-28 18:03:22 - [MESSAGE][PASSED] - Object: '' is focused

2020-10-28 18:03:23 - [MESSAGE][PASSED] - Object '' is present

2020-10-28 18:03:23 - [MESSAGE][PASSED] - Object: '' is focused

2020-10-28 18:03:23 - [MESSAGE][PASSED] - Object '' is present

2020-10-28 18:03:24 - [MESSAGE][PASSED] - Object: '' is focused

2020-10-28 18:03:24 - [MESSAGE][PASSED] - Object '' is present

2020-10-28 18:03:24 - [MESSAGE][PASSED] - Object: '' is focused

2020-10-28 18:03:25 - [MESSAGE][PASSED] - Object '' is present

2020-10-28 18:03:25 - [MESSAGE][PASSED] - Object: '' is focused

2020-10-28 18:03:25 - [MESSAGE][PASSED] - Object '' is present

2020-10-28 18:03:25 - [MESSAGE][PASSED] - Object: '' is focused

2020-10-28 18:03:26 - [MESSAGE][PASSED] - Object '' is present

2020-10-28 18:03:26 - [MESSAGE][PASSED] - Object: '' is focused

2020-10-28 18:03:26 - [MESSAGE][PASSED] - Object '' is present

2020-10-28 18:03:27 - [MESSAGE][PASSED] - Object: '' is focused

2020-10-28 18:03:27 - [MESSAGE][PASSED] - Object '' is present

2020-10-28 18:03:28 - [MESSAGE][PASSED] - Object: '' is focused

2020-10-28 18:03:28 - [MESSAGE][PASSED] - Object '' is present

2020-10-28 18:03:31 - [MESSAGE][PASSED] - Delayed 3 second(s)

2020-10-28 18:03:31 - [MESSAGE][PASSED] - Object: '' is focused

2020-10-28 18:03:34 - [MESSAGE][PASSED] - Delayed 3 second(s)

2020-10-28 18:03:34 - [MESSAGE][PASSED] - Object '' is present

2020-10-28 18:03:35 - [MESSAGE][PASSED] - Object: '' is focused

2020-10-28 18:03:35 - [MESSAGE][PASSED] - Object '' is present

2020-10-28 18:03:36 - [MESSAGE][PASSED] - Object: '' is focused

2020-10-28 18:03:36 - [MESSAGE][PASSED] - Verify Contents of Check SLIK Label in SLIK Gateway Customer Menu Exist

2020-10-28 18:03:36 - [TEST_STEP][PASSED] - Verify Title "Search Result" Exists: Verify Title "Search Result" Exists

2020-10-28 18:03:36 - [MESSAGE][PASSED] - Object '' is present

2020-10-28 18:03:36 - [MESSAGE][PASSED] - Object: '' is focused

2020-10-28 18:03:36 - [MESSAGE][PASSED] - Verify Title "Search Result" Exists

2020-10-28 18:03:36 - [TEST_STEP][PASSED] - Verify Contents of Search Result: Verify Contents of Search Result

2020-10-28 18:03:37 - [MESSAGE][PASSED] - Object '' is present

2020-10-28 18:03:37 - [MESSAGE][PASSED] - Object: '' is focused

2020-10-28 18:03:38 - [MESSAGE][PASSED] - Object '' is present

2020-10-28 18:03:38 - [MESSAGE][PASSED] - Object: '' is focused

2020-10-28 18:03:38 - [MESSAGE][PASSED] - Object '' is present

2020-10-28 18:03:39 - [MESSAGE][PASSED] - Object: '' is focused

2020-10-28 18:03:39 - [MESSAGE][PASSED] - Object '' is present

2020-10-28 18:03:39 - [MESSAGE][PASSED] - Object: '' is focused

2020-10-28 18:03:40 - [MESSAGE][PASSED] - Object '' is present

2020-10-28 18:03:40 - [MESSAGE][PASSED] - Object: '' is focused

2020-10-28 18:03:40 - [MESSAGE][PASSED] - Object '' is present

2020-10-28 18:03:41 - [MESSAGE][PASSED] - Object: '' is focused

2020-10-28 18:03:41 - [MESSAGE][PASSED] - Object '' is present

2020-10-28 18:03:41 - [MESSAGE][PASSED] - Object: '' is focused

2020-10-28 18:03:42 - [MESSAGE][PASSED] - Object '' is present

2020-10-28 18:03:42 - [MESSAGE][PASSED] - Object: '' is focused

2020-10-28 18:03:43 - [MESSAGE][PASSED] - Object '' is present

2020-10-28 18:03:43 - [MESSAGE][PASSED] - Object: '' is focused

2020-10-28 18:03:43 - [MESSAGE][PASSED] - Verify Contents of Search Result

2020-10-28 18:03:43 - [TEST_STEP][PASSED] - Click button "Logout": Click button "Logout"

2020-10-28 18:03:43 - [MESSAGE][INFO] - >>>>>//Button[contains(text(),'Logout')]

2020-10-28 18:03:47 - [MESSAGE][PASSED] - Object: '' is clicked on

2020-10-28 18:03:47 - [MESSAGE][PASSED] - Click button "Logout"

2020-10-28 18:03:47 - [TEST_STEP][PASSED] - Close browser: Close browser

2020-10-28 18:03:47 - [MESSAGE][PASSED] - Browser is closed

2020-10-28 18:03:47 - [MESSAGE][PASSED] - Close browser

2020-10-28 18:03:47 - [MESSAGE][PASSED] - Feature file: 'Include/features/IST_Real/SLIK/SLIK Gateway Customer/Open_Menu_SLIK_Gateway_Customer.feature' was passed]]></system-out>
         <system-err><![CDATA[]]></system-err>
      </testcase>
      <testcase name="Test Cases/IST_Real/SLIK/SLIK_Gateway_Customer/SLIK Gateway Customer Checking" time="83.331" classname="Test Cases/IST_Real/SLIK/SLIK_Gateway_Customer/SLIK Gateway Customer Checking" status="FAILED">
         <failure type="FAILED" message="Test Cases/IST_Real/SLIK/SLIK_Gateway_Customer/SLIK Gateway Customer Checking FAILED.
Reason:
com.kms.katalon.core.exception.StepFailedException: Feature file 'Include/features/IST_Real/SLIK/SLIK Gateway Customer/SLIK Gateway Customer Checking.feature' was failed
	at com.kms.katalon.core.keyword.internal.KeywordMain.stepFailed(KeywordMain.groovy:50)
	at com.kms.katalon.core.keyword.internal.KeywordMain.stepFailed(KeywordMain.groovy)
	at com.kms.katalon.core.keyword.internal.KeywordMain.stepFailed(KeywordMain.groovy:23)
	at com.kms.katalon.core.keyword.internal.KeywordMain$stepFailed$0.call(Unknown Source)
	at com.kms.katalon.core.cucumber.keyword.CucumberBuiltinKeywords$_runFeatureFile_closure1.doCall(CucumberBuiltinKeywords.groovy:82)
	at com.kms.katalon.core.cucumber.keyword.CucumberBuiltinKeywords$_runFeatureFile_closure1.doCall(CucumberBuiltinKeywords.groovy)
	at com.kms.katalon.core.keyword.internal.KeywordMain.runKeyword(KeywordMain.groovy:68)
	at com.kms.katalon.core.keyword.internal.KeywordMain$runKeyword.call(Unknown Source)
	at com.kms.katalon.core.cucumber.keyword.CucumberBuiltinKeywords.runFeatureFile(CucumberBuiltinKeywords.groovy:46)
	at com.kms.katalon.core.cucumber.keyword.CucumberBuiltinKeywords$runFeatureFile$0.callStatic(Unknown Source)
	at com.kms.katalon.core.cucumber.keyword.CucumberBuiltinKeywords.runFeatureFile(CucumberBuiltinKeywords.groovy:169)
	at com.kms.katalon.core.cucumber.keyword.CucumberBuiltinKeywords$runFeatureFile.call(Unknown Source)
	at SLIK Gateway Customer Checking.run(SLIK Gateway Customer Checking:18)
	at com.kms.katalon.core.main.ScriptEngine.run(ScriptEngine.java:194)
	at com.kms.katalon.core.main.ScriptEngine.runScriptAsRawText(ScriptEngine.java:119)
	at com.kms.katalon.core.main.TestCaseExecutor.runScript(TestCaseExecutor.java:339)
	at com.kms.katalon.core.main.TestCaseExecutor.doExecute(TestCaseExecutor.java:330)
	at com.kms.katalon.core.main.TestCaseExecutor.processExecutionPhase(TestCaseExecutor.java:309)
	at com.kms.katalon.core.main.TestCaseExecutor.accessMainPhase(TestCaseExecutor.java:301)
	at com.kms.katalon.core.main.TestCaseExecutor.execute(TestCaseExecutor.java:235)
	at com.kms.katalon.core.main.TestSuiteExecutor.accessTestCaseMainPhase(TestSuiteExecutor.java:191)
	at com.kms.katalon.core.main.TestSuiteExecutor.accessTestSuiteMainPhase(TestSuiteExecutor.java:141)
	at com.kms.katalon.core.main.TestSuiteExecutor.execute(TestSuiteExecutor.java:90)
	at com.kms.katalon.core.main.TestCaseMain.startTestSuite(TestCaseMain.java:157)
	at com.kms.katalon.core.main.TestCaseMain$startTestSuite$0.call(Unknown Source)
	at TempTestSuite1603882980631.run(TempTestSuite1603882980631.groovy:39)
"/>
         <system-out><![CDATA[2020-10-28 18:03:47 - [TEST_CASE][FAILED] - Test Cases/IST_Real/SLIK/SLIK_Gateway_Customer/SLIK Gateway Customer Checking: Test Cases/IST_Real/SLIK/SLIK_Gateway_Customer/SLIK Gateway Customer Checking FAILED.
Reason:
com.kms.katalon.core.exception.StepFailedException: Feature file 'Include/features/IST_Real/SLIK/SLIK Gateway Customer/SLIK Gateway Customer Checking.feature' was failed
	at com.kms.katalon.core.keyword.internal.KeywordMain.stepFailed(KeywordMain.groovy:50)
	at com.kms.katalon.core.keyword.internal.KeywordMain.stepFailed(KeywordMain.groovy)
	at com.kms.katalon.core.keyword.internal.KeywordMain.stepFailed(KeywordMain.groovy:23)
	at com.kms.katalon.core.keyword.internal.KeywordMain$stepFailed$0.call(Unknown Source)
	at com.kms.katalon.core.cucumber.keyword.CucumberBuiltinKeywords$_runFeatureFile_closure1.doCall(CucumberBuiltinKeywords.groovy:82)
	at com.kms.katalon.core.cucumber.keyword.CucumberBuiltinKeywords$_runFeatureFile_closure1.doCall(CucumberBuiltinKeywords.groovy)
	at com.kms.katalon.core.keyword.internal.KeywordMain.runKeyword(KeywordMain.groovy:68)
	at com.kms.katalon.core.keyword.internal.KeywordMain$runKeyword.call(Unknown Source)
	at com.kms.katalon.core.cucumber.keyword.CucumberBuiltinKeywords.runFeatureFile(CucumberBuiltinKeywords.groovy:46)
	at com.kms.katalon.core.cucumber.keyword.CucumberBuiltinKeywords$runFeatureFile$0.callStatic(Unknown Source)
	at com.kms.katalon.core.cucumber.keyword.CucumberBuiltinKeywords.runFeatureFile(CucumberBuiltinKeywords.groovy:169)
	at com.kms.katalon.core.cucumber.keyword.CucumberBuiltinKeywords$runFeatureFile.call(Unknown Source)
	at SLIK Gateway Customer Checking.run(SLIK Gateway Customer Checking:18)
	at com.kms.katalon.core.main.ScriptEngine.run(ScriptEngine.java:194)
	at com.kms.katalon.core.main.ScriptEngine.runScriptAsRawText(ScriptEngine.java:119)
	at com.kms.katalon.core.main.TestCaseExecutor.runScript(TestCaseExecutor.java:339)
	at com.kms.katalon.core.main.TestCaseExecutor.doExecute(TestCaseExecutor.java:330)
	at com.kms.katalon.core.main.TestCaseExecutor.processExecutionPhase(TestCaseExecutor.java:309)
	at com.kms.katalon.core.main.TestCaseExecutor.accessMainPhase(TestCaseExecutor.java:301)
	at com.kms.katalon.core.main.TestCaseExecutor.execute(TestCaseExecutor.java:235)
	at com.kms.katalon.core.main.TestSuiteExecutor.accessTestCaseMainPhase(TestSuiteExecutor.java:191)
	at com.kms.katalon.core.main.TestSuiteExecutor.accessTestSuiteMainPhase(TestSuiteExecutor.java:141)
	at com.kms.katalon.core.main.TestSuiteExecutor.execute(TestSuiteExecutor.java:90)
	at com.kms.katalon.core.main.TestCaseMain.startTestSuite(TestCaseMain.java:157)
	at com.kms.katalon.core.main.TestCaseMain$startTestSuite$0.call(Unknown Source)
	at TempTestSuite1603882980631.run(TempTestSuite1603882980631.groovy:39)


2020-10-28 18:03:47 - [TEST_STEP][FAILED] - runFeatureFile("Include/features/IST_Real/SLIK/SLIK Gateway Customer/SLIK Gateway Customer Checking.feature"): Keyword runFeatureFile was failed (Root cause: com.kms.katalon.core.exception.StepFailedException: Feature file 'Include/features/IST_Real/SLIK/SLIK Gateway Customer/SLIK Gateway Customer Checking.feature' was failed
	at com.kms.katalon.core.keyword.internal.KeywordMain.stepFailed(KeywordMain.groovy:50)
	at com.kms.katalon.core.keyword.internal.KeywordMain.stepFailed(KeywordMain.groovy)
	at com.kms.katalon.core.keyword.internal.KeywordMain.stepFailed(KeywordMain.groovy:23)
	at com.kms.katalon.core.keyword.internal.KeywordMain$stepFailed$0.call(Unknown Source)
	at com.kms.katalon.core.cucumber.keyword.CucumberBuiltinKeywords$_runFeatureFile_closure1.doCall(CucumberBuiltinKeywords.groovy:82)
	at com.kms.katalon.core.cucumber.keyword.CucumberBuiltinKeywords$_runFeatureFile_closure1.doCall(CucumberBuiltinKeywords.groovy)
	at com.kms.katalon.core.keyword.internal.KeywordMain.runKeyword(KeywordMain.groovy:68)
	at com.kms.katalon.core.keyword.internal.KeywordMain$runKeyword.call(Unknown Source)
	at com.kms.katalon.core.cucumber.keyword.CucumberBuiltinKeywords.runFeatureFile(CucumberBuiltinKeywords.groovy:46)
	at com.kms.katalon.core.cucumber.keyword.CucumberBuiltinKeywords$runFeatureFile$0.callStatic(Unknown Source)
	at com.kms.katalon.core.cucumber.keyword.CucumberBuiltinKeywords.runFeatureFile(CucumberBuiltinKeywords.groovy:169)
	at com.kms.katalon.core.cucumber.keyword.CucumberBuiltinKeywords$runFeatureFile.call(Unknown Source)
	at SLIK Gateway Customer Checking.run(SLIK Gateway Customer Checking:18)
	at com.kms.katalon.core.main.ScriptEngine.run(ScriptEngine.java:194)
	at com.kms.katalon.core.main.ScriptEngine.runScriptAsRawText(ScriptEngine.java:119)
	at com.kms.katalon.core.main.TestCaseExecutor.runScript(TestCaseExecutor.java:339)
	at com.kms.katalon.core.main.TestCaseExecutor.doExecute(TestCaseExecutor.java:330)
	at com.kms.katalon.core.main.TestCaseExecutor.processExecutionPhase(TestCaseExecutor.java:309)
	at com.kms.katalon.core.main.TestCaseExecutor.accessMainPhase(TestCaseExecutor.java:301)
	at com.kms.katalon.core.main.TestCaseExecutor.execute(TestCaseExecutor.java:235)
	at com.kms.katalon.core.main.TestSuiteExecutor.accessTestCaseMainPhase(TestSuiteExecutor.java:191)
	at com.kms.katalon.core.main.TestSuiteExecutor.accessTestSuiteMainPhase(TestSuiteExecutor.java:141)
	at com.kms.katalon.core.main.TestSuiteExecutor.execute(TestSuiteExecutor.java:90)
	at com.kms.katalon.core.main.TestCaseMain.startTestSuite(TestCaseMain.java:157)
	at com.kms.katalon.core.main.TestCaseMain$startTestSuite$0.call(Unknown Source)
	at TempTestSuite1603882980631.run(TempTestSuite1603882980631.groovy:39)
)

2020-10-28 18:03:47 - [MESSAGE][INFO] - Starting run keyword runFeatureFile: 'Include/features/IST_Real/SLIK/SLIK Gateway Customer/SLIK Gateway Customer Checking.feature' and extract report to folder: '/Users/chaidir.pratama01/Katalon Studio/IST_Automation_Git/Reports/20201028_180300/SLIK/TS_SLIK_Gateway_Customer/20201028_180300/cucumber_report/1603883027625'...

2020-10-28 18:03:47 - [TEST_CASE][FAILED] - Start Test Case : SCENARIO SLIK Gateway Customer Checking: SCENARIO SLIK Gateway Customer Checking FAILED.
Reason:
com.kms.katalon.core.exception.StepFailedException: Unable to verify object '' is present
	at com.kms.katalon.core.webui.keyword.internal.WebUIKeywordMain.stepFailed(WebUIKeywordMain.groovy:64)
	at com.kms.katalon.core.webui.keyword.internal.WebUIKeywordMain.runKeyword(WebUIKeywordMain.groovy:26)
	at com.kms.katalon.core.webui.keyword.builtin.VerifyElementPresentKeyword.verifyElementPresent(VerifyElementPresentKeyword.groovy:92)
	at com.kms.katalon.core.webui.keyword.builtin.VerifyElementPresentKeyword.execute(VerifyElementPresentKeyword.groovy:68)
	at com.kms.katalon.core.keyword.internal.KeywordExecutor.executeKeywordForPlatform(KeywordExecutor.groovy:73)
	at com.kms.katalon.core.webui.keyword.WebUiBuiltInKeywords.verifyElementPresent(WebUiBuiltInKeywords.groovy:1460)
	at com.kms.katalon.core.webui.keyword.WebUiBuiltInKeywords$verifyElementPresent$5.call(Unknown Source)
	at ist_real.Contract_Dispatcher.gettextconfirmationadd(Contract_Dispatcher.groovy:463)
	at ✽.Get text from pop up "Confirmation Submit Request" with text "Are you sure to submit this data ?"(/Users/chaidir.pratama01/Katalon Studio/IST_Automation_Git/Include/features/IST_Real/SLIK/SLIK Gateway Customer/SLIK Gateway Customer Checking.feature:40)
Caused by: com.kms.katalon.core.exception.StepFailedException: com.kms.katalon.core.webui.exception.WebElementNotFoundException: Web element with id: '' located by '//div[contains(text(),"Confirmation Submit Request")]/following-sibling::div/table/tbody/tr/td/table/tbody/tr/td[5]/div/span[contains(text(),"Are you sure to submit this data ?")]' not found
	at com.kms.katalon.core.webui.keyword.internal.WebUIKeywordMain.stepFailed(WebUIKeywordMain.groovy:64)
	at com.kms.katalon.core.webui.keyword.builtin.VerifyElementPresentKeyword$_verifyElementPresent_closure1.doCall(VerifyElementPresentKeyword.groovy:85)
	at com.kms.katalon.core.webui.keyword.builtin.VerifyElementPresentKeyword$_verifyElementPresent_closure1.call(VerifyElementPresentKeyword.groovy)
	at com.kms.katalon.core.webui.keyword.internal.WebUIKeywordMain.runKeyword(WebUIKeywordMain.groovy:20)
	at com.kms.katalon.core.webui.keyword.builtin.VerifyElementPresentKeyword.verifyElementPresent(VerifyElementPresentKeyword.groovy:92)
	at com.kms.katalon.core.webui.keyword.builtin.VerifyElementPresentKeyword.execute(VerifyElementPresentKeyword.groovy:68)
	at com.kms.katalon.core.keyword.internal.KeywordExecutor.executeKeywordForPlatform(KeywordExecutor.groovy:73)
	at com.kms.katalon.core.webui.keyword.WebUiBuiltInKeywords.verifyElementPresent(WebUiBuiltInKeywords.groovy:1460)
	at com.kms.katalon.core.webui.keyword.WebUiBuiltInKeywords$verifyElementPresent$5.call(Unknown Source)
	at ist_real.Contract_Dispatcher.gettextconfirmationadd(Contract_Dispatcher.groovy:463)
	at cucumber.runtime.Utils$1.call(Utils.java:26)
	at cucumber.runtime.Timeout.timeout(Timeout.java:16)
	at cucumber.runtime.Utils.invoke(Utils.java:20)
	at cucumber.runtime.java.JavaStepDefinition.execute(JavaStepDefinition.java:48)
	at cucumber.runtime.PickleStepDefinitionMatch.runStep(PickleStepDefinitionMatch.java:50)
	at cucumber.runner.TestStep.executeStep(TestStep.java:55)
	at cucumber.runner.TestStep.run(TestStep.java:42)
	at cucumber.runner.PickleStepTestStep.run(PickleStepTestStep.java:53)
	at cucumber.runner.TestCase.run(TestCase.java:47)
	at cucumber.runner.Runner.runPickle(Runner.java:44)
	at cucumber.runtime.Runtime.runFeature(Runtime.java:120)
	at cucumber.runtime.Runtime.run(Runtime.java:106)
	at cucumber.api.cli.Main.run(Main.java:35)
	at cucumber.api.cli.Main$run.call(Unknown Source)
	at com.kms.katalon.core.cucumber.keyword.CucumberBuiltinKeywords$_runFeatureFile_closure1.doCall(CucumberBuiltinKeywords.groovy:76)
	at com.kms.katalon.core.cucumber.keyword.CucumberBuiltinKeywords$_runFeatureFile_closure1.doCall(CucumberBuiltinKeywords.groovy)
	at com.kms.katalon.core.keyword.internal.KeywordMain.runKeyword(KeywordMain.groovy:68)
	at com.kms.katalon.core.keyword.internal.KeywordMain$runKeyword.call(Unknown Source)
	at com.kms.katalon.core.cucumber.keyword.CucumberBuiltinKeywords.runFeatureFile(CucumberBuiltinKeywords.groovy:46)
	at com.kms.katalon.core.cucumber.keyword.CucumberBuiltinKeywords$runFeatureFile$0.callStatic(Unknown Source)
	at com.kms.katalon.core.cucumber.keyword.CucumberBuiltinKeywords.runFeatureFile(CucumberBuiltinKeywords.groovy:169)
	at com.kms.katalon.core.cucumber.keyword.CucumberBuiltinKeywords$runFeatureFile.call(Unknown Source)
	at SLIK Gateway Customer Checking.run(SLIK Gateway Customer Checking:18)
	at com.kms.katalon.core.main.ScriptEngine.run(ScriptEngine.java:194)
	at com.kms.katalon.core.main.ScriptEngine.runScriptAsRawText(ScriptEngine.java:119)
	at com.kms.katalon.core.main.TestCaseExecutor.runScript(TestCaseExecutor.java:339)
	at com.kms.katalon.core.main.TestCaseExecutor.doExecute(TestCaseExecutor.java:330)
	at com.kms.katalon.core.main.TestCaseExecutor.processExecutionPhase(TestCaseExecutor.java:309)
	at com.kms.katalon.core.main.TestCaseExecutor.accessMainPhase(TestCaseExecutor.java:301)
	at com.kms.katalon.core.main.TestCaseExecutor.execute(TestCaseExecutor.java:235)
	at com.kms.katalon.core.main.TestSuiteExecutor.accessTestCaseMainPhase(TestSuiteExecutor.java:191)
	at com.kms.katalon.core.main.TestSuiteExecutor.accessTestSuiteMainPhase(TestSuiteExecutor.java:141)
	at com.kms.katalon.core.main.TestSuiteExecutor.execute(TestSuiteExecutor.java:90)
	at com.kms.katalon.core.main.TestCaseMain.startTestSuite(TestCaseMain.java:157)
	at com.kms.katalon.core.main.TestCaseMain$startTestSuite$0.call(Unknown Source)
	at TempTestSuite1603882980631.run(TempTestSuite1603882980631.groovy:39)


2020-10-28 18:03:47 - [TEST_STEP][PASSED] - Go to ISTools: Go to ISTools

2020-10-28 18:03:47 - [MESSAGE][INFO] - Starting 'Chrome' driver

2020-10-28 18:03:47 - [MESSAGE][INFO] - User set preference: ['AcceptInsecureCerts', 'true']

2020-10-28 18:03:47 - [MESSAGE][INFO] - User set preference: ['args', '[ignore-certificate-errors]']

2020-10-28 18:03:47 - [MESSAGE][INFO] - Action delay is set to 0 milliseconds

2020-10-28 18:03:49 - [MESSAGE][PASSED] - Browser is opened with url: ''

2020-10-28 18:03:49 - [MESSAGE][PASSED] - Navigate to 'https://id-ist01preprod.id.nonprod/ist/' successfully

2020-10-28 18:03:49 - [MESSAGE][PASSED] - Go to ISTools

2020-10-28 18:03:49 - [TEST_STEP][PASSED] - Login IST with valid credentials: Login IST with valid credentials

2020-10-28 18:03:50 - [MESSAGE][PASSED] - Text 'mobile.test' is set on object 'Object Repository/Page_/input_Username_j_username'

2020-10-28 18:03:50 - [MESSAGE][PASSED] - Text ****** has been set on object 'Object Repository/Page_/input_Password_j_password'

2020-10-28 18:03:51 - [MESSAGE][PASSED] - Object: 'Object Repository/Page_/button_Login' is clicked on

2020-10-28 18:03:51 - [MESSAGE][PASSED] - Login IST with valid credentials

2020-10-28 18:03:51 - [TEST_STEP][PASSED] - Login Success for contract dispatcher: Login Success for contract dispatcher

2020-10-28 18:03:51 - [MESSAGE][INFO] - Login Success

2020-10-28 18:03:51 - [MESSAGE][PASSED] - Current window maximized

2020-10-28 18:03:51 - [MESSAGE][PASSED] - Object 'Object Repository/Page_/h1_Welcome to IT Supporting Tools' is present

2020-10-28 18:03:51 - [MESSAGE][PASSED] - Login Success for contract dispatcher

2020-10-28 18:03:51 - [TEST_STEP][PASSED] - Select Menu SLIK Gateway Customer: Select Menu SLIK Gateway Customer

2020-10-28 18:03:52 - [MESSAGE][PASSED] - Object '' is present

2020-10-28 18:03:52 - [MESSAGE][PASSED] - Object: '' is clicked on

2020-10-28 18:03:52 - [MESSAGE][PASSED] - Wait for page load successfully

2020-10-28 18:03:52 - [MESSAGE][PASSED] - Select Menu SLIK Gateway Customer

2020-10-28 18:03:52 - [TEST_STEP][PASSED] - Input Data KTP Number: Input Data KTP Number

2020-10-28 18:03:53 - [MESSAGE][PASSED] - Text '9999999999999999' is set on object ''

2020-10-28 18:03:53 - [MESSAGE][PASSED] - Input Data KTP Number

2020-10-28 18:03:53 - [TEST_STEP][PASSED] - Input Data "Name *" with value "OPEX TestingAuto" for Check SLIK: Input Data "Name *" with value "OPEX TestingAuto" for Check SLIK

2020-10-28 18:03:54 - [MESSAGE][PASSED] - Taking screenshot successfully
[[ATTACHMENT|/Users/chaidir.pratama01/Documents/Docs/Katalon Studio/Screenshot/slik.png]]

2020-10-28 18:03:54 - [MESSAGE][PASSED] - Object '' is visible

2020-10-28 18:03:55 - [MESSAGE][PASSED] - Object: '' is focused

2020-10-28 18:03:55 - [MESSAGE][PASSED] - Text 'OPEX TestingAuto' is set on object ''

2020-10-28 18:03:55 - [MESSAGE][PASSED] - Input Data "Name *" with value "OPEX TestingAuto" for Check SLIK

2020-10-28 18:03:55 - [TEST_STEP][PASSED] - Input Date of Birth "20-Feb-1990": Input Date of Birth "20-Feb-1990"

2020-10-28 18:03:56 - [MESSAGE][PASSED] - Text '20-Feb-1990' is set on object ''

2020-10-28 18:03:59 - [MESSAGE][PASSED] - Delayed 3 second(s)

2020-10-28 18:03:59 - [MESSAGE][PASSED] - Input Date of Birth "20-Feb-1990"

2020-10-28 18:03:59 - [TEST_STEP][PASSED] - Select Gender "Laki-laki": Select Gender "Laki-laki"

2020-10-28 18:03:59 - [MESSAGE][PASSED] - Object: '' is clicked on

2020-10-28 18:03:59 - [MESSAGE][PASSED] - Select Gender "Laki-laki"

2020-10-28 18:03:59 - [TEST_STEP][PASSED] - Select Purpose is "Penilaian Calon Kemitraan": Select Purpose is "Penilaian Calon Kemitraan"

2020-10-28 18:04:00 - [MESSAGE][PASSED] - All options with value 'Penilaian Calon Kemitraan' are selected in object ''  using regular expression

2020-10-28 18:04:00 - [MESSAGE][PASSED] - Select Purpose is "Penilaian Calon Kemitraan"

2020-10-28 18:04:00 - [TEST_STEP][PASSED] - Input Data "Place of Birth" with value "Jakarta" for Check SLIK: Input Data "Place of Birth" with value "Jakarta" for Check SLIK

2020-10-28 18:04:01 - [MESSAGE][PASSED] - Taking screenshot successfully
[[ATTACHMENT|/Users/chaidir.pratama01/Documents/Docs/Katalon Studio/Screenshot/slik.png]]

2020-10-28 18:04:02 - [MESSAGE][PASSED] - Object '' is visible

2020-10-28 18:04:02 - [MESSAGE][PASSED] - Object: '' is focused

2020-10-28 18:04:02 - [MESSAGE][PASSED] - Text 'Jakarta' is set on object ''

2020-10-28 18:04:02 - [MESSAGE][PASSED] - Input Data "Place of Birth" with value "Jakarta" for Check SLIK

2020-10-28 18:04:02 - [TEST_STEP][PASSED] - Input Data "Mother Maternity Name" with value "Tester Auto" for Check SLIK: Input Data "Mother Maternity Name" with value "Tester Auto" for Check SLIK

2020-10-28 18:04:03 - [MESSAGE][PASSED] - Taking screenshot successfully
[[ATTACHMENT|/Users/chaidir.pratama01/Documents/Docs/Katalon Studio/Screenshot/slik.png]]

2020-10-28 18:04:04 - [MESSAGE][PASSED] - Object '' is visible

2020-10-28 18:04:04 - [MESSAGE][PASSED] - Object: '' is focused

2020-10-28 18:04:05 - [MESSAGE][PASSED] - Text 'Tester Auto' is set on object ''

2020-10-28 18:04:05 - [MESSAGE][PASSED] - Input Data "Mother Maternity Name" with value "Tester Auto" for Check SLIK

2020-10-28 18:04:05 - [TEST_STEP][PASSED] - Input KTP Address "TESTING AUTO JAKARTA": Input KTP Address "TESTING AUTO JAKARTA"

2020-10-28 18:04:05 - [MESSAGE][PASSED] - Text 'TESTING AUTO JAKARTA' is set on object ''

2020-10-28 18:04:05 - [MESSAGE][PASSED] - Input KTP Address "TESTING AUTO JAKARTA"

2020-10-28 18:04:05 - [TEST_STEP][PASSED] - Click button "Check SLIK": Click button "Check SLIK"

2020-10-28 18:04:05 - [MESSAGE][INFO] - >>>>>//Button[contains(text(),'Check SLIK')]

2020-10-28 18:04:09 - [MESSAGE][PASSED] - Object: '' is clicked on

2020-10-28 18:04:09 - [MESSAGE][PASSED] - Click button "Check SLIK"

2020-10-28 18:04:09 - [TEST_STEP][FAILED] - Get text from pop up "Confirmation Submit Request" with text "Are you sure to submit this data ?": Get text from pop up "Confirmation Submit Request" with text "Are you sure to submit this data ?" FAILED.
Reason:
com.kms.katalon.core.exception.StepFailedException: Unable to verify object '' is present
	at com.kms.katalon.core.webui.keyword.internal.WebUIKeywordMain.stepFailed(WebUIKeywordMain.groovy:64)
	at com.kms.katalon.core.webui.keyword.internal.WebUIKeywordMain.runKeyword(WebUIKeywordMain.groovy:26)
	at com.kms.katalon.core.webui.keyword.builtin.VerifyElementPresentKeyword.verifyElementPresent(VerifyElementPresentKeyword.groovy:92)
	at com.kms.katalon.core.webui.keyword.builtin.VerifyElementPresentKeyword.execute(VerifyElementPresentKeyword.groovy:68)
	at com.kms.katalon.core.keyword.internal.KeywordExecutor.executeKeywordForPlatform(KeywordExecutor.groovy:73)
	at com.kms.katalon.core.webui.keyword.WebUiBuiltInKeywords.verifyElementPresent(WebUiBuiltInKeywords.groovy:1460)
	at com.kms.katalon.core.webui.keyword.WebUiBuiltInKeywords$verifyElementPresent$5.call(Unknown Source)
	at ist_real.Contract_Dispatcher.gettextconfirmationadd(Contract_Dispatcher.groovy:463)
	at ✽.Get text from pop up "Confirmation Submit Request" with text "Are you sure to submit this data ?"(/Users/chaidir.pratama01/Katalon Studio/IST_Automation_Git/Include/features/IST_Real/SLIK/SLIK Gateway Customer/SLIK Gateway Customer Checking.feature:40)
Caused by: com.kms.katalon.core.exception.StepFailedException: com.kms.katalon.core.webui.exception.WebElementNotFoundException: Web element with id: '' located by '//div[contains(text(),"Confirmation Submit Request")]/following-sibling::div/table/tbody/tr/td/table/tbody/tr/td[5]/div/span[contains(text(),"Are you sure to submit this data ?")]' not found
	at com.kms.katalon.core.webui.keyword.internal.WebUIKeywordMain.stepFailed(WebUIKeywordMain.groovy:64)
	at com.kms.katalon.core.webui.keyword.builtin.VerifyElementPresentKeyword$_verifyElementPresent_closure1.doCall(VerifyElementPresentKeyword.groovy:85)
	at com.kms.katalon.core.webui.keyword.builtin.VerifyElementPresentKeyword$_verifyElementPresent_closure1.call(VerifyElementPresentKeyword.groovy)
	at com.kms.katalon.core.webui.keyword.internal.WebUIKeywordMain.runKeyword(WebUIKeywordMain.groovy:20)
	at com.kms.katalon.core.webui.keyword.builtin.VerifyElementPresentKeyword.verifyElementPresent(VerifyElementPresentKeyword.groovy:92)
	at com.kms.katalon.core.webui.keyword.builtin.VerifyElementPresentKeyword.execute(VerifyElementPresentKeyword.groovy:68)
	at com.kms.katalon.core.keyword.internal.KeywordExecutor.executeKeywordForPlatform(KeywordExecutor.groovy:73)
	at com.kms.katalon.core.webui.keyword.WebUiBuiltInKeywords.verifyElementPresent(WebUiBuiltInKeywords.groovy:1460)
	at com.kms.katalon.core.webui.keyword.WebUiBuiltInKeywords$verifyElementPresent$5.call(Unknown Source)
	at ist_real.Contract_Dispatcher.gettextconfirmationadd(Contract_Dispatcher.groovy:463)
	at cucumber.runtime.Utils$1.call(Utils.java:26)
	at cucumber.runtime.Timeout.timeout(Timeout.java:16)
	at cucumber.runtime.Utils.invoke(Utils.java:20)
	at cucumber.runtime.java.JavaStepDefinition.execute(JavaStepDefinition.java:48)
	at cucumber.runtime.PickleStepDefinitionMatch.runStep(PickleStepDefinitionMatch.java:50)
	at cucumber.runner.TestStep.executeStep(TestStep.java:55)
	at cucumber.runner.TestStep.run(TestStep.java:42)
	at cucumber.runner.PickleStepTestStep.run(PickleStepTestStep.java:53)
	at cucumber.runner.TestCase.run(TestCase.java:47)
	at cucumber.runner.Runner.runPickle(Runner.java:44)
	at cucumber.runtime.Runtime.runFeature(Runtime.java:120)
	at cucumber.runtime.Runtime.run(Runtime.java:106)
	at cucumber.api.cli.Main.run(Main.java:35)
	at cucumber.api.cli.Main$run.call(Unknown Source)
	at com.kms.katalon.core.cucumber.keyword.CucumberBuiltinKeywords$_runFeatureFile_closure1.doCall(CucumberBuiltinKeywords.groovy:76)
	at com.kms.katalon.core.cucumber.keyword.CucumberBuiltinKeywords$_runFeatureFile_closure1.doCall(CucumberBuiltinKeywords.groovy)
	at com.kms.katalon.core.keyword.internal.KeywordMain.runKeyword(KeywordMain.groovy:68)
	at com.kms.katalon.core.keyword.internal.KeywordMain$runKeyword.call(Unknown Source)
	at com.kms.katalon.core.cucumber.keyword.CucumberBuiltinKeywords.runFeatureFile(CucumberBuiltinKeywords.groovy:46)
	at com.kms.katalon.core.cucumber.keyword.CucumberBuiltinKeywords$runFeatureFile$0.callStatic(Unknown Source)
	at com.kms.katalon.core.cucumber.keyword.CucumberBuiltinKeywords.runFeatureFile(CucumberBuiltinKeywords.groovy:169)
	at com.kms.katalon.core.cucumber.keyword.CucumberBuiltinKeywords$runFeatureFile.call(Unknown Source)
	at SLIK Gateway Customer Checking.run(SLIK Gateway Customer Checking:18)
	at com.kms.katalon.core.main.ScriptEngine.run(ScriptEngine.java:194)
	at com.kms.katalon.core.main.ScriptEngine.runScriptAsRawText(ScriptEngine.java:119)
	at com.kms.katalon.core.main.TestCaseExecutor.runScript(TestCaseExecutor.java:339)
	at com.kms.katalon.core.main.TestCaseExecutor.doExecute(TestCaseExecutor.java:330)
	at com.kms.katalon.core.main.TestCaseExecutor.processExecutionPhase(TestCaseExecutor.java:309)
	at com.kms.katalon.core.main.TestCaseExecutor.accessMainPhase(TestCaseExecutor.java:301)
	at com.kms.katalon.core.main.TestCaseExecutor.execute(TestCaseExecutor.java:235)
	at com.kms.katalon.core.main.TestSuiteExecutor.accessTestCaseMainPhase(TestSuiteExecutor.java:191)
	at com.kms.katalon.core.main.TestSuiteExecutor.accessTestSuiteMainPhase(TestSuiteExecutor.java:141)
	at com.kms.katalon.core.main.TestSuiteExecutor.execute(TestSuiteExecutor.java:90)
	at com.kms.katalon.core.main.TestCaseMain.startTestSuite(TestCaseMain.java:157)
	at com.kms.katalon.core.main.TestCaseMain$startTestSuite$0.call(Unknown Source)
	at TempTestSuite1603882980631.run(TempTestSuite1603882980631.groovy:39)


2020-10-28 18:04:38 - [MESSAGE][PASSED] - Taking screenshot successfully
[[ATTACHMENT|/Users/chaidir.pratama01/Documents/Docs/Katalon Studio/Screenshot/errorpopup.png]]

2020-10-28 18:05:09 - [MESSAGE][INFO] - Unable to find the element located by 'By.xpath: //div[contains(text(),"Confirmation Submit Request")]/following-sibling::div/table/tbody/tr/td/table/tbody/tr/td[5]/div/span[contains(text(),"Are you sure to submit this data ?")]'. Please recheck the objects properties to make sure the desired element is located. 

2020-10-28 18:05:10 - [MESSAGE][FAILED] - com.kms.katalon.core.webui.exception.WebElementNotFoundException: Web element with id: '' located by '//div[contains(text(),"Confirmation Submit Request")]/following-sibling::div/table/tbody/tr/td/table/tbody/tr/td[5]/div/span[contains(text(),"Are you sure to submit this data ?")]' not found (Root cause: com.kms.katalon.core.exception.StepFailedException: com.kms.katalon.core.webui.exception.WebElementNotFoundException: Web element with id: '' located by '//div[contains(text(),"Confirmation Submit Request")]/following-sibling::div/table/tbody/tr/td/table/tbody/tr/td[5]/div/span[contains(text(),"Are you sure to submit this data ?")]' not found
	at com.kms.katalon.core.webui.keyword.internal.WebUIKeywordMain.stepFailed(WebUIKeywordMain.groovy:64)
	at com.kms.katalon.core.webui.keyword.builtin.VerifyElementPresentKeyword$_verifyElementPresent_closure1.doCall(VerifyElementPresentKeyword.groovy:85)
	at com.kms.katalon.core.webui.keyword.builtin.VerifyElementPresentKeyword$_verifyElementPresent_closure1.call(VerifyElementPresentKeyword.groovy)
	at com.kms.katalon.core.webui.keyword.internal.WebUIKeywordMain.runKeyword(WebUIKeywordMain.groovy:20)
	at com.kms.katalon.core.webui.keyword.builtin.VerifyElementPresentKeyword.verifyElementPresent(VerifyElementPresentKeyword.groovy:92)
	at com.kms.katalon.core.webui.keyword.builtin.VerifyElementPresentKeyword.execute(VerifyElementPresentKeyword.groovy:68)
	at com.kms.katalon.core.keyword.internal.KeywordExecutor.executeKeywordForPlatform(KeywordExecutor.groovy:73)
	at com.kms.katalon.core.webui.keyword.WebUiBuiltInKeywords.verifyElementPresent(WebUiBuiltInKeywords.groovy:1460)
	at com.kms.katalon.core.webui.keyword.WebUiBuiltInKeywords$verifyElementPresent$5.call(Unknown Source)
	at ist_real.Contract_Dispatcher.gettextconfirmationadd(Contract_Dispatcher.groovy:463)
	at cucumber.runtime.Utils$1.call(Utils.java:26)
	at cucumber.runtime.Timeout.timeout(Timeout.java:16)
	at cucumber.runtime.Utils.invoke(Utils.java:20)
	at cucumber.runtime.java.JavaStepDefinition.execute(JavaStepDefinition.java:48)
	at cucumber.runtime.PickleStepDefinitionMatch.runStep(PickleStepDefinitionMatch.java:50)
	at cucumber.runner.TestStep.executeStep(TestStep.java:55)
	at cucumber.runner.TestStep.run(TestStep.java:42)
	at cucumber.runner.PickleStepTestStep.run(PickleStepTestStep.java:53)
	at cucumber.runner.TestCase.run(TestCase.java:47)
	at cucumber.runner.Runner.runPickle(Runner.java:44)
	at cucumber.runtime.Runtime.runFeature(Runtime.java:120)
	at cucumber.runtime.Runtime.run(Runtime.java:106)
	at cucumber.api.cli.Main.run(Main.java:35)
	at cucumber.api.cli.Main$run.call(Unknown Source)
	at com.kms.katalon.core.cucumber.keyword.CucumberBuiltinKeywords$_runFeatureFile_closure1.doCall(CucumberBuiltinKeywords.groovy:76)
	at com.kms.katalon.core.cucumber.keyword.CucumberBuiltinKeywords$_runFeatureFile_closure1.doCall(CucumberBuiltinKeywords.groovy)
	at com.kms.katalon.core.keyword.internal.KeywordMain.runKeyword(KeywordMain.groovy:68)
	at com.kms.katalon.core.keyword.internal.KeywordMain$runKeyword.call(Unknown Source)
	at com.kms.katalon.core.cucumber.keyword.CucumberBuiltinKeywords.runFeatureFile(CucumberBuiltinKeywords.groovy:46)
	at com.kms.katalon.core.cucumber.keyword.CucumberBuiltinKeywords$runFeatureFile$0.callStatic(Unknown Source)
	at com.kms.katalon.core.cucumber.keyword.CucumberBuiltinKeywords.runFeatureFile(CucumberBuiltinKeywords.groovy:169)
	at com.kms.katalon.core.cucumber.keyword.CucumberBuiltinKeywords$runFeatureFile.call(Unknown Source)
	at SLIK Gateway Customer Checking.run(SLIK Gateway Customer Checking:18)
	at com.kms.katalon.core.main.ScriptEngine.run(ScriptEngine.java:194)
	at com.kms.katalon.core.main.ScriptEngine.runScriptAsRawText(ScriptEngine.java:119)
	at com.kms.katalon.core.main.TestCaseExecutor.runScript(TestCaseExecutor.java:339)
	at com.kms.katalon.core.main.TestCaseExecutor.doExecute(TestCaseExecutor.java:330)
	at com.kms.katalon.core.main.TestCaseExecutor.processExecutionPhase(TestCaseExecutor.java:309)
	at com.kms.katalon.core.main.TestCaseExecutor.accessMainPhase(TestCaseExecutor.java:301)
	at com.kms.katalon.core.main.TestCaseExecutor.execute(TestCaseExecutor.java:235)
	at com.kms.katalon.core.main.TestSuiteExecutor.accessTestCaseMainPhase(TestSuiteExecutor.java:191)
	at com.kms.katalon.core.main.TestSuiteExecutor.accessTestSuiteMainPhase(TestSuiteExecutor.java:141)
	at com.kms.katalon.core.main.TestSuiteExecutor.execute(TestSuiteExecutor.java:90)
	at com.kms.katalon.core.main.TestCaseMain.startTestSuite(TestCaseMain.java:157)
	at com.kms.katalon.core.main.TestCaseMain$startTestSuite$0.call(Unknown Source)
	at TempTestSuite1603882980631.run(TempTestSuite1603882980631.groovy:39)
)
[[ATTACHMENT|/Users/chaidir.pratama01/Katalon Studio/IST_Automation_Git/Reports/20201028_180300/SLIK/TS_SLIK_Gateway_Customer/20201028_180300/1603883109719.png]]

2020-10-28 18:05:10 - [MESSAGE][FAILED] - Unable to verify object '' is present (Root cause: com.kms.katalon.core.exception.StepFailedException: Unable to verify object '' is present
	at com.kms.katalon.core.webui.keyword.internal.WebUIKeywordMain.stepFailed(WebUIKeywordMain.groovy:64)
	at com.kms.katalon.core.webui.keyword.internal.WebUIKeywordMain.runKeyword(WebUIKeywordMain.groovy:26)
	at com.kms.katalon.core.webui.keyword.builtin.VerifyElementPresentKeyword.verifyElementPresent(VerifyElementPresentKeyword.groovy:92)
	at com.kms.katalon.core.webui.keyword.builtin.VerifyElementPresentKeyword.execute(VerifyElementPresentKeyword.groovy:68)
	at com.kms.katalon.core.keyword.internal.KeywordExecutor.executeKeywordForPlatform(KeywordExecutor.groovy:73)
	at com.kms.katalon.core.webui.keyword.WebUiBuiltInKeywords.verifyElementPresent(WebUiBuiltInKeywords.groovy:1460)
	at com.kms.katalon.core.webui.keyword.WebUiBuiltInKeywords$verifyElementPresent$5.call(Unknown Source)
	at ist_real.Contract_Dispatcher.gettextconfirmationadd(Contract_Dispatcher.groovy:463)
	at cucumber.runtime.Utils$1.call(Utils.java:26)
	at cucumber.runtime.Timeout.timeout(Timeout.java:16)
	at cucumber.runtime.Utils.invoke(Utils.java:20)
	at cucumber.runtime.java.JavaStepDefinition.execute(JavaStepDefinition.java:48)
	at cucumber.runtime.PickleStepDefinitionMatch.runStep(PickleStepDefinitionMatch.java:50)
	at cucumber.runner.TestStep.executeStep(TestStep.java:55)
	at cucumber.runner.TestStep.run(TestStep.java:42)
	at cucumber.runner.PickleStepTestStep.run(PickleStepTestStep.java:53)
	at cucumber.runner.TestCase.run(TestCase.java:47)
	at cucumber.runner.Runner.runPickle(Runner.java:44)
	at cucumber.runtime.Runtime.runFeature(Runtime.java:120)
	at cucumber.runtime.Runtime.run(Runtime.java:106)
	at cucumber.api.cli.Main.run(Main.java:35)
	at cucumber.api.cli.Main$run.call(Unknown Source)
	at com.kms.katalon.core.cucumber.keyword.CucumberBuiltinKeywords$_runFeatureFile_closure1.doCall(CucumberBuiltinKeywords.groovy:76)
	at com.kms.katalon.core.cucumber.keyword.CucumberBuiltinKeywords$_runFeatureFile_closure1.doCall(CucumberBuiltinKeywords.groovy)
	at com.kms.katalon.core.keyword.internal.KeywordMain.runKeyword(KeywordMain.groovy:68)
	at com.kms.katalon.core.keyword.internal.KeywordMain$runKeyword.call(Unknown Source)
	at com.kms.katalon.core.cucumber.keyword.CucumberBuiltinKeywords.runFeatureFile(CucumberBuiltinKeywords.groovy:46)
	at com.kms.katalon.core.cucumber.keyword.CucumberBuiltinKeywords$runFeatureFile$0.callStatic(Unknown Source)
	at com.kms.katalon.core.cucumber.keyword.CucumberBuiltinKeywords.runFeatureFile(CucumberBuiltinKeywords.groovy:169)
	at com.kms.katalon.core.cucumber.keyword.CucumberBuiltinKeywords$runFeatureFile.call(Unknown Source)
	at SLIK Gateway Customer Checking.run(SLIK Gateway Customer Checking:18)
	at com.kms.katalon.core.main.ScriptEngine.run(ScriptEngine.java:194)
	at com.kms.katalon.core.main.ScriptEngine.runScriptAsRawText(ScriptEngine.java:119)
	at com.kms.katalon.core.main.TestCaseExecutor.runScript(TestCaseExecutor.java:339)
	at com.kms.katalon.core.main.TestCaseExecutor.doExecute(TestCaseExecutor.java:330)
	at com.kms.katalon.core.main.TestCaseExecutor.processExecutionPhase(TestCaseExecutor.java:309)
	at com.kms.katalon.core.main.TestCaseExecutor.accessMainPhase(TestCaseExecutor.java:301)
	at com.kms.katalon.core.main.TestCaseExecutor.execute(TestCaseExecutor.java:235)
	at com.kms.katalon.core.main.TestSuiteExecutor.accessTestCaseMainPhase(TestSuiteExecutor.java:191)
	at com.kms.katalon.core.main.TestSuiteExecutor.accessTestSuiteMainPhase(TestSuiteExecutor.java:141)
	at com.kms.katalon.core.main.TestSuiteExecutor.execute(TestSuiteExecutor.java:90)
	at com.kms.katalon.core.main.TestCaseMain.startTestSuite(TestCaseMain.java:157)
	at com.kms.katalon.core.main.TestCaseMain$startTestSuite$0.call(Unknown Source)
	at TempTestSuite1603882980631.run(TempTestSuite1603882980631.groovy:39)
Caused by: com.kms.katalon.core.exception.StepFailedException: com.kms.katalon.core.webui.exception.WebElementNotFoundException: Web element with id: '' located by '//div[contains(text(),"Confirmation Submit Request")]/following-sibling::div/table/tbody/tr/td/table/tbody/tr/td[5]/div/span[contains(text(),"Are you sure to submit this data ?")]' not found
	at com.kms.katalon.core.webui.keyword.internal.WebUIKeywordMain.stepFailed(WebUIKeywordMain.groovy:64)
	at com.kms.katalon.core.webui.keyword.builtin.VerifyElementPresentKeyword$_verifyElementPresent_closure1.doCall(VerifyElementPresentKeyword.groovy:85)
	at com.kms.katalon.core.webui.keyword.builtin.VerifyElementPresentKeyword$_verifyElementPresent_closure1.call(VerifyElementPresentKeyword.groovy)
	at com.kms.katalon.core.webui.keyword.internal.WebUIKeywordMain.runKeyword(WebUIKeywordMain.groovy:20)
	... 42 more
)
[[ATTACHMENT|/Users/chaidir.pratama01/Katalon Studio/IST_Automation_Git/Reports/20201028_180300/SLIK/TS_SLIK_Gateway_Customer/20201028_180300/1603883110314.png]]

2020-10-28 18:05:10 - [MESSAGE][FAILED] - Get text from pop up "Confirmation Submit Request" with text "Are you sure to submit this data ?" FAILED.
Reason:
com.kms.katalon.core.exception.StepFailedException: Unable to verify object '' is present
	at com.kms.katalon.core.webui.keyword.internal.WebUIKeywordMain.stepFailed(WebUIKeywordMain.groovy:64)
	at com.kms.katalon.core.webui.keyword.internal.WebUIKeywordMain.runKeyword(WebUIKeywordMain.groovy:26)
	at com.kms.katalon.core.webui.keyword.builtin.VerifyElementPresentKeyword.verifyElementPresent(VerifyElementPresentKeyword.groovy:92)
	at com.kms.katalon.core.webui.keyword.builtin.VerifyElementPresentKeyword.execute(VerifyElementPresentKeyword.groovy:68)
	at com.kms.katalon.core.keyword.internal.KeywordExecutor.executeKeywordForPlatform(KeywordExecutor.groovy:73)
	at com.kms.katalon.core.webui.keyword.WebUiBuiltInKeywords.verifyElementPresent(WebUiBuiltInKeywords.groovy:1460)
	at com.kms.katalon.core.webui.keyword.WebUiBuiltInKeywords$verifyElementPresent$5.call(Unknown Source)
	at ist_real.Contract_Dispatcher.gettextconfirmationadd(Contract_Dispatcher.groovy:463)
	at ✽.Get text from pop up "Confirmation Submit Request" with text "Are you sure to submit this data ?"(/Users/chaidir.pratama01/Katalon Studio/IST_Automation_Git/Include/features/IST_Real/SLIK/SLIK Gateway Customer/SLIK Gateway Customer Checking.feature:40)
Caused by: com.kms.katalon.core.exception.StepFailedException: com.kms.katalon.core.webui.exception.WebElementNotFoundException: Web element with id: '' located by '//div[contains(text(),"Confirmation Submit Request")]/following-sibling::div/table/tbody/tr/td/table/tbody/tr/td[5]/div/span[contains(text(),"Are you sure to submit this data ?")]' not found
	at com.kms.katalon.core.webui.keyword.internal.WebUIKeywordMain.stepFailed(WebUIKeywordMain.groovy:64)
	at com.kms.katalon.core.webui.keyword.builtin.VerifyElementPresentKeyword$_verifyElementPresent_closure1.doCall(VerifyElementPresentKeyword.groovy:85)
	at com.kms.katalon.core.webui.keyword.builtin.VerifyElementPresentKeyword$_verifyElementPresent_closure1.call(VerifyElementPresentKeyword.groovy)
	at com.kms.katalon.core.webui.keyword.internal.WebUIKeywordMain.runKeyword(WebUIKeywordMain.groovy:20)
	at com.kms.katalon.core.webui.keyword.builtin.VerifyElementPresentKeyword.verifyElementPresent(VerifyElementPresentKeyword.groovy:92)
	at com.kms.katalon.core.webui.keyword.builtin.VerifyElementPresentKeyword.execute(VerifyElementPresentKeyword.groovy:68)
	at com.kms.katalon.core.keyword.internal.KeywordExecutor.executeKeywordForPlatform(KeywordExecutor.groovy:73)
	at com.kms.katalon.core.webui.keyword.WebUiBuiltInKeywords.verifyElementPresent(WebUiBuiltInKeywords.groovy:1460)
	at com.kms.katalon.core.webui.keyword.WebUiBuiltInKeywords$verifyElementPresent$5.call(Unknown Source)
	at ist_real.Contract_Dispatcher.gettextconfirmationadd(Contract_Dispatcher.groovy:463)
	at cucumber.runtime.Utils$1.call(Utils.java:26)
	at cucumber.runtime.Timeout.timeout(Timeout.java:16)
	at cucumber.runtime.Utils.invoke(Utils.java:20)
	at cucumber.runtime.java.JavaStepDefinition.execute(JavaStepDefinition.java:48)
	at cucumber.runtime.PickleStepDefinitionMatch.runStep(PickleStepDefinitionMatch.java:50)
	at cucumber.runner.TestStep.executeStep(TestStep.java:55)
	at cucumber.runner.TestStep.run(TestStep.java:42)
	at cucumber.runner.PickleStepTestStep.run(PickleStepTestStep.java:53)
	at cucumber.runner.TestCase.run(TestCase.java:47)
	at cucumber.runner.Runner.runPickle(Runner.java:44)
	at cucumber.runtime.Runtime.runFeature(Runtime.java:120)
	at cucumber.runtime.Runtime.run(Runtime.java:106)
	at cucumber.api.cli.Main.run(Main.java:35)
	at cucumber.api.cli.Main$run.call(Unknown Source)
	at com.kms.katalon.core.cucumber.keyword.CucumberBuiltinKeywords$_runFeatureFile_closure1.doCall(CucumberBuiltinKeywords.groovy:76)
	at com.kms.katalon.core.cucumber.keyword.CucumberBuiltinKeywords$_runFeatureFile_closure1.doCall(CucumberBuiltinKeywords.groovy)
	at com.kms.katalon.core.keyword.internal.KeywordMain.runKeyword(KeywordMain.groovy:68)
	at com.kms.katalon.core.keyword.internal.KeywordMain$runKeyword.call(Unknown Source)
	at com.kms.katalon.core.cucumber.keyword.CucumberBuiltinKeywords.runFeatureFile(CucumberBuiltinKeywords.groovy:46)
	at com.kms.katalon.core.cucumber.keyword.CucumberBuiltinKeywords$runFeatureFile$0.callStatic(Unknown Source)
	at com.kms.katalon.core.cucumber.keyword.CucumberBuiltinKeywords.runFeatureFile(CucumberBuiltinKeywords.groovy:169)
	at com.kms.katalon.core.cucumber.keyword.CucumberBuiltinKeywords$runFeatureFile.call(Unknown Source)
	at SLIK Gateway Customer Checking.run(SLIK Gateway Customer Checking:18)
	at com.kms.katalon.core.main.ScriptEngine.run(ScriptEngine.java:194)
	at com.kms.katalon.core.main.ScriptEngine.runScriptAsRawText(ScriptEngine.java:119)
	at com.kms.katalon.core.main.TestCaseExecutor.runScript(TestCaseExecutor.java:339)
	at com.kms.katalon.core.main.TestCaseExecutor.doExecute(TestCaseExecutor.java:330)
	at com.kms.katalon.core.main.TestCaseExecutor.processExecutionPhase(TestCaseExecutor.java:309)
	at com.kms.katalon.core.main.TestCaseExecutor.accessMainPhase(TestCaseExecutor.java:301)
	at com.kms.katalon.core.main.TestCaseExecutor.execute(TestCaseExecutor.java:235)
	at com.kms.katalon.core.main.TestSuiteExecutor.accessTestCaseMainPhase(TestSuiteExecutor.java:191)
	at com.kms.katalon.core.main.TestSuiteExecutor.accessTestSuiteMainPhase(TestSuiteExecutor.java:141)
	at com.kms.katalon.core.main.TestSuiteExecutor.execute(TestSuiteExecutor.java:90)
	at com.kms.katalon.core.main.TestCaseMain.startTestSuite(TestCaseMain.java:157)
	at com.kms.katalon.core.main.TestCaseMain$startTestSuite$0.call(Unknown Source)
	at TempTestSuite1603882980631.run(TempTestSuite1603882980631.groovy:39)


2020-10-28 18:05:10 - [TEST_STEP][NOT_RUN] - Click button "Yes": Click button "Yes"

2020-10-28 18:05:10 - [MESSAGE][NOT_RUN] - Click button "Yes"

2020-10-28 18:05:10 - [TEST_STEP][NOT_RUN] - Verify KTP Number Request Success: Verify KTP Number Request Success

2020-10-28 18:05:10 - [MESSAGE][NOT_RUN] - Verify KTP Number Request Success

2020-10-28 18:05:10 - [TEST_STEP][NOT_RUN] - Click button "OK": Click button "OK"

2020-10-28 18:05:10 - [MESSAGE][NOT_RUN] - Click button "OK"

2020-10-28 18:05:10 - [TEST_STEP][NOT_RUN] - Click button "Logout": Click button "Logout"

2020-10-28 18:05:10 - [MESSAGE][NOT_RUN] - Click button "Logout"

2020-10-28 18:05:10 - [TEST_STEP][NOT_RUN] - Close browser: Close browser

2020-10-28 18:05:10 - [MESSAGE][NOT_RUN] - Close browser

2020-10-28 18:05:10 - [MESSAGE][FAILED] - Feature file 'Include/features/IST_Real/SLIK/SLIK Gateway Customer/SLIK Gateway Customer Checking.feature' was failed

2020-10-28 18:05:10 - [MESSAGE][FAILED] - Keyword runFeatureFile was failed (Root cause: com.kms.katalon.core.exception.StepFailedException: Feature file 'Include/features/IST_Real/SLIK/SLIK Gateway Customer/SLIK Gateway Customer Checking.feature' was failed
	at com.kms.katalon.core.keyword.internal.KeywordMain.stepFailed(KeywordMain.groovy:50)
	at com.kms.katalon.core.keyword.internal.KeywordMain.stepFailed(KeywordMain.groovy)
	at com.kms.katalon.core.keyword.internal.KeywordMain.stepFailed(KeywordMain.groovy:23)
	at com.kms.katalon.core.keyword.internal.KeywordMain$stepFailed$0.call(Unknown Source)
	at com.kms.katalon.core.cucumber.keyword.CucumberBuiltinKeywords$_runFeatureFile_closure1.doCall(CucumberBuiltinKeywords.groovy:82)
	at com.kms.katalon.core.cucumber.keyword.CucumberBuiltinKeywords$_runFeatureFile_closure1.doCall(CucumberBuiltinKeywords.groovy)
	at com.kms.katalon.core.keyword.internal.KeywordMain.runKeyword(KeywordMain.groovy:68)
	at com.kms.katalon.core.keyword.internal.KeywordMain$runKeyword.call(Unknown Source)
	at com.kms.katalon.core.cucumber.keyword.CucumberBuiltinKeywords.runFeatureFile(CucumberBuiltinKeywords.groovy:46)
	at com.kms.katalon.core.cucumber.keyword.CucumberBuiltinKeywords$runFeatureFile$0.callStatic(Unknown Source)
	at com.kms.katalon.core.cucumber.keyword.CucumberBuiltinKeywords.runFeatureFile(CucumberBuiltinKeywords.groovy:169)
	at com.kms.katalon.core.cucumber.keyword.CucumberBuiltinKeywords$runFeatureFile.call(Unknown Source)
	at SLIK Gateway Customer Checking.run(SLIK Gateway Customer Checking:18)
	at com.kms.katalon.core.main.ScriptEngine.run(ScriptEngine.java:194)
	at com.kms.katalon.core.main.ScriptEngine.runScriptAsRawText(ScriptEngine.java:119)
	at com.kms.katalon.core.main.TestCaseExecutor.runScript(TestCaseExecutor.java:339)
	at com.kms.katalon.core.main.TestCaseExecutor.doExecute(TestCaseExecutor.java:330)
	at com.kms.katalon.core.main.TestCaseExecutor.processExecutionPhase(TestCaseExecutor.java:309)
	at com.kms.katalon.core.main.TestCaseExecutor.accessMainPhase(TestCaseExecutor.java:301)
	at com.kms.katalon.core.main.TestCaseExecutor.execute(TestCaseExecutor.java:235)
	at com.kms.katalon.core.main.TestSuiteExecutor.accessTestCaseMainPhase(TestSuiteExecutor.java:191)
	at com.kms.katalon.core.main.TestSuiteExecutor.accessTestSuiteMainPhase(TestSuiteExecutor.java:141)
	at com.kms.katalon.core.main.TestSuiteExecutor.execute(TestSuiteExecutor.java:90)
	at com.kms.katalon.core.main.TestCaseMain.startTestSuite(TestCaseMain.java:157)
	at com.kms.katalon.core.main.TestCaseMain$startTestSuite$0.call(Unknown Source)
	at TempTestSuite1603882980631.run(TempTestSuite1603882980631.groovy:39)
)]]></system-out>
         <system-err><![CDATA[2020-10-28 18:03:47 - [TEST_CASE][FAILED] - Test Cases/IST_Real/SLIK/SLIK_Gateway_Customer/SLIK Gateway Customer Checking: Test Cases/IST_Real/SLIK/SLIK_Gateway_Customer/SLIK Gateway Customer Checking FAILED.
Reason:
com.kms.katalon.core.exception.StepFailedException: Feature file 'Include/features/IST_Real/SLIK/SLIK Gateway Customer/SLIK Gateway Customer Checking.feature' was failed
	at com.kms.katalon.core.keyword.internal.KeywordMain.stepFailed(KeywordMain.groovy:50)
	at com.kms.katalon.core.keyword.internal.KeywordMain.stepFailed(KeywordMain.groovy)
	at com.kms.katalon.core.keyword.internal.KeywordMain.stepFailed(KeywordMain.groovy:23)
	at com.kms.katalon.core.keyword.internal.KeywordMain$stepFailed$0.call(Unknown Source)
	at com.kms.katalon.core.cucumber.keyword.CucumberBuiltinKeywords$_runFeatureFile_closure1.doCall(CucumberBuiltinKeywords.groovy:82)
	at com.kms.katalon.core.cucumber.keyword.CucumberBuiltinKeywords$_runFeatureFile_closure1.doCall(CucumberBuiltinKeywords.groovy)
	at com.kms.katalon.core.keyword.internal.KeywordMain.runKeyword(KeywordMain.groovy:68)
	at com.kms.katalon.core.keyword.internal.KeywordMain$runKeyword.call(Unknown Source)
	at com.kms.katalon.core.cucumber.keyword.CucumberBuiltinKeywords.runFeatureFile(CucumberBuiltinKeywords.groovy:46)
	at com.kms.katalon.core.cucumber.keyword.CucumberBuiltinKeywords$runFeatureFile$0.callStatic(Unknown Source)
	at com.kms.katalon.core.cucumber.keyword.CucumberBuiltinKeywords.runFeatureFile(CucumberBuiltinKeywords.groovy:169)
	at com.kms.katalon.core.cucumber.keyword.CucumberBuiltinKeywords$runFeatureFile.call(Unknown Source)
	at SLIK Gateway Customer Checking.run(SLIK Gateway Customer Checking:18)
	at com.kms.katalon.core.main.ScriptEngine.run(ScriptEngine.java:194)
	at com.kms.katalon.core.main.ScriptEngine.runScriptAsRawText(ScriptEngine.java:119)
	at com.kms.katalon.core.main.TestCaseExecutor.runScript(TestCaseExecutor.java:339)
	at com.kms.katalon.core.main.TestCaseExecutor.doExecute(TestCaseExecutor.java:330)
	at com.kms.katalon.core.main.TestCaseExecutor.processExecutionPhase(TestCaseExecutor.java:309)
	at com.kms.katalon.core.main.TestCaseExecutor.accessMainPhase(TestCaseExecutor.java:301)
	at com.kms.katalon.core.main.TestCaseExecutor.execute(TestCaseExecutor.java:235)
	at com.kms.katalon.core.main.TestSuiteExecutor.accessTestCaseMainPhase(TestSuiteExecutor.java:191)
	at com.kms.katalon.core.main.TestSuiteExecutor.accessTestSuiteMainPhase(TestSuiteExecutor.java:141)
	at com.kms.katalon.core.main.TestSuiteExecutor.execute(TestSuiteExecutor.java:90)
	at com.kms.katalon.core.main.TestCaseMain.startTestSuite(TestCaseMain.java:157)
	at com.kms.katalon.core.main.TestCaseMain$startTestSuite$0.call(Unknown Source)
	at TempTestSuite1603882980631.run(TempTestSuite1603882980631.groovy:39)]]></system-err>
      </testcase>
      <testcase name="Test Cases/IST_Real/SLIK/SLIK_Gateway_Customer/SELECT KTP NUMBER CUSTOMER from DB" time="4.794" classname="Test Cases/IST_Real/SLIK/SLIK_Gateway_Customer/SELECT KTP NUMBER CUSTOMER from DB" status="PASSED">
         <system-out><![CDATA[2020-10-28 18:05:10 - [TEST_CASE][PASSED] - Test Cases/IST_Real/SLIK/SLIK_Gateway_Customer/SELECT KTP NUMBER CUSTOMER from DB: Test Cases/IST_Real/SLIK/SLIK_Gateway_Customer/SELECT KTP NUMBER CUSTOMER from DB

2020-10-28 18:05:10 - [TEST_STEP][PASSED] - runFeatureFile("Include/features/IST_Real/SLIK/SLIK Gateway Customer/SELECT_KTP_NUMBER_CUSTOMER_from_DB.feature"): Feature file: 'Include/features/IST_Real/SLIK/SLIK Gateway Customer/SELECT_KTP_NUMBER_CUSTOMER_from_DB.feature' was passed

2020-10-28 18:05:10 - [MESSAGE][INFO] - Starting run keyword runFeatureFile: 'Include/features/IST_Real/SLIK/SLIK Gateway Customer/SELECT_KTP_NUMBER_CUSTOMER_from_DB.feature' and extract report to folder: '/Users/chaidir.pratama01/Katalon Studio/IST_Automation_Git/Reports/20201028_180300/SLIK/TS_SLIK_Gateway_Customer/20201028_180300/cucumber_report/1603883110925'...

2020-10-28 18:05:11 - [TEST_CASE][PASSED] - Start Test Case : SCENARIO SELECT KTP Number Customer From Table SLIK_DATA_CUSTOMER: SCENARIO SELECT KTP Number Customer From Table SLIK_DATA_CUSTOMER

2020-10-28 18:05:11 - [TEST_STEP][PASSED] - Connect to Database: Connect to Database

2020-10-28 18:05:13 - [MESSAGE][PASSED] - Connect to Database

2020-10-28 18:05:13 - [TEST_STEP][PASSED] - Check KTP Number Customer in DB: Check KTP Number Customer in DB

2020-10-28 18:05:15 - [MESSAGE][PASSED] - Check KTP Number Customer in DB

2020-10-28 18:05:15 - [MESSAGE][PASSED] - Feature file: 'Include/features/IST_Real/SLIK/SLIK Gateway Customer/SELECT_KTP_NUMBER_CUSTOMER_from_DB.feature' was passed]]></system-out>
         <system-err><![CDATA[]]></system-err>
      </testcase>
      <testcase name="Test Cases/IST_Real/SLIK/SLIK_Gateway_Customer/SLIK Gateaway Customer Search By KTP" time="15.986" classname="Test Cases/IST_Real/SLIK/SLIK_Gateway_Customer/SLIK Gateaway Customer Search By KTP" status="PASSED">
         <system-out><![CDATA[2020-10-28 18:05:15 - [TEST_CASE][PASSED] - Test Cases/IST_Real/SLIK/SLIK_Gateway_Customer/SLIK Gateaway Customer Search By KTP: Test Cases/IST_Real/SLIK/SLIK_Gateway_Customer/SLIK Gateaway Customer Search By KTP

2020-10-28 18:05:15 - [TEST_STEP][PASSED] - runFeatureFile("Include/features/IST_Real/SLIK/SLIK Gateway Customer/SLIK_Gateaway_Customer_Search_By_KTP.feature"): Feature file: 'Include/features/IST_Real/SLIK/SLIK Gateway Customer/SLIK_Gateaway_Customer_Search_By_KTP.feature' was passed

2020-10-28 18:05:15 - [MESSAGE][INFO] - Starting run keyword runFeatureFile: 'Include/features/IST_Real/SLIK/SLIK Gateway Customer/SLIK_Gateaway_Customer_Search_By_KTP.feature' and extract report to folder: '/Users/chaidir.pratama01/Katalon Studio/IST_Automation_Git/Reports/20201028_180300/SLIK/TS_SLIK_Gateway_Customer/20201028_180300/cucumber_report/1603883115739'...

2020-10-28 18:05:15 - [TEST_CASE][PASSED] - Start Test Case : SCENARIO SLIK Gateway Customer Search Result: SCENARIO SLIK Gateway Customer Search Result

2020-10-28 18:05:15 - [TEST_STEP][PASSED] - Go to ISTools: Go to ISTools

2020-10-28 18:05:15 - [MESSAGE][WARNING] - A browser is already opened. Closing browser and opening a new one

2020-10-28 18:05:16 - [MESSAGE][INFO] - Starting 'Chrome' driver

2020-10-28 18:05:16 - [MESSAGE][INFO] - User set preference: ['AcceptInsecureCerts', 'true']

2020-10-28 18:05:16 - [MESSAGE][INFO] - User set preference: ['args', '[ignore-certificate-errors]']

2020-10-28 18:05:16 - [MESSAGE][INFO] - Action delay is set to 0 milliseconds

2020-10-28 18:05:17 - [MESSAGE][PASSED] - Browser is opened with url: ''

2020-10-28 18:05:17 - [MESSAGE][PASSED] - Navigate to 'https://id-ist01preprod.id.nonprod/ist/' successfully

2020-10-28 18:05:17 - [MESSAGE][PASSED] - Go to ISTools

2020-10-28 18:05:17 - [TEST_STEP][PASSED] - Login IST with valid credentials: Login IST with valid credentials

2020-10-28 18:05:18 - [MESSAGE][PASSED] - Text 'mobile.test' is set on object 'Object Repository/Page_/input_Username_j_username'

2020-10-28 18:05:19 - [MESSAGE][PASSED] - Text ****** has been set on object 'Object Repository/Page_/input_Password_j_password'

2020-10-28 18:05:19 - [MESSAGE][PASSED] - Object: 'Object Repository/Page_/button_Login' is clicked on

2020-10-28 18:05:19 - [MESSAGE][PASSED] - Login IST with valid credentials

2020-10-28 18:05:19 - [TEST_STEP][PASSED] - Login Success for contract dispatcher: Login Success for contract dispatcher

2020-10-28 18:05:19 - [MESSAGE][INFO] - Login Success

2020-10-28 18:05:19 - [MESSAGE][PASSED] - Current window maximized

2020-10-28 18:05:20 - [MESSAGE][PASSED] - Object 'Object Repository/Page_/h1_Welcome to IT Supporting Tools' is present

2020-10-28 18:05:20 - [MESSAGE][PASSED] - Login Success for contract dispatcher

2020-10-28 18:05:20 - [TEST_STEP][PASSED] - Select Menu SLIK Gateway Customer: Select Menu SLIK Gateway Customer

2020-10-28 18:05:20 - [MESSAGE][PASSED] - Object '' is present

2020-10-28 18:05:20 - [MESSAGE][PASSED] - Object: '' is clicked on

2020-10-28 18:05:20 - [MESSAGE][PASSED] - Wait for page load successfully

2020-10-28 18:05:20 - [MESSAGE][PASSED] - Select Menu SLIK Gateway Customer

2020-10-28 18:05:20 - [TEST_STEP][PASSED] - Input Data KTP Number for Search Result: Input Data KTP Number for Search Result

2020-10-28 18:05:21 - [MESSAGE][PASSED] - Scroll to object '' successfully

2020-10-28 18:05:22 - [MESSAGE][PASSED] - Text '9999999999999999' is set on object ''

2020-10-28 18:05:22 - [MESSAGE][PASSED] - Input Data KTP Number for Search Result

2020-10-28 18:05:22 - [TEST_STEP][PASSED] - Click button "Search": Click button "Search"

2020-10-28 18:05:22 - [MESSAGE][INFO] - >>>>>//Button[contains(text(),'Search')]

2020-10-28 18:05:25 - [MESSAGE][PASSED] - Object: '' is clicked on

2020-10-28 18:05:25 - [MESSAGE][PASSED] - Click button "Search"

2020-10-28 18:05:25 - [TEST_STEP][PASSED] - Verify Search Result with KTP Number: Verify Search Result with KTP Number

2020-10-28 18:05:26 - [MESSAGE][PASSED] - Object '' is present

2020-10-28 18:05:26 - [MESSAGE][PASSED] - Verify Search Result with KTP Number

2020-10-28 18:05:26 - [TEST_STEP][PASSED] - Verify Search Result data: Verify Search Result data

2020-10-28 18:05:26 - [MESSAGE][PASSED] - Scroll to object '' successfully

2020-10-28 18:05:26 - [MESSAGE][PASSED] - Object '' is present

2020-10-28 18:05:26 - [MESSAGE][PASSED] - Verify Search Result data

2020-10-28 18:05:26 - [TEST_STEP][PASSED] - Click button "Logout": Click button "Logout"

2020-10-28 18:05:26 - [MESSAGE][INFO] - >>>>>//Button[contains(text(),'Logout')]

2020-10-28 18:05:31 - [MESSAGE][PASSED] - Object: '' is clicked on

2020-10-28 18:05:31 - [MESSAGE][PASSED] - Click button "Logout"

2020-10-28 18:05:31 - [TEST_STEP][PASSED] - Close browser: Close browser

2020-10-28 18:05:31 - [MESSAGE][PASSED] - Browser is closed

2020-10-28 18:05:31 - [MESSAGE][PASSED] - Close browser

2020-10-28 18:05:31 - [MESSAGE][PASSED] - Feature file: 'Include/features/IST_Real/SLIK/SLIK Gateway Customer/SLIK_Gateaway_Customer_Search_By_KTP.feature' was passed]]></system-out>
         <system-err><![CDATA[]]></system-err>
      </testcase>
      <testcase name="Test Cases/IST_Real/SLIK/SLIK_Gateway_Customer/SLIK Gateway Customer Search By Status SUCCESS" time="16.818" classname="Test Cases/IST_Real/SLIK/SLIK_Gateway_Customer/SLIK Gateway Customer Search By Status SUCCESS" status="PASSED">
         <system-out><![CDATA[2020-10-28 18:05:31 - [TEST_CASE][PASSED] - Test Cases/IST_Real/SLIK/SLIK_Gateway_Customer/SLIK Gateway Customer Search By Status SUCCESS: Test Cases/IST_Real/SLIK/SLIK_Gateway_Customer/SLIK Gateway Customer Search By Status SUCCESS

2020-10-28 18:05:31 - [TEST_STEP][PASSED] - runFeatureFile("Include/features/IST_Real/SLIK/SLIK Gateway Customer/SLIK_Gateway_Customer_Search_By_Status_SUCCESS.feature"): Feature file: 'Include/features/IST_Real/SLIK/SLIK Gateway Customer/SLIK_Gateway_Customer_Search_By_Status_SUCCESS.feature' was passed

2020-10-28 18:05:31 - [MESSAGE][INFO] - Starting run keyword runFeatureFile: 'Include/features/IST_Real/SLIK/SLIK Gateway Customer/SLIK_Gateway_Customer_Search_By_Status_SUCCESS.feature' and extract report to folder: '/Users/chaidir.pratama01/Katalon Studio/IST_Automation_Git/Reports/20201028_180300/SLIK/TS_SLIK_Gateway_Customer/20201028_180300/cucumber_report/1603883131720'...

2020-10-28 18:05:31 - [TEST_CASE][PASSED] - Start Test Case : SCENARIO Search Result by Status: SCENARIO Search Result by Status

2020-10-28 18:05:31 - [TEST_STEP][PASSED] - Go to ISTools: Go to ISTools

2020-10-28 18:05:31 - [MESSAGE][INFO] - Starting 'Chrome' driver

2020-10-28 18:05:31 - [MESSAGE][INFO] - User set preference: ['AcceptInsecureCerts', 'true']

2020-10-28 18:05:31 - [MESSAGE][INFO] - User set preference: ['args', '[ignore-certificate-errors]']

2020-10-28 18:05:31 - [MESSAGE][INFO] - Action delay is set to 0 milliseconds

2020-10-28 18:05:33 - [MESSAGE][PASSED] - Browser is opened with url: ''

2020-10-28 18:05:35 - [MESSAGE][PASSED] - Navigate to 'https://id-ist01preprod.id.nonprod/ist/' successfully

2020-10-28 18:05:35 - [MESSAGE][PASSED] - Go to ISTools

2020-10-28 18:05:35 - [TEST_STEP][PASSED] - Login IST with valid credentials: Login IST with valid credentials

2020-10-28 18:05:36 - [MESSAGE][PASSED] - Text 'mobile.test' is set on object 'Object Repository/Page_/input_Username_j_username'

2020-10-28 18:05:36 - [MESSAGE][PASSED] - Text ****** has been set on object 'Object Repository/Page_/input_Password_j_password'

2020-10-28 18:05:37 - [MESSAGE][PASSED] - Object: 'Object Repository/Page_/button_Login' is clicked on

2020-10-28 18:05:37 - [MESSAGE][PASSED] - Login IST with valid credentials

2020-10-28 18:05:37 - [TEST_STEP][PASSED] - Login Success for contract dispatcher: Login Success for contract dispatcher

2020-10-28 18:05:37 - [MESSAGE][INFO] - Login Success

2020-10-28 18:05:37 - [MESSAGE][PASSED] - Current window maximized

2020-10-28 18:05:37 - [MESSAGE][PASSED] - Object 'Object Repository/Page_/h1_Welcome to IT Supporting Tools' is present

2020-10-28 18:05:37 - [MESSAGE][PASSED] - Login Success for contract dispatcher

2020-10-28 18:05:37 - [TEST_STEP][PASSED] - Select Menu SLIK Gateway Customer: Select Menu SLIK Gateway Customer

2020-10-28 18:05:38 - [MESSAGE][PASSED] - Object '' is present

2020-10-28 18:05:38 - [MESSAGE][PASSED] - Object: '' is clicked on

2020-10-28 18:05:38 - [MESSAGE][PASSED] - Wait for page load successfully

2020-10-28 18:05:38 - [MESSAGE][PASSED] - Select Menu SLIK Gateway Customer

2020-10-28 18:05:38 - [TEST_STEP][PASSED] - Select Status is "SUCCESS": Select Status is "SUCCESS"

2020-10-28 18:05:40 - [MESSAGE][PASSED] - All options with value 'SUCCESS' are selected in object ''  using regular expression

2020-10-28 18:05:40 - [MESSAGE][PASSED] - Select Status is "SUCCESS"

2020-10-28 18:05:40 - [TEST_STEP][PASSED] - Click button "Search": Click button "Search"

2020-10-28 18:05:40 - [MESSAGE][INFO] - >>>>>//Button[contains(text(),'Search')]

2020-10-28 18:05:43 - [MESSAGE][PASSED] - Object: '' is clicked on

2020-10-28 18:05:43 - [MESSAGE][PASSED] - Click button "Search"

2020-10-28 18:05:43 - [TEST_STEP][PASSED] - Verify Search Result Based on Result Status: Verify Search Result Based on Result Status

2020-10-28 18:05:43 - [MESSAGE][PASSED] - Scroll to object '' successfully

2020-10-28 18:05:44 - [MESSAGE][PASSED] - Actual text and expected text of test object '' are matched.

2020-10-28 18:05:44 - [MESSAGE][PASSED] - Text of object '' is: 'SUCCESS'

2020-10-28 18:05:44 - [MESSAGE][PASSED] - Text of object '' is: '9999999999999999'

2020-10-28 18:05:44 - [MESSAGE][PASSED] - Verify Search Result Based on Result Status

2020-10-28 18:05:44 - [TEST_STEP][PASSED] - Click button "Logout": Click button "Logout"

2020-10-28 18:05:44 - [MESSAGE][INFO] - >>>>>//Button[contains(text(),'Logout')]

2020-10-28 18:05:48 - [MESSAGE][PASSED] - Object: '' is clicked on

2020-10-28 18:05:48 - [MESSAGE][PASSED] - Click button "Logout"

2020-10-28 18:05:48 - [TEST_STEP][PASSED] - Close browser: Close browser

2020-10-28 18:05:48 - [MESSAGE][PASSED] - Browser is closed

2020-10-28 18:05:48 - [MESSAGE][PASSED] - Close browser

2020-10-28 18:05:48 - [MESSAGE][PASSED] - Feature file: 'Include/features/IST_Real/SLIK/SLIK Gateway Customer/SLIK_Gateway_Customer_Search_By_Status_SUCCESS.feature' was passed]]></system-out>
         <system-err><![CDATA[]]></system-err>
      </testcase>
      <testcase name="Test Cases/IST_Real/SLIK/SLIK_Gateway_Customer/SLIK Gateway Customer Search By Status FAILED" time="19.886" classname="Test Cases/IST_Real/SLIK/SLIK_Gateway_Customer/SLIK Gateway Customer Search By Status FAILED" status="PASSED">
         <system-out><![CDATA[2020-10-28 18:05:48 - [TEST_CASE][PASSED] - Test Cases/IST_Real/SLIK/SLIK_Gateway_Customer/SLIK Gateway Customer Search By Status FAILED: Test Cases/IST_Real/SLIK/SLIK_Gateway_Customer/SLIK Gateway Customer Search By Status FAILED

2020-10-28 18:05:48 - [TEST_STEP][PASSED] - runFeatureFile("Include/features/IST_Real/SLIK/SLIK Gateway Customer/SLIK_Gateway_Customer_Search_By_Status_FAILED.feature"): Feature file: 'Include/features/IST_Real/SLIK/SLIK Gateway Customer/SLIK_Gateway_Customer_Search_By_Status_FAILED.feature' was passed

2020-10-28 18:05:48 - [MESSAGE][INFO] - Starting run keyword runFeatureFile: 'Include/features/IST_Real/SLIK/SLIK Gateway Customer/SLIK_Gateway_Customer_Search_By_Status_FAILED.feature' and extract report to folder: '/Users/chaidir.pratama01/Katalon Studio/IST_Automation_Git/Reports/20201028_180300/SLIK/TS_SLIK_Gateway_Customer/20201028_180300/cucumber_report/1603883148562'...

2020-10-28 18:05:48 - [TEST_CASE][PASSED] - Start Test Case : SCENARIO Search Result by Status: SCENARIO Search Result by Status

2020-10-28 18:05:48 - [TEST_STEP][PASSED] - Go to ISTools: Go to ISTools

2020-10-28 18:05:48 - [MESSAGE][INFO] - Starting 'Chrome' driver

2020-10-28 18:05:48 - [MESSAGE][INFO] - User set preference: ['AcceptInsecureCerts', 'true']

2020-10-28 18:05:48 - [MESSAGE][INFO] - User set preference: ['args', '[ignore-certificate-errors]']

2020-10-28 18:05:48 - [MESSAGE][INFO] - Action delay is set to 0 milliseconds

2020-10-28 18:05:49 - [MESSAGE][PASSED] - Browser is opened with url: ''

2020-10-28 18:05:51 - [MESSAGE][PASSED] - Navigate to 'https://id-ist01preprod.id.nonprod/ist/' successfully

2020-10-28 18:05:51 - [MESSAGE][PASSED] - Go to ISTools

2020-10-28 18:05:51 - [TEST_STEP][PASSED] - Login IST with valid credentials: Login IST with valid credentials

2020-10-28 18:05:52 - [MESSAGE][PASSED] - Text 'mobile.test' is set on object 'Object Repository/Page_/input_Username_j_username'

2020-10-28 18:05:53 - [MESSAGE][PASSED] - Text ****** has been set on object 'Object Repository/Page_/input_Password_j_password'

2020-10-28 18:05:56 - [MESSAGE][PASSED] - Object: 'Object Repository/Page_/button_Login' is clicked on

2020-10-28 18:05:56 - [MESSAGE][PASSED] - Login IST with valid credentials

2020-10-28 18:05:56 - [TEST_STEP][PASSED] - Login Success for contract dispatcher: Login Success for contract dispatcher

2020-10-28 18:05:56 - [MESSAGE][INFO] - Login Success

2020-10-28 18:05:57 - [MESSAGE][PASSED] - Current window maximized

2020-10-28 18:05:57 - [MESSAGE][PASSED] - Object 'Object Repository/Page_/h1_Welcome to IT Supporting Tools' is present

2020-10-28 18:05:57 - [MESSAGE][PASSED] - Login Success for contract dispatcher

2020-10-28 18:05:57 - [TEST_STEP][PASSED] - Select Menu SLIK Gateway Customer: Select Menu SLIK Gateway Customer

2020-10-28 18:05:57 - [MESSAGE][PASSED] - Object '' is present

2020-10-28 18:05:58 - [MESSAGE][PASSED] - Object: '' is clicked on

2020-10-28 18:05:58 - [MESSAGE][PASSED] - Wait for page load successfully

2020-10-28 18:05:58 - [MESSAGE][PASSED] - Select Menu SLIK Gateway Customer

2020-10-28 18:05:58 - [TEST_STEP][PASSED] - Select Status is "FAILED": Select Status is "FAILED"

2020-10-28 18:06:00 - [MESSAGE][PASSED] - All options with value 'FAILED' are selected in object ''  using regular expression

2020-10-28 18:06:00 - [MESSAGE][PASSED] - Select Status is "FAILED"

2020-10-28 18:06:00 - [TEST_STEP][PASSED] - Click button "Search": Click button "Search"

2020-10-28 18:06:00 - [MESSAGE][INFO] - >>>>>//Button[contains(text(),'Search')]

2020-10-28 18:06:03 - [MESSAGE][PASSED] - Object: '' is clicked on

2020-10-28 18:06:03 - [MESSAGE][PASSED] - Click button "Search"

2020-10-28 18:06:03 - [TEST_STEP][PASSED] - Verify Search Result Based on Result Status: Verify Search Result Based on Result Status

2020-10-28 18:06:04 - [MESSAGE][PASSED] - Scroll to object '' successfully

2020-10-28 18:06:04 - [MESSAGE][PASSED] - Actual text and expected text of test object '' are matched.

2020-10-28 18:06:04 - [MESSAGE][PASSED] - Text of object '' is: 'FAILED'

2020-10-28 18:06:04 - [MESSAGE][PASSED] - Text of object '' is: '9999999999999999'

2020-10-28 18:06:04 - [MESSAGE][PASSED] - Verify Search Result Based on Result Status

2020-10-28 18:06:04 - [TEST_STEP][PASSED] - Click button "Logout": Click button "Logout"

2020-10-28 18:06:04 - [MESSAGE][INFO] - >>>>>//Button[contains(text(),'Logout')]

2020-10-28 18:06:08 - [MESSAGE][PASSED] - Object: '' is clicked on

2020-10-28 18:06:08 - [MESSAGE][PASSED] - Click button "Logout"

2020-10-28 18:06:08 - [TEST_STEP][PASSED] - Close browser: Close browser

2020-10-28 18:06:08 - [MESSAGE][PASSED] - Browser is closed

2020-10-28 18:06:08 - [MESSAGE][PASSED] - Close browser

2020-10-28 18:06:08 - [MESSAGE][PASSED] - Feature file: 'Include/features/IST_Real/SLIK/SLIK Gateway Customer/SLIK_Gateway_Customer_Search_By_Status_FAILED.feature' was passed]]></system-out>
         <system-err><![CDATA[]]></system-err>
      </testcase>
      <testcase name="Test Cases/IST_Real/SLIK/SLIK_Gateway_Customer/SLIK Gateway Customer Search By DateStart DateEnd" time="15.595" classname="Test Cases/IST_Real/SLIK/SLIK_Gateway_Customer/SLIK Gateway Customer Search By DateStart DateEnd" status="PASSED">
         <system-out><![CDATA[2020-10-28 18:06:08 - [TEST_CASE][PASSED] - Test Cases/IST_Real/SLIK/SLIK_Gateway_Customer/SLIK Gateway Customer Search By DateStart DateEnd: Test Cases/IST_Real/SLIK/SLIK_Gateway_Customer/SLIK Gateway Customer Search By DateStart DateEnd

2020-10-28 18:06:08 - [TEST_STEP][PASSED] - runFeatureFile("Include/features/IST_Real/SLIK/SLIK Gateway Customer/SLIK_Gateway_Customer_Search_By_DateStart_DateEnd.feature"): Feature file: 'Include/features/IST_Real/SLIK/SLIK Gateway Customer/SLIK_Gateway_Customer_Search_By_DateStart_DateEnd.feature' was passed

2020-10-28 18:06:08 - [MESSAGE][INFO] - Starting run keyword runFeatureFile: 'Include/features/IST_Real/SLIK/SLIK Gateway Customer/SLIK_Gateway_Customer_Search_By_DateStart_DateEnd.feature' and extract report to folder: '/Users/chaidir.pratama01/Katalon Studio/IST_Automation_Git/Reports/20201028_180300/SLIK/TS_SLIK_Gateway_Customer/20201028_180300/cucumber_report/1603883168450'...

2020-10-28 18:06:08 - [TEST_CASE][PASSED] - Start Test Case : SCENARIO Search Result by Date Start and Date End: SCENARIO Search Result by Date Start and Date End

2020-10-28 18:06:08 - [TEST_STEP][PASSED] - Go to ISTools: Go to ISTools

2020-10-28 18:06:08 - [MESSAGE][INFO] - Starting 'Chrome' driver

2020-10-28 18:06:08 - [MESSAGE][INFO] - User set preference: ['AcceptInsecureCerts', 'true']

2020-10-28 18:06:08 - [MESSAGE][INFO] - User set preference: ['args', '[ignore-certificate-errors]']

2020-10-28 18:06:08 - [MESSAGE][INFO] - Action delay is set to 0 milliseconds

2020-10-28 18:06:09 - [MESSAGE][PASSED] - Browser is opened with url: ''

2020-10-28 18:06:10 - [MESSAGE][PASSED] - Navigate to 'https://id-ist01preprod.id.nonprod/ist/' successfully

2020-10-28 18:06:10 - [MESSAGE][PASSED] - Go to ISTools

2020-10-28 18:06:10 - [TEST_STEP][PASSED] - Login IST with valid credentials: Login IST with valid credentials

2020-10-28 18:06:11 - [MESSAGE][PASSED] - Text 'mobile.test' is set on object 'Object Repository/Page_/input_Username_j_username'

2020-10-28 18:06:11 - [MESSAGE][PASSED] - Text ****** has been set on object 'Object Repository/Page_/input_Password_j_password'

2020-10-28 18:06:12 - [MESSAGE][PASSED] - Object: 'Object Repository/Page_/button_Login' is clicked on

2020-10-28 18:06:12 - [MESSAGE][PASSED] - Login IST with valid credentials

2020-10-28 18:06:12 - [TEST_STEP][PASSED] - Login Success for contract dispatcher: Login Success for contract dispatcher

2020-10-28 18:06:12 - [MESSAGE][INFO] - Login Success

2020-10-28 18:06:12 - [MESSAGE][PASSED] - Current window maximized

2020-10-28 18:06:12 - [MESSAGE][PASSED] - Object 'Object Repository/Page_/h1_Welcome to IT Supporting Tools' is present

2020-10-28 18:06:12 - [MESSAGE][PASSED] - Login Success for contract dispatcher

2020-10-28 18:06:12 - [TEST_STEP][PASSED] - Select Menu SLIK Gateway Customer: Select Menu SLIK Gateway Customer

2020-10-28 18:06:12 - [MESSAGE][PASSED] - Object '' is present

2020-10-28 18:06:13 - [MESSAGE][PASSED] - Object: '' is clicked on

2020-10-28 18:06:13 - [MESSAGE][PASSED] - Wait for page load successfully

2020-10-28 18:06:13 - [MESSAGE][PASSED] - Select Menu SLIK Gateway Customer

2020-10-28 18:06:13 - [TEST_STEP][PASSED] - Set Start Date with value "01-10-2020" and End Date with value "30-12-2020": Set Start Date with value "01-10-2020" and End Date with value "30-12-2020"

2020-10-28 18:06:13 - [MESSAGE][PASSED] - Scroll to object '' successfully

2020-10-28 18:06:13 - [MESSAGE][PASSED] - Object '' is present

2020-10-28 18:06:14 - [MESSAGE][PASSED] - Text '01-10-2020' is set on object ''

2020-10-28 18:06:15 - [MESSAGE][PASSED] - Object '' is present

2020-10-28 18:06:15 - [MESSAGE][PASSED] - Text '30-12-2020' is set on object ''

2020-10-28 18:06:15 - [MESSAGE][PASSED] - Set Start Date with value "01-10-2020" and End Date with value "30-12-2020"

2020-10-28 18:06:15 - [TEST_STEP][PASSED] - Click button "Search": Click button "Search"

2020-10-28 18:06:15 - [MESSAGE][INFO] - >>>>>//Button[contains(text(),'Search')]

2020-10-28 18:06:18 - [MESSAGE][PASSED] - Object: '' is clicked on

2020-10-28 18:06:18 - [MESSAGE][PASSED] - Click button "Search"

2020-10-28 18:06:18 - [TEST_STEP][PASSED] - Verify Search Result Based on Created Date: Verify Search Result Based on Created Date

2020-10-28 18:06:19 - [MESSAGE][PASSED] - Object '' is present

2020-10-28 18:06:19 - [MESSAGE][PASSED] - Text of object '' is: '27 October 2020 12:48:25'

2020-10-28 18:06:19 - [MESSAGE][PASSED] - Verify Search Result Based on Created Date

2020-10-28 18:06:19 - [TEST_STEP][PASSED] - Verify Search Result Based on Result Status: Verify Search Result Based on Result Status

2020-10-28 18:06:19 - [MESSAGE][PASSED] - Scroll to object '' successfully

2020-10-28 18:06:20 - [MESSAGE][PASSED] - Text of object '' is: 'SUCCESS'

2020-10-28 18:06:20 - [MESSAGE][PASSED] - Text of object '' is: '9999999999999999'

2020-10-28 18:06:20 - [MESSAGE][PASSED] - Verify Search Result Based on Result Status

2020-10-28 18:06:20 - [TEST_STEP][PASSED] - Click button "Logout": Click button "Logout"

2020-10-28 18:06:20 - [MESSAGE][INFO] - >>>>>//Button[contains(text(),'Logout')]

2020-10-28 18:06:23 - [MESSAGE][PASSED] - Object: '' is clicked on

2020-10-28 18:06:23 - [MESSAGE][PASSED] - Click button "Logout"

2020-10-28 18:06:23 - [TEST_STEP][PASSED] - Close browser: Close browser

2020-10-28 18:06:23 - [MESSAGE][PASSED] - Browser is closed

2020-10-28 18:06:23 - [MESSAGE][PASSED] - Close browser

2020-10-28 18:06:23 - [MESSAGE][PASSED] - Feature file: 'Include/features/IST_Real/SLIK/SLIK Gateway Customer/SLIK_Gateway_Customer_Search_By_DateStart_DateEnd.feature' was passed]]></system-out>
         <system-err><![CDATA[]]></system-err>
      </testcase>
      <testcase name="Test Cases/IST_Real/SLIK/SLIK_Gateway_Customer/SLIK Gateway Customer Search By DateStart ONLY" time="19.15" classname="Test Cases/IST_Real/SLIK/SLIK_Gateway_Customer/SLIK Gateway Customer Search By DateStart ONLY" status="PASSED">
         <system-out><![CDATA[2020-10-28 18:06:23 - [TEST_CASE][PASSED] - Test Cases/IST_Real/SLIK/SLIK_Gateway_Customer/SLIK Gateway Customer Search By DateStart ONLY: Test Cases/IST_Real/SLIK/SLIK_Gateway_Customer/SLIK Gateway Customer Search By DateStart ONLY

2020-10-28 18:06:24 - [TEST_STEP][PASSED] - runFeatureFile("Include/features/IST_Real/SLIK/SLIK Gateway Customer/SLIK_Gateway_Customer_Search_By_DateStart_ONLY.feature"): Feature file: 'Include/features/IST_Real/SLIK/SLIK Gateway Customer/SLIK_Gateway_Customer_Search_By_DateStart_ONLY.feature' was passed

2020-10-28 18:06:24 - [MESSAGE][INFO] - Starting run keyword runFeatureFile: 'Include/features/IST_Real/SLIK/SLIK Gateway Customer/SLIK_Gateway_Customer_Search_By_DateStart_ONLY.feature' and extract report to folder: '/Users/chaidir.pratama01/Katalon Studio/IST_Automation_Git/Reports/20201028_180300/SLIK/TS_SLIK_Gateway_Customer/20201028_180300/cucumber_report/1603883184017'...

2020-10-28 18:06:24 - [TEST_CASE][PASSED] - Start Test Case : SCENARIO Search Result by Date Start ONLY: SCENARIO Search Result by Date Start ONLY

2020-10-28 18:06:24 - [TEST_STEP][PASSED] - Go to ISTools: Go to ISTools

2020-10-28 18:06:24 - [MESSAGE][INFO] - Starting 'Chrome' driver

2020-10-28 18:06:24 - [MESSAGE][INFO] - User set preference: ['AcceptInsecureCerts', 'true']

2020-10-28 18:06:24 - [MESSAGE][INFO] - User set preference: ['args', '[ignore-certificate-errors]']

2020-10-28 18:06:24 - [MESSAGE][INFO] - Action delay is set to 0 milliseconds

2020-10-28 18:06:25 - [MESSAGE][PASSED] - Browser is opened with url: ''

2020-10-28 18:06:25 - [MESSAGE][PASSED] - Navigate to 'https://id-ist01preprod.id.nonprod/ist/' successfully

2020-10-28 18:06:25 - [MESSAGE][PASSED] - Go to ISTools

2020-10-28 18:06:25 - [TEST_STEP][PASSED] - Login IST with valid credentials: Login IST with valid credentials

2020-10-28 18:06:26 - [MESSAGE][PASSED] - Text 'mobile.test' is set on object 'Object Repository/Page_/input_Username_j_username'

2020-10-28 18:06:26 - [MESSAGE][PASSED] - Text ****** has been set on object 'Object Repository/Page_/input_Password_j_password'

2020-10-28 18:06:27 - [MESSAGE][PASSED] - Object: 'Object Repository/Page_/button_Login' is clicked on

2020-10-28 18:06:27 - [MESSAGE][PASSED] - Login IST with valid credentials

2020-10-28 18:06:27 - [TEST_STEP][PASSED] - Login Success for contract dispatcher: Login Success for contract dispatcher

2020-10-28 18:06:27 - [MESSAGE][INFO] - Login Success

2020-10-28 18:06:27 - [MESSAGE][PASSED] - Current window maximized

2020-10-28 18:06:28 - [MESSAGE][PASSED] - Object 'Object Repository/Page_/h1_Welcome to IT Supporting Tools' is present

2020-10-28 18:06:28 - [MESSAGE][PASSED] - Login Success for contract dispatcher

2020-10-28 18:06:28 - [TEST_STEP][PASSED] - Select Menu SLIK Gateway Customer: Select Menu SLIK Gateway Customer

2020-10-28 18:06:28 - [MESSAGE][PASSED] - Object '' is present

2020-10-28 18:06:28 - [MESSAGE][PASSED] - Object: '' is clicked on

2020-10-28 18:06:28 - [MESSAGE][PASSED] - Wait for page load successfully

2020-10-28 18:06:28 - [MESSAGE][PASSED] - Select Menu SLIK Gateway Customer

2020-10-28 18:06:28 - [TEST_STEP][PASSED] - Set Start Date with value "01-10-2020" and End Date with value "": Set Start Date with value "01-10-2020" and End Date with value ""

2020-10-28 18:06:29 - [MESSAGE][PASSED] - Scroll to object '' successfully

2020-10-28 18:06:29 - [MESSAGE][PASSED] - Object '' is present

2020-10-28 18:06:30 - [MESSAGE][PASSED] - Text '01-10-2020' is set on object ''

2020-10-28 18:06:30 - [MESSAGE][PASSED] - Object '' is present

2020-10-28 18:06:31 - [MESSAGE][PASSED] - Text '' is set on object ''

2020-10-28 18:06:31 - [MESSAGE][PASSED] - Set Start Date with value "01-10-2020" and End Date with value ""

2020-10-28 18:06:31 - [TEST_STEP][PASSED] - Click button "Search": Click button "Search"

2020-10-28 18:06:31 - [MESSAGE][INFO] - >>>>>//Button[contains(text(),'Search')]

2020-10-28 18:06:34 - [MESSAGE][PASSED] - Object: '' is clicked on

2020-10-28 18:06:34 - [MESSAGE][PASSED] - Click button "Search"

2020-10-28 18:06:34 - [TEST_STEP][PASSED] - Get text from pop up "Error Message" with text "Error : End Date is mandatory !": Get text from pop up "Error Message" with text "Error : End Date is mandatory !"

2020-10-28 18:06:35 - [MESSAGE][PASSED] - Taking screenshot successfully
[[ATTACHMENT|/Users/chaidir.pratama01/Documents/Docs/Katalon Studio/Screenshot/errorpopup.png]]

2020-10-28 18:06:35 - [MESSAGE][PASSED] - Object '' is present

2020-10-28 18:06:35 - [MESSAGE][PASSED] - Wait for page load successfully

2020-10-28 18:06:35 - [MESSAGE][PASSED] - Wait for page load successfully

2020-10-28 18:06:35 - [MESSAGE][PASSED] - Get text from pop up "Error Message" with text "Error : End Date is mandatory !"

2020-10-28 18:06:35 - [TEST_STEP][PASSED] - Click button "OK": Click button "OK"

2020-10-28 18:06:35 - [MESSAGE][INFO] - >>>>>//Button[contains(text(),'OK')]

2020-10-28 18:06:39 - [MESSAGE][PASSED] - Object: '' is clicked on

2020-10-28 18:06:39 - [MESSAGE][PASSED] - Click button "OK"

2020-10-28 18:06:39 - [TEST_STEP][PASSED] - Get Error Notification "Error : Error : End Date is mandatory !": Get Error Notification "Error : Error : End Date is mandatory !"

2020-10-28 18:06:39 - [MESSAGE][PASSED] - Object '' is present

2020-10-28 18:06:39 - [MESSAGE][PASSED] - Get Error Notification "Error : Error : End Date is mandatory !"

2020-10-28 18:06:39 - [TEST_STEP][PASSED] - Click button "Logout": Click button "Logout"

2020-10-28 18:06:39 - [MESSAGE][INFO] - >>>>>//Button[contains(text(),'Logout')]

2020-10-28 18:06:42 - [MESSAGE][PASSED] - Object: '' is clicked on

2020-10-28 18:06:42 - [MESSAGE][PASSED] - Click button "Logout"

2020-10-28 18:06:42 - [TEST_STEP][PASSED] - Close browser: Close browser

2020-10-28 18:06:43 - [MESSAGE][PASSED] - Browser is closed

2020-10-28 18:06:43 - [MESSAGE][PASSED] - Close browser

2020-10-28 18:06:43 - [MESSAGE][PASSED] - Feature file: 'Include/features/IST_Real/SLIK/SLIK Gateway Customer/SLIK_Gateway_Customer_Search_By_DateStart_ONLY.feature' was passed]]></system-out>
         <system-err><![CDATA[]]></system-err>
      </testcase>
      <testcase name="Test Cases/IST_Real/SLIK/SLIK_Gateway_Customer/SLIK Gateway Customer Search By DateEnd ONLY" time="19.045" classname="Test Cases/IST_Real/SLIK/SLIK_Gateway_Customer/SLIK Gateway Customer Search By DateEnd ONLY" status="PASSED">
         <system-out><![CDATA[2020-10-28 18:06:43 - [TEST_CASE][PASSED] - Test Cases/IST_Real/SLIK/SLIK_Gateway_Customer/SLIK Gateway Customer Search By DateEnd ONLY: Test Cases/IST_Real/SLIK/SLIK_Gateway_Customer/SLIK Gateway Customer Search By DateEnd ONLY

2020-10-28 18:06:43 - [TEST_STEP][PASSED] - runFeatureFile("Include/features/IST_Real/SLIK/SLIK Gateway Customer/SLIK_Gateway_Customer_Search_By_DateEnd_ONLY.feature"): Feature file: 'Include/features/IST_Real/SLIK/SLIK Gateway Customer/SLIK_Gateway_Customer_Search_By_DateEnd_ONLY.feature' was passed

2020-10-28 18:06:43 - [MESSAGE][INFO] - Starting run keyword runFeatureFile: 'Include/features/IST_Real/SLIK/SLIK Gateway Customer/SLIK_Gateway_Customer_Search_By_DateEnd_ONLY.feature' and extract report to folder: '/Users/chaidir.pratama01/Katalon Studio/IST_Automation_Git/Reports/20201028_180300/SLIK/TS_SLIK_Gateway_Customer/20201028_180300/cucumber_report/1603883203189'...

2020-10-28 18:06:43 - [TEST_CASE][PASSED] - Start Test Case : SCENARIO Search Result by Date End ONLY: SCENARIO Search Result by Date End ONLY

2020-10-28 18:06:43 - [TEST_STEP][PASSED] - Go to ISTools: Go to ISTools

2020-10-28 18:06:43 - [MESSAGE][INFO] - Starting 'Chrome' driver

2020-10-28 18:06:43 - [MESSAGE][INFO] - User set preference: ['AcceptInsecureCerts', 'true']

2020-10-28 18:06:43 - [MESSAGE][INFO] - User set preference: ['args', '[ignore-certificate-errors]']

2020-10-28 18:06:43 - [MESSAGE][INFO] - Action delay is set to 0 milliseconds

2020-10-28 18:06:44 - [MESSAGE][PASSED] - Browser is opened with url: ''

2020-10-28 18:06:45 - [MESSAGE][PASSED] - Navigate to 'https://id-ist01preprod.id.nonprod/ist/' successfully

2020-10-28 18:06:45 - [MESSAGE][PASSED] - Go to ISTools

2020-10-28 18:06:45 - [TEST_STEP][PASSED] - Login IST with valid credentials: Login IST with valid credentials

2020-10-28 18:06:45 - [MESSAGE][PASSED] - Text 'mobile.test' is set on object 'Object Repository/Page_/input_Username_j_username'

2020-10-28 18:06:46 - [MESSAGE][PASSED] - Text ****** has been set on object 'Object Repository/Page_/input_Password_j_password'

2020-10-28 18:06:46 - [MESSAGE][PASSED] - Object: 'Object Repository/Page_/button_Login' is clicked on

2020-10-28 18:06:46 - [MESSAGE][PASSED] - Login IST with valid credentials

2020-10-28 18:06:46 - [TEST_STEP][PASSED] - Login Success for contract dispatcher: Login Success for contract dispatcher

2020-10-28 18:06:46 - [MESSAGE][INFO] - Login Success

2020-10-28 18:06:46 - [MESSAGE][PASSED] - Current window maximized

2020-10-28 18:06:47 - [MESSAGE][PASSED] - Object 'Object Repository/Page_/h1_Welcome to IT Supporting Tools' is present

2020-10-28 18:06:47 - [MESSAGE][PASSED] - Login Success for contract dispatcher

2020-10-28 18:06:47 - [TEST_STEP][PASSED] - Select Menu SLIK Gateway Customer: Select Menu SLIK Gateway Customer

2020-10-28 18:06:47 - [MESSAGE][PASSED] - Object '' is present

2020-10-28 18:06:47 - [MESSAGE][PASSED] - Object: '' is clicked on

2020-10-28 18:06:47 - [MESSAGE][PASSED] - Wait for page load successfully

2020-10-28 18:06:47 - [MESSAGE][PASSED] - Select Menu SLIK Gateway Customer

2020-10-28 18:06:47 - [TEST_STEP][PASSED] - Set Start Date with value "" and End Date with value "30-12-2020": Set Start Date with value "" and End Date with value "30-12-2020"

2020-10-28 18:06:48 - [MESSAGE][PASSED] - Scroll to object '' successfully

2020-10-28 18:06:48 - [MESSAGE][PASSED] - Object '' is present

2020-10-28 18:06:49 - [MESSAGE][PASSED] - Text '' is set on object ''

2020-10-28 18:06:49 - [MESSAGE][PASSED] - Object '' is present

2020-10-28 18:06:50 - [MESSAGE][PASSED] - Text '30-12-2020' is set on object ''

2020-10-28 18:06:50 - [MESSAGE][PASSED] - Set Start Date with value "" and End Date with value "30-12-2020"

2020-10-28 18:06:50 - [TEST_STEP][PASSED] - Click button "Search": Click button "Search"

2020-10-28 18:06:50 - [MESSAGE][INFO] - >>>>>//Button[contains(text(),'Search')]

2020-10-28 18:06:53 - [MESSAGE][PASSED] - Object: '' is clicked on

2020-10-28 18:06:53 - [MESSAGE][PASSED] - Click button "Search"

2020-10-28 18:06:53 - [TEST_STEP][PASSED] - Get text from pop up "Error Message" with text "Error : Start Date is mandatory !": Get text from pop up "Error Message" with text "Error : Start Date is mandatory !"

2020-10-28 18:06:54 - [MESSAGE][PASSED] - Taking screenshot successfully
[[ATTACHMENT|/Users/chaidir.pratama01/Documents/Docs/Katalon Studio/Screenshot/errorpopup.png]]

2020-10-28 18:06:54 - [MESSAGE][PASSED] - Object '' is present

2020-10-28 18:06:54 - [MESSAGE][PASSED] - Wait for page load successfully

2020-10-28 18:06:54 - [MESSAGE][PASSED] - Wait for page load successfully

2020-10-28 18:06:54 - [MESSAGE][PASSED] - Get text from pop up "Error Message" with text "Error : Start Date is mandatory !"

2020-10-28 18:06:54 - [TEST_STEP][PASSED] - Click button "OK": Click button "OK"

2020-10-28 18:06:54 - [MESSAGE][INFO] - >>>>>//Button[contains(text(),'OK')]

2020-10-28 18:06:58 - [MESSAGE][PASSED] - Object: '' is clicked on

2020-10-28 18:06:58 - [MESSAGE][PASSED] - Click button "OK"

2020-10-28 18:06:58 - [TEST_STEP][PASSED] - Get Error Notification "Error : Start Date is mandatory !": Get Error Notification "Error : Start Date is mandatory !"

2020-10-28 18:06:58 - [MESSAGE][PASSED] - Object '' is present

2020-10-28 18:06:58 - [MESSAGE][PASSED] - Get Error Notification "Error : Start Date is mandatory !"

2020-10-28 18:06:58 - [TEST_STEP][PASSED] - Click button "Logout": Click button "Logout"

2020-10-28 18:06:58 - [MESSAGE][INFO] - >>>>>//Button[contains(text(),'Logout')]

2020-10-28 18:07:02 - [MESSAGE][PASSED] - Object: '' is clicked on

2020-10-28 18:07:02 - [MESSAGE][PASSED] - Click button "Logout"

2020-10-28 18:07:02 - [TEST_STEP][PASSED] - Close browser: Close browser

2020-10-28 18:07:02 - [MESSAGE][PASSED] - Browser is closed

2020-10-28 18:07:02 - [MESSAGE][PASSED] - Close browser

2020-10-28 18:07:02 - [MESSAGE][PASSED] - Feature file: 'Include/features/IST_Real/SLIK/SLIK Gateway Customer/SLIK_Gateway_Customer_Search_By_DateEnd_ONLY.feature' was passed]]></system-out>
         <system-err><![CDATA[]]></system-err>
      </testcase>
      <testcase name="Test Cases/IST_Real/SLIK/SLIK_Gateway_Customer/SLIK Gateway Customer View Detail when Status SUCCESS" time="17.512" classname="Test Cases/IST_Real/SLIK/SLIK_Gateway_Customer/SLIK Gateway Customer View Detail when Status SUCCESS" status="PASSED">
         <system-out><![CDATA[2020-10-28 18:07:02 - [TEST_CASE][PASSED] - Test Cases/IST_Real/SLIK/SLIK_Gateway_Customer/SLIK Gateway Customer View Detail when Status SUCCESS: Test Cases/IST_Real/SLIK/SLIK_Gateway_Customer/SLIK Gateway Customer View Detail when Status SUCCESS

2020-10-28 18:07:02 - [TEST_STEP][PASSED] - runFeatureFile("Include/features/IST_Real/SLIK/SLIK Gateway Customer/SLIK_Gateway_Customer_View_Detail_when_Status_SUCCESS.feature"): Feature file: 'Include/features/IST_Real/SLIK/SLIK Gateway Customer/SLIK_Gateway_Customer_View_Detail_when_Status_SUCCESS.feature' was passed

2020-10-28 18:07:02 - [MESSAGE][INFO] - Starting run keyword runFeatureFile: 'Include/features/IST_Real/SLIK/SLIK Gateway Customer/SLIK_Gateway_Customer_View_Detail_when_Status_SUCCESS.feature' and extract report to folder: '/Users/chaidir.pratama01/Katalon Studio/IST_Automation_Git/Reports/20201028_180300/SLIK/TS_SLIK_Gateway_Customer/20201028_180300/cucumber_report/1603883222220'...

2020-10-28 18:07:02 - [TEST_CASE][PASSED] - Start Test Case : SCENARIO SLIK Gateway Customer View Detail Link: SCENARIO SLIK Gateway Customer View Detail Link

2020-10-28 18:07:02 - [TEST_STEP][PASSED] - Go to ISTools: Go to ISTools

2020-10-28 18:07:02 - [MESSAGE][INFO] - Starting 'Chrome' driver

2020-10-28 18:07:02 - [MESSAGE][INFO] - User set preference: ['AcceptInsecureCerts', 'true']

2020-10-28 18:07:02 - [MESSAGE][INFO] - User set preference: ['args', '[ignore-certificate-errors]']

2020-10-28 18:07:02 - [MESSAGE][INFO] - Action delay is set to 0 milliseconds

2020-10-28 18:07:03 - [MESSAGE][PASSED] - Browser is opened with url: ''

2020-10-28 18:07:04 - [MESSAGE][PASSED] - Navigate to 'https://id-ist01preprod.id.nonprod/ist/' successfully

2020-10-28 18:07:04 - [MESSAGE][PASSED] - Go to ISTools

2020-10-28 18:07:04 - [TEST_STEP][PASSED] - Login IST with valid credentials: Login IST with valid credentials

2020-10-28 18:07:04 - [MESSAGE][PASSED] - Text 'mobile.test' is set on object 'Object Repository/Page_/input_Username_j_username'

2020-10-28 18:07:05 - [MESSAGE][PASSED] - Text ****** has been set on object 'Object Repository/Page_/input_Password_j_password'

2020-10-28 18:07:05 - [MESSAGE][PASSED] - Object: 'Object Repository/Page_/button_Login' is clicked on

2020-10-28 18:07:05 - [MESSAGE][PASSED] - Login IST with valid credentials

2020-10-28 18:07:05 - [TEST_STEP][PASSED] - Login Success for contract dispatcher: Login Success for contract dispatcher

2020-10-28 18:07:05 - [MESSAGE][INFO] - Login Success

2020-10-28 18:07:05 - [MESSAGE][PASSED] - Current window maximized

2020-10-28 18:07:06 - [MESSAGE][PASSED] - Object 'Object Repository/Page_/h1_Welcome to IT Supporting Tools' is present

2020-10-28 18:07:06 - [MESSAGE][PASSED] - Login Success for contract dispatcher

2020-10-28 18:07:06 - [TEST_STEP][PASSED] - Select Menu SLIK Gateway Customer: Select Menu SLIK Gateway Customer

2020-10-28 18:07:06 - [MESSAGE][PASSED] - Object '' is present

2020-10-28 18:07:06 - [MESSAGE][PASSED] - Object: '' is clicked on

2020-10-28 18:07:06 - [MESSAGE][PASSED] - Wait for page load successfully

2020-10-28 18:07:06 - [MESSAGE][PASSED] - Select Menu SLIK Gateway Customer

2020-10-28 18:07:06 - [TEST_STEP][PASSED] - Select Status is "SUCCESS": Select Status is "SUCCESS"

2020-10-28 18:07:07 - [MESSAGE][PASSED] - All options with value 'SUCCESS' are selected in object ''  using regular expression

2020-10-28 18:07:07 - [MESSAGE][PASSED] - Select Status is "SUCCESS"

2020-10-28 18:07:07 - [TEST_STEP][PASSED] - Click button "Search": Click button "Search"

2020-10-28 18:07:07 - [MESSAGE][INFO] - >>>>>//Button[contains(text(),'Search')]

2020-10-28 18:07:11 - [MESSAGE][PASSED] - Object: '' is clicked on

2020-10-28 18:07:11 - [MESSAGE][PASSED] - Click button "Search"

2020-10-28 18:07:11 - [TEST_STEP][PASSED] - Verify Search Result Based on Result Status: Verify Search Result Based on Result Status

2020-10-28 18:07:11 - [MESSAGE][PASSED] - Scroll to object '' successfully

2020-10-28 18:07:12 - [MESSAGE][PASSED] - Actual text and expected text of test object '' are matched.

2020-10-28 18:07:12 - [MESSAGE][PASSED] - Text of object '' is: 'SUCCESS'

2020-10-28 18:07:12 - [MESSAGE][PASSED] - Text of object '' is: '9999999999999999'

2020-10-28 18:07:12 - [MESSAGE][PASSED] - Verify Search Result Based on Result Status

2020-10-28 18:07:12 - [TEST_STEP][PASSED] - Click View Detail Link: Click View Detail Link

2020-10-28 18:07:12 - [MESSAGE][PASSED] - Object '' is present

2020-10-28 18:07:13 - [MESSAGE][PASSED] - Object: '' is clicked on

2020-10-28 18:07:13 - [MESSAGE][PASSED] - Click View Detail Link

2020-10-28 18:07:13 - [TEST_STEP][PASSED] - Verify Slik Result Detail Link: Verify Slik Result Detail Link

2020-10-28 18:07:13 - [MESSAGE][PASSED] - Scroll to object '' successfully

2020-10-28 18:07:14 - [MESSAGE][PASSED] - Object '' is present

2020-10-28 18:07:14 - [MESSAGE][PASSED] - Scroll to object '' successfully

2020-10-28 18:07:14 - [MESSAGE][PASSED] - Object '' is present

2020-10-28 18:07:14 - [MESSAGE][PASSED] - Scroll to object '' successfully

2020-10-28 18:07:15 - [MESSAGE][PASSED] - Object '' is present

2020-10-28 18:07:15 - [MESSAGE][PASSED] - Scroll to object '' successfully

2020-10-28 18:07:15 - [MESSAGE][PASSED] - Object '' is present

2020-10-28 18:07:15 - [MESSAGE][PASSED] - Scroll to object '' successfully

2020-10-28 18:07:16 - [MESSAGE][PASSED] - Object '' is present

2020-10-28 18:07:16 - [MESSAGE][PASSED] - Verify Slik Result Detail Link

2020-10-28 18:07:16 - [TEST_STEP][PASSED] - Click button "Logout": Click button "Logout"

2020-10-28 18:07:16 - [MESSAGE][INFO] - >>>>>//Button[contains(text(),'Logout')]

2020-10-28 18:07:19 - [MESSAGE][PASSED] - Object: '' is clicked on

2020-10-28 18:07:19 - [MESSAGE][PASSED] - Click button "Logout"

2020-10-28 18:07:19 - [TEST_STEP][PASSED] - Close browser: Close browser

2020-10-28 18:07:19 - [MESSAGE][PASSED] - Browser is closed

2020-10-28 18:07:19 - [MESSAGE][PASSED] - Close browser

2020-10-28 18:07:19 - [MESSAGE][PASSED] - Feature file: 'Include/features/IST_Real/SLIK/SLIK Gateway Customer/SLIK_Gateway_Customer_View_Detail_when_Status_SUCCESS.feature' was passed]]></system-out>
         <system-err><![CDATA[]]></system-err>
      </testcase>
      <testcase name="Test Cases/IST_Real/SLIK/SLIK_Gateway_Customer/SLIK Gateway Customer View Detail when Status FAILED" time="14.111" classname="Test Cases/IST_Real/SLIK/SLIK_Gateway_Customer/SLIK Gateway Customer View Detail when Status FAILED" status="PASSED">
         <system-out><![CDATA[2020-10-28 18:07:19 - [TEST_CASE][PASSED] - Test Cases/IST_Real/SLIK/SLIK_Gateway_Customer/SLIK Gateway Customer View Detail when Status FAILED: Test Cases/IST_Real/SLIK/SLIK_Gateway_Customer/SLIK Gateway Customer View Detail when Status FAILED

2020-10-28 18:07:19 - [TEST_STEP][PASSED] - runFeatureFile("Include/features/IST_Real/SLIK/SLIK Gateway Customer/SLIK_Gateway_Customer_View_Detail_when_Status_FAILED.feature"): Feature file: 'Include/features/IST_Real/SLIK/SLIK Gateway Customer/SLIK_Gateway_Customer_View_Detail_when_Status_FAILED.feature' was passed

2020-10-28 18:07:19 - [MESSAGE][INFO] - Starting run keyword runFeatureFile: 'Include/features/IST_Real/SLIK/SLIK Gateway Customer/SLIK_Gateway_Customer_View_Detail_when_Status_FAILED.feature' and extract report to folder: '/Users/chaidir.pratama01/Katalon Studio/IST_Automation_Git/Reports/20201028_180300/SLIK/TS_SLIK_Gateway_Customer/20201028_180300/cucumber_report/1603883239731'...

2020-10-28 18:07:19 - [TEST_CASE][PASSED] - Start Test Case : SCENARIO SLIK Gateway Customer View Detail Link: SCENARIO SLIK Gateway Customer View Detail Link

2020-10-28 18:07:19 - [TEST_STEP][PASSED] - Go to ISTools: Go to ISTools

2020-10-28 18:07:19 - [MESSAGE][INFO] - Starting 'Chrome' driver

2020-10-28 18:07:19 - [MESSAGE][INFO] - User set preference: ['AcceptInsecureCerts', 'true']

2020-10-28 18:07:19 - [MESSAGE][INFO] - User set preference: ['args', '[ignore-certificate-errors]']

2020-10-28 18:07:19 - [MESSAGE][INFO] - Action delay is set to 0 milliseconds

2020-10-28 18:07:20 - [MESSAGE][PASSED] - Browser is opened with url: ''

2020-10-28 18:07:21 - [MESSAGE][PASSED] - Navigate to 'https://id-ist01preprod.id.nonprod/ist/' successfully

2020-10-28 18:07:21 - [MESSAGE][PASSED] - Go to ISTools

2020-10-28 18:07:21 - [TEST_STEP][PASSED] - Login IST with valid credentials: Login IST with valid credentials

2020-10-28 18:07:22 - [MESSAGE][PASSED] - Text 'mobile.test' is set on object 'Object Repository/Page_/input_Username_j_username'

2020-10-28 18:07:22 - [MESSAGE][PASSED] - Text ****** has been set on object 'Object Repository/Page_/input_Password_j_password'

2020-10-28 18:07:23 - [MESSAGE][PASSED] - Object: 'Object Repository/Page_/button_Login' is clicked on

2020-10-28 18:07:23 - [MESSAGE][PASSED] - Login IST with valid credentials

2020-10-28 18:07:23 - [TEST_STEP][PASSED] - Login Success for contract dispatcher: Login Success for contract dispatcher

2020-10-28 18:07:23 - [MESSAGE][INFO] - Login Success

2020-10-28 18:07:23 - [MESSAGE][PASSED] - Current window maximized

2020-10-28 18:07:23 - [MESSAGE][PASSED] - Object 'Object Repository/Page_/h1_Welcome to IT Supporting Tools' is present

2020-10-28 18:07:23 - [MESSAGE][PASSED] - Login Success for contract dispatcher

2020-10-28 18:07:23 - [TEST_STEP][PASSED] - Select Menu SLIK Gateway Customer: Select Menu SLIK Gateway Customer

2020-10-28 18:07:23 - [MESSAGE][PASSED] - Object '' is present

2020-10-28 18:07:24 - [MESSAGE][PASSED] - Object: '' is clicked on

2020-10-28 18:07:24 - [MESSAGE][PASSED] - Wait for page load successfully

2020-10-28 18:07:24 - [MESSAGE][PASSED] - Select Menu SLIK Gateway Customer

2020-10-28 18:07:24 - [TEST_STEP][PASSED] - Select Status is "FAILED": Select Status is "FAILED"

2020-10-28 18:07:25 - [MESSAGE][PASSED] - All options with value 'FAILED' are selected in object ''  using regular expression

2020-10-28 18:07:25 - [MESSAGE][PASSED] - Select Status is "FAILED"

2020-10-28 18:07:25 - [TEST_STEP][PASSED] - Click button "Search": Click button "Search"

2020-10-28 18:07:25 - [MESSAGE][INFO] - >>>>>//Button[contains(text(),'Search')]

2020-10-28 18:07:28 - [MESSAGE][PASSED] - Object: '' is clicked on

2020-10-28 18:07:28 - [MESSAGE][PASSED] - Click button "Search"

2020-10-28 18:07:28 - [TEST_STEP][PASSED] - Verify Search Result Based on Result Status: Verify Search Result Based on Result Status

2020-10-28 18:07:29 - [MESSAGE][PASSED] - Scroll to object '' successfully

2020-10-28 18:07:29 - [MESSAGE][PASSED] - Actual text and expected text of test object '' are matched.

2020-10-28 18:07:29 - [MESSAGE][PASSED] - Text of object '' is: 'FAILED'

2020-10-28 18:07:30 - [MESSAGE][PASSED] - Text of object '' is: '9999999999999999'

2020-10-28 18:07:30 - [MESSAGE][PASSED] - Verify Search Result Based on Result Status

2020-10-28 18:07:30 - [TEST_STEP][PASSED] - Click View Detail Link: Click View Detail Link

2020-10-28 18:07:30 - [MESSAGE][PASSED] - Web element with id: '' located by 'By.xpath: //span[text()='Search Result']/../../../following-sibling::div[@class='z-groupbox-content']/div[@class='z-grid']/div[@class='z-grid-body']/table/tbody/tr/td[7]/div/div/span' is not present after '3' second(s)

2020-10-28 18:07:30 - [MESSAGE][PASSED] - Click View Detail Link

2020-10-28 18:07:30 - [TEST_STEP][PASSED] - Verify Slik Result Detail Link: Verify Slik Result Detail Link

2020-10-28 18:07:30 - [MESSAGE][PASSED] - Verify Slik Result Detail Link

2020-10-28 18:07:30 - [TEST_STEP][PASSED] - Click button "Logout": Click button "Logout"

2020-10-28 18:07:30 - [MESSAGE][INFO] - >>>>>//Button[contains(text(),'Logout')]

2020-10-28 18:07:33 - [MESSAGE][PASSED] - Object: '' is clicked on

2020-10-28 18:07:33 - [MESSAGE][PASSED] - Click button "Logout"

2020-10-28 18:07:33 - [TEST_STEP][PASSED] - Close browser: Close browser

2020-10-28 18:07:33 - [MESSAGE][PASSED] - Browser is closed

2020-10-28 18:07:33 - [MESSAGE][PASSED] - Close browser

2020-10-28 18:07:33 - [MESSAGE][PASSED] - Feature file: 'Include/features/IST_Real/SLIK/SLIK Gateway Customer/SLIK_Gateway_Customer_View_Detail_when_Status_FAILED.feature' was passed]]></system-out>
         <system-err><![CDATA[]]></system-err>
      </testcase>
      <system-out><![CDATA[2020-10-28 18:03:06 - [TEST_SUITE][FAILED] - TS_SLIK_Gateway_Customer: Test Cases/IST_Real/SLIK/SLIK_Gateway_Customer/SLIK Gateway Customer Checking FAILED.
Reason:
com.kms.katalon.core.exception.StepFailedException: Feature file 'Include/features/IST_Real/SLIK/SLIK Gateway Customer/SLIK Gateway Customer Checking.feature' was failed
	at com.kms.katalon.core.keyword.internal.KeywordMain.stepFailed(KeywordMain.groovy:50)
	at com.kms.katalon.core.keyword.internal.KeywordMain.stepFailed(KeywordMain.groovy)
	at com.kms.katalon.core.keyword.internal.KeywordMain.stepFailed(KeywordMain.groovy:23)
	at com.kms.katalon.core.keyword.internal.KeywordMain$stepFailed$0.call(Unknown Source)
	at com.kms.katalon.core.cucumber.keyword.CucumberBuiltinKeywords$_runFeatureFile_closure1.doCall(CucumberBuiltinKeywords.groovy:82)
	at com.kms.katalon.core.cucumber.keyword.CucumberBuiltinKeywords$_runFeatureFile_closure1.doCall(CucumberBuiltinKeywords.groovy)
	at com.kms.katalon.core.keyword.internal.KeywordMain.runKeyword(KeywordMain.groovy:68)
	at com.kms.katalon.core.keyword.internal.KeywordMain$runKeyword.call(Unknown Source)
	at com.kms.katalon.core.cucumber.keyword.CucumberBuiltinKeywords.runFeatureFile(CucumberBuiltinKeywords.groovy:46)
	at com.kms.katalon.core.cucumber.keyword.CucumberBuiltinKeywords$runFeatureFile$0.callStatic(Unknown Source)
	at com.kms.katalon.core.cucumber.keyword.CucumberBuiltinKeywords.runFeatureFile(CucumberBuiltinKeywords.groovy:169)
	at com.kms.katalon.core.cucumber.keyword.CucumberBuiltinKeywords$runFeatureFile.call(Unknown Source)
	at SLIK Gateway Customer Checking.run(SLIK Gateway Customer Checking:18)
	at com.kms.katalon.core.main.ScriptEngine.run(ScriptEngine.java:194)
	at com.kms.katalon.core.main.ScriptEngine.runScriptAsRawText(ScriptEngine.java:119)
	at com.kms.katalon.core.main.TestCaseExecutor.runScript(TestCaseExecutor.java:339)
	at com.kms.katalon.core.main.TestCaseExecutor.doExecute(TestCaseExecutor.java:330)
	at com.kms.katalon.core.main.TestCaseExecutor.processExecutionPhase(TestCaseExecutor.java:309)
	at com.kms.katalon.core.main.TestCaseExecutor.accessMainPhase(TestCaseExecutor.java:301)
	at com.kms.katalon.core.main.TestCaseExecutor.execute(TestCaseExecutor.java:235)
	at com.kms.katalon.core.main.TestSuiteExecutor.accessTestCaseMainPhase(TestSuiteExecutor.java:191)
	at com.kms.katalon.core.main.TestSuiteExecutor.accessTestSuiteMainPhase(TestSuiteExecutor.java:141)
	at com.kms.katalon.core.main.TestSuiteExecutor.execute(TestSuiteExecutor.java:90)
	at com.kms.katalon.core.main.TestCaseMain.startTestSuite(TestCaseMain.java:157)
	at com.kms.katalon.core.main.TestCaseMain$startTestSuite$0.call(Unknown Source)
	at TempTestSuite1603882980631.run(TempTestSuite1603882980631.groovy:39)]]></system-out>
      <system-err><![CDATA[2020-10-28 18:03:06 - [TEST_SUITE][FAILED] - TS_SLIK_Gateway_Customer: Test Cases/IST_Real/SLIK/SLIK_Gateway_Customer/SLIK Gateway Customer Checking FAILED.
Reason:
com.kms.katalon.core.exception.StepFailedException: Feature file 'Include/features/IST_Real/SLIK/SLIK Gateway Customer/SLIK Gateway Customer Checking.feature' was failed
	at com.kms.katalon.core.keyword.internal.KeywordMain.stepFailed(KeywordMain.groovy:50)
	at com.kms.katalon.core.keyword.internal.KeywordMain.stepFailed(KeywordMain.groovy)
	at com.kms.katalon.core.keyword.internal.KeywordMain.stepFailed(KeywordMain.groovy:23)
	at com.kms.katalon.core.keyword.internal.KeywordMain$stepFailed$0.call(Unknown Source)
	at com.kms.katalon.core.cucumber.keyword.CucumberBuiltinKeywords$_runFeatureFile_closure1.doCall(CucumberBuiltinKeywords.groovy:82)
	at com.kms.katalon.core.cucumber.keyword.CucumberBuiltinKeywords$_runFeatureFile_closure1.doCall(CucumberBuiltinKeywords.groovy)
	at com.kms.katalon.core.keyword.internal.KeywordMain.runKeyword(KeywordMain.groovy:68)
	at com.kms.katalon.core.keyword.internal.KeywordMain$runKeyword.call(Unknown Source)
	at com.kms.katalon.core.cucumber.keyword.CucumberBuiltinKeywords.runFeatureFile(CucumberBuiltinKeywords.groovy:46)
	at com.kms.katalon.core.cucumber.keyword.CucumberBuiltinKeywords$runFeatureFile$0.callStatic(Unknown Source)
	at com.kms.katalon.core.cucumber.keyword.CucumberBuiltinKeywords.runFeatureFile(CucumberBuiltinKeywords.groovy:169)
	at com.kms.katalon.core.cucumber.keyword.CucumberBuiltinKeywords$runFeatureFile.call(Unknown Source)
	at SLIK Gateway Customer Checking.run(SLIK Gateway Customer Checking:18)
	at com.kms.katalon.core.main.ScriptEngine.run(ScriptEngine.java:194)
	at com.kms.katalon.core.main.ScriptEngine.runScriptAsRawText(ScriptEngine.java:119)
	at com.kms.katalon.core.main.TestCaseExecutor.runScript(TestCaseExecutor.java:339)
	at com.kms.katalon.core.main.TestCaseExecutor.doExecute(TestCaseExecutor.java:330)
	at com.kms.katalon.core.main.TestCaseExecutor.processExecutionPhase(TestCaseExecutor.java:309)
	at com.kms.katalon.core.main.TestCaseExecutor.accessMainPhase(TestCaseExecutor.java:301)
	at com.kms.katalon.core.main.TestCaseExecutor.execute(TestCaseExecutor.java:235)
	at com.kms.katalon.core.main.TestSuiteExecutor.accessTestCaseMainPhase(TestSuiteExecutor.java:191)
	at com.kms.katalon.core.main.TestSuiteExecutor.accessTestSuiteMainPhase(TestSuiteExecutor.java:141)
	at com.kms.katalon.core.main.TestSuiteExecutor.execute(TestSuiteExecutor.java:90)
	at com.kms.katalon.core.main.TestCaseMain.startTestSuite(TestCaseMain.java:157)
	at com.kms.katalon.core.main.TestCaseMain$startTestSuite$0.call(Unknown Source)
	at TempTestSuite1603882980631.run(TempTestSuite1603882980631.groovy:39)]]></system-err>
   </testsuite>
</testsuites>
