<?xml version="1.0" encoding="UTF-8"?>
<testsuites name="TS_SLIK_Gateway_Customer" time="163.725" tests="7" failures="2" errors="0">
   <testsuite name="TS_SLIK_Gateway_Customer" tests="7" failures="2" errors="0" time="163.725" timestamp="2020-09-24 00:40:29" hostname="chaidir.pratama01 - localhost" id="Test Suites/SLIK/TS_SLIK_Gateway_Customer">
      <properties>
         <property name="deviceName" value=""/>
         <property name="devicePlatform" value=""/>
         <property name="logFolder" value="/Users/chaidir.pratama01/Katalon Studio/IST_Automation_Git/Reports/20200924_004018/SLIK/TS_SLIK_Gateway_Customer/20200924_004019"/>
         <property name="logFiles" value="/Users/chaidir.pratama01/Katalon Studio/IST_Automation_Git/Reports/20200924_004018/SLIK/TS_SLIK_Gateway_Customer/20200924_004019/execution0.log"/>
         <property name="attachments" value="/Users/chaidir.pratama01/Documents/Docs/Katalon Studio/Screenshot/slik.png, /Users/chaidir.pratama01/Documents/Docs/Katalon Studio/Screenshot/slik.png, /Users/chaidir.pratama01/Documents/Docs/Katalon Studio/Screenshot/slik.png"/>
         <property name="hostName" value="chaidir.pratama01 - localhost"/>
         <property name="os" value="Mac OS X 64bit"/>
         <property name="katalonVersion" value="7.7.1.205"/>
         <property name="browser" value="Chrome 85.0.4183.121"/>
         <property name="hostAddress" value="127.0.0.1"/>
         <property name="sessionId" value="9bed2a80270b67fc9045c81af2e7a824"/>
         <property name="seleniumVersion" value="3.141.59"/>
         <property name="proxyInformation" value="ProxyInformation { proxyOption=NO_PROXY, proxyServerType=HTTP, username=, password=********, proxyServerAddress=, proxyServerPort=0, executionList=&quot;&quot;, isApplyToDesiredCapabilities=true }"/>
         <property name="platform" value="Mac OS X"/>
      </properties>
      <testcase name="Test Cases/IST_Real/SLIK/SLIK_Gateway_Customer/Open Menu SLIK Gateway Customer" time="41.411" classname="Test Cases/IST_Real/SLIK/SLIK_Gateway_Customer/Open Menu SLIK Gateway Customer" status="PASSED">
         <system-out><![CDATA[2020-09-24 00:40:30 - [TEST_CASE][PASSED] - Test Cases/IST_Real/SLIK/SLIK_Gateway_Customer/Open Menu SLIK Gateway Customer: Test Cases/IST_Real/SLIK/SLIK_Gateway_Customer/Open Menu SLIK Gateway Customer

2020-09-24 00:40:30 - [TEST_STEP][PASSED] - runFeatureFile("Include/features/IST_Real/SLIK/SLIK Gateway Customer/Open_Menu_SLIK_Gateway_Customer.feature"): Feature file: 'Include/features/IST_Real/SLIK/SLIK Gateway Customer/Open_Menu_SLIK_Gateway_Customer.feature' was passed

2020-09-24 00:40:30 - [MESSAGE][INFO] - Starting run keyword runFeatureFile: 'Include/features/IST_Real/SLIK/SLIK Gateway Customer/Open_Menu_SLIK_Gateway_Customer.feature' and extract report to folder: '/Users/chaidir.pratama01/Katalon Studio/IST_Automation_Git/Reports/20200924_004018/SLIK/TS_SLIK_Gateway_Customer/20200924_004019/cucumber_report/1600882830310'...

2020-09-24 00:40:30 - [TEST_CASE][PASSED] - Start Test Case : SCENARIO Menu SLIK Gateway Customer in IST and Verify Element Needed Exist: SCENARIO Menu SLIK Gateway Customer in IST and Verify Element Needed Exist

2020-09-24 00:40:30 - [TEST_STEP][PASSED] - Go to ISTools: Go to ISTools

2020-09-24 00:40:31 - [MESSAGE][INFO] - Starting 'Chrome' driver

2020-09-24 00:40:31 - [MESSAGE][INFO] - User set preference: ['AcceptInsecureCerts', 'true']

2020-09-24 00:40:31 - [MESSAGE][INFO] - User set preference: ['args', '[ignore-certificate-errors]']

2020-09-24 00:40:31 - [MESSAGE][INFO] - Action delay is set to 0 milliseconds

2020-09-24 00:40:32 - [MESSAGE][PASSED] - Browser is opened with url: ''

2020-09-24 00:40:34 - [MESSAGE][PASSED] - Navigate to 'https://dev-istools.homecredit.id/foundation/' successfully

2020-09-24 00:40:34 - [MESSAGE][PASSED] - Go to ISTools

2020-09-24 00:40:34 - [TEST_STEP][PASSED] - Login IST with valid credentials: Login IST with valid credentials

2020-09-24 00:40:35 - [MESSAGE][PASSED] - Text 'mobile.test' is set on object 'Object Repository/Page_/input_Username_j_username'

2020-09-24 00:40:36 - [MESSAGE][PASSED] - Text ****** has been set on object 'Object Repository/Page_/input_Password_j_password'

2020-09-24 00:40:36 - [MESSAGE][PASSED] - Object: 'Object Repository/Page_/button_Login' is clicked on

2020-09-24 00:40:36 - [MESSAGE][PASSED] - Login IST with valid credentials

2020-09-24 00:40:36 - [TEST_STEP][PASSED] - Login Success for contract dispatcher: Login Success for contract dispatcher

2020-09-24 00:40:36 - [MESSAGE][INFO] - Login Success

2020-09-24 00:40:37 - [MESSAGE][PASSED] - Current window maximized

2020-09-24 00:40:37 - [MESSAGE][PASSED] - Object 'Object Repository/Page_/h1_Welcome to IT Supporting Tools' is present

2020-09-24 00:40:37 - [MESSAGE][PASSED] - Login Success for contract dispatcher

2020-09-24 00:40:37 - [TEST_STEP][PASSED] - Select Menu "SLIK Gateway Customer": Select Menu "SLIK Gateway Customer"

2020-09-24 00:40:37 - [MESSAGE][PASSED] - Object '' is present

2020-09-24 00:40:38 - [MESSAGE][PASSED] - Object: '' is clicked on

2020-09-24 00:40:38 - [MESSAGE][PASSED] - Wait for page load successfully

2020-09-24 00:40:38 - [MESSAGE][PASSED] - Select Menu "SLIK Gateway Customer"

2020-09-24 00:40:38 - [TEST_STEP][PASSED] - Verify Title "SLIK Gateway Customer" Exists: Verify Title "SLIK Gateway Customer" Exists

2020-09-24 00:40:38 - [MESSAGE][PASSED] - Object '' is present

2020-09-24 00:40:39 - [MESSAGE][PASSED] - Object: '' is focused

2020-09-24 00:40:39 - [MESSAGE][PASSED] - Verify Title "SLIK Gateway Customer" Exists

2020-09-24 00:40:39 - [TEST_STEP][PASSED] - Verify Title "Check SLIK" Exists: Verify Title "Check SLIK" Exists

2020-09-24 00:40:39 - [MESSAGE][PASSED] - Object '' is present

2020-09-24 00:40:39 - [MESSAGE][PASSED] - Object: '' is focused

2020-09-24 00:40:39 - [MESSAGE][PASSED] - Verify Title "Check SLIK" Exists

2020-09-24 00:40:39 - [TEST_STEP][PASSED] - Verify Contents of Check SLIK Label in SLIK Gateway Customer Menu Exist: Verify Contents of Check SLIK Label in SLIK Gateway Customer Menu Exist

2020-09-24 00:40:40 - [MESSAGE][PASSED] - Object '' is present

2020-09-24 00:40:40 - [MESSAGE][PASSED] - Object: '' is focused

2020-09-24 00:40:41 - [MESSAGE][PASSED] - Object '' is present

2020-09-24 00:40:41 - [MESSAGE][PASSED] - Object: '' is focused

2020-09-24 00:40:41 - [MESSAGE][PASSED] - Object '' is present

2020-09-24 00:40:42 - [MESSAGE][PASSED] - Object: '' is focused

2020-09-24 00:40:42 - [MESSAGE][PASSED] - Object '' is present

2020-09-24 00:40:43 - [MESSAGE][PASSED] - Object: '' is focused

2020-09-24 00:40:43 - [MESSAGE][PASSED] - Object '' is present

2020-09-24 00:40:43 - [MESSAGE][PASSED] - Object: '' is focused

2020-09-24 00:40:44 - [MESSAGE][PASSED] - Object '' is present

2020-09-24 00:40:44 - [MESSAGE][PASSED] - Object: '' is focused

2020-09-24 00:40:44 - [MESSAGE][PASSED] - Object '' is present

2020-09-24 00:40:45 - [MESSAGE][PASSED] - Object: '' is focused

2020-09-24 00:40:45 - [MESSAGE][PASSED] - Object '' is present

2020-09-24 00:40:46 - [MESSAGE][PASSED] - Object: '' is focused

2020-09-24 00:40:46 - [MESSAGE][PASSED] - Object '' is present

2020-09-24 00:40:46 - [MESSAGE][PASSED] - Object: '' is focused

2020-09-24 00:40:47 - [MESSAGE][PASSED] - Object '' is present

2020-09-24 00:40:47 - [MESSAGE][PASSED] - Object: '' is focused

2020-09-24 00:40:47 - [MESSAGE][PASSED] - Object '' is present

2020-09-24 00:40:48 - [MESSAGE][PASSED] - Object: '' is focused

2020-09-24 00:40:48 - [MESSAGE][PASSED] - Object '' is present

2020-09-24 00:40:48 - [MESSAGE][PASSED] - Object: '' is focused

2020-09-24 00:40:49 - [MESSAGE][PASSED] - Object '' is present

2020-09-24 00:40:49 - [MESSAGE][PASSED] - Object: '' is focused

2020-09-24 00:40:50 - [MESSAGE][PASSED] - Object '' is present

2020-09-24 00:40:50 - [MESSAGE][PASSED] - Object: '' is focused

2020-09-24 00:40:50 - [MESSAGE][PASSED] - Object '' is present

2020-09-24 00:40:51 - [MESSAGE][PASSED] - Object: '' is focused

2020-09-24 00:40:51 - [MESSAGE][PASSED] - Object '' is present

2020-09-24 00:40:51 - [MESSAGE][PASSED] - Object: '' is focused

2020-09-24 00:40:52 - [MESSAGE][PASSED] - Object '' is present

2020-09-24 00:40:55 - [MESSAGE][PASSED] - Delayed 3 second(s)

2020-09-24 00:40:55 - [MESSAGE][PASSED] - Object: '' is focused

2020-09-24 00:40:58 - [MESSAGE][PASSED] - Delayed 3 second(s)

2020-09-24 00:40:59 - [MESSAGE][PASSED] - Object '' is present

2020-09-24 00:40:59 - [MESSAGE][PASSED] - Object: '' is focused

2020-09-24 00:40:59 - [MESSAGE][PASSED] - Object '' is present

2020-09-24 00:41:00 - [MESSAGE][PASSED] - Object: '' is focused

2020-09-24 00:41:00 - [MESSAGE][PASSED] - Verify Contents of Check SLIK Label in SLIK Gateway Customer Menu Exist

2020-09-24 00:41:00 - [TEST_STEP][PASSED] - Verify Title "Search Result" Exists: Verify Title "Search Result" Exists

2020-09-24 00:41:00 - [MESSAGE][PASSED] - Object '' is present

2020-09-24 00:41:01 - [MESSAGE][PASSED] - Object: '' is focused

2020-09-24 00:41:01 - [MESSAGE][PASSED] - Verify Title "Search Result" Exists

2020-09-24 00:41:01 - [TEST_STEP][PASSED] - Verify Contents of Search Result: Verify Contents of Search Result

2020-09-24 00:41:01 - [MESSAGE][PASSED] - Object '' is present

2020-09-24 00:41:02 - [MESSAGE][PASSED] - Object: '' is focused

2020-09-24 00:41:02 - [MESSAGE][PASSED] - Object '' is present

2020-09-24 00:41:02 - [MESSAGE][PASSED] - Object: '' is focused

2020-09-24 00:41:03 - [MESSAGE][PASSED] - Object '' is present

2020-09-24 00:41:03 - [MESSAGE][PASSED] - Object: '' is focused

2020-09-24 00:41:03 - [MESSAGE][PASSED] - Object '' is present

2020-09-24 00:41:04 - [MESSAGE][PASSED] - Object: '' is focused

2020-09-24 00:41:04 - [MESSAGE][PASSED] - Object '' is present

2020-09-24 00:41:05 - [MESSAGE][PASSED] - Object: '' is focused

2020-09-24 00:41:05 - [MESSAGE][PASSED] - Object '' is present

2020-09-24 00:41:05 - [MESSAGE][PASSED] - Object: '' is focused

2020-09-24 00:41:05 - [MESSAGE][PASSED] - Object '' is present

2020-09-24 00:41:06 - [MESSAGE][PASSED] - Object: '' is focused

2020-09-24 00:41:06 - [MESSAGE][PASSED] - Object '' is present

2020-09-24 00:41:07 - [MESSAGE][PASSED] - Object: '' is focused

2020-09-24 00:41:07 - [MESSAGE][PASSED] - Object '' is present

2020-09-24 00:41:07 - [MESSAGE][PASSED] - Object: '' is focused

2020-09-24 00:41:07 - [MESSAGE][PASSED] - Verify Contents of Search Result

2020-09-24 00:41:07 - [TEST_STEP][PASSED] - Click button "Logout": Click button "Logout"

2020-09-24 00:41:07 - [MESSAGE][INFO] - >>>>>//Button[contains(text(),'Logout')]

2020-09-24 00:41:11 - [MESSAGE][PASSED] - Object: '' is clicked on

2020-09-24 00:41:11 - [MESSAGE][PASSED] - Click button "Logout"

2020-09-24 00:41:11 - [TEST_STEP][PASSED] - Close browser: Close browser

2020-09-24 00:41:11 - [MESSAGE][PASSED] - Browser is closed

2020-09-24 00:41:11 - [MESSAGE][PASSED] - Close browser

2020-09-24 00:41:11 - [MESSAGE][PASSED] - Feature file: 'Include/features/IST_Real/SLIK/SLIK Gateway Customer/Open_Menu_SLIK_Gateway_Customer.feature' was passed]]></system-out>
         <system-err><![CDATA[]]></system-err>
      </testcase>
      <testcase name="Test Cases/IST_Real/SLIK/SLIK_Gateway_Customer/SLIK Gateway Customer Checking" time="65.168" classname="Test Cases/IST_Real/SLIK/SLIK_Gateway_Customer/SLIK Gateway Customer Checking" status="PASSED">
         <system-out><![CDATA[2020-09-24 00:41:11 - [TEST_CASE][PASSED] - Test Cases/IST_Real/SLIK/SLIK_Gateway_Customer/SLIK Gateway Customer Checking: Test Cases/IST_Real/SLIK/SLIK_Gateway_Customer/SLIK Gateway Customer Checking

2020-09-24 00:41:11 - [TEST_STEP][PASSED] - runFeatureFile("Include/features/IST_Real/SLIK/SLIK Gateway Customer/SLIK Gateway Customer Checking.feature"): Feature file: 'Include/features/IST_Real/SLIK/SLIK Gateway Customer/SLIK Gateway Customer Checking.feature' was passed

2020-09-24 00:41:11 - [MESSAGE][INFO] - Starting run keyword runFeatureFile: 'Include/features/IST_Real/SLIK/SLIK Gateway Customer/SLIK Gateway Customer Checking.feature' and extract report to folder: '/Users/chaidir.pratama01/Katalon Studio/IST_Automation_Git/Reports/20200924_004018/SLIK/TS_SLIK_Gateway_Customer/20200924_004019/cucumber_report/1600882871589'...

2020-09-24 00:41:11 - [TEST_CASE][PASSED] - Start Test Case : SCENARIO SLIK Gateway Customer Checking: SCENARIO SLIK Gateway Customer Checking

2020-09-24 00:41:11 - [TEST_STEP][PASSED] - Go to ISTools: Go to ISTools

2020-09-24 00:41:11 - [MESSAGE][INFO] - Starting 'Chrome' driver

2020-09-24 00:41:11 - [MESSAGE][INFO] - User set preference: ['AcceptInsecureCerts', 'true']

2020-09-24 00:41:11 - [MESSAGE][INFO] - User set preference: ['args', '[ignore-certificate-errors]']

2020-09-24 00:41:11 - [MESSAGE][INFO] - Action delay is set to 0 milliseconds

2020-09-24 00:41:13 - [MESSAGE][PASSED] - Browser is opened with url: ''

2020-09-24 00:41:18 - [MESSAGE][PASSED] - Navigate to 'https://dev-istools.homecredit.id/foundation/' successfully

2020-09-24 00:41:18 - [MESSAGE][PASSED] - Go to ISTools

2020-09-24 00:41:18 - [TEST_STEP][PASSED] - Login IST with valid credentials: Login IST with valid credentials

2020-09-24 00:41:22 - [MESSAGE][PASSED] - Text 'mobile.test' is set on object 'Object Repository/Page_/input_Username_j_username'

2020-09-24 00:41:24 - [MESSAGE][PASSED] - Text ****** has been set on object 'Object Repository/Page_/input_Password_j_password'

2020-09-24 00:41:27 - [MESSAGE][PASSED] - Object: 'Object Repository/Page_/button_Login' is clicked on

2020-09-24 00:41:27 - [MESSAGE][PASSED] - Login IST with valid credentials

2020-09-24 00:41:27 - [TEST_STEP][PASSED] - Login Success for contract dispatcher: Login Success for contract dispatcher

2020-09-24 00:41:27 - [MESSAGE][INFO] - Login Success

2020-09-24 00:41:27 - [MESSAGE][PASSED] - Current window maximized

2020-09-24 00:41:27 - [MESSAGE][PASSED] - Object 'Object Repository/Page_/h1_Welcome to IT Supporting Tools' is present

2020-09-24 00:41:27 - [MESSAGE][PASSED] - Login Success for contract dispatcher

2020-09-24 00:41:27 - [TEST_STEP][PASSED] - Select Menu SLIK Gateway Customer: Select Menu SLIK Gateway Customer

2020-09-24 00:41:28 - [MESSAGE][PASSED] - Object '' is present

2020-09-24 00:41:28 - [MESSAGE][PASSED] - Object: '' is clicked on

2020-09-24 00:41:28 - [MESSAGE][PASSED] - Wait for page load successfully

2020-09-24 00:41:28 - [MESSAGE][PASSED] - Select Menu SLIK Gateway Customer

2020-09-24 00:41:28 - [TEST_STEP][PASSED] - Input Data KTP Number: Input Data KTP Number

2020-09-24 00:41:29 - [MESSAGE][PASSED] - Text '9999999999999999' is set on object ''

2020-09-24 00:41:29 - [MESSAGE][PASSED] - Input Data KTP Number

2020-09-24 00:41:29 - [TEST_STEP][PASSED] - Input Data "Name *" with value "OPEX TestingAuto" for Check SLIK: Input Data "Name *" with value "OPEX TestingAuto" for Check SLIK

2020-09-24 00:41:30 - [MESSAGE][PASSED] - Taking screenshot successfully
[[ATTACHMENT|/Users/chaidir.pratama01/Documents/Docs/Katalon Studio/Screenshot/slik.png]]

2020-09-24 00:41:31 - [MESSAGE][PASSED] - Object '' is visible

2020-09-24 00:41:31 - [MESSAGE][PASSED] - Object: '' is focused

2020-09-24 00:41:32 - [MESSAGE][PASSED] - Text 'OPEX TestingAuto' is set on object ''

2020-09-24 00:41:32 - [MESSAGE][PASSED] - Input Data "Name *" with value "OPEX TestingAuto" for Check SLIK

2020-09-24 00:41:32 - [TEST_STEP][PASSED] - Input Date of Birth "20-Feb-1990": Input Date of Birth "20-Feb-1990"

2020-09-24 00:41:32 - [MESSAGE][PASSED] - Text '20-Feb-1990' is set on object ''

2020-09-24 00:41:35 - [MESSAGE][PASSED] - Delayed 3 second(s)

2020-09-24 00:41:35 - [MESSAGE][PASSED] - Input Date of Birth "20-Feb-1990"

2020-09-24 00:41:35 - [TEST_STEP][PASSED] - Select Gender "Laki-laki": Select Gender "Laki-laki"

2020-09-24 00:41:36 - [MESSAGE][PASSED] - Object: '' is clicked on

2020-09-24 00:41:36 - [MESSAGE][PASSED] - Select Gender "Laki-laki"

2020-09-24 00:41:36 - [TEST_STEP][PASSED] - Select Purpose is "Penilaian Calon Kemitraan": Select Purpose is "Penilaian Calon Kemitraan"

2020-09-24 00:41:37 - [MESSAGE][PASSED] - All options with value 'Penilaian Calon Kemitraan' are selected in object ''  using regular expression

2020-09-24 00:41:37 - [MESSAGE][PASSED] - Select Purpose is "Penilaian Calon Kemitraan"

2020-09-24 00:41:37 - [TEST_STEP][PASSED] - Input Data "Place of Birth" with value "Jakarta" for Check SLIK: Input Data "Place of Birth" with value "Jakarta" for Check SLIK

2020-09-24 00:41:37 - [MESSAGE][PASSED] - Taking screenshot successfully
[[ATTACHMENT|/Users/chaidir.pratama01/Documents/Docs/Katalon Studio/Screenshot/slik.png]]

2020-09-24 00:41:38 - [MESSAGE][PASSED] - Object '' is visible

2020-09-24 00:41:38 - [MESSAGE][PASSED] - Object: '' is focused

2020-09-24 00:41:38 - [MESSAGE][PASSED] - Text 'Jakarta' is set on object ''

2020-09-24 00:41:38 - [MESSAGE][PASSED] - Input Data "Place of Birth" with value "Jakarta" for Check SLIK

2020-09-24 00:41:38 - [TEST_STEP][PASSED] - Input Data "Mother Maternity Name" with value "Tester Auto" for Check SLIK: Input Data "Mother Maternity Name" with value "Tester Auto" for Check SLIK

2020-09-24 00:41:39 - [MESSAGE][PASSED] - Taking screenshot successfully
[[ATTACHMENT|/Users/chaidir.pratama01/Documents/Docs/Katalon Studio/Screenshot/slik.png]]

2020-09-24 00:41:40 - [MESSAGE][PASSED] - Object '' is visible

2020-09-24 00:41:40 - [MESSAGE][PASSED] - Object: '' is focused

2020-09-24 00:41:41 - [MESSAGE][PASSED] - Text 'Tester Auto' is set on object ''

2020-09-24 00:41:41 - [MESSAGE][PASSED] - Input Data "Mother Maternity Name" with value "Tester Auto" for Check SLIK

2020-09-24 00:41:41 - [TEST_STEP][PASSED] - Input KTP Address "TESTING AUTO JAKARTA": Input KTP Address "TESTING AUTO JAKARTA"

2020-09-24 00:41:41 - [MESSAGE][PASSED] - Text 'TESTING AUTO JAKARTA' is set on object ''

2020-09-24 00:41:41 - [MESSAGE][PASSED] - Input KTP Address "TESTING AUTO JAKARTA"

2020-09-24 00:41:41 - [TEST_STEP][PASSED] - Click button "Check SLIK": Click button "Check SLIK"

2020-09-24 00:41:41 - [MESSAGE][INFO] - >>>>>//Button[contains(text(),'Check SLIK')]

2020-09-24 00:41:45 - [MESSAGE][PASSED] - Object: '' is clicked on

2020-09-24 00:41:45 - [MESSAGE][PASSED] - Click button "Check SLIK"

2020-09-24 00:41:45 - [TEST_STEP][PASSED] - Get text from pop up "Confirmation Submit Request" with text "Are you sure to submit this data ?": Get text from pop up "Confirmation Submit Request" with text "Are you sure to submit this data ?"

2020-09-24 00:41:45 - [MESSAGE][PASSED] - Object '' is present

2020-09-24 00:41:45 - [MESSAGE][PASSED] - Wait for page load successfully

2020-09-24 00:41:45 - [MESSAGE][PASSED] - Wait for page load successfully

2020-09-24 00:41:45 - [MESSAGE][PASSED] - Get text from pop up "Confirmation Submit Request" with text "Are you sure to submit this data ?"

2020-09-24 00:41:45 - [TEST_STEP][PASSED] - Click button "Yes": Click button "Yes"

2020-09-24 00:41:45 - [MESSAGE][INFO] - >>>>>//Button[contains(text(),'Yes')]

2020-09-24 00:41:49 - [MESSAGE][PASSED] - Object: '' is clicked on

2020-09-24 00:41:49 - [MESSAGE][PASSED] - Click button "Yes"

2020-09-24 00:41:49 - [TEST_STEP][PASSED] - Verify KTP Number Request Success: Verify KTP Number Request Success

2020-09-24 00:42:09 - [MESSAGE][PASSED] - Object '' is present

2020-09-24 00:42:09 - [MESSAGE][PASSED] - Verify KTP Number Request Success

2020-09-24 00:42:09 - [TEST_STEP][PASSED] - Click button "OK": Click button "OK"

2020-09-24 00:42:09 - [MESSAGE][INFO] - >>>>>//Button[contains(text(),'OK')]

2020-09-24 00:42:12 - [MESSAGE][PASSED] - Object: '' is clicked on

2020-09-24 00:42:12 - [MESSAGE][PASSED] - Click button "OK"

2020-09-24 00:42:12 - [TEST_STEP][PASSED] - Click button "Logout": Click button "Logout"

2020-09-24 00:42:12 - [MESSAGE][INFO] - >>>>>//Button[contains(text(),'Logout')]

2020-09-24 00:42:16 - [MESSAGE][PASSED] - Object: '' is clicked on

2020-09-24 00:42:16 - [MESSAGE][PASSED] - Click button "Logout"

2020-09-24 00:42:16 - [TEST_STEP][PASSED] - Close browser: Close browser

2020-09-24 00:42:16 - [MESSAGE][PASSED] - Browser is closed

2020-09-24 00:42:16 - [MESSAGE][PASSED] - Close browser

2020-09-24 00:42:16 - [MESSAGE][PASSED] - Feature file: 'Include/features/IST_Real/SLIK/SLIK Gateway Customer/SLIK Gateway Customer Checking.feature' was passed]]></system-out>
         <system-err><![CDATA[]]></system-err>
      </testcase>
      <testcase name="Test Cases/IST_Real/SLIK/SLIK_Gateway_Customer/SELECT KTP NUMBER CUSTOMER from DB" time="0.739" classname="Test Cases/IST_Real/SLIK/SLIK_Gateway_Customer/SELECT KTP NUMBER CUSTOMER from DB" status="FAILED">
         <failure type="FAILED" message="Test Cases/IST_Real/SLIK/SLIK_Gateway_Customer/SELECT KTP NUMBER CUSTOMER from DB FAILED.
Reason:
com.kms.katalon.core.exception.StepFailedException: Feature file 'Include/features/IST_Real/SLIK/SLIK Gateway Customer/SELECT_KTP_NUMBER_CUSTOMER_from_DB.feature' was failed
	at com.kms.katalon.core.keyword.internal.KeywordMain.stepFailed(KeywordMain.groovy:50)
	at com.kms.katalon.core.keyword.internal.KeywordMain.stepFailed(KeywordMain.groovy)
	at com.kms.katalon.core.keyword.internal.KeywordMain.stepFailed(KeywordMain.groovy:23)
	at com.kms.katalon.core.keyword.internal.KeywordMain$stepFailed$0.call(Unknown Source)
	at com.kms.katalon.core.cucumber.keyword.CucumberBuiltinKeywords$_runFeatureFile_closure1.doCall(CucumberBuiltinKeywords.groovy:82)
	at com.kms.katalon.core.cucumber.keyword.CucumberBuiltinKeywords$_runFeatureFile_closure1.doCall(CucumberBuiltinKeywords.groovy)
	at com.kms.katalon.core.keyword.internal.KeywordMain.runKeyword(KeywordMain.groovy:68)
	at com.kms.katalon.core.keyword.internal.KeywordMain$runKeyword.call(Unknown Source)
	at com.kms.katalon.core.cucumber.keyword.CucumberBuiltinKeywords.runFeatureFile(CucumberBuiltinKeywords.groovy:46)
	at com.kms.katalon.core.cucumber.keyword.CucumberBuiltinKeywords$runFeatureFile$0.callStatic(Unknown Source)
	at com.kms.katalon.core.cucumber.keyword.CucumberBuiltinKeywords.runFeatureFile(CucumberBuiltinKeywords.groovy:169)
	at com.kms.katalon.core.cucumber.keyword.CucumberBuiltinKeywords$runFeatureFile.call(Unknown Source)
	at SELECT KTP NUMBER CUSTOMER from DB.run(SELECT KTP NUMBER CUSTOMER from DB:18)
	at com.kms.katalon.core.main.ScriptEngine.run(ScriptEngine.java:194)
	at com.kms.katalon.core.main.ScriptEngine.runScriptAsRawText(ScriptEngine.java:119)
	at com.kms.katalon.core.main.TestCaseExecutor.runScript(TestCaseExecutor.java:339)
	at com.kms.katalon.core.main.TestCaseExecutor.doExecute(TestCaseExecutor.java:330)
	at com.kms.katalon.core.main.TestCaseExecutor.processExecutionPhase(TestCaseExecutor.java:309)
	at com.kms.katalon.core.main.TestCaseExecutor.accessMainPhase(TestCaseExecutor.java:301)
	at com.kms.katalon.core.main.TestCaseExecutor.execute(TestCaseExecutor.java:235)
	at com.kms.katalon.core.main.TestSuiteExecutor.accessTestCaseMainPhase(TestSuiteExecutor.java:191)
	at com.kms.katalon.core.main.TestSuiteExecutor.accessTestSuiteMainPhase(TestSuiteExecutor.java:141)
	at com.kms.katalon.core.main.TestSuiteExecutor.execute(TestSuiteExecutor.java:90)
	at com.kms.katalon.core.main.TestCaseMain.startTestSuite(TestCaseMain.java:157)
	at com.kms.katalon.core.main.TestCaseMain$startTestSuite$0.call(Unknown Source)
	at TempTestSuite1600882819455.run(TempTestSuite1600882819455.groovy:39)
"/>
         <system-out><![CDATA[2020-09-24 00:42:16 - [TEST_CASE][FAILED] - Test Cases/IST_Real/SLIK/SLIK_Gateway_Customer/SELECT KTP NUMBER CUSTOMER from DB: Test Cases/IST_Real/SLIK/SLIK_Gateway_Customer/SELECT KTP NUMBER CUSTOMER from DB FAILED.
Reason:
com.kms.katalon.core.exception.StepFailedException: Feature file 'Include/features/IST_Real/SLIK/SLIK Gateway Customer/SELECT_KTP_NUMBER_CUSTOMER_from_DB.feature' was failed
	at com.kms.katalon.core.keyword.internal.KeywordMain.stepFailed(KeywordMain.groovy:50)
	at com.kms.katalon.core.keyword.internal.KeywordMain.stepFailed(KeywordMain.groovy)
	at com.kms.katalon.core.keyword.internal.KeywordMain.stepFailed(KeywordMain.groovy:23)
	at com.kms.katalon.core.keyword.internal.KeywordMain$stepFailed$0.call(Unknown Source)
	at com.kms.katalon.core.cucumber.keyword.CucumberBuiltinKeywords$_runFeatureFile_closure1.doCall(CucumberBuiltinKeywords.groovy:82)
	at com.kms.katalon.core.cucumber.keyword.CucumberBuiltinKeywords$_runFeatureFile_closure1.doCall(CucumberBuiltinKeywords.groovy)
	at com.kms.katalon.core.keyword.internal.KeywordMain.runKeyword(KeywordMain.groovy:68)
	at com.kms.katalon.core.keyword.internal.KeywordMain$runKeyword.call(Unknown Source)
	at com.kms.katalon.core.cucumber.keyword.CucumberBuiltinKeywords.runFeatureFile(CucumberBuiltinKeywords.groovy:46)
	at com.kms.katalon.core.cucumber.keyword.CucumberBuiltinKeywords$runFeatureFile$0.callStatic(Unknown Source)
	at com.kms.katalon.core.cucumber.keyword.CucumberBuiltinKeywords.runFeatureFile(CucumberBuiltinKeywords.groovy:169)
	at com.kms.katalon.core.cucumber.keyword.CucumberBuiltinKeywords$runFeatureFile.call(Unknown Source)
	at SELECT KTP NUMBER CUSTOMER from DB.run(SELECT KTP NUMBER CUSTOMER from DB:18)
	at com.kms.katalon.core.main.ScriptEngine.run(ScriptEngine.java:194)
	at com.kms.katalon.core.main.ScriptEngine.runScriptAsRawText(ScriptEngine.java:119)
	at com.kms.katalon.core.main.TestCaseExecutor.runScript(TestCaseExecutor.java:339)
	at com.kms.katalon.core.main.TestCaseExecutor.doExecute(TestCaseExecutor.java:330)
	at com.kms.katalon.core.main.TestCaseExecutor.processExecutionPhase(TestCaseExecutor.java:309)
	at com.kms.katalon.core.main.TestCaseExecutor.accessMainPhase(TestCaseExecutor.java:301)
	at com.kms.katalon.core.main.TestCaseExecutor.execute(TestCaseExecutor.java:235)
	at com.kms.katalon.core.main.TestSuiteExecutor.accessTestCaseMainPhase(TestSuiteExecutor.java:191)
	at com.kms.katalon.core.main.TestSuiteExecutor.accessTestSuiteMainPhase(TestSuiteExecutor.java:141)
	at com.kms.katalon.core.main.TestSuiteExecutor.execute(TestSuiteExecutor.java:90)
	at com.kms.katalon.core.main.TestCaseMain.startTestSuite(TestCaseMain.java:157)
	at com.kms.katalon.core.main.TestCaseMain$startTestSuite$0.call(Unknown Source)
	at TempTestSuite1600882819455.run(TempTestSuite1600882819455.groovy:39)


2020-09-24 00:42:16 - [TEST_STEP][FAILED] - runFeatureFile("Include/features/IST_Real/SLIK/SLIK Gateway Customer/SELECT_KTP_NUMBER_CUSTOMER_from_DB.feature"): Keyword runFeatureFile was failed (Root cause: com.kms.katalon.core.exception.StepFailedException: Feature file 'Include/features/IST_Real/SLIK/SLIK Gateway Customer/SELECT_KTP_NUMBER_CUSTOMER_from_DB.feature' was failed
	at com.kms.katalon.core.keyword.internal.KeywordMain.stepFailed(KeywordMain.groovy:50)
	at com.kms.katalon.core.keyword.internal.KeywordMain.stepFailed(KeywordMain.groovy)
	at com.kms.katalon.core.keyword.internal.KeywordMain.stepFailed(KeywordMain.groovy:23)
	at com.kms.katalon.core.keyword.internal.KeywordMain$stepFailed$0.call(Unknown Source)
	at com.kms.katalon.core.cucumber.keyword.CucumberBuiltinKeywords$_runFeatureFile_closure1.doCall(CucumberBuiltinKeywords.groovy:82)
	at com.kms.katalon.core.cucumber.keyword.CucumberBuiltinKeywords$_runFeatureFile_closure1.doCall(CucumberBuiltinKeywords.groovy)
	at com.kms.katalon.core.keyword.internal.KeywordMain.runKeyword(KeywordMain.groovy:68)
	at com.kms.katalon.core.keyword.internal.KeywordMain$runKeyword.call(Unknown Source)
	at com.kms.katalon.core.cucumber.keyword.CucumberBuiltinKeywords.runFeatureFile(CucumberBuiltinKeywords.groovy:46)
	at com.kms.katalon.core.cucumber.keyword.CucumberBuiltinKeywords$runFeatureFile$0.callStatic(Unknown Source)
	at com.kms.katalon.core.cucumber.keyword.CucumberBuiltinKeywords.runFeatureFile(CucumberBuiltinKeywords.groovy:169)
	at com.kms.katalon.core.cucumber.keyword.CucumberBuiltinKeywords$runFeatureFile.call(Unknown Source)
	at SELECT KTP NUMBER CUSTOMER from DB.run(SELECT KTP NUMBER CUSTOMER from DB:18)
	at com.kms.katalon.core.main.ScriptEngine.run(ScriptEngine.java:194)
	at com.kms.katalon.core.main.ScriptEngine.runScriptAsRawText(ScriptEngine.java:119)
	at com.kms.katalon.core.main.TestCaseExecutor.runScript(TestCaseExecutor.java:339)
	at com.kms.katalon.core.main.TestCaseExecutor.doExecute(TestCaseExecutor.java:330)
	at com.kms.katalon.core.main.TestCaseExecutor.processExecutionPhase(TestCaseExecutor.java:309)
	at com.kms.katalon.core.main.TestCaseExecutor.accessMainPhase(TestCaseExecutor.java:301)
	at com.kms.katalon.core.main.TestCaseExecutor.execute(TestCaseExecutor.java:235)
	at com.kms.katalon.core.main.TestSuiteExecutor.accessTestCaseMainPhase(TestSuiteExecutor.java:191)
	at com.kms.katalon.core.main.TestSuiteExecutor.accessTestSuiteMainPhase(TestSuiteExecutor.java:141)
	at com.kms.katalon.core.main.TestSuiteExecutor.execute(TestSuiteExecutor.java:90)
	at com.kms.katalon.core.main.TestCaseMain.startTestSuite(TestCaseMain.java:157)
	at com.kms.katalon.core.main.TestCaseMain$startTestSuite$0.call(Unknown Source)
	at TempTestSuite1600882819455.run(TempTestSuite1600882819455.groovy:39)
)

2020-09-24 00:42:16 - [MESSAGE][INFO] - Starting run keyword runFeatureFile: 'Include/features/IST_Real/SLIK/SLIK Gateway Customer/SELECT_KTP_NUMBER_CUSTOMER_from_DB.feature' and extract report to folder: '/Users/chaidir.pratama01/Katalon Studio/IST_Automation_Git/Reports/20200924_004018/SLIK/TS_SLIK_Gateway_Customer/20200924_004019/cucumber_report/1600882936754'...

2020-09-24 00:42:16 - [TEST_CASE][ERROR] - Start Test Case : SCENARIO SELECT KTP Number Customer From Table SLIK_DATA_CUSTOMER: SCENARIO SELECT KTP Number Customer From Table SLIK_DATA_CUSTOMER FAILED.
Reason:
java.sql.SQLException: ORA-00604: error occurred at recursive SQL level 1
ORA-20100: You are not allowed to connect to the database in this time.
ORA-06512: at line 91

	at oracle.jdbc.driver.T4CTTIoer.processError(T4CTTIoer.java:450)
	at oracle.jdbc.driver.T4CTTIoer.processError(T4CTTIoer.java:392)
	at oracle.jdbc.driver.T4CTTIoer.processError(T4CTTIoer.java:385)
	at oracle.jdbc.driver.T4CTTIfun.processError(T4CTTIfun.java:1018)
	at oracle.jdbc.driver.T4CTTIoauthenticate.processError(T4CTTIoauthenticate.java:501)
	at oracle.jdbc.driver.T4CTTIfun.receive(T4CTTIfun.java:522)
	at oracle.jdbc.driver.T4CTTIfun.doRPC(T4CTTIfun.java:257)
	at oracle.jdbc.driver.T4CTTIoauthenticate.doOAUTH(T4CTTIoauthenticate.java:437)
	at oracle.jdbc.driver.T4CTTIoauthenticate.doOAUTH(T4CTTIoauthenticate.java:954)
	at oracle.jdbc.driver.T4CConnection.logon(T4CConnection.java:639)
	at oracle.jdbc.driver.PhysicalConnection.connect(PhysicalConnection.java:666)
	at oracle.jdbc.driver.T4CDriverExtension.getConnection(T4CDriverExtension.java:32)
	at oracle.jdbc.driver.OracleDriver.connect(OracleDriver.java:566)
	at java_sql_DriverManager$getConnection.call(Unknown Source)
	at Conn_DB.connectDB(Conn_DB.groovy:67)
	at Conn_DB$connectDB.call(Unknown Source)
	at CustomKeywords.Conn_DB.connectDB(CustomKeywords.groovy:200)
	at try_it_out_Conn_DB.Conn_DB(try_it_out_Conn_DB.groovy:61)
	at ✽.Connect to Database(/Users/chaidir.pratama01/Katalon Studio/IST_Automation_Git/Include/features/IST_Real/SLIK/SLIK Gateway Customer/SELECT_KTP_NUMBER_CUSTOMER_from_DB.feature:25)


2020-09-24 00:42:16 - [TEST_STEP][ERROR] - Connect to Database: Connect to Database FAILED.
Reason:
java.sql.SQLException: ORA-00604: error occurred at recursive SQL level 1
ORA-20100: You are not allowed to connect to the database in this time.
ORA-06512: at line 91

	at oracle.jdbc.driver.T4CTTIoer.processError(T4CTTIoer.java:450)
	at oracle.jdbc.driver.T4CTTIoer.processError(T4CTTIoer.java:392)
	at oracle.jdbc.driver.T4CTTIoer.processError(T4CTTIoer.java:385)
	at oracle.jdbc.driver.T4CTTIfun.processError(T4CTTIfun.java:1018)
	at oracle.jdbc.driver.T4CTTIoauthenticate.processError(T4CTTIoauthenticate.java:501)
	at oracle.jdbc.driver.T4CTTIfun.receive(T4CTTIfun.java:522)
	at oracle.jdbc.driver.T4CTTIfun.doRPC(T4CTTIfun.java:257)
	at oracle.jdbc.driver.T4CTTIoauthenticate.doOAUTH(T4CTTIoauthenticate.java:437)
	at oracle.jdbc.driver.T4CTTIoauthenticate.doOAUTH(T4CTTIoauthenticate.java:954)
	at oracle.jdbc.driver.T4CConnection.logon(T4CConnection.java:639)
	at oracle.jdbc.driver.PhysicalConnection.connect(PhysicalConnection.java:666)
	at oracle.jdbc.driver.T4CDriverExtension.getConnection(T4CDriverExtension.java:32)
	at oracle.jdbc.driver.OracleDriver.connect(OracleDriver.java:566)
	at java_sql_DriverManager$getConnection.call(Unknown Source)
	at Conn_DB.connectDB(Conn_DB.groovy:67)
	at Conn_DB$connectDB.call(Unknown Source)
	at CustomKeywords.Conn_DB.connectDB(CustomKeywords.groovy:200)
	at try_it_out_Conn_DB.Conn_DB(try_it_out_Conn_DB.groovy:61)
	at ✽.Connect to Database(/Users/chaidir.pratama01/Katalon Studio/IST_Automation_Git/Include/features/IST_Real/SLIK/SLIK Gateway Customer/SELECT_KTP_NUMBER_CUSTOMER_from_DB.feature:25)


2020-09-24 00:42:17 - [MESSAGE][ERROR] - Connect to Database FAILED.
Reason:
java.sql.SQLException: ORA-00604: error occurred at recursive SQL level 1
ORA-20100: You are not allowed to connect to the database in this time.
ORA-06512: at line 91

	at oracle.jdbc.driver.T4CTTIoer.processError(T4CTTIoer.java:450)
	at oracle.jdbc.driver.T4CTTIoer.processError(T4CTTIoer.java:392)
	at oracle.jdbc.driver.T4CTTIoer.processError(T4CTTIoer.java:385)
	at oracle.jdbc.driver.T4CTTIfun.processError(T4CTTIfun.java:1018)
	at oracle.jdbc.driver.T4CTTIoauthenticate.processError(T4CTTIoauthenticate.java:501)
	at oracle.jdbc.driver.T4CTTIfun.receive(T4CTTIfun.java:522)
	at oracle.jdbc.driver.T4CTTIfun.doRPC(T4CTTIfun.java:257)
	at oracle.jdbc.driver.T4CTTIoauthenticate.doOAUTH(T4CTTIoauthenticate.java:437)
	at oracle.jdbc.driver.T4CTTIoauthenticate.doOAUTH(T4CTTIoauthenticate.java:954)
	at oracle.jdbc.driver.T4CConnection.logon(T4CConnection.java:639)
	at oracle.jdbc.driver.PhysicalConnection.connect(PhysicalConnection.java:666)
	at oracle.jdbc.driver.T4CDriverExtension.getConnection(T4CDriverExtension.java:32)
	at oracle.jdbc.driver.OracleDriver.connect(OracleDriver.java:566)
	at java_sql_DriverManager$getConnection.call(Unknown Source)
	at Conn_DB.connectDB(Conn_DB.groovy:67)
	at Conn_DB$connectDB.call(Unknown Source)
	at CustomKeywords.Conn_DB.connectDB(CustomKeywords.groovy:200)
	at try_it_out_Conn_DB.Conn_DB(try_it_out_Conn_DB.groovy:61)
	at ✽.Connect to Database(/Users/chaidir.pratama01/Katalon Studio/IST_Automation_Git/Include/features/IST_Real/SLIK/SLIK Gateway Customer/SELECT_KTP_NUMBER_CUSTOMER_from_DB.feature:25)


2020-09-24 00:42:17 - [TEST_STEP][NOT_RUN] - Check KTP Number Customer in DB: Check KTP Number Customer in DB

2020-09-24 00:42:17 - [MESSAGE][NOT_RUN] - Check KTP Number Customer in DB

2020-09-24 00:42:17 - [MESSAGE][FAILED] - Feature file 'Include/features/IST_Real/SLIK/SLIK Gateway Customer/SELECT_KTP_NUMBER_CUSTOMER_from_DB.feature' was failed

2020-09-24 00:42:17 - [MESSAGE][FAILED] - Keyword runFeatureFile was failed (Root cause: com.kms.katalon.core.exception.StepFailedException: Feature file 'Include/features/IST_Real/SLIK/SLIK Gateway Customer/SELECT_KTP_NUMBER_CUSTOMER_from_DB.feature' was failed
	at com.kms.katalon.core.keyword.internal.KeywordMain.stepFailed(KeywordMain.groovy:50)
	at com.kms.katalon.core.keyword.internal.KeywordMain.stepFailed(KeywordMain.groovy)
	at com.kms.katalon.core.keyword.internal.KeywordMain.stepFailed(KeywordMain.groovy:23)
	at com.kms.katalon.core.keyword.internal.KeywordMain$stepFailed$0.call(Unknown Source)
	at com.kms.katalon.core.cucumber.keyword.CucumberBuiltinKeywords$_runFeatureFile_closure1.doCall(CucumberBuiltinKeywords.groovy:82)
	at com.kms.katalon.core.cucumber.keyword.CucumberBuiltinKeywords$_runFeatureFile_closure1.doCall(CucumberBuiltinKeywords.groovy)
	at com.kms.katalon.core.keyword.internal.KeywordMain.runKeyword(KeywordMain.groovy:68)
	at com.kms.katalon.core.keyword.internal.KeywordMain$runKeyword.call(Unknown Source)
	at com.kms.katalon.core.cucumber.keyword.CucumberBuiltinKeywords.runFeatureFile(CucumberBuiltinKeywords.groovy:46)
	at com.kms.katalon.core.cucumber.keyword.CucumberBuiltinKeywords$runFeatureFile$0.callStatic(Unknown Source)
	at com.kms.katalon.core.cucumber.keyword.CucumberBuiltinKeywords.runFeatureFile(CucumberBuiltinKeywords.groovy:169)
	at com.kms.katalon.core.cucumber.keyword.CucumberBuiltinKeywords$runFeatureFile.call(Unknown Source)
	at SELECT KTP NUMBER CUSTOMER from DB.run(SELECT KTP NUMBER CUSTOMER from DB:18)
	at com.kms.katalon.core.main.ScriptEngine.run(ScriptEngine.java:194)
	at com.kms.katalon.core.main.ScriptEngine.runScriptAsRawText(ScriptEngine.java:119)
	at com.kms.katalon.core.main.TestCaseExecutor.runScript(TestCaseExecutor.java:339)
	at com.kms.katalon.core.main.TestCaseExecutor.doExecute(TestCaseExecutor.java:330)
	at com.kms.katalon.core.main.TestCaseExecutor.processExecutionPhase(TestCaseExecutor.java:309)
	at com.kms.katalon.core.main.TestCaseExecutor.accessMainPhase(TestCaseExecutor.java:301)
	at com.kms.katalon.core.main.TestCaseExecutor.execute(TestCaseExecutor.java:235)
	at com.kms.katalon.core.main.TestSuiteExecutor.accessTestCaseMainPhase(TestSuiteExecutor.java:191)
	at com.kms.katalon.core.main.TestSuiteExecutor.accessTestSuiteMainPhase(TestSuiteExecutor.java:141)
	at com.kms.katalon.core.main.TestSuiteExecutor.execute(TestSuiteExecutor.java:90)
	at com.kms.katalon.core.main.TestCaseMain.startTestSuite(TestCaseMain.java:157)
	at com.kms.katalon.core.main.TestCaseMain$startTestSuite$0.call(Unknown Source)
	at TempTestSuite1600882819455.run(TempTestSuite1600882819455.groovy:39)
)]]></system-out>
         <system-err><![CDATA[2020-09-24 00:42:16 - [TEST_CASE][FAILED] - Test Cases/IST_Real/SLIK/SLIK_Gateway_Customer/SELECT KTP NUMBER CUSTOMER from DB: Test Cases/IST_Real/SLIK/SLIK_Gateway_Customer/SELECT KTP NUMBER CUSTOMER from DB FAILED.
Reason:
com.kms.katalon.core.exception.StepFailedException: Feature file 'Include/features/IST_Real/SLIK/SLIK Gateway Customer/SELECT_KTP_NUMBER_CUSTOMER_from_DB.feature' was failed
	at com.kms.katalon.core.keyword.internal.KeywordMain.stepFailed(KeywordMain.groovy:50)
	at com.kms.katalon.core.keyword.internal.KeywordMain.stepFailed(KeywordMain.groovy)
	at com.kms.katalon.core.keyword.internal.KeywordMain.stepFailed(KeywordMain.groovy:23)
	at com.kms.katalon.core.keyword.internal.KeywordMain$stepFailed$0.call(Unknown Source)
	at com.kms.katalon.core.cucumber.keyword.CucumberBuiltinKeywords$_runFeatureFile_closure1.doCall(CucumberBuiltinKeywords.groovy:82)
	at com.kms.katalon.core.cucumber.keyword.CucumberBuiltinKeywords$_runFeatureFile_closure1.doCall(CucumberBuiltinKeywords.groovy)
	at com.kms.katalon.core.keyword.internal.KeywordMain.runKeyword(KeywordMain.groovy:68)
	at com.kms.katalon.core.keyword.internal.KeywordMain$runKeyword.call(Unknown Source)
	at com.kms.katalon.core.cucumber.keyword.CucumberBuiltinKeywords.runFeatureFile(CucumberBuiltinKeywords.groovy:46)
	at com.kms.katalon.core.cucumber.keyword.CucumberBuiltinKeywords$runFeatureFile$0.callStatic(Unknown Source)
	at com.kms.katalon.core.cucumber.keyword.CucumberBuiltinKeywords.runFeatureFile(CucumberBuiltinKeywords.groovy:169)
	at com.kms.katalon.core.cucumber.keyword.CucumberBuiltinKeywords$runFeatureFile.call(Unknown Source)
	at SELECT KTP NUMBER CUSTOMER from DB.run(SELECT KTP NUMBER CUSTOMER from DB:18)
	at com.kms.katalon.core.main.ScriptEngine.run(ScriptEngine.java:194)
	at com.kms.katalon.core.main.ScriptEngine.runScriptAsRawText(ScriptEngine.java:119)
	at com.kms.katalon.core.main.TestCaseExecutor.runScript(TestCaseExecutor.java:339)
	at com.kms.katalon.core.main.TestCaseExecutor.doExecute(TestCaseExecutor.java:330)
	at com.kms.katalon.core.main.TestCaseExecutor.processExecutionPhase(TestCaseExecutor.java:309)
	at com.kms.katalon.core.main.TestCaseExecutor.accessMainPhase(TestCaseExecutor.java:301)
	at com.kms.katalon.core.main.TestCaseExecutor.execute(TestCaseExecutor.java:235)
	at com.kms.katalon.core.main.TestSuiteExecutor.accessTestCaseMainPhase(TestSuiteExecutor.java:191)
	at com.kms.katalon.core.main.TestSuiteExecutor.accessTestSuiteMainPhase(TestSuiteExecutor.java:141)
	at com.kms.katalon.core.main.TestSuiteExecutor.execute(TestSuiteExecutor.java:90)
	at com.kms.katalon.core.main.TestCaseMain.startTestSuite(TestCaseMain.java:157)
	at com.kms.katalon.core.main.TestCaseMain$startTestSuite$0.call(Unknown Source)
	at TempTestSuite1600882819455.run(TempTestSuite1600882819455.groovy:39)]]></system-err>
      </testcase>
      <testcase name="Test Cases/IST_Real/SLIK/SLIK_Gateway_Customer/SLIK Gateaway Customer Search By KTP" time="15.129" classname="Test Cases/IST_Real/SLIK/SLIK_Gateway_Customer/SLIK Gateaway Customer Search By KTP" status="PASSED">
         <system-out><![CDATA[2020-09-24 00:42:17 - [TEST_CASE][PASSED] - Test Cases/IST_Real/SLIK/SLIK_Gateway_Customer/SLIK Gateaway Customer Search By KTP: Test Cases/IST_Real/SLIK/SLIK_Gateway_Customer/SLIK Gateaway Customer Search By KTP

2020-09-24 00:42:17 - [TEST_STEP][PASSED] - runFeatureFile("Include/features/IST_Real/SLIK/SLIK Gateway Customer/SLIK Gateaway Customer Search_By_KTP.feature"): Feature file: 'Include/features/IST_Real/SLIK/SLIK Gateway Customer/SLIK Gateaway Customer Search_By_KTP.feature' was passed

2020-09-24 00:42:17 - [MESSAGE][INFO] - Starting run keyword runFeatureFile: 'Include/features/IST_Real/SLIK/SLIK Gateway Customer/SLIK Gateaway Customer Search_By_KTP.feature' and extract report to folder: '/Users/chaidir.pratama01/Katalon Studio/IST_Automation_Git/Reports/20200924_004018/SLIK/TS_SLIK_Gateway_Customer/20200924_004019/cucumber_report/1600882937487'...

2020-09-24 00:42:17 - [TEST_CASE][PASSED] - Start Test Case : SCENARIO SLIK Gateway Customer Search Result: SCENARIO SLIK Gateway Customer Search Result

2020-09-24 00:42:17 - [TEST_STEP][PASSED] - Go to ISTools: Go to ISTools

2020-09-24 00:42:17 - [MESSAGE][INFO] - Starting 'Chrome' driver

2020-09-24 00:42:17 - [MESSAGE][INFO] - User set preference: ['AcceptInsecureCerts', 'true']

2020-09-24 00:42:17 - [MESSAGE][INFO] - User set preference: ['args', '[ignore-certificate-errors]']

2020-09-24 00:42:17 - [MESSAGE][INFO] - Action delay is set to 0 milliseconds

2020-09-24 00:42:18 - [MESSAGE][PASSED] - Browser is opened with url: ''

2020-09-24 00:42:19 - [MESSAGE][PASSED] - Navigate to 'https://dev-istools.homecredit.id/foundation/' successfully

2020-09-24 00:42:19 - [MESSAGE][PASSED] - Go to ISTools

2020-09-24 00:42:19 - [TEST_STEP][PASSED] - Login IST with valid credentials: Login IST with valid credentials

2020-09-24 00:42:20 - [MESSAGE][PASSED] - Text 'mobile.test' is set on object 'Object Repository/Page_/input_Username_j_username'

2020-09-24 00:42:20 - [MESSAGE][PASSED] - Text ****** has been set on object 'Object Repository/Page_/input_Password_j_password'

2020-09-24 00:42:21 - [MESSAGE][PASSED] - Object: 'Object Repository/Page_/button_Login' is clicked on

2020-09-24 00:42:21 - [MESSAGE][PASSED] - Login IST with valid credentials

2020-09-24 00:42:21 - [TEST_STEP][PASSED] - Login Success for contract dispatcher: Login Success for contract dispatcher

2020-09-24 00:42:21 - [MESSAGE][INFO] - Login Success

2020-09-24 00:42:21 - [MESSAGE][PASSED] - Current window maximized

2020-09-24 00:42:22 - [MESSAGE][PASSED] - Object 'Object Repository/Page_/h1_Welcome to IT Supporting Tools' is present

2020-09-24 00:42:22 - [MESSAGE][PASSED] - Login Success for contract dispatcher

2020-09-24 00:42:22 - [TEST_STEP][PASSED] - Select Menu SLIK Gateway Customer: Select Menu SLIK Gateway Customer

2020-09-24 00:42:22 - [MESSAGE][PASSED] - Object '' is present

2020-09-24 00:42:23 - [MESSAGE][PASSED] - Object: '' is clicked on

2020-09-24 00:42:23 - [MESSAGE][PASSED] - Wait for page load successfully

2020-09-24 00:42:23 - [MESSAGE][PASSED] - Select Menu SLIK Gateway Customer

2020-09-24 00:42:23 - [TEST_STEP][PASSED] - Input Data KTP Number for Search Result: Input Data KTP Number for Search Result

2020-09-24 00:42:23 - [MESSAGE][PASSED] - Scroll to object '' successfully

2020-09-24 00:42:24 - [MESSAGE][PASSED] - Text '9999999999999999' is set on object ''

2020-09-24 00:42:24 - [MESSAGE][PASSED] - Input Data KTP Number for Search Result

2020-09-24 00:42:24 - [TEST_STEP][PASSED] - Click button "Search": Click button "Search"

2020-09-24 00:42:24 - [MESSAGE][INFO] - >>>>>//Button[contains(text(),'Search')]

2020-09-24 00:42:27 - [MESSAGE][PASSED] - Object: '' is clicked on

2020-09-24 00:42:27 - [MESSAGE][PASSED] - Click button "Search"

2020-09-24 00:42:27 - [TEST_STEP][PASSED] - Verify Search Result with KTP Number: Verify Search Result with KTP Number

2020-09-24 00:42:28 - [MESSAGE][PASSED] - Object '' is present

2020-09-24 00:42:28 - [MESSAGE][PASSED] - Verify Search Result with KTP Number

2020-09-24 00:42:28 - [TEST_STEP][PASSED] - Verify Search Result data: Verify Search Result data

2020-09-24 00:42:28 - [MESSAGE][PASSED] - Scroll to object '' successfully

2020-09-24 00:42:29 - [MESSAGE][PASSED] - Object '' is present

2020-09-24 00:42:29 - [MESSAGE][PASSED] - Verify Search Result data

2020-09-24 00:42:29 - [TEST_STEP][PASSED] - Click button "Logout": Click button "Logout"

2020-09-24 00:42:29 - [MESSAGE][INFO] - >>>>>//Button[contains(text(),'Logout')]

2020-09-24 00:42:32 - [MESSAGE][PASSED] - Object: '' is clicked on

2020-09-24 00:42:32 - [MESSAGE][PASSED] - Click button "Logout"

2020-09-24 00:42:32 - [TEST_STEP][PASSED] - Close browser: Close browser

2020-09-24 00:42:32 - [MESSAGE][PASSED] - Browser is closed

2020-09-24 00:42:32 - [MESSAGE][PASSED] - Close browser

2020-09-24 00:42:32 - [MESSAGE][PASSED] - Feature file: 'Include/features/IST_Real/SLIK/SLIK Gateway Customer/SLIK Gateaway Customer Search_By_KTP.feature' was passed]]></system-out>
         <system-err><![CDATA[]]></system-err>
      </testcase>
      <testcase name="Test Cases/IST_Real/SLIK/SLIK_Gateway_Customer/SLIK Gateway Customer Search By Status SUCCESS" time="13.944" classname="Test Cases/IST_Real/SLIK/SLIK_Gateway_Customer/SLIK Gateway Customer Search By Status SUCCESS" status="PASSED">
         <system-out><![CDATA[2020-09-24 00:42:32 - [TEST_CASE][PASSED] - Test Cases/IST_Real/SLIK/SLIK_Gateway_Customer/SLIK Gateway Customer Search By Status SUCCESS: Test Cases/IST_Real/SLIK/SLIK_Gateway_Customer/SLIK Gateway Customer Search By Status SUCCESS

2020-09-24 00:42:32 - [TEST_STEP][PASSED] - runFeatureFile("Include/features/IST_Real/SLIK/SLIK Gateway Customer/SLIK_Gateway_Customer_Search_By_Status_SUCCESS.feature"): Feature file: 'Include/features/IST_Real/SLIK/SLIK Gateway Customer/SLIK_Gateway_Customer_Search_By_Status_SUCCESS.feature' was passed

2020-09-24 00:42:32 - [MESSAGE][INFO] - Starting run keyword runFeatureFile: 'Include/features/IST_Real/SLIK/SLIK Gateway Customer/SLIK_Gateway_Customer_Search_By_Status_SUCCESS.feature' and extract report to folder: '/Users/chaidir.pratama01/Katalon Studio/IST_Automation_Git/Reports/20200924_004018/SLIK/TS_SLIK_Gateway_Customer/20200924_004019/cucumber_report/1600882952621'...

2020-09-24 00:42:32 - [TEST_CASE][PASSED] - Start Test Case : SCENARIO Search Result by Status: SCENARIO Search Result by Status

2020-09-24 00:42:32 - [TEST_STEP][PASSED] - Go to ISTools: Go to ISTools

2020-09-24 00:42:32 - [MESSAGE][INFO] - Starting 'Chrome' driver

2020-09-24 00:42:32 - [MESSAGE][INFO] - User set preference: ['AcceptInsecureCerts', 'true']

2020-09-24 00:42:32 - [MESSAGE][INFO] - User set preference: ['args', '[ignore-certificate-errors]']

2020-09-24 00:42:32 - [MESSAGE][INFO] - Action delay is set to 0 milliseconds

2020-09-24 00:42:33 - [MESSAGE][PASSED] - Browser is opened with url: ''

2020-09-24 00:42:34 - [MESSAGE][PASSED] - Navigate to 'https://dev-istools.homecredit.id/foundation/' successfully

2020-09-24 00:42:34 - [MESSAGE][PASSED] - Go to ISTools

2020-09-24 00:42:34 - [TEST_STEP][PASSED] - Login IST with valid credentials: Login IST with valid credentials

2020-09-24 00:42:35 - [MESSAGE][PASSED] - Text 'mobile.test' is set on object 'Object Repository/Page_/input_Username_j_username'

2020-09-24 00:42:35 - [MESSAGE][PASSED] - Text ****** has been set on object 'Object Repository/Page_/input_Password_j_password'

2020-09-24 00:42:36 - [MESSAGE][PASSED] - Object: 'Object Repository/Page_/button_Login' is clicked on

2020-09-24 00:42:36 - [MESSAGE][PASSED] - Login IST with valid credentials

2020-09-24 00:42:36 - [TEST_STEP][PASSED] - Login Success for contract dispatcher: Login Success for contract dispatcher

2020-09-24 00:42:36 - [MESSAGE][INFO] - Login Success

2020-09-24 00:42:36 - [MESSAGE][PASSED] - Current window maximized

2020-09-24 00:42:36 - [MESSAGE][PASSED] - Object 'Object Repository/Page_/h1_Welcome to IT Supporting Tools' is present

2020-09-24 00:42:36 - [MESSAGE][PASSED] - Login Success for contract dispatcher

2020-09-24 00:42:36 - [TEST_STEP][PASSED] - Select Menu SLIK Gateway Customer: Select Menu SLIK Gateway Customer

2020-09-24 00:42:36 - [MESSAGE][PASSED] - Object '' is present

2020-09-24 00:42:37 - [MESSAGE][PASSED] - Object: '' is clicked on

2020-09-24 00:42:37 - [MESSAGE][PASSED] - Wait for page load successfully

2020-09-24 00:42:37 - [MESSAGE][PASSED] - Select Menu SLIK Gateway Customer

2020-09-24 00:42:37 - [TEST_STEP][PASSED] - Select Status is "SUCCESS": Select Status is "SUCCESS"

2020-09-24 00:42:38 - [MESSAGE][PASSED] - All options with value 'SUCCESS' are selected in object ''  using regular expression

2020-09-24 00:42:38 - [MESSAGE][PASSED] - Select Status is "SUCCESS"

2020-09-24 00:42:38 - [TEST_STEP][PASSED] - Click button "Search": Click button "Search"

2020-09-24 00:42:38 - [MESSAGE][INFO] - >>>>>//Button[contains(text(),'Search')]

2020-09-24 00:42:41 - [MESSAGE][PASSED] - Object: '' is clicked on

2020-09-24 00:42:41 - [MESSAGE][PASSED] - Click button "Search"

2020-09-24 00:42:41 - [TEST_STEP][PASSED] - Verify Search Result with KTP Number: Verify Search Result with KTP Number

2020-09-24 00:42:42 - [MESSAGE][PASSED] - Object '' is present

2020-09-24 00:42:42 - [MESSAGE][PASSED] - Verify Search Result with KTP Number

2020-09-24 00:42:42 - [TEST_STEP][PASSED] - Verify Search Result data: Verify Search Result data

2020-09-24 00:42:42 - [MESSAGE][PASSED] - Scroll to object '' successfully

2020-09-24 00:42:42 - [MESSAGE][PASSED] - Object '' is present

2020-09-24 00:42:42 - [MESSAGE][PASSED] - Verify Search Result data

2020-09-24 00:42:42 - [TEST_STEP][PASSED] - Click button "Logout": Click button "Logout"

2020-09-24 00:42:42 - [MESSAGE][INFO] - >>>>>//Button[contains(text(),'Logout')]

2020-09-24 00:42:46 - [MESSAGE][PASSED] - Object: '' is clicked on

2020-09-24 00:42:46 - [MESSAGE][PASSED] - Click button "Logout"

2020-09-24 00:42:46 - [TEST_STEP][PASSED] - Close browser: Close browser

2020-09-24 00:42:46 - [MESSAGE][PASSED] - Browser is closed

2020-09-24 00:42:46 - [MESSAGE][PASSED] - Close browser

2020-09-24 00:42:46 - [MESSAGE][PASSED] - Feature file: 'Include/features/IST_Real/SLIK/SLIK Gateway Customer/SLIK_Gateway_Customer_Search_By_Status_SUCCESS.feature' was passed]]></system-out>
         <system-err><![CDATA[]]></system-err>
      </testcase>
      <testcase name="Test Cases/IST_Real/SLIK/SLIK_Gateway_Customer/SLIK Gateway Customer View Detail" time="20.939" classname="Test Cases/IST_Real/SLIK/SLIK_Gateway_Customer/SLIK Gateway Customer View Detail" status="PASSED">
         <system-out><![CDATA[2020-09-24 00:42:46 - [TEST_CASE][PASSED] - Test Cases/IST_Real/SLIK/SLIK_Gateway_Customer/SLIK Gateway Customer View Detail: Test Cases/IST_Real/SLIK/SLIK_Gateway_Customer/SLIK Gateway Customer View Detail

2020-09-24 00:42:46 - [TEST_STEP][PASSED] - runFeatureFile("Include/features/IST_Real/SLIK/SLIK Gateway Customer/SLIK_Gateway_Customer_View_Detail.feature"): Feature file: 'Include/features/IST_Real/SLIK/SLIK Gateway Customer/SLIK_Gateway_Customer_View_Detail.feature' was passed

2020-09-24 00:42:46 - [MESSAGE][INFO] - Starting run keyword runFeatureFile: 'Include/features/IST_Real/SLIK/SLIK Gateway Customer/SLIK_Gateway_Customer_View_Detail.feature' and extract report to folder: '/Users/chaidir.pratama01/Katalon Studio/IST_Automation_Git/Reports/20200924_004018/SLIK/TS_SLIK_Gateway_Customer/20200924_004019/cucumber_report/1600882966562'...

2020-09-24 00:42:46 - [TEST_CASE][PASSED] - Start Test Case : SCENARIO SLIK Gateway Customer View Detail Link: SCENARIO SLIK Gateway Customer View Detail Link

2020-09-24 00:42:46 - [TEST_STEP][PASSED] - Go to ISTools: Go to ISTools

2020-09-24 00:42:46 - [MESSAGE][INFO] - Starting 'Chrome' driver

2020-09-24 00:42:46 - [MESSAGE][INFO] - User set preference: ['AcceptInsecureCerts', 'true']

2020-09-24 00:42:46 - [MESSAGE][INFO] - User set preference: ['args', '[ignore-certificate-errors]']

2020-09-24 00:42:46 - [MESSAGE][INFO] - Action delay is set to 0 milliseconds

2020-09-24 00:42:47 - [MESSAGE][PASSED] - Browser is opened with url: ''

2020-09-24 00:42:48 - [MESSAGE][PASSED] - Navigate to 'https://dev-istools.homecredit.id/foundation/' successfully

2020-09-24 00:42:48 - [MESSAGE][PASSED] - Go to ISTools

2020-09-24 00:42:48 - [TEST_STEP][PASSED] - Login IST with valid credentials: Login IST with valid credentials

2020-09-24 00:42:49 - [MESSAGE][PASSED] - Text 'mobile.test' is set on object 'Object Repository/Page_/input_Username_j_username'

2020-09-24 00:42:49 - [MESSAGE][PASSED] - Text ****** has been set on object 'Object Repository/Page_/input_Password_j_password'

2020-09-24 00:42:50 - [MESSAGE][PASSED] - Object: 'Object Repository/Page_/button_Login' is clicked on

2020-09-24 00:42:50 - [MESSAGE][PASSED] - Login IST with valid credentials

2020-09-24 00:42:50 - [TEST_STEP][PASSED] - Login Success for contract dispatcher: Login Success for contract dispatcher

2020-09-24 00:42:50 - [MESSAGE][INFO] - Login Success

2020-09-24 00:42:50 - [MESSAGE][PASSED] - Current window maximized

2020-09-24 00:42:50 - [MESSAGE][PASSED] - Object 'Object Repository/Page_/h1_Welcome to IT Supporting Tools' is present

2020-09-24 00:42:50 - [MESSAGE][PASSED] - Login Success for contract dispatcher

2020-09-24 00:42:50 - [TEST_STEP][PASSED] - Select Menu SLIK Gateway Customer: Select Menu SLIK Gateway Customer

2020-09-24 00:42:51 - [MESSAGE][PASSED] - Object '' is present

2020-09-24 00:42:51 - [MESSAGE][PASSED] - Object: '' is clicked on

2020-09-24 00:42:51 - [MESSAGE][PASSED] - Wait for page load successfully

2020-09-24 00:42:51 - [MESSAGE][PASSED] - Select Menu SLIK Gateway Customer

2020-09-24 00:42:51 - [TEST_STEP][PASSED] - Input Data KTP Number for Search Result: Input Data KTP Number for Search Result

2020-09-24 00:42:51 - [MESSAGE][PASSED] - Scroll to object '' successfully

2020-09-24 00:42:52 - [MESSAGE][PASSED] - Text '9999999999999999' is set on object ''

2020-09-24 00:42:52 - [MESSAGE][PASSED] - Input Data KTP Number for Search Result

2020-09-24 00:42:52 - [TEST_STEP][PASSED] - Select Status is "SUCCESS": Select Status is "SUCCESS"

2020-09-24 00:42:53 - [MESSAGE][PASSED] - All options with value 'SUCCESS' are selected in object ''  using regular expression

2020-09-24 00:42:53 - [MESSAGE][PASSED] - Select Status is "SUCCESS"

2020-09-24 00:42:53 - [TEST_STEP][PASSED] - Click button "Search": Click button "Search"

2020-09-24 00:42:53 - [MESSAGE][INFO] - >>>>>//Button[contains(text(),'Search')]

2020-09-24 00:42:57 - [MESSAGE][PASSED] - Object: '' is clicked on

2020-09-24 00:42:57 - [MESSAGE][PASSED] - Click button "Search"

2020-09-24 00:42:57 - [TEST_STEP][PASSED] - Verify Search Result with KTP Number: Verify Search Result with KTP Number

2020-09-24 00:42:57 - [MESSAGE][PASSED] - Object '' is present

2020-09-24 00:42:57 - [MESSAGE][PASSED] - Verify Search Result with KTP Number

2020-09-24 00:42:57 - [TEST_STEP][PASSED] - Verify Search Result data: Verify Search Result data

2020-09-24 00:42:57 - [MESSAGE][PASSED] - Scroll to object '' successfully

2020-09-24 00:42:58 - [MESSAGE][PASSED] - Object '' is present

2020-09-24 00:42:58 - [MESSAGE][PASSED] - Verify Search Result data

2020-09-24 00:42:58 - [TEST_STEP][PASSED] - Click View Detail Link: Click View Detail Link

2020-09-24 00:42:58 - [MESSAGE][PASSED] - Object '' is present

2020-09-24 00:42:58 - [MESSAGE][PASSED] - Object: '' is clicked on

2020-09-24 00:42:58 - [MESSAGE][PASSED] - Click View Detail Link

2020-09-24 00:42:58 - [TEST_STEP][PASSED] - Verify Slik Result Detail Link: Verify Slik Result Detail Link

2020-09-24 00:43:01 - [MESSAGE][PASSED] - Scroll to object '' successfully

2020-09-24 00:43:01 - [MESSAGE][PASSED] - Object '' is present

2020-09-24 00:43:01 - [MESSAGE][PASSED] - Scroll to object '' successfully

2020-09-24 00:43:02 - [MESSAGE][PASSED] - Object '' is present

2020-09-24 00:43:02 - [MESSAGE][PASSED] - Scroll to object '' successfully

2020-09-24 00:43:02 - [MESSAGE][PASSED] - Object '' is present

2020-09-24 00:43:03 - [MESSAGE][PASSED] - Scroll to object '' successfully

2020-09-24 00:43:03 - [MESSAGE][PASSED] - Object '' is present

2020-09-24 00:43:03 - [MESSAGE][PASSED] - Scroll to object '' successfully

2020-09-24 00:43:03 - [MESSAGE][PASSED] - Object '' is present

2020-09-24 00:43:03 - [MESSAGE][PASSED] - Verify Slik Result Detail Link

2020-09-24 00:43:03 - [TEST_STEP][PASSED] - Click button "Logout": Click button "Logout"

2020-09-24 00:43:03 - [MESSAGE][INFO] - >>>>>//Button[contains(text(),'Logout')]

2020-09-24 00:43:07 - [MESSAGE][PASSED] - Object: '' is clicked on

2020-09-24 00:43:07 - [MESSAGE][PASSED] - Click button "Logout"

2020-09-24 00:43:07 - [TEST_STEP][PASSED] - Close browser: Close browser

2020-09-24 00:43:07 - [MESSAGE][PASSED] - Browser is closed

2020-09-24 00:43:07 - [MESSAGE][PASSED] - Close browser

2020-09-24 00:43:07 - [MESSAGE][PASSED] - Feature file: 'Include/features/IST_Real/SLIK/SLIK Gateway Customer/SLIK_Gateway_Customer_View_Detail.feature' was passed]]></system-out>
         <system-err><![CDATA[]]></system-err>
      </testcase>
      <testcase name="Test Cases/IST_Real/SLIK/SLIK_Gateway_Customer/Delete KTPNumber From DB" time="0.36" classname="Test Cases/IST_Real/SLIK/SLIK_Gateway_Customer/Delete KTPNumber From DB" status="FAILED">
         <failure type="FAILED" message="Test Cases/IST_Real/SLIK/SLIK_Gateway_Customer/Delete KTPNumber From DB FAILED.
Reason:
com.kms.katalon.core.exception.StepFailedException: Feature file 'Include/features/IST_Real/SLIK/SLIK Gateway Customer/Delete_KTPNumber_From_DB.feature' was failed
	at com.kms.katalon.core.keyword.internal.KeywordMain.stepFailed(KeywordMain.groovy:50)
	at com.kms.katalon.core.keyword.internal.KeywordMain.stepFailed(KeywordMain.groovy)
	at com.kms.katalon.core.keyword.internal.KeywordMain.stepFailed(KeywordMain.groovy:23)
	at com.kms.katalon.core.keyword.internal.KeywordMain$stepFailed$0.call(Unknown Source)
	at com.kms.katalon.core.cucumber.keyword.CucumberBuiltinKeywords$_runFeatureFile_closure1.doCall(CucumberBuiltinKeywords.groovy:82)
	at com.kms.katalon.core.cucumber.keyword.CucumberBuiltinKeywords$_runFeatureFile_closure1.doCall(CucumberBuiltinKeywords.groovy)
	at com.kms.katalon.core.keyword.internal.KeywordMain.runKeyword(KeywordMain.groovy:68)
	at com.kms.katalon.core.keyword.internal.KeywordMain$runKeyword.call(Unknown Source)
	at com.kms.katalon.core.cucumber.keyword.CucumberBuiltinKeywords.runFeatureFile(CucumberBuiltinKeywords.groovy:46)
	at com.kms.katalon.core.cucumber.keyword.CucumberBuiltinKeywords$runFeatureFile$0.callStatic(Unknown Source)
	at com.kms.katalon.core.cucumber.keyword.CucumberBuiltinKeywords.runFeatureFile(CucumberBuiltinKeywords.groovy:169)
	at com.kms.katalon.core.cucumber.keyword.CucumberBuiltinKeywords$runFeatureFile.call(Unknown Source)
	at Delete KTPNumber From DB.run(Delete KTPNumber From DB:18)
	at com.kms.katalon.core.main.ScriptEngine.run(ScriptEngine.java:194)
	at com.kms.katalon.core.main.ScriptEngine.runScriptAsRawText(ScriptEngine.java:119)
	at com.kms.katalon.core.main.TestCaseExecutor.runScript(TestCaseExecutor.java:339)
	at com.kms.katalon.core.main.TestCaseExecutor.doExecute(TestCaseExecutor.java:330)
	at com.kms.katalon.core.main.TestCaseExecutor.processExecutionPhase(TestCaseExecutor.java:309)
	at com.kms.katalon.core.main.TestCaseExecutor.accessMainPhase(TestCaseExecutor.java:301)
	at com.kms.katalon.core.main.TestCaseExecutor.execute(TestCaseExecutor.java:235)
	at com.kms.katalon.core.main.TestSuiteExecutor.accessTestCaseMainPhase(TestSuiteExecutor.java:191)
	at com.kms.katalon.core.main.TestSuiteExecutor.accessTestSuiteMainPhase(TestSuiteExecutor.java:141)
	at com.kms.katalon.core.main.TestSuiteExecutor.execute(TestSuiteExecutor.java:90)
	at com.kms.katalon.core.main.TestCaseMain.startTestSuite(TestCaseMain.java:157)
	at com.kms.katalon.core.main.TestCaseMain$startTestSuite$0.call(Unknown Source)
	at TempTestSuite1600882819455.run(TempTestSuite1600882819455.groovy:39)
"/>
         <system-out><![CDATA[2020-09-24 00:43:07 - [TEST_CASE][FAILED] - Test Cases/IST_Real/SLIK/SLIK_Gateway_Customer/Delete KTPNumber From DB: Test Cases/IST_Real/SLIK/SLIK_Gateway_Customer/Delete KTPNumber From DB FAILED.
Reason:
com.kms.katalon.core.exception.StepFailedException: Feature file 'Include/features/IST_Real/SLIK/SLIK Gateway Customer/Delete_KTPNumber_From_DB.feature' was failed
	at com.kms.katalon.core.keyword.internal.KeywordMain.stepFailed(KeywordMain.groovy:50)
	at com.kms.katalon.core.keyword.internal.KeywordMain.stepFailed(KeywordMain.groovy)
	at com.kms.katalon.core.keyword.internal.KeywordMain.stepFailed(KeywordMain.groovy:23)
	at com.kms.katalon.core.keyword.internal.KeywordMain$stepFailed$0.call(Unknown Source)
	at com.kms.katalon.core.cucumber.keyword.CucumberBuiltinKeywords$_runFeatureFile_closure1.doCall(CucumberBuiltinKeywords.groovy:82)
	at com.kms.katalon.core.cucumber.keyword.CucumberBuiltinKeywords$_runFeatureFile_closure1.doCall(CucumberBuiltinKeywords.groovy)
	at com.kms.katalon.core.keyword.internal.KeywordMain.runKeyword(KeywordMain.groovy:68)
	at com.kms.katalon.core.keyword.internal.KeywordMain$runKeyword.call(Unknown Source)
	at com.kms.katalon.core.cucumber.keyword.CucumberBuiltinKeywords.runFeatureFile(CucumberBuiltinKeywords.groovy:46)
	at com.kms.katalon.core.cucumber.keyword.CucumberBuiltinKeywords$runFeatureFile$0.callStatic(Unknown Source)
	at com.kms.katalon.core.cucumber.keyword.CucumberBuiltinKeywords.runFeatureFile(CucumberBuiltinKeywords.groovy:169)
	at com.kms.katalon.core.cucumber.keyword.CucumberBuiltinKeywords$runFeatureFile.call(Unknown Source)
	at Delete KTPNumber From DB.run(Delete KTPNumber From DB:18)
	at com.kms.katalon.core.main.ScriptEngine.run(ScriptEngine.java:194)
	at com.kms.katalon.core.main.ScriptEngine.runScriptAsRawText(ScriptEngine.java:119)
	at com.kms.katalon.core.main.TestCaseExecutor.runScript(TestCaseExecutor.java:339)
	at com.kms.katalon.core.main.TestCaseExecutor.doExecute(TestCaseExecutor.java:330)
	at com.kms.katalon.core.main.TestCaseExecutor.processExecutionPhase(TestCaseExecutor.java:309)
	at com.kms.katalon.core.main.TestCaseExecutor.accessMainPhase(TestCaseExecutor.java:301)
	at com.kms.katalon.core.main.TestCaseExecutor.execute(TestCaseExecutor.java:235)
	at com.kms.katalon.core.main.TestSuiteExecutor.accessTestCaseMainPhase(TestSuiteExecutor.java:191)
	at com.kms.katalon.core.main.TestSuiteExecutor.accessTestSuiteMainPhase(TestSuiteExecutor.java:141)
	at com.kms.katalon.core.main.TestSuiteExecutor.execute(TestSuiteExecutor.java:90)
	at com.kms.katalon.core.main.TestCaseMain.startTestSuite(TestCaseMain.java:157)
	at com.kms.katalon.core.main.TestCaseMain$startTestSuite$0.call(Unknown Source)
	at TempTestSuite1600882819455.run(TempTestSuite1600882819455.groovy:39)


2020-09-24 00:43:07 - [TEST_STEP][FAILED] - runFeatureFile("Include/features/IST_Real/SLIK/SLIK Gateway Customer/Delete_KTPNumber_From_DB.feature"): Keyword runFeatureFile was failed (Root cause: com.kms.katalon.core.exception.StepFailedException: Feature file 'Include/features/IST_Real/SLIK/SLIK Gateway Customer/Delete_KTPNumber_From_DB.feature' was failed
	at com.kms.katalon.core.keyword.internal.KeywordMain.stepFailed(KeywordMain.groovy:50)
	at com.kms.katalon.core.keyword.internal.KeywordMain.stepFailed(KeywordMain.groovy)
	at com.kms.katalon.core.keyword.internal.KeywordMain.stepFailed(KeywordMain.groovy:23)
	at com.kms.katalon.core.keyword.internal.KeywordMain$stepFailed$0.call(Unknown Source)
	at com.kms.katalon.core.cucumber.keyword.CucumberBuiltinKeywords$_runFeatureFile_closure1.doCall(CucumberBuiltinKeywords.groovy:82)
	at com.kms.katalon.core.cucumber.keyword.CucumberBuiltinKeywords$_runFeatureFile_closure1.doCall(CucumberBuiltinKeywords.groovy)
	at com.kms.katalon.core.keyword.internal.KeywordMain.runKeyword(KeywordMain.groovy:68)
	at com.kms.katalon.core.keyword.internal.KeywordMain$runKeyword.call(Unknown Source)
	at com.kms.katalon.core.cucumber.keyword.CucumberBuiltinKeywords.runFeatureFile(CucumberBuiltinKeywords.groovy:46)
	at com.kms.katalon.core.cucumber.keyword.CucumberBuiltinKeywords$runFeatureFile$0.callStatic(Unknown Source)
	at com.kms.katalon.core.cucumber.keyword.CucumberBuiltinKeywords.runFeatureFile(CucumberBuiltinKeywords.groovy:169)
	at com.kms.katalon.core.cucumber.keyword.CucumberBuiltinKeywords$runFeatureFile.call(Unknown Source)
	at Delete KTPNumber From DB.run(Delete KTPNumber From DB:18)
	at com.kms.katalon.core.main.ScriptEngine.run(ScriptEngine.java:194)
	at com.kms.katalon.core.main.ScriptEngine.runScriptAsRawText(ScriptEngine.java:119)
	at com.kms.katalon.core.main.TestCaseExecutor.runScript(TestCaseExecutor.java:339)
	at com.kms.katalon.core.main.TestCaseExecutor.doExecute(TestCaseExecutor.java:330)
	at com.kms.katalon.core.main.TestCaseExecutor.processExecutionPhase(TestCaseExecutor.java:309)
	at com.kms.katalon.core.main.TestCaseExecutor.accessMainPhase(TestCaseExecutor.java:301)
	at com.kms.katalon.core.main.TestCaseExecutor.execute(TestCaseExecutor.java:235)
	at com.kms.katalon.core.main.TestSuiteExecutor.accessTestCaseMainPhase(TestSuiteExecutor.java:191)
	at com.kms.katalon.core.main.TestSuiteExecutor.accessTestSuiteMainPhase(TestSuiteExecutor.java:141)
	at com.kms.katalon.core.main.TestSuiteExecutor.execute(TestSuiteExecutor.java:90)
	at com.kms.katalon.core.main.TestCaseMain.startTestSuite(TestCaseMain.java:157)
	at com.kms.katalon.core.main.TestCaseMain$startTestSuite$0.call(Unknown Source)
	at TempTestSuite1600882819455.run(TempTestSuite1600882819455.groovy:39)
)

2020-09-24 00:43:07 - [MESSAGE][INFO] - Starting run keyword runFeatureFile: 'Include/features/IST_Real/SLIK/SLIK Gateway Customer/Delete_KTPNumber_From_DB.feature' and extract report to folder: '/Users/chaidir.pratama01/Katalon Studio/IST_Automation_Git/Reports/20200924_004018/SLIK/TS_SLIK_Gateway_Customer/20200924_004019/cucumber_report/1600882987522'...

2020-09-24 00:43:07 - [TEST_CASE][ERROR] - Start Test Case : SCENARIO Delete_KTPNumber_From_DB: SCENARIO Delete_KTPNumber_From_DB FAILED.
Reason:
java.sql.SQLException: ORA-00604: error occurred at recursive SQL level 1
ORA-20100: You are not allowed to connect to the database in this time.
ORA-06512: at line 91

	at oracle.jdbc.driver.T4CTTIoer.processError(T4CTTIoer.java:450)
	at oracle.jdbc.driver.T4CTTIoer.processError(T4CTTIoer.java:392)
	at oracle.jdbc.driver.T4CTTIoer.processError(T4CTTIoer.java:385)
	at oracle.jdbc.driver.T4CTTIfun.processError(T4CTTIfun.java:1018)
	at oracle.jdbc.driver.T4CTTIoauthenticate.processError(T4CTTIoauthenticate.java:501)
	at oracle.jdbc.driver.T4CTTIfun.receive(T4CTTIfun.java:522)
	at oracle.jdbc.driver.T4CTTIfun.doRPC(T4CTTIfun.java:257)
	at oracle.jdbc.driver.T4CTTIoauthenticate.doOAUTH(T4CTTIoauthenticate.java:437)
	at oracle.jdbc.driver.T4CTTIoauthenticate.doOAUTH(T4CTTIoauthenticate.java:954)
	at oracle.jdbc.driver.T4CConnection.logon(T4CConnection.java:639)
	at oracle.jdbc.driver.PhysicalConnection.connect(PhysicalConnection.java:666)
	at oracle.jdbc.driver.T4CDriverExtension.getConnection(T4CDriverExtension.java:32)
	at oracle.jdbc.driver.OracleDriver.connect(OracleDriver.java:566)
	at java_sql_DriverManager$getConnection.call(Unknown Source)
	at Conn_DB.connectDB(Conn_DB.groovy:67)
	at Conn_DB$connectDB.call(Unknown Source)
	at CustomKeywords.Conn_DB.connectDB(CustomKeywords.groovy:200)
	at try_it_out_Conn_DB.Conn_DB(try_it_out_Conn_DB.groovy:61)
	at ✽.Connect to Database(/Users/chaidir.pratama01/Katalon Studio/IST_Automation_Git/Include/features/IST_Real/SLIK/SLIK Gateway Customer/Delete_KTPNumber_From_DB.feature:25)


2020-09-24 00:43:07 - [TEST_STEP][ERROR] - Connect to Database: Connect to Database FAILED.
Reason:
java.sql.SQLException: ORA-00604: error occurred at recursive SQL level 1
ORA-20100: You are not allowed to connect to the database in this time.
ORA-06512: at line 91

	at oracle.jdbc.driver.T4CTTIoer.processError(T4CTTIoer.java:450)
	at oracle.jdbc.driver.T4CTTIoer.processError(T4CTTIoer.java:392)
	at oracle.jdbc.driver.T4CTTIoer.processError(T4CTTIoer.java:385)
	at oracle.jdbc.driver.T4CTTIfun.processError(T4CTTIfun.java:1018)
	at oracle.jdbc.driver.T4CTTIoauthenticate.processError(T4CTTIoauthenticate.java:501)
	at oracle.jdbc.driver.T4CTTIfun.receive(T4CTTIfun.java:522)
	at oracle.jdbc.driver.T4CTTIfun.doRPC(T4CTTIfun.java:257)
	at oracle.jdbc.driver.T4CTTIoauthenticate.doOAUTH(T4CTTIoauthenticate.java:437)
	at oracle.jdbc.driver.T4CTTIoauthenticate.doOAUTH(T4CTTIoauthenticate.java:954)
	at oracle.jdbc.driver.T4CConnection.logon(T4CConnection.java:639)
	at oracle.jdbc.driver.PhysicalConnection.connect(PhysicalConnection.java:666)
	at oracle.jdbc.driver.T4CDriverExtension.getConnection(T4CDriverExtension.java:32)
	at oracle.jdbc.driver.OracleDriver.connect(OracleDriver.java:566)
	at java_sql_DriverManager$getConnection.call(Unknown Source)
	at Conn_DB.connectDB(Conn_DB.groovy:67)
	at Conn_DB$connectDB.call(Unknown Source)
	at CustomKeywords.Conn_DB.connectDB(CustomKeywords.groovy:200)
	at try_it_out_Conn_DB.Conn_DB(try_it_out_Conn_DB.groovy:61)
	at ✽.Connect to Database(/Users/chaidir.pratama01/Katalon Studio/IST_Automation_Git/Include/features/IST_Real/SLIK/SLIK Gateway Customer/Delete_KTPNumber_From_DB.feature:25)


2020-09-24 00:43:07 - [MESSAGE][ERROR] - Connect to Database FAILED.
Reason:
java.sql.SQLException: ORA-00604: error occurred at recursive SQL level 1
ORA-20100: You are not allowed to connect to the database in this time.
ORA-06512: at line 91

	at oracle.jdbc.driver.T4CTTIoer.processError(T4CTTIoer.java:450)
	at oracle.jdbc.driver.T4CTTIoer.processError(T4CTTIoer.java:392)
	at oracle.jdbc.driver.T4CTTIoer.processError(T4CTTIoer.java:385)
	at oracle.jdbc.driver.T4CTTIfun.processError(T4CTTIfun.java:1018)
	at oracle.jdbc.driver.T4CTTIoauthenticate.processError(T4CTTIoauthenticate.java:501)
	at oracle.jdbc.driver.T4CTTIfun.receive(T4CTTIfun.java:522)
	at oracle.jdbc.driver.T4CTTIfun.doRPC(T4CTTIfun.java:257)
	at oracle.jdbc.driver.T4CTTIoauthenticate.doOAUTH(T4CTTIoauthenticate.java:437)
	at oracle.jdbc.driver.T4CTTIoauthenticate.doOAUTH(T4CTTIoauthenticate.java:954)
	at oracle.jdbc.driver.T4CConnection.logon(T4CConnection.java:639)
	at oracle.jdbc.driver.PhysicalConnection.connect(PhysicalConnection.java:666)
	at oracle.jdbc.driver.T4CDriverExtension.getConnection(T4CDriverExtension.java:32)
	at oracle.jdbc.driver.OracleDriver.connect(OracleDriver.java:566)
	at java_sql_DriverManager$getConnection.call(Unknown Source)
	at Conn_DB.connectDB(Conn_DB.groovy:67)
	at Conn_DB$connectDB.call(Unknown Source)
	at CustomKeywords.Conn_DB.connectDB(CustomKeywords.groovy:200)
	at try_it_out_Conn_DB.Conn_DB(try_it_out_Conn_DB.groovy:61)
	at ✽.Connect to Database(/Users/chaidir.pratama01/Katalon Studio/IST_Automation_Git/Include/features/IST_Real/SLIK/SLIK Gateway Customer/Delete_KTPNumber_From_DB.feature:25)


2020-09-24 00:43:07 - [TEST_STEP][NOT_RUN] - Delete Contract From SLIK_DATA_CUSTOMER: Delete Contract From SLIK_DATA_CUSTOMER

2020-09-24 00:43:07 - [MESSAGE][NOT_RUN] - Delete Contract From SLIK_DATA_CUSTOMER

2020-09-24 00:43:07 - [MESSAGE][FAILED] - Feature file 'Include/features/IST_Real/SLIK/SLIK Gateway Customer/Delete_KTPNumber_From_DB.feature' was failed

2020-09-24 00:43:07 - [MESSAGE][FAILED] - Keyword runFeatureFile was failed (Root cause: com.kms.katalon.core.exception.StepFailedException: Feature file 'Include/features/IST_Real/SLIK/SLIK Gateway Customer/Delete_KTPNumber_From_DB.feature' was failed
	at com.kms.katalon.core.keyword.internal.KeywordMain.stepFailed(KeywordMain.groovy:50)
	at com.kms.katalon.core.keyword.internal.KeywordMain.stepFailed(KeywordMain.groovy)
	at com.kms.katalon.core.keyword.internal.KeywordMain.stepFailed(KeywordMain.groovy:23)
	at com.kms.katalon.core.keyword.internal.KeywordMain$stepFailed$0.call(Unknown Source)
	at com.kms.katalon.core.cucumber.keyword.CucumberBuiltinKeywords$_runFeatureFile_closure1.doCall(CucumberBuiltinKeywords.groovy:82)
	at com.kms.katalon.core.cucumber.keyword.CucumberBuiltinKeywords$_runFeatureFile_closure1.doCall(CucumberBuiltinKeywords.groovy)
	at com.kms.katalon.core.keyword.internal.KeywordMain.runKeyword(KeywordMain.groovy:68)
	at com.kms.katalon.core.keyword.internal.KeywordMain$runKeyword.call(Unknown Source)
	at com.kms.katalon.core.cucumber.keyword.CucumberBuiltinKeywords.runFeatureFile(CucumberBuiltinKeywords.groovy:46)
	at com.kms.katalon.core.cucumber.keyword.CucumberBuiltinKeywords$runFeatureFile$0.callStatic(Unknown Source)
	at com.kms.katalon.core.cucumber.keyword.CucumberBuiltinKeywords.runFeatureFile(CucumberBuiltinKeywords.groovy:169)
	at com.kms.katalon.core.cucumber.keyword.CucumberBuiltinKeywords$runFeatureFile.call(Unknown Source)
	at Delete KTPNumber From DB.run(Delete KTPNumber From DB:18)
	at com.kms.katalon.core.main.ScriptEngine.run(ScriptEngine.java:194)
	at com.kms.katalon.core.main.ScriptEngine.runScriptAsRawText(ScriptEngine.java:119)
	at com.kms.katalon.core.main.TestCaseExecutor.runScript(TestCaseExecutor.java:339)
	at com.kms.katalon.core.main.TestCaseExecutor.doExecute(TestCaseExecutor.java:330)
	at com.kms.katalon.core.main.TestCaseExecutor.processExecutionPhase(TestCaseExecutor.java:309)
	at com.kms.katalon.core.main.TestCaseExecutor.accessMainPhase(TestCaseExecutor.java:301)
	at com.kms.katalon.core.main.TestCaseExecutor.execute(TestCaseExecutor.java:235)
	at com.kms.katalon.core.main.TestSuiteExecutor.accessTestCaseMainPhase(TestSuiteExecutor.java:191)
	at com.kms.katalon.core.main.TestSuiteExecutor.accessTestSuiteMainPhase(TestSuiteExecutor.java:141)
	at com.kms.katalon.core.main.TestSuiteExecutor.execute(TestSuiteExecutor.java:90)
	at com.kms.katalon.core.main.TestCaseMain.startTestSuite(TestCaseMain.java:157)
	at com.kms.katalon.core.main.TestCaseMain$startTestSuite$0.call(Unknown Source)
	at TempTestSuite1600882819455.run(TempTestSuite1600882819455.groovy:39)
)]]></system-out>
         <system-err><![CDATA[2020-09-24 00:43:07 - [TEST_CASE][FAILED] - Test Cases/IST_Real/SLIK/SLIK_Gateway_Customer/Delete KTPNumber From DB: Test Cases/IST_Real/SLIK/SLIK_Gateway_Customer/Delete KTPNumber From DB FAILED.
Reason:
com.kms.katalon.core.exception.StepFailedException: Feature file 'Include/features/IST_Real/SLIK/SLIK Gateway Customer/Delete_KTPNumber_From_DB.feature' was failed
	at com.kms.katalon.core.keyword.internal.KeywordMain.stepFailed(KeywordMain.groovy:50)
	at com.kms.katalon.core.keyword.internal.KeywordMain.stepFailed(KeywordMain.groovy)
	at com.kms.katalon.core.keyword.internal.KeywordMain.stepFailed(KeywordMain.groovy:23)
	at com.kms.katalon.core.keyword.internal.KeywordMain$stepFailed$0.call(Unknown Source)
	at com.kms.katalon.core.cucumber.keyword.CucumberBuiltinKeywords$_runFeatureFile_closure1.doCall(CucumberBuiltinKeywords.groovy:82)
	at com.kms.katalon.core.cucumber.keyword.CucumberBuiltinKeywords$_runFeatureFile_closure1.doCall(CucumberBuiltinKeywords.groovy)
	at com.kms.katalon.core.keyword.internal.KeywordMain.runKeyword(KeywordMain.groovy:68)
	at com.kms.katalon.core.keyword.internal.KeywordMain$runKeyword.call(Unknown Source)
	at com.kms.katalon.core.cucumber.keyword.CucumberBuiltinKeywords.runFeatureFile(CucumberBuiltinKeywords.groovy:46)
	at com.kms.katalon.core.cucumber.keyword.CucumberBuiltinKeywords$runFeatureFile$0.callStatic(Unknown Source)
	at com.kms.katalon.core.cucumber.keyword.CucumberBuiltinKeywords.runFeatureFile(CucumberBuiltinKeywords.groovy:169)
	at com.kms.katalon.core.cucumber.keyword.CucumberBuiltinKeywords$runFeatureFile.call(Unknown Source)
	at Delete KTPNumber From DB.run(Delete KTPNumber From DB:18)
	at com.kms.katalon.core.main.ScriptEngine.run(ScriptEngine.java:194)
	at com.kms.katalon.core.main.ScriptEngine.runScriptAsRawText(ScriptEngine.java:119)
	at com.kms.katalon.core.main.TestCaseExecutor.runScript(TestCaseExecutor.java:339)
	at com.kms.katalon.core.main.TestCaseExecutor.doExecute(TestCaseExecutor.java:330)
	at com.kms.katalon.core.main.TestCaseExecutor.processExecutionPhase(TestCaseExecutor.java:309)
	at com.kms.katalon.core.main.TestCaseExecutor.accessMainPhase(TestCaseExecutor.java:301)
	at com.kms.katalon.core.main.TestCaseExecutor.execute(TestCaseExecutor.java:235)
	at com.kms.katalon.core.main.TestSuiteExecutor.accessTestCaseMainPhase(TestSuiteExecutor.java:191)
	at com.kms.katalon.core.main.TestSuiteExecutor.accessTestSuiteMainPhase(TestSuiteExecutor.java:141)
	at com.kms.katalon.core.main.TestSuiteExecutor.execute(TestSuiteExecutor.java:90)
	at com.kms.katalon.core.main.TestCaseMain.startTestSuite(TestCaseMain.java:157)
	at com.kms.katalon.core.main.TestCaseMain$startTestSuite$0.call(Unknown Source)
	at TempTestSuite1600882819455.run(TempTestSuite1600882819455.groovy:39)]]></system-err>
      </testcase>
      <system-out><![CDATA[2020-09-24 00:40:29 - [TEST_SUITE][FAILED] - TS_SLIK_Gateway_Customer: Test Cases/IST_Real/SLIK/SLIK_Gateway_Customer/SELECT KTP NUMBER CUSTOMER from DB FAILED.
Reason:
com.kms.katalon.core.exception.StepFailedException: Feature file 'Include/features/IST_Real/SLIK/SLIK Gateway Customer/SELECT_KTP_NUMBER_CUSTOMER_from_DB.feature' was failed
	at com.kms.katalon.core.keyword.internal.KeywordMain.stepFailed(KeywordMain.groovy:50)
	at com.kms.katalon.core.keyword.internal.KeywordMain.stepFailed(KeywordMain.groovy)
	at com.kms.katalon.core.keyword.internal.KeywordMain.stepFailed(KeywordMain.groovy:23)
	at com.kms.katalon.core.keyword.internal.KeywordMain$stepFailed$0.call(Unknown Source)
	at com.kms.katalon.core.cucumber.keyword.CucumberBuiltinKeywords$_runFeatureFile_closure1.doCall(CucumberBuiltinKeywords.groovy:82)
	at com.kms.katalon.core.cucumber.keyword.CucumberBuiltinKeywords$_runFeatureFile_closure1.doCall(CucumberBuiltinKeywords.groovy)
	at com.kms.katalon.core.keyword.internal.KeywordMain.runKeyword(KeywordMain.groovy:68)
	at com.kms.katalon.core.keyword.internal.KeywordMain$runKeyword.call(Unknown Source)
	at com.kms.katalon.core.cucumber.keyword.CucumberBuiltinKeywords.runFeatureFile(CucumberBuiltinKeywords.groovy:46)
	at com.kms.katalon.core.cucumber.keyword.CucumberBuiltinKeywords$runFeatureFile$0.callStatic(Unknown Source)
	at com.kms.katalon.core.cucumber.keyword.CucumberBuiltinKeywords.runFeatureFile(CucumberBuiltinKeywords.groovy:169)
	at com.kms.katalon.core.cucumber.keyword.CucumberBuiltinKeywords$runFeatureFile.call(Unknown Source)
	at SELECT KTP NUMBER CUSTOMER from DB.run(SELECT KTP NUMBER CUSTOMER from DB:18)
	at com.kms.katalon.core.main.ScriptEngine.run(ScriptEngine.java:194)
	at com.kms.katalon.core.main.ScriptEngine.runScriptAsRawText(ScriptEngine.java:119)
	at com.kms.katalon.core.main.TestCaseExecutor.runScript(TestCaseExecutor.java:339)
	at com.kms.katalon.core.main.TestCaseExecutor.doExecute(TestCaseExecutor.java:330)
	at com.kms.katalon.core.main.TestCaseExecutor.processExecutionPhase(TestCaseExecutor.java:309)
	at com.kms.katalon.core.main.TestCaseExecutor.accessMainPhase(TestCaseExecutor.java:301)
	at com.kms.katalon.core.main.TestCaseExecutor.execute(TestCaseExecutor.java:235)
	at com.kms.katalon.core.main.TestSuiteExecutor.accessTestCaseMainPhase(TestSuiteExecutor.java:191)
	at com.kms.katalon.core.main.TestSuiteExecutor.accessTestSuiteMainPhase(TestSuiteExecutor.java:141)
	at com.kms.katalon.core.main.TestSuiteExecutor.execute(TestSuiteExecutor.java:90)
	at com.kms.katalon.core.main.TestCaseMain.startTestSuite(TestCaseMain.java:157)
	at com.kms.katalon.core.main.TestCaseMain$startTestSuite$0.call(Unknown Source)
	at TempTestSuite1600882819455.run(TempTestSuite1600882819455.groovy:39)]]></system-out>
      <system-err><![CDATA[2020-09-24 00:40:29 - [TEST_SUITE][FAILED] - TS_SLIK_Gateway_Customer: Test Cases/IST_Real/SLIK/SLIK_Gateway_Customer/SELECT KTP NUMBER CUSTOMER from DB FAILED.
Reason:
com.kms.katalon.core.exception.StepFailedException: Feature file 'Include/features/IST_Real/SLIK/SLIK Gateway Customer/SELECT_KTP_NUMBER_CUSTOMER_from_DB.feature' was failed
	at com.kms.katalon.core.keyword.internal.KeywordMain.stepFailed(KeywordMain.groovy:50)
	at com.kms.katalon.core.keyword.internal.KeywordMain.stepFailed(KeywordMain.groovy)
	at com.kms.katalon.core.keyword.internal.KeywordMain.stepFailed(KeywordMain.groovy:23)
	at com.kms.katalon.core.keyword.internal.KeywordMain$stepFailed$0.call(Unknown Source)
	at com.kms.katalon.core.cucumber.keyword.CucumberBuiltinKeywords$_runFeatureFile_closure1.doCall(CucumberBuiltinKeywords.groovy:82)
	at com.kms.katalon.core.cucumber.keyword.CucumberBuiltinKeywords$_runFeatureFile_closure1.doCall(CucumberBuiltinKeywords.groovy)
	at com.kms.katalon.core.keyword.internal.KeywordMain.runKeyword(KeywordMain.groovy:68)
	at com.kms.katalon.core.keyword.internal.KeywordMain$runKeyword.call(Unknown Source)
	at com.kms.katalon.core.cucumber.keyword.CucumberBuiltinKeywords.runFeatureFile(CucumberBuiltinKeywords.groovy:46)
	at com.kms.katalon.core.cucumber.keyword.CucumberBuiltinKeywords$runFeatureFile$0.callStatic(Unknown Source)
	at com.kms.katalon.core.cucumber.keyword.CucumberBuiltinKeywords.runFeatureFile(CucumberBuiltinKeywords.groovy:169)
	at com.kms.katalon.core.cucumber.keyword.CucumberBuiltinKeywords$runFeatureFile.call(Unknown Source)
	at SELECT KTP NUMBER CUSTOMER from DB.run(SELECT KTP NUMBER CUSTOMER from DB:18)
	at com.kms.katalon.core.main.ScriptEngine.run(ScriptEngine.java:194)
	at com.kms.katalon.core.main.ScriptEngine.runScriptAsRawText(ScriptEngine.java:119)
	at com.kms.katalon.core.main.TestCaseExecutor.runScript(TestCaseExecutor.java:339)
	at com.kms.katalon.core.main.TestCaseExecutor.doExecute(TestCaseExecutor.java:330)
	at com.kms.katalon.core.main.TestCaseExecutor.processExecutionPhase(TestCaseExecutor.java:309)
	at com.kms.katalon.core.main.TestCaseExecutor.accessMainPhase(TestCaseExecutor.java:301)
	at com.kms.katalon.core.main.TestCaseExecutor.execute(TestCaseExecutor.java:235)
	at com.kms.katalon.core.main.TestSuiteExecutor.accessTestCaseMainPhase(TestSuiteExecutor.java:191)
	at com.kms.katalon.core.main.TestSuiteExecutor.accessTestSuiteMainPhase(TestSuiteExecutor.java:141)
	at com.kms.katalon.core.main.TestSuiteExecutor.execute(TestSuiteExecutor.java:90)
	at com.kms.katalon.core.main.TestCaseMain.startTestSuite(TestCaseMain.java:157)
	at com.kms.katalon.core.main.TestCaseMain$startTestSuite$0.call(Unknown Source)
	at TempTestSuite1600882819455.run(TempTestSuite1600882819455.groovy:39)]]></system-err>
   </testsuite>
</testsuites>
