<?xml version="1.0" encoding="UTF-8" standalone="no"?>
<testsuite failures="1" name="cucumber.runtime.formatter.JUnitFormatter" skipped="0" tests="1" time="41.396282">
<testcase classname="Title of your feature" name="SLIK Gateway Customer View Detail Link" time="41.396282">
<failure message="com.kms.katalon.core.exception.StepFailedException: Unable to scroll to object ''&#10;&#9;at com.kms.katalon.core.webui.keyword.internal.WebUIKeywordMain.stepFailed(WebUIKeywordMain.groovy:64)&#10;&#9;at com.kms.katalon.core.webui.keyword.internal.WebUIKeywordMain.runKeyword(WebUIKeywordMain.groovy:26)&#10;&#9;at com.kms.katalon.core.webui.keyword.builtin.ScrollToElementKeyword.scrollToElement(ScrollToElementKeyword.groovy:88)&#10;&#9;at com.kms.katalon.core.webui.keyword.builtin.ScrollToElementKeyword.execute(ScrollToElementKeyword.groovy:68)&#10;&#9;at com.kms.katalon.core.keyword.internal.KeywordExecutor.executeKeywordForPlatform(KeywordExecutor.groovy:73)&#10;&#9;at com.kms.katalon.core.webui.keyword.WebUiBuiltInKeywords.scrollToElement(WebUiBuiltInKeywords.groovy:3001)&#10;&#9;at com.kms.katalon.core.webui.keyword.WebUiBuiltInKeywords$scrollToElement$15.call(Unknown Source)&#10;&#9;at Slik_Script.Verify_Result_Status(Slik_Script.groovy:363)&#10;&#9;at ✽.Verify Search Result Based on Result Status(/Users/chaidir.pratama01/Katalon Studio/IST_Automation_Git/Include/features/IST_Real/SLIK/SLIK Gateway Customer/SLIK_Gateway_Customer_View_Detail_when_Status_FAILED.feature:36)&#10;Caused by: java.lang.IndexOutOfBoundsException: Index: 0, Size: 0&#10;&#9;at com.kms.katalon.core.webui.common.WebUiCommonHelper.buildLocator(WebUiCommonHelper.java:519)&#10;&#9;at com.kms.katalon.core.webui.common.WebUiCommonHelper.findElementByNormalMethods(WebUiCommonHelper.java:985)&#10;&#9;at com.kms.katalon.core.webui.common.WebUiCommonHelper.findElementsBySelectedMethod(WebUiCommonHelper.java:894)&#10;&#9;at com.kms.katalon.core.webui.common.WebUiCommonHelper.findElementsWithSelfHealing(WebUiCommonHelper.java:791)&#10;&#9;at com.kms.katalon.core.webui.common.WebUiCommonHelper.findWebElements(WebUiCommonHelper.java:717)&#10;&#9;at com.kms.katalon.core.webui.common.WebUiCommonHelper.findWebElement(WebUiCommonHelper.java:1349)&#10;&#9;at com.kms.katalon.core.webui.keyword.internal.WebUIAbstractKeyword.findWebElement(WebUIAbstractKeyword.groovy:27)&#10;&#9;at com.kms.katalon.core.webui.keyword.internal.WebUIAbstractKeyword.findWebElement(WebUIAbstractKeyword.groovy:26)&#10;&#9;at com.kms.katalon.core.webui.keyword.builtin.ScrollToElementKeyword$_scrollToElement_closure1.doCall(ScrollToElementKeyword.groovy:79)&#10;&#9;at com.kms.katalon.core.webui.keyword.builtin.ScrollToElementKeyword$_scrollToElement_closure1.call(ScrollToElementKeyword.groovy)&#10;&#9;at com.kms.katalon.core.webui.keyword.internal.WebUIKeywordMain.runKeyword(WebUIKeywordMain.groovy:20)&#10;&#9;at com.kms.katalon.core.webui.keyword.builtin.ScrollToElementKeyword.scrollToElement(ScrollToElementKeyword.groovy:88)&#10;&#9;at com.kms.katalon.core.webui.keyword.builtin.ScrollToElementKeyword.execute(ScrollToElementKeyword.groovy:68)&#10;&#9;at com.kms.katalon.core.keyword.internal.KeywordExecutor.executeKeywordForPlatform(KeywordExecutor.groovy:73)&#10;&#9;at com.kms.katalon.core.webui.keyword.WebUiBuiltInKeywords.scrollToElement(WebUiBuiltInKeywords.groovy:3001)&#10;&#9;at com.kms.katalon.core.webui.keyword.WebUiBuiltInKeywords$scrollToElement$15.call(Unknown Source)&#10;&#9;at Slik_Script.Verify_Result_Status(Slik_Script.groovy:363)&#10;&#9;at cucumber.runtime.Utils$1.call(Utils.java:26)&#10;&#9;at cucumber.runtime.Timeout.timeout(Timeout.java:16)&#10;&#9;at cucumber.runtime.Utils.invoke(Utils.java:20)&#10;&#9;at cucumber.runtime.java.JavaStepDefinition.execute(JavaStepDefinition.java:48)&#10;&#9;at cucumber.runtime.PickleStepDefinitionMatch.runStep(PickleStepDefinitionMatch.java:50)&#10;&#9;at cucumber.runner.TestStep.executeStep(TestStep.java:55)&#10;&#9;at cucumber.runner.TestStep.run(TestStep.java:42)&#10;&#9;at cucumber.runner.PickleStepTestStep.run(PickleStepTestStep.java:53)&#10;&#9;at cucumber.runner.TestCase.run(TestCase.java:47)&#10;&#9;at cucumber.runner.Runner.runPickle(Runner.java:44)&#10;&#9;at cucumber.runtime.Runtime.runFeature(Runtime.java:120)&#10;&#9;at cucumber.runtime.Runtime.run(Runtime.java:106)&#10;&#9;at cucumber.api.cli.Main.run(Main.java:35)&#10;&#9;at cucumber.api.cli.Main$run.call(Unknown Source)&#10;&#9;at com.kms.katalon.core.cucumber.keyword.CucumberBuiltinKeywords$_runFeatureFile_closure1.doCall(CucumberBuiltinKeywords.groovy:76)&#10;&#9;at com.kms.katalon.core.cucumber.keyword.CucumberBuiltinKeywords$_runFeatureFile_closure1.doCall(CucumberBuiltinKeywords.groovy)&#10;&#9;at com.kms.katalon.core.keyword.internal.KeywordMain.runKeyword(KeywordMain.groovy:68)&#10;&#9;at com.kms.katalon.core.keyword.internal.KeywordMain$runKeyword.call(Unknown Source)&#10;&#9;at com.kms.katalon.core.cucumber.keyword.CucumberBuiltinKeywords.runFeatureFile(CucumberBuiltinKeywords.groovy:46)&#10;&#9;at com.kms.katalon.core.cucumber.keyword.CucumberBuiltinKeywords$runFeatureFile$0.callStatic(Unknown Source)&#10;&#9;at com.kms.katalon.core.cucumber.keyword.CucumberBuiltinKeywords.runFeatureFile(CucumberBuiltinKeywords.groovy:169)&#10;&#9;at com.kms.katalon.core.cucumber.keyword.CucumberBuiltinKeywords$runFeatureFile.call(Unknown Source)&#10;&#9;at SLIK Gateway Customer View Detail when Status FAILED.run(SLIK Gateway Customer View Detail when Status FAILED:18)&#10;&#9;at com.kms.katalon.core.main.ScriptEngine.run(ScriptEngine.java:194)&#10;&#9;at com.kms.katalon.core.main.ScriptEngine.runScriptAsRawText(ScriptEngine.java:119)&#10;&#9;at com.kms.katalon.core.main.TestCaseExecutor.runScript(TestCaseExecutor.java:339)&#10;&#9;at com.kms.katalon.core.main.TestCaseExecutor.doExecute(TestCaseExecutor.java:330)&#10;&#9;at com.kms.katalon.core.main.TestCaseExecutor.processExecutionPhase(TestCaseExecutor.java:309)&#10;&#9;at com.kms.katalon.core.main.TestCaseExecutor.accessMainPhase(TestCaseExecutor.java:301)&#10;&#9;at com.kms.katalon.core.main.TestCaseExecutor.execute(TestCaseExecutor.java:235)&#10;&#9;at com.kms.katalon.core.main.TestSuiteExecutor.accessTestCaseMainPhase(TestSuiteExecutor.java:191)&#10;&#9;at com.kms.katalon.core.main.TestSuiteExecutor.accessTestSuiteMainPhase(TestSuiteExecutor.java:141)&#10;&#9;at com.kms.katalon.core.main.TestSuiteExecutor.execute(TestSuiteExecutor.java:90)&#10;&#9;at com.kms.katalon.core.main.TestCaseMain.startTestSuite(TestCaseMain.java:157)&#10;&#9;at com.kms.katalon.core.main.TestCaseMain$startTestSuite$0.call(Unknown Source)&#10;&#9;at TempTestSuite1602754326150.run(TempTestSuite1602754326150.groovy:39)&#10;"><![CDATA[Given Go to ISTools.........................................................passed
When Login IST with valid credentials.......................................passed
Then Login Success for contract dispatcher..................................passed
And Select Menu SLIK Gateway Customer.......................................passed
And Select Status is "FAILED"...............................................passed
And Click button "Search"...................................................passed
And Verify Search Result Based on Result Status.............................failed
And Click View Detail Link..................................................skipped
And Verify Slik Result Detail Link..........................................skipped
And Click button "Logout"...................................................skipped
And Close browser...........................................................skipped

StackTrace:
com.kms.katalon.core.exception.StepFailedException: Unable to scroll to object ''
	at com.kms.katalon.core.webui.keyword.internal.WebUIKeywordMain.stepFailed(WebUIKeywordMain.groovy:64)
	at com.kms.katalon.core.webui.keyword.internal.WebUIKeywordMain.runKeyword(WebUIKeywordMain.groovy:26)
	at com.kms.katalon.core.webui.keyword.builtin.ScrollToElementKeyword.scrollToElement(ScrollToElementKeyword.groovy:88)
	at com.kms.katalon.core.webui.keyword.builtin.ScrollToElementKeyword.execute(ScrollToElementKeyword.groovy:68)
	at com.kms.katalon.core.keyword.internal.KeywordExecutor.executeKeywordForPlatform(KeywordExecutor.groovy:73)
	at com.kms.katalon.core.webui.keyword.WebUiBuiltInKeywords.scrollToElement(WebUiBuiltInKeywords.groovy:3001)
	at com.kms.katalon.core.webui.keyword.WebUiBuiltInKeywords$scrollToElement$15.call(Unknown Source)
	at Slik_Script.Verify_Result_Status(Slik_Script.groovy:363)
	at ✽.Verify Search Result Based on Result Status(/Users/chaidir.pratama01/Katalon Studio/IST_Automation_Git/Include/features/IST_Real/SLIK/SLIK Gateway Customer/SLIK_Gateway_Customer_View_Detail_when_Status_FAILED.feature:36)
Caused by: java.lang.IndexOutOfBoundsException: Index: 0, Size: 0
	at com.kms.katalon.core.webui.common.WebUiCommonHelper.buildLocator(WebUiCommonHelper.java:519)
	at com.kms.katalon.core.webui.common.WebUiCommonHelper.findElementByNormalMethods(WebUiCommonHelper.java:985)
	at com.kms.katalon.core.webui.common.WebUiCommonHelper.findElementsBySelectedMethod(WebUiCommonHelper.java:894)
	at com.kms.katalon.core.webui.common.WebUiCommonHelper.findElementsWithSelfHealing(WebUiCommonHelper.java:791)
	at com.kms.katalon.core.webui.common.WebUiCommonHelper.findWebElements(WebUiCommonHelper.java:717)
	at com.kms.katalon.core.webui.common.WebUiCommonHelper.findWebElement(WebUiCommonHelper.java:1349)
	at com.kms.katalon.core.webui.keyword.internal.WebUIAbstractKeyword.findWebElement(WebUIAbstractKeyword.groovy:27)
	at com.kms.katalon.core.webui.keyword.internal.WebUIAbstractKeyword.findWebElement(WebUIAbstractKeyword.groovy:26)
	at com.kms.katalon.core.webui.keyword.builtin.ScrollToElementKeyword$_scrollToElement_closure1.doCall(ScrollToElementKeyword.groovy:79)
	at com.kms.katalon.core.webui.keyword.builtin.ScrollToElementKeyword$_scrollToElement_closure1.call(ScrollToElementKeyword.groovy)
	at com.kms.katalon.core.webui.keyword.internal.WebUIKeywordMain.runKeyword(WebUIKeywordMain.groovy:20)
	at com.kms.katalon.core.webui.keyword.builtin.ScrollToElementKeyword.scrollToElement(ScrollToElementKeyword.groovy:88)
	at com.kms.katalon.core.webui.keyword.builtin.ScrollToElementKeyword.execute(ScrollToElementKeyword.groovy:68)
	at com.kms.katalon.core.keyword.internal.KeywordExecutor.executeKeywordForPlatform(KeywordExecutor.groovy:73)
	at com.kms.katalon.core.webui.keyword.WebUiBuiltInKeywords.scrollToElement(WebUiBuiltInKeywords.groovy:3001)
	at com.kms.katalon.core.webui.keyword.WebUiBuiltInKeywords$scrollToElement$15.call(Unknown Source)
	at Slik_Script.Verify_Result_Status(Slik_Script.groovy:363)
	at cucumber.runtime.Utils$1.call(Utils.java:26)
	at cucumber.runtime.Timeout.timeout(Timeout.java:16)
	at cucumber.runtime.Utils.invoke(Utils.java:20)
	at cucumber.runtime.java.JavaStepDefinition.execute(JavaStepDefinition.java:48)
	at cucumber.runtime.PickleStepDefinitionMatch.runStep(PickleStepDefinitionMatch.java:50)
	at cucumber.runner.TestStep.executeStep(TestStep.java:55)
	at cucumber.runner.TestStep.run(TestStep.java:42)
	at cucumber.runner.PickleStepTestStep.run(PickleStepTestStep.java:53)
	at cucumber.runner.TestCase.run(TestCase.java:47)
	at cucumber.runner.Runner.runPickle(Runner.java:44)
	at cucumber.runtime.Runtime.runFeature(Runtime.java:120)
	at cucumber.runtime.Runtime.run(Runtime.java:106)
	at cucumber.api.cli.Main.run(Main.java:35)
	at cucumber.api.cli.Main$run.call(Unknown Source)
	at com.kms.katalon.core.cucumber.keyword.CucumberBuiltinKeywords$_runFeatureFile_closure1.doCall(CucumberBuiltinKeywords.groovy:76)
	at com.kms.katalon.core.cucumber.keyword.CucumberBuiltinKeywords$_runFeatureFile_closure1.doCall(CucumberBuiltinKeywords.groovy)
	at com.kms.katalon.core.keyword.internal.KeywordMain.runKeyword(KeywordMain.groovy:68)
	at com.kms.katalon.core.keyword.internal.KeywordMain$runKeyword.call(Unknown Source)
	at com.kms.katalon.core.cucumber.keyword.CucumberBuiltinKeywords.runFeatureFile(CucumberBuiltinKeywords.groovy:46)
	at com.kms.katalon.core.cucumber.keyword.CucumberBuiltinKeywords$runFeatureFile$0.callStatic(Unknown Source)
	at com.kms.katalon.core.cucumber.keyword.CucumberBuiltinKeywords.runFeatureFile(CucumberBuiltinKeywords.groovy:169)
	at com.kms.katalon.core.cucumber.keyword.CucumberBuiltinKeywords$runFeatureFile.call(Unknown Source)
	at SLIK Gateway Customer View Detail when Status FAILED.run(SLIK Gateway Customer View Detail when Status FAILED:18)
	at com.kms.katalon.core.main.ScriptEngine.run(ScriptEngine.java:194)
	at com.kms.katalon.core.main.ScriptEngine.runScriptAsRawText(ScriptEngine.java:119)
	at com.kms.katalon.core.main.TestCaseExecutor.runScript(TestCaseExecutor.java:339)
	at com.kms.katalon.core.main.TestCaseExecutor.doExecute(TestCaseExecutor.java:330)
	at com.kms.katalon.core.main.TestCaseExecutor.processExecutionPhase(TestCaseExecutor.java:309)
	at com.kms.katalon.core.main.TestCaseExecutor.accessMainPhase(TestCaseExecutor.java:301)
	at com.kms.katalon.core.main.TestCaseExecutor.execute(TestCaseExecutor.java:235)
	at com.kms.katalon.core.main.TestSuiteExecutor.accessTestCaseMainPhase(TestSuiteExecutor.java:191)
	at com.kms.katalon.core.main.TestSuiteExecutor.accessTestSuiteMainPhase(TestSuiteExecutor.java:141)
	at com.kms.katalon.core.main.TestSuiteExecutor.execute(TestSuiteExecutor.java:90)
	at com.kms.katalon.core.main.TestCaseMain.startTestSuite(TestCaseMain.java:157)
	at com.kms.katalon.core.main.TestCaseMain$startTestSuite$0.call(Unknown Source)
	at TempTestSuite1602754326150.run(TempTestSuite1602754326150.groovy:39)
]]></failure>
</testcase>
</testsuite>
