<?xml version="1.0" encoding="UTF-8"?>
<testsuites name="TS_SLIK_JFS" time="30.389" tests="1" failures="0" errors="0">
   <testsuite name="TS_SLIK_JFS" tests="1" failures="0" errors="0" time="30.389" timestamp="2020-10-15 18:44:29" hostname="chaidir.pratama01 - localhost" id="Test Suites/SLIK/TS_SLIK_JFS">
      <properties>
         <property name="deviceName" value=""/>
         <property name="devicePlatform" value=""/>
         <property name="logFolder" value="/Users/chaidir.pratama01/Katalon Studio/IST_Automation_Git/Reports/20201015_182654/SLIK/TS_SLIK_JFS/20201015_182658"/>
         <property name="logFiles" value="/Users/chaidir.pratama01/Katalon Studio/IST_Automation_Git/Reports/20201015_182654/SLIK/TS_SLIK_JFS/20201015_182658/execution0.log"/>
         <property name="attachments" value="/Users/chaidir.pratama01/Katalon Studio/IST_Automation_Git/Reports/20201015_182654/SLIK/TS_SLIK_JFS/20201015_182658/1602762292826.png"/>
         <property name="hostName" value="chaidir.pratama01 - localhost"/>
         <property name="os" value="Mac OS X 64bit"/>
         <property name="katalonVersion" value="7.6.0.${buildNumber}"/>
         <property name="browser" value="Chrome 86.0.4240.80"/>
         <property name="hostAddress" value="127.0.0.1"/>
         <property name="sessionId" value="61fbac56823299db8d87c4d0e12aea46"/>
         <property name="seleniumVersion" value="3.141.59"/>
         <property name="proxyInformation" value="ProxyInformation { proxyOption=NO_PROXY, proxyServerType=HTTP, username=, password=********, proxyServerAddress=, proxyServerPort=0, executionList=\&quot;\&quot;, isApplyToDesiredCapabilities=true }"/>
         <property name="platform" value="Mac OS X"/>
      </properties>
      <testcase name="Test Cases/IST_Real/SLIK/SLIK_JFS/Send Request KTP Search Result SGNC" time="27.384" classname="Test Cases/IST_Real/SLIK/SLIK_JFS/Send Request KTP Search Result SGNC" status="PASSED">
         <system-out><![CDATA[2020-10-15 18:44:29 - [TEST_CASE][PASSED] - Test Cases/IST_Real/SLIK/SLIK_JFS/Send Request KTP Search Result SGNC: Test Cases/IST_Real/SLIK/SLIK_JFS/Send Request KTP Search Result SGNC

2020-10-15 18:44:29 - [TEST_STEP][PASSED] - runFeatureFile("Include/features/IST_Real/SLIK/SLIK JFS/Send_Request_KTP_Search_Result_SGNC.feature"): Feature file: 'Include/features/IST_Real/SLIK/SLIK JFS/Send_Request_KTP_Search_Result_SGNC.feature' was passed

2020-10-15 18:44:29 - [MESSAGE][INFO] - Starting run keyword runFeatureFile: 'Include/features/IST_Real/SLIK/SLIK JFS/Send_Request_KTP_Search_Result_SGNC.feature' and extract report to folder: '/Users/chaidir.pratama01/Katalon Studio/IST_Automation_Git/Reports/20201015_182654/SLIK/TS_SLIK_JFS/20201015_182658/cucumber_report/1602762269816'...

2020-10-15 18:44:30 - [TEST_CASE][PASSED] - Start Test Case : SCENARIO SLIK JFS: SCENARIO SLIK JFS

2020-10-15 18:44:30 - [TEST_STEP][PASSED] - Consume Endpoint JFS Collectibility: Consume Endpoint JFS Collectibility

2020-10-15 18:44:32 - [MESSAGE][INFO] - HAR: /Users/chaidir.pratama01/Katalon Studio/IST_Automation_Git/Reports/20201015_182654/SLIK/TS_SLIK_JFS/20201015_182658/requests/main/0.har

2020-10-15 18:44:32 - [MESSAGE][PASSED] - Send request successfully

2020-10-15 18:44:32 - [MESSAGE][PASSED] - Verify response status code successfully

2020-10-15 18:44:32 - [MESSAGE][PASSED] - Verify element property value successfully

2020-10-15 18:44:32 - [MESSAGE][PASSED] - Verify element property value successfully

2020-10-15 18:44:32 - [MESSAGE][PASSED] - Verify element property value successfully

2020-10-15 18:44:32 - [MESSAGE][PASSED] - Consume Endpoint JFS Collectibility

2020-10-15 18:44:32 - [TEST_STEP][PASSED] - Go to ISTools: Go to ISTools

2020-10-15 18:44:32 - [MESSAGE][INFO] - Starting 'Chrome' driver

2020-10-15 18:44:32 - [MESSAGE][INFO] - User set preference: ['AcceptInsecureCerts', 'true']

2020-10-15 18:44:32 - [MESSAGE][INFO] - User set preference: ['args', '[ignore-certificate-errors]']

2020-10-15 18:44:32 - [MESSAGE][INFO] - Action delay is set to 0 milliseconds

2020-10-15 18:44:33 - [MESSAGE][PASSED] - Browser is opened with url: ''

2020-10-15 18:44:40 - [MESSAGE][PASSED] - Navigate to 'https://dev-istools.homecredit.id/foundation/' successfully

2020-10-15 18:44:40 - [MESSAGE][PASSED] - Go to ISTools

2020-10-15 18:44:40 - [TEST_STEP][PASSED] - Login IST with valid credentials: Login IST with valid credentials

2020-10-15 18:44:41 - [MESSAGE][PASSED] - Text 'mobile.test' is set on object 'Object Repository/Page_/input_Username_j_username'

2020-10-15 18:44:41 - [MESSAGE][PASSED] - Text ****** has been set on object 'Object Repository/Page_/input_Password_j_password'

2020-10-15 18:44:43 - [MESSAGE][PASSED] - Object: 'Object Repository/Page_/button_Login' is clicked on

2020-10-15 18:44:43 - [MESSAGE][PASSED] - Login IST with valid credentials

2020-10-15 18:44:43 - [TEST_STEP][PASSED] - Login Success for contract dispatcher: Login Success for contract dispatcher

2020-10-15 18:44:43 - [MESSAGE][INFO] - Login Success

2020-10-15 18:44:43 - [MESSAGE][PASSED] - Current window maximized

2020-10-15 18:44:43 - [MESSAGE][PASSED] - Object 'Object Repository/Page_/h1_Welcome to IT Supporting Tools' is present

2020-10-15 18:44:43 - [MESSAGE][PASSED] - Login Success for contract dispatcher

2020-10-15 18:44:43 - [TEST_STEP][PASSED] - Select Menu SLIK Gateway Customer: Select Menu SLIK Gateway Customer

2020-10-15 18:44:43 - [MESSAGE][PASSED] - Object '' is present

2020-10-15 18:44:44 - [MESSAGE][PASSED] - Object: '' is clicked on

2020-10-15 18:44:44 - [MESSAGE][PASSED] - Wait for page load successfully

2020-10-15 18:44:44 - [MESSAGE][PASSED] - Select Menu SLIK Gateway Customer

2020-10-15 18:44:44 - [TEST_STEP][PASSED] - Search KTP Number in SLIK Gateway Customer: Search KTP Number in SLIK Gateway Customer

2020-10-15 18:44:44 - [MESSAGE][PASSED] - Scroll to object '' successfully

2020-10-15 18:44:45 - [MESSAGE][PASSED] - Text '1871025401550001' is set on object ''

2020-10-15 18:44:45 - [MESSAGE][PASSED] - Search KTP Number in SLIK Gateway Customer

2020-10-15 18:44:45 - [TEST_STEP][PASSED] - Click button "Search": Click button "Search"

2020-10-15 18:44:45 - [MESSAGE][INFO] - >>>>>//Button[contains(text(),'Search')]

2020-10-15 18:44:48 - [MESSAGE][PASSED] - Object: '' is clicked on

2020-10-15 18:44:48 - [MESSAGE][PASSED] - Click button "Search"

2020-10-15 18:44:48 - [TEST_STEP][PASSED] - Verify KTP Result with Request Body: Verify KTP Result with Request Body

2020-10-15 18:44:52 - [MESSAGE][INFO] - Unable to find the element located by 'By.xpath: //span[text()='Search Result']/../../../following-sibling::div[@class='z-groupbox-content']/div[@class='z-grid']/div[@class='z-grid-body']/table/tbody/tr/td[2]/div/span[text()='1871025401550001']'. Please recheck the objects properties to make sure the desired element is located. 

2020-10-15 18:44:53 - [MESSAGE][WARNING] - com.kms.katalon.core.webui.exception.WebElementNotFoundException: Web element with id: '' located by '//span[text()='Search Result']/../../../following-sibling::div[@class='z-groupbox-content']/div[@class='z-grid']/div[@class='z-grid-body']/table/tbody/tr/td[2]/div/span[text()='1871025401550001']' not found (Root cause: com.kms.katalon.core.exception.StepFailedException: com.kms.katalon.core.webui.exception.WebElementNotFoundException: Web element with id: '' located by '//span[text()='Search Result']/../../../following-sibling::div[@class='z-groupbox-content']/div[@class='z-grid']/div[@class='z-grid-body']/table/tbody/tr/td[2]/div/span[text()='1871025401550001']' not found
	at com.kms.katalon.core.webui.keyword.internal.WebUIKeywordMain.stepFailed(WebUIKeywordMain.groovy:64)
	at com.kms.katalon.core.webui.keyword.builtin.VerifyElementPresentKeyword$_verifyElementPresent_closure1.doCall(VerifyElementPresentKeyword.groovy:85)
	at com.kms.katalon.core.webui.keyword.builtin.VerifyElementPresentKeyword$_verifyElementPresent_closure1.call(VerifyElementPresentKeyword.groovy)
	at com.kms.katalon.core.webui.keyword.internal.WebUIKeywordMain.runKeyword(WebUIKeywordMain.groovy:20)
	at com.kms.katalon.core.webui.keyword.builtin.VerifyElementPresentKeyword.verifyElementPresent(VerifyElementPresentKeyword.groovy:92)
	at com.kms.katalon.core.webui.keyword.builtin.VerifyElementPresentKeyword.execute(VerifyElementPresentKeyword.groovy:68)
	at com.kms.katalon.core.keyword.internal.KeywordExecutor.executeKeywordForPlatform(KeywordExecutor.groovy:73)
	at com.kms.katalon.core.webui.keyword.WebUiBuiltInKeywords.verifyElementPresent(WebUiBuiltInKeywords.groovy:1444)
	at com.kms.katalon.core.webui.keyword.WebUiBuiltInKeywords$verifyElementPresent$9.call(Unknown Source)
	at Slik_Script.SLIKJFS_verifyKTPNumber(Slik_Script.groovy:850)
	at cucumber.runtime.Utils$1.call(Utils.java:26)
	at cucumber.runtime.Timeout.timeout(Timeout.java:16)
	at cucumber.runtime.Utils.invoke(Utils.java:20)
	at cucumber.runtime.java.JavaStepDefinition.execute(JavaStepDefinition.java:48)
	at cucumber.runtime.PickleStepDefinitionMatch.runStep(PickleStepDefinitionMatch.java:50)
	at cucumber.runner.TestStep.executeStep(TestStep.java:55)
	at cucumber.runner.TestStep.run(TestStep.java:42)
	at cucumber.runner.PickleStepTestStep.run(PickleStepTestStep.java:53)
	at cucumber.runner.TestCase.run(TestCase.java:47)
	at cucumber.runner.Runner.runPickle(Runner.java:44)
	at cucumber.runtime.Runtime.runFeature(Runtime.java:120)
	at cucumber.runtime.Runtime.run(Runtime.java:106)
	at cucumber.api.cli.Main.run(Main.java:35)
	at cucumber.api.cli.Main$run.call(Unknown Source)
	at com.kms.katalon.core.cucumber.keyword.CucumberBuiltinKeywords$_runFeatureFile_closure1.doCall(CucumberBuiltinKeywords.groovy:76)
	at com.kms.katalon.core.cucumber.keyword.CucumberBuiltinKeywords$_runFeatureFile_closure1.doCall(CucumberBuiltinKeywords.groovy)
	at com.kms.katalon.core.keyword.internal.KeywordMain.runKeyword(KeywordMain.groovy:68)
	at com.kms.katalon.core.keyword.internal.KeywordMain$runKeyword.call(Unknown Source)
	at com.kms.katalon.core.cucumber.keyword.CucumberBuiltinKeywords.runFeatureFile(CucumberBuiltinKeywords.groovy:46)
	at com.kms.katalon.core.cucumber.keyword.CucumberBuiltinKeywords$runFeatureFile$0.callStatic(Unknown Source)
	at com.kms.katalon.core.cucumber.keyword.CucumberBuiltinKeywords.runFeatureFile(CucumberBuiltinKeywords.groovy:169)
	at com.kms.katalon.core.cucumber.keyword.CucumberBuiltinKeywords$runFeatureFile.call(Unknown Source)
	at Send Request KTP Search Result SGNC.run(Send Request KTP Search Result SGNC:18)
	at com.kms.katalon.core.main.ScriptEngine.run(ScriptEngine.java:194)
	at com.kms.katalon.core.main.ScriptEngine.runScriptAsRawText(ScriptEngine.java:119)
	at com.kms.katalon.core.main.TestCaseExecutor.runScript(TestCaseExecutor.java:339)
	at com.kms.katalon.core.main.TestCaseExecutor.doExecute(TestCaseExecutor.java:330)
	at com.kms.katalon.core.main.TestCaseExecutor.processExecutionPhase(TestCaseExecutor.java:309)
	at com.kms.katalon.core.main.TestCaseExecutor.accessMainPhase(TestCaseExecutor.java:301)
	at com.kms.katalon.core.main.TestCaseExecutor.execute(TestCaseExecutor.java:235)
	at com.kms.katalon.core.main.TestSuiteExecutor.accessTestCaseMainPhase(TestSuiteExecutor.java:191)
	at com.kms.katalon.core.main.TestSuiteExecutor.accessTestSuiteMainPhase(TestSuiteExecutor.java:141)
	at com.kms.katalon.core.main.TestSuiteExecutor.execute(TestSuiteExecutor.java:90)
	at com.kms.katalon.core.main.TestCaseMain.startTestSuite(TestCaseMain.java:157)
	at com.kms.katalon.core.main.TestCaseMain$startTestSuite$0.call(Unknown Source)
	at TempTestSuite1602761218666.run(TempTestSuite1602761218666.groovy:39)
)
[[ATTACHMENT|/Users/chaidir.pratama01/Katalon Studio/IST_Automation_Git/Reports/20201015_182654/SLIK/TS_SLIK_JFS/20201015_182658/1602762292826.png]]

2020-10-15 18:44:53 - [MESSAGE][PASSED] - Verify KTP Result with Request Body

2020-10-15 18:44:53 - [TEST_STEP][PASSED] - Click button "Logout": Click button "Logout"

2020-10-15 18:44:53 - [MESSAGE][INFO] - >>>>>//Button[contains(text(),'Logout')]

2020-10-15 18:44:56 - [MESSAGE][PASSED] - Object: '' is clicked on

2020-10-15 18:44:56 - [MESSAGE][PASSED] - Click button "Logout"

2020-10-15 18:44:56 - [TEST_STEP][PASSED] - Close browser: Close browser

2020-10-15 18:44:56 - [MESSAGE][PASSED] - Browser is closed

2020-10-15 18:44:56 - [MESSAGE][PASSED] - Close browser

2020-10-15 18:44:56 - [MESSAGE][PASSED] - Feature file: 'Include/features/IST_Real/SLIK/SLIK JFS/Send_Request_KTP_Search_Result_SGNC.feature' was passed]]></system-out>
         <system-err><![CDATA[]]></system-err>
      </testcase>
      <system-out><![CDATA[2020-10-15 18:44:29 - [TEST_SUITE][PASSED] - TS_SLIK_JFS: Test Cases/IST_Real/SLIK/SLIK_JFS/Send Request KTP Search Result SGNC]]></system-out>
      <system-err><![CDATA[]]></system-err>
   </testsuite>
</testsuites>
