<?xml version="1.0" encoding="UTF-8"?>
<testsuites name="Tracker_Invoice_System_Update_Data" time="160.294" tests="1" failures="0" errors="0">
   <testsuite name="Tracker_Invoice_System_Update_Data" tests="1" failures="0" errors="0" time="160.294" timestamp="2020-04-01 22:11:09" hostname="Ramsey.LoloYanto - ID-L3891.hcg.homecredit.net" id="Test Suites/TRIS/DEV/Tracker_Invoice_System_Update_Data">
      <properties>
         <property name="deviceName" value=""/>
         <property name="devicePlatform" value=""/>
         <property name="logFolder" value="C:\\Users\\ramsey.loloyanto\\Documents\\ist-Katalon\\Reports\\20200401_221040\\TRIS\\DEV\\Tracker_Invoice_System_Update_Data\\20200401_221040"/>
         <property name="logFiles" value="C:\\Users\\ramsey.loloyanto\\Documents\\ist-Katalon\\Reports\\20200401_221040\\TRIS\\DEV\\Tracker_Invoice_System_Update_Data\\20200401_221040\\execution0.log"/>
         <property name="attachments" value="C:\\Users\\ramsey.loloyanto\\Documents\\ist-Katalon\\Reports\\20200401_221040\\TRIS\\DEV\\Tracker_Invoice_System_Update_Data\\20200401_221040\\1585753931393.png, C:\\Users\\ramsey.loloyanto\\Documents\\ist-Katalon\\Reports\\20200401_221040\\TRIS\\DEV\\Tracker_Invoice_System_Update_Data\\20200401_221040\\1585753935213.png, C:\\Users\\ramsey.loloyanto\\Documents\\ist-Katalon\\Reports\\20200401_221040\\TRIS\\DEV\\Tracker_Invoice_System_Update_Data\\20200401_221040\\1585753965171.png, C:\\Users\\ramsey.loloyanto\\Documents\\ist-Katalon\\Reports\\20200401_221040\\TRIS\\DEV\\Tracker_Invoice_System_Update_Data\\20200401_221040\\1585753966240.png, C:\\Users\\ramsey.loloyanto\\Documents\\ist-Katalon\\Reports\\20200401_221040\\TRIS\\DEV\\Tracker_Invoice_System_Update_Data\\20200401_221040\\1585753969101.png, C:\\Users\\ramsey.loloyanto\\Documents\\ist-Katalon\\Reports\\20200401_221040\\TRIS\\DEV\\Tracker_Invoice_System_Update_Data\\20200401_221040\\1585753969659.png, C:\\Users\\ramsey.loloyanto\\Documents\\ist-Katalon\\Reports\\20200401_221040\\TRIS\\DEV\\Tracker_Invoice_System_Update_Data\\20200401_221040\\1585753970224.png, C:\\Users\\ramsey.loloyanto\\Documents\\ist-Katalon\\Reports\\20200401_221040\\TRIS\\DEV\\Tracker_Invoice_System_Update_Data\\20200401_221040\\1585754004504.png, C:\\Users\\ramsey.loloyanto\\Documents\\ist-Katalon\\Reports\\20200401_221040\\TRIS\\DEV\\Tracker_Invoice_System_Update_Data\\20200401_221040\\1585754005579.png, C:\\Users\\ramsey.loloyanto\\Documents\\ist-Katalon\\Reports\\20200401_221040\\TRIS\\DEV\\Tracker_Invoice_System_Update_Data\\20200401_221040\\1585754006667.png, C:\\Users\\ramsey.loloyanto\\Documents\\ist-Katalon\\Reports\\20200401_221040\\TRIS\\DEV\\Tracker_Invoice_System_Update_Data\\20200401_221040\\1585754007245.png, C:\\Users\\ramsey.loloyanto\\Documents\\ist-Katalon\\Reports\\20200401_221040\\TRIS\\DEV\\Tracker_Invoice_System_Update_Data\\20200401_221040\\1585754007812.png, C:\\Users\\ramsey.loloyanto\\Documents\\ist-Katalon\\Reports\\20200401_221040\\TRIS\\DEV\\Tracker_Invoice_System_Update_Data\\20200401_221040\\1585754008395.png, C:\\Users\\ramsey.loloyanto\\Documents\\ist-Katalon\\Reports\\20200401_221040\\TRIS\\DEV\\Tracker_Invoice_System_Update_Data\\20200401_221040\\1585754008958.png, C:\\Users\\ramsey.loloyanto\\Documents\\ist-Katalon\\Reports\\20200401_221040\\TRIS\\DEV\\Tracker_Invoice_System_Update_Data\\20200401_221040\\1585754009517.png, C:\\Users\\ramsey.loloyanto\\Documents\\ist-Katalon\\Reports\\20200401_221040\\TRIS\\DEV\\Tracker_Invoice_System_Update_Data\\20200401_221040\\1585754010098.png, C:\\Users\\ramsey.loloyanto\\Documents\\ist-Katalon\\Reports\\20200401_221040\\TRIS\\DEV\\Tracker_Invoice_System_Update_Data\\20200401_221040\\1585754010668.png, C:\\Users\\ramsey.loloyanto\\Documents\\ist-Katalon\\Reports\\20200401_221040\\TRIS\\DEV\\Tracker_Invoice_System_Update_Data\\20200401_221040\\1585754011238.png"/>
         <property name="hostName" value="Ramsey.LoloYanto - ID-L3891.hcg.homecredit.net"/>
         <property name="os" value="Windows 10 64bit"/>
         <property name="katalonVersion" value="7.2.6.1"/>
         <property name="browser" value="Firefox 74.0"/>
         <property name="hostAddress" value="192.168.43.212"/>
         <property name="sessionId" value="0e4bbd4a-7e7e-4540-87a4-75ff0693f509"/>
         <property name="seleniumVersion" value="3.141.59"/>
         <property name="proxyInformation" value="ProxyInformation{proxyOption=NO_PROXY, proxyServerType=HTTP, password=, proxyServerAddress=, proxyServerPort=0, executionList=}"/>
         <property name="platform" value="Windows 10"/>
      </properties>
      <testcase name="Test Cases/IST_Real/TRIS/DEV/Tracker_Invoice_System_Update_Data" time="154.153" classname="Test Cases/IST_Real/TRIS/DEV/Tracker_Invoice_System_Update_Data" status="PASSED">
         <system-out><![CDATA[2020-04-01 22:11:09 - [TEST_CASE][PASSED] - Test Cases/IST_Real/TRIS/DEV/Tracker_Invoice_System_Update_Data: Test Cases/IST_Real/TRIS/DEV/Tracker_Invoice_System_Update_Data

2020-04-01 22:11:09 - [TEST_STEP][PASSED] - runFeatureFile("Include/features/IST_Real/TRIS/DEV/Tracker_Invoice_System_Update_Data.feature"): Feature file: 'Include/features/IST_Real/TRIS/DEV/Tracker_Invoice_System_Update_Data.feature' was passed

2020-04-01 22:11:09 - [MESSAGE][INFO] - Starting run keyword runFeatureFile: 'Include/features/IST_Real/TRIS/DEV/Tracker_Invoice_System_Update_Data.feature' and extract report to folder: 'C:\Users\ramsey.loloyanto\Documents\ist-Katalon\Reports\20200401_221040\TRIS\DEV\Tracker_Invoice_System_Update_Data\20200401_221040/cucumber_report/1585753869814'...

2020-04-01 22:11:10 - [TEST_CASE][PASSED] - Start Test Case : SCENARIO Update Invoice Data Cetak: SCENARIO Update Invoice Data Cetak

2020-04-01 22:11:10 - [TEST_STEP][PASSED] - Go to IST: Go to IST

2020-04-01 22:11:10 - [MESSAGE][INFO] - Starting 'Firefox' driver

2020-04-01 22:11:10 - [MESSAGE][INFO] - Action delay is set to 0 seconds

2020-04-01 22:11:14 - [MESSAGE][PASSED] - Browser is opened with url: ''

2020-04-01 22:11:17 - [MESSAGE][PASSED] - Navigate to 'https://id-ist01.id.nonprod/foundation/' successfully

2020-04-01 22:11:17 - [MESSAGE][PASSED] - Go to IST

2020-04-01 22:11:17 - [TEST_STEP][PASSED] - Login IST with valid credentials: Login IST with valid credentials

2020-04-01 22:11:17 - [MESSAGE][PASSED] - Text 'mobile.test' is set on object 'Object Repository/Page_/input_Username_j_username'

2020-04-01 22:11:18 - [MESSAGE][PASSED] - Text ****** has been set on object 'Object Repository/Page_/input_Password_j_password'

2020-04-01 22:11:19 - [MESSAGE][PASSED] - Object: 'Object Repository/Page_/button_Login' is clicked on

2020-04-01 22:11:19 - [MESSAGE][PASSED] - Login IST with valid credentials

2020-04-01 22:11:19 - [TEST_STEP][PASSED] - Login Success for contract dispatcher: Login Success for contract dispatcher

2020-04-01 22:11:19 - [MESSAGE][INFO] - Login Success

2020-04-01 22:11:19 - [MESSAGE][PASSED] - Current window maximized

2020-04-01 22:11:19 - [MESSAGE][PASSED] - Object 'Object Repository/Page_/h1_Welcome to IT Supporting Tools' is present

2020-04-01 22:11:19 - [MESSAGE][PASSED] - Login Success for contract dispatcher

2020-04-01 22:11:19 - [TEST_STEP][PASSED] - Check User Login for Update: Check User Login for Update

2020-04-01 22:11:19 - [MESSAGE][PASSED] - Text of object '' is: 'Sign in as mobile.test'

2020-04-01 22:11:19 - [MESSAGE][PASSED] - Check User Login for Update

2020-04-01 22:11:19 - [TEST_STEP][PASSED] - Select Arrow Menu "Invoice System": Select Arrow Menu "Invoice System"

2020-04-01 22:11:20 - [MESSAGE][PASSED] - Object: '' is clicked on

2020-04-01 22:11:20 - [MESSAGE][PASSED] - Select Arrow Menu "Invoice System"

2020-04-01 22:11:20 - [TEST_STEP][PASSED] - Select Menu "Tracker Invoice System": Select Menu "Tracker Invoice System"

2020-04-01 22:11:20 - [MESSAGE][PASSED] - Object '' is present

2020-04-01 22:11:21 - [MESSAGE][PASSED] - Object: '' is clicked on

2020-04-01 22:11:21 - [MESSAGE][PASSED] - Wait for page load successfully

2020-04-01 22:11:21 - [MESSAGE][PASSED] - Select Menu "Tracker Invoice System"

2020-04-01 22:11:21 - [TEST_STEP][PASSED] - Type on Textbox label "contract number of email address" with value "9999999999": Type on Textbox label "contract number of email address" with value "9999999999"

2020-04-01 22:11:27 - [MESSAGE][PASSED] - Text '9999999999' is set on object ''

2020-04-01 22:11:27 - [MESSAGE][PASSED] - Type on Textbox label "contract number of email address" with value "9999999999"

2020-04-01 22:11:27 - [TEST_STEP][PASSED] - Click button "Search": Click button "Search"

2020-04-01 22:11:27 - [MESSAGE][INFO] - >>>>>//Button[contains(text(),'Search')]

2020-04-01 22:11:30 - [MESSAGE][PASSED] - Object: '' is clicked on

2020-04-01 22:11:30 - [MESSAGE][PASSED] - Click button "Search"

2020-04-01 22:11:30 - [TEST_STEP][PASSED] - Verify Table Filled: Verify Table Filled

2020-04-01 22:11:31 - [MESSAGE][PASSED] - Object '' is present

2020-04-01 22:11:31 - [MESSAGE][PASSED] - Verify Table Filled

2020-04-01 22:11:31 - [TEST_STEP][PASSED] - Right Click Invoice Want to Update based on sub contract number "9999999999-7": Right Click Invoice Want to Update based on sub contract number "9999999999-7"

2020-04-01 22:11:31 - [MESSAGE][PASSED] - Scroll to object '' successfully

2020-04-01 22:11:31 - [MESSAGE][PASSED] - Object: '' is right clicked on

2020-04-01 22:11:31 - [MESSAGE][PASSED] - Right Click Invoice Want to Update based on sub contract number "9999999999-7"

2020-04-01 22:11:31 - [TEST_STEP][PASSED] - Check Invoice Format is "Cetak": Check Invoice Format is "Cetak"

2020-04-01 22:11:33 - [MESSAGE][PASSED] - All options with value 'Cetak' are selected in object ''  using regular expression

2020-04-01 22:11:33 - [MESSAGE][PASSED] - Check Invoice Format is "Cetak"

2020-04-01 22:11:33 - [TEST_STEP][PASSED] - Update Data Value Based on Check Point: Update Data Value Based on Check Point

2020-04-01 22:11:34 - [MESSAGE][PASSED] - All options with index in [9] are selected on object ''

2020-04-01 22:11:34 - [MESSAGE][PASSED] - Text '2350000' is set on object ''

2020-04-01 22:11:34 - [MESSAGE][PASSED] - Text '01-16-2020' is set on object ''

2020-04-01 22:11:35 - [MESSAGE][PASSED] - Text of object '' is: ''

2020-04-01 22:11:35 - [MESSAGE][PASSED] - Text 'Test Update' is set on object ''

2020-04-01 22:11:35 - [MESSAGE][PASSED] - Text 'Test Update' is set on object ''

2020-04-01 22:11:35 - [MESSAGE][PASSED] - Update Data Value Based on Check Point

2020-04-01 22:11:35 - [TEST_STEP][PASSED] - Check Corrected Result: Check Corrected Result

2020-04-01 22:11:36 - [MESSAGE][PASSED] - All options with value 'Cetak' are selected in object ''  using regular expression

2020-04-01 22:11:36 - [MESSAGE][PASSED] - Attribute 'disabled' of object '' is: 'null'

2020-04-01 22:11:37 - [MESSAGE][PASSED] - Object '' is checked

2020-04-01 22:11:37 - [MESSAGE][PASSED] - Attribute 'disabled' of object '' is: 'null'

2020-04-01 22:11:37 - [MESSAGE][PASSED] - Object '' is checked

2020-04-01 22:11:37 - [MESSAGE][PASSED] - Attribute 'disabled' of object '' is: 'null'

2020-04-01 22:11:38 - [MESSAGE][PASSED] - Object '' is checked

2020-04-01 22:11:38 - [MESSAGE][PASSED] - Attribute 'disabled' of object '' is: 'null'

2020-04-01 22:11:38 - [MESSAGE][PASSED] - Object '' is checked

2020-04-01 22:11:38 - [MESSAGE][PASSED] - Attribute 'disabled' of object '' is: 'null'

2020-04-01 22:11:38 - [MESSAGE][PASSED] - Object '' is checked

2020-04-01 22:11:39 - [MESSAGE][PASSED] - Attribute 'disabled' of object '' is: 'null'

2020-04-01 22:11:39 - [MESSAGE][PASSED] - Object '' is checked

2020-04-01 22:11:39 - [MESSAGE][PASSED] - Check Corrected Result

2020-04-01 22:11:39 - [TEST_STEP][PASSED] - Click button "Save Invoice": Click button "Save Invoice"

2020-04-01 22:11:39 - [MESSAGE][INFO] - >>>>>//Button[contains(text(),'Save Invoice')]

2020-04-01 22:11:42 - [MESSAGE][PASSED] - Object: '' is clicked on

2020-04-01 22:11:42 - [MESSAGE][PASSED] - Click button "Save Invoice"

2020-04-01 22:11:42 - [TEST_STEP][PASSED] - Verify Update Data in Invoice Summary: Verify Update Data in Invoice Summary

2020-04-01 22:11:43 - [MESSAGE][PASSED] - Text of object '' is: '16/01/2020'

2020-04-01 22:11:44 - [MESSAGE][PASSED] - Text of object '' is: '2.350.000'

2020-04-01 22:11:44 - [MESSAGE][PASSED] - Text of object '' is: 'All Ok'

2020-04-01 22:11:44 - [MESSAGE][PASSED] - Text of object '' is: 'mobile.test'

2020-04-01 22:11:44 - [MESSAGE][PASSED] - Verify Update Data in Invoice Summary

2020-04-01 22:11:44 - [TEST_STEP][PASSED] - Verify Update Data in Additional Detail: Verify Update Data in Additional Detail

2020-04-01 22:11:44 - [MESSAGE][PASSED] - Scroll to object '' successfully

2020-04-01 22:11:45 - [MESSAGE][PASSED] - Object: '' is clicked on

2020-04-01 22:11:45 - [MESSAGE][PASSED] - Text of object '' is: 'None'

2020-04-01 22:11:45 - [MESSAGE][PASSED] - Text of object '' is: '16/01/2020'

2020-04-01 22:11:46 - [MESSAGE][PASSED] - Text of object '' is: '9999999999'

2020-04-01 22:11:46 - [MESSAGE][PASSED] - Text of object '' is: 'Test Update'

2020-04-01 22:11:46 - [MESSAGE][PASSED] - Text of object '' is: 'Test Update'

2020-04-01 22:11:46 - [MESSAGE][PASSED] - Text of object '' is: 'mobile.test'

2020-04-01 22:11:47 - [MESSAGE][PASSED] - Text of object '' is: '01/04/2020'

2020-04-01 22:11:47 - [MESSAGE][PASSED] - Verify Update Data in Additional Detail

2020-04-01 22:11:47 - [TEST_STEP][PASSED] - Click button "Logout": Click button "Logout"

2020-04-01 22:11:47 - [MESSAGE][INFO] - >>>>>//Button[contains(text(),'Logout')]

2020-04-01 22:11:50 - [MESSAGE][PASSED] - Object: '' is clicked on

2020-04-01 22:11:50 - [MESSAGE][PASSED] - Click button "Logout"

2020-04-01 22:11:50 - [TEST_STEP][PASSED] - Close browser: Close browser

2020-04-01 22:11:51 - [MESSAGE][PASSED] - Browser is closed

2020-04-01 22:11:51 - [MESSAGE][PASSED] - Close browser

2020-04-01 22:11:51 - [TEST_CASE][PASSED] - Start Test Case : SCENARIO Update Invoice Data General: SCENARIO Update Invoice Data General

2020-04-01 22:11:51 - [TEST_STEP][PASSED] - Go to IST: Go to IST

2020-04-01 22:11:51 - [MESSAGE][INFO] - Starting 'Firefox' driver

2020-04-01 22:11:54 - [MESSAGE][PASSED] - Browser is opened with url: ''

2020-04-01 22:11:57 - [MESSAGE][PASSED] - Navigate to 'https://id-ist01.id.nonprod/foundation/' successfully

2020-04-01 22:11:57 - [MESSAGE][PASSED] - Go to IST

2020-04-01 22:11:57 - [TEST_STEP][PASSED] - Login IST with valid credentials: Login IST with valid credentials

2020-04-01 22:11:58 - [MESSAGE][PASSED] - Text 'mobile.test' is set on object 'Object Repository/Page_/input_Username_j_username'

2020-04-01 22:11:58 - [MESSAGE][PASSED] - Text ****** has been set on object 'Object Repository/Page_/input_Password_j_password'

2020-04-01 22:11:59 - [MESSAGE][PASSED] - Object: 'Object Repository/Page_/button_Login' is clicked on

2020-04-01 22:11:59 - [MESSAGE][PASSED] - Login IST with valid credentials

2020-04-01 22:11:59 - [TEST_STEP][PASSED] - Login Success for contract dispatcher: Login Success for contract dispatcher

2020-04-01 22:11:59 - [MESSAGE][INFO] - Login Success

2020-04-01 22:11:59 - [MESSAGE][PASSED] - Current window maximized

2020-04-01 22:12:00 - [MESSAGE][PASSED] - Object 'Object Repository/Page_/h1_Welcome to IT Supporting Tools' is present

2020-04-01 22:12:00 - [MESSAGE][PASSED] - Login Success for contract dispatcher

2020-04-01 22:12:00 - [TEST_STEP][PASSED] - Check User Login for Update: Check User Login for Update

2020-04-01 22:12:00 - [MESSAGE][PASSED] - Text of object '' is: 'Sign in as mobile.test'

2020-04-01 22:12:00 - [MESSAGE][PASSED] - Check User Login for Update

2020-04-01 22:12:00 - [TEST_STEP][PASSED] - Select Arrow Menu "Invoice System": Select Arrow Menu "Invoice System"

2020-04-01 22:12:00 - [MESSAGE][PASSED] - Object: '' is clicked on

2020-04-01 22:12:00 - [MESSAGE][PASSED] - Select Arrow Menu "Invoice System"

2020-04-01 22:12:00 - [TEST_STEP][PASSED] - Select Menu "Tracker Invoice System": Select Menu "Tracker Invoice System"

2020-04-01 22:12:00 - [MESSAGE][PASSED] - Object '' is present

2020-04-01 22:12:01 - [MESSAGE][PASSED] - Object: '' is clicked on

2020-04-01 22:12:01 - [MESSAGE][PASSED] - Wait for page load successfully

2020-04-01 22:12:01 - [MESSAGE][PASSED] - Select Menu "Tracker Invoice System"

2020-04-01 22:12:01 - [TEST_STEP][PASSED] - Type on Textbox label "contract number of email address" with value "9999999999": Type on Textbox label "contract number of email address" with value "9999999999"

2020-04-01 22:12:02 - [MESSAGE][PASSED] - Text '9999999999' is set on object ''

2020-04-01 22:12:02 - [MESSAGE][PASSED] - Type on Textbox label "contract number of email address" with value "9999999999"

2020-04-01 22:12:02 - [TEST_STEP][PASSED] - Click button "Search": Click button "Search"

2020-04-01 22:12:02 - [MESSAGE][INFO] - >>>>>//Button[contains(text(),'Search')]

2020-04-01 22:12:05 - [MESSAGE][PASSED] - Object: '' is clicked on

2020-04-01 22:12:05 - [MESSAGE][PASSED] - Click button "Search"

2020-04-01 22:12:05 - [TEST_STEP][PASSED] - Verify Table Filled: Verify Table Filled

2020-04-01 22:12:06 - [MESSAGE][PASSED] - Object '' is present

2020-04-01 22:12:06 - [MESSAGE][PASSED] - Verify Table Filled

2020-04-01 22:12:06 - [TEST_STEP][PASSED] - Right Click Invoice Want to Update based on sub contract number "9999999999-5": Right Click Invoice Want to Update based on sub contract number "9999999999-5"

2020-04-01 22:12:06 - [MESSAGE][PASSED] - Scroll to object '' successfully

2020-04-01 22:12:06 - [MESSAGE][PASSED] - Object: '' is right clicked on

2020-04-01 22:12:06 - [MESSAGE][PASSED] - Right Click Invoice Want to Update based on sub contract number "9999999999-5"

2020-04-01 22:12:06 - [TEST_STEP][PASSED] - Check Invoice Format is "General": Check Invoice Format is "General"

2020-04-01 22:12:08 - [MESSAGE][PASSED] - All options with value 'General' are selected in object ''  using regular expression

2020-04-01 22:12:08 - [MESSAGE][PASSED] - Check Invoice Format is "General"

2020-04-01 22:12:08 - [TEST_STEP][PASSED] - Update Data Value Based on Check Point: Update Data Value Based on Check Point

2020-04-01 22:12:09 - [MESSAGE][PASSED] - All options with index in [9] are selected on object ''

2020-04-01 22:12:09 - [MESSAGE][PASSED] - Text '2350000' is set on object ''

2020-04-01 22:12:09 - [MESSAGE][PASSED] - Text '01-16-2020' is set on object ''

2020-04-01 22:12:09 - [MESSAGE][PASSED] - Text of object '' is: ''

2020-04-01 22:12:10 - [MESSAGE][PASSED] - Text 'Test Update' is set on object ''

2020-04-01 22:12:10 - [MESSAGE][PASSED] - Text 'Test Update' is set on object ''

2020-04-01 22:12:10 - [MESSAGE][PASSED] - Update Data Value Based on Check Point

2020-04-01 22:12:10 - [TEST_STEP][PASSED] - Check Corrected Result: Check Corrected Result

2020-04-01 22:12:11 - [MESSAGE][WARNING] - Only 0 in 1 option(s) with value 'Cetak' is/are selected in object ''  using regular expression (Root cause: com.kms.katalon.core.exception.StepFailedException: Only 0 in 1 option(s) with value 'Cetak' is/are selected in object ''  using regular expression
	at com.kms.katalon.core.webui.keyword.internal.WebUIKeywordMain.stepFailed(WebUIKeywordMain.groovy:64)
	at com.kms.katalon.core.webui.keyword.builtin.VerifyOptionSelectedByValueKeyword$_verifyOptionSelectedByValue_closure1.doCall(VerifyOptionSelectedByValueKeyword.groovy:94)
	at com.kms.katalon.core.webui.keyword.builtin.VerifyOptionSelectedByValueKeyword$_verifyOptionSelectedByValue_closure1.call(VerifyOptionSelectedByValueKeyword.groovy)
	at com.kms.katalon.core.webui.keyword.internal.WebUIKeywordMain.runKeyword(WebUIKeywordMain.groovy:20)
	at com.kms.katalon.core.webui.keyword.builtin.VerifyOptionSelectedByValueKeyword.verifyOptionSelectedByValue(VerifyOptionSelectedByValueKeyword.groovy:106)
	at com.kms.katalon.core.webui.keyword.builtin.VerifyOptionSelectedByValueKeyword.execute(VerifyOptionSelectedByValueKeyword.groovy:70)
	at com.kms.katalon.core.keyword.internal.KeywordExecutor.executeKeywordForPlatform(KeywordExecutor.groovy:72)
	at com.kms.katalon.core.webui.keyword.WebUiBuiltInKeywords.verifyOptionSelectedByValue(WebUiBuiltInKeywords.groovy:2200)
	at com.kms.katalon.core.webui.keyword.WebUiBuiltInKeywords$verifyOptionSelectedByValue$11.call(Unknown Source)
	at ist_real.Contract_Dispatcher.TestingTestingCode(Contract_Dispatcher.groovy:1692)
	at cucumber.runtime.Utils$1.call(Utils.java:26)
	at cucumber.runtime.Timeout.timeout(Timeout.java:16)
	at cucumber.runtime.Utils.invoke(Utils.java:20)
	at cucumber.runtime.java.JavaStepDefinition.execute(JavaStepDefinition.java:48)
	at cucumber.runtime.PickleStepDefinitionMatch.runStep(PickleStepDefinitionMatch.java:50)
	at cucumber.runner.TestStep.executeStep(TestStep.java:55)
	at cucumber.runner.TestStep.run(TestStep.java:42)
	at cucumber.runner.PickleStepTestStep.run(PickleStepTestStep.java:53)
	at cucumber.runner.TestCase.run(TestCase.java:47)
	at cucumber.runner.Runner.runPickle(Runner.java:44)
	at cucumber.runtime.Runtime.runFeature(Runtime.java:120)
	at cucumber.runtime.Runtime.run(Runtime.java:106)
	at cucumber.api.cli.Main.run(Main.java:35)
	at cucumber.api.cli.Main$run.call(Unknown Source)
	at com.kms.katalon.core.cucumber.keyword.CucumberBuiltinKeywords$_runFeatureFile_closure1.doCall(CucumberBuiltinKeywords.groovy:76)
	at com.kms.katalon.core.cucumber.keyword.CucumberBuiltinKeywords$_runFeatureFile_closure1.doCall(CucumberBuiltinKeywords.groovy)
	at com.kms.katalon.core.keyword.internal.KeywordMain.runKeyword(KeywordMain.groovy:68)
	at com.kms.katalon.core.keyword.internal.KeywordMain$runKeyword.call(Unknown Source)
	at com.kms.katalon.core.cucumber.keyword.CucumberBuiltinKeywords.runFeatureFile(CucumberBuiltinKeywords.groovy:46)
	at com.kms.katalon.core.cucumber.keyword.CucumberBuiltinKeywords$runFeatureFile$0.callStatic(Unknown Source)
	at com.kms.katalon.core.cucumber.keyword.CucumberBuiltinKeywords.runFeatureFile(CucumberBuiltinKeywords.groovy:169)
	at com.kms.katalon.core.cucumber.keyword.CucumberBuiltinKeywords$runFeatureFile.call(Unknown Source)
	at Tracker_Invoice_System_Update_Data.run(Tracker_Invoice_System_Update_Data:18)
	at com.kms.katalon.core.main.ScriptEngine.run(ScriptEngine.java:194)
	at com.kms.katalon.core.main.ScriptEngine.runScriptAsRawText(ScriptEngine.java:119)
	at com.kms.katalon.core.main.TestCaseExecutor.runScript(TestCaseExecutor.java:337)
	at com.kms.katalon.core.main.TestCaseExecutor.doExecute(TestCaseExecutor.java:328)
	at com.kms.katalon.core.main.TestCaseExecutor.processExecutionPhase(TestCaseExecutor.java:307)
	at com.kms.katalon.core.main.TestCaseExecutor.accessMainPhase(TestCaseExecutor.java:299)
	at com.kms.katalon.core.main.TestCaseExecutor.execute(TestCaseExecutor.java:233)
	at com.kms.katalon.core.main.TestSuiteExecutor.accessTestCaseMainPhase(TestSuiteExecutor.java:169)
	at com.kms.katalon.core.main.TestSuiteExecutor.accessTestSuiteMainPhase(TestSuiteExecutor.java:142)
	at com.kms.katalon.core.main.TestSuiteExecutor.execute(TestSuiteExecutor.java:91)
	at com.kms.katalon.core.main.TestCaseMain.startTestSuite(TestCaseMain.java:157)
	at com.kms.katalon.core.main.TestCaseMain$startTestSuite$0.call(Unknown Source)
	at TempTestSuite1585753840100.run(TempTestSuite1585753840100.groovy:36)
)
[[ATTACHMENT|C:\\Users\\ramsey.loloyanto\\Documents\\ist-Katalon\\Reports\\20200401_221040\\TRIS\\DEV\\Tracker_Invoice_System_Update_Data\\20200401_221040\\1585753931393.png]]

2020-04-01 22:12:12 - [MESSAGE][PASSED] - All options with value 'General' are selected in object ''  using regular expression

2020-04-01 22:12:12 - [MESSAGE][PASSED] - Attribute 'disabled' of object '' is: 'null'

2020-04-01 22:12:12 - [MESSAGE][PASSED] - Object '' is checked

2020-04-01 22:12:13 - [MESSAGE][PASSED] - Attribute 'disabled' of object '' is: 'null'

2020-04-01 22:12:13 - [MESSAGE][PASSED] - Object '' is checked

2020-04-01 22:12:13 - [MESSAGE][PASSED] - Attribute 'disabled' of object '' is: 'null'

2020-04-01 22:12:13 - [MESSAGE][PASSED] - Object '' is checked

2020-04-01 22:12:14 - [MESSAGE][PASSED] - Attribute 'disabled' of object '' is: 'null'

2020-04-01 22:12:14 - [MESSAGE][PASSED] - Object '' is checked

2020-04-01 22:12:14 - [MESSAGE][PASSED] - Attribute 'disabled' of object '' is: 'null'

2020-04-01 22:12:14 - [MESSAGE][PASSED] - Object '' is checked

2020-04-01 22:12:14 - [MESSAGE][PASSED] - Attribute 'disabled' of object '' is: 'null'

2020-04-01 22:12:15 - [MESSAGE][WARNING] - Object '' is not checked (Root cause: com.kms.katalon.core.exception.StepFailedException: Object '' is not checked
	at com.kms.katalon.core.webui.keyword.internal.WebUIKeywordMain.stepFailed(WebUIKeywordMain.groovy:64)
	at com.kms.katalon.core.webui.keyword.builtin.VerifyElementCheckedKeyword$_verifyElementChecked_closure1.doCall(VerifyElementCheckedKeyword.groovy:81)
	at com.kms.katalon.core.webui.keyword.builtin.VerifyElementCheckedKeyword$_verifyElementChecked_closure1.call(VerifyElementCheckedKeyword.groovy)
	at com.kms.katalon.core.webui.keyword.internal.WebUIKeywordMain.runKeyword(WebUIKeywordMain.groovy:20)
	at com.kms.katalon.core.webui.keyword.builtin.VerifyElementCheckedKeyword.verifyElementChecked(VerifyElementCheckedKeyword.groovy:92)
	at com.kms.katalon.core.webui.keyword.builtin.VerifyElementCheckedKeyword.execute(VerifyElementCheckedKeyword.groovy:68)
	at com.kms.katalon.core.keyword.internal.KeywordExecutor.executeKeywordForPlatform(KeywordExecutor.groovy:72)
	at com.kms.katalon.core.webui.keyword.WebUiBuiltInKeywords.verifyElementChecked(WebUiBuiltInKeywords.groovy:1378)
	at com.kms.katalon.core.webui.keyword.WebUiBuiltInKeywords$verifyElementChecked$14.call(Unknown Source)
	at ist_real.Contract_Dispatcher.TestingTestingCode(Contract_Dispatcher.groovy:1748)
	at cucumber.runtime.Utils$1.call(Utils.java:26)
	at cucumber.runtime.Timeout.timeout(Timeout.java:16)
	at cucumber.runtime.Utils.invoke(Utils.java:20)
	at cucumber.runtime.java.JavaStepDefinition.execute(JavaStepDefinition.java:48)
	at cucumber.runtime.PickleStepDefinitionMatch.runStep(PickleStepDefinitionMatch.java:50)
	at cucumber.runner.TestStep.executeStep(TestStep.java:55)
	at cucumber.runner.TestStep.run(TestStep.java:42)
	at cucumber.runner.PickleStepTestStep.run(PickleStepTestStep.java:53)
	at cucumber.runner.TestCase.run(TestCase.java:47)
	at cucumber.runner.Runner.runPickle(Runner.java:44)
	at cucumber.runtime.Runtime.runFeature(Runtime.java:120)
	at cucumber.runtime.Runtime.run(Runtime.java:106)
	at cucumber.api.cli.Main.run(Main.java:35)
	at cucumber.api.cli.Main$run.call(Unknown Source)
	at com.kms.katalon.core.cucumber.keyword.CucumberBuiltinKeywords$_runFeatureFile_closure1.doCall(CucumberBuiltinKeywords.groovy:76)
	at com.kms.katalon.core.cucumber.keyword.CucumberBuiltinKeywords$_runFeatureFile_closure1.doCall(CucumberBuiltinKeywords.groovy)
	at com.kms.katalon.core.keyword.internal.KeywordMain.runKeyword(KeywordMain.groovy:68)
	at com.kms.katalon.core.keyword.internal.KeywordMain$runKeyword.call(Unknown Source)
	at com.kms.katalon.core.cucumber.keyword.CucumberBuiltinKeywords.runFeatureFile(CucumberBuiltinKeywords.groovy:46)
	at com.kms.katalon.core.cucumber.keyword.CucumberBuiltinKeywords$runFeatureFile$0.callStatic(Unknown Source)
	at com.kms.katalon.core.cucumber.keyword.CucumberBuiltinKeywords.runFeatureFile(CucumberBuiltinKeywords.groovy:169)
	at com.kms.katalon.core.cucumber.keyword.CucumberBuiltinKeywords$runFeatureFile.call(Unknown Source)
	at Tracker_Invoice_System_Update_Data.run(Tracker_Invoice_System_Update_Data:18)
	at com.kms.katalon.core.main.ScriptEngine.run(ScriptEngine.java:194)
	at com.kms.katalon.core.main.ScriptEngine.runScriptAsRawText(ScriptEngine.java:119)
	at com.kms.katalon.core.main.TestCaseExecutor.runScript(TestCaseExecutor.java:337)
	at com.kms.katalon.core.main.TestCaseExecutor.doExecute(TestCaseExecutor.java:328)
	at com.kms.katalon.core.main.TestCaseExecutor.processExecutionPhase(TestCaseExecutor.java:307)
	at com.kms.katalon.core.main.TestCaseExecutor.accessMainPhase(TestCaseExecutor.java:299)
	at com.kms.katalon.core.main.TestCaseExecutor.execute(TestCaseExecutor.java:233)
	at com.kms.katalon.core.main.TestSuiteExecutor.accessTestCaseMainPhase(TestSuiteExecutor.java:169)
	at com.kms.katalon.core.main.TestSuiteExecutor.accessTestSuiteMainPhase(TestSuiteExecutor.java:142)
	at com.kms.katalon.core.main.TestSuiteExecutor.execute(TestSuiteExecutor.java:91)
	at com.kms.katalon.core.main.TestCaseMain.startTestSuite(TestCaseMain.java:157)
	at com.kms.katalon.core.main.TestCaseMain$startTestSuite$0.call(Unknown Source)
	at TempTestSuite1585753840100.run(TempTestSuite1585753840100.groovy:36)
)
[[ATTACHMENT|C:\\Users\\ramsey.loloyanto\\Documents\\ist-Katalon\\Reports\\20200401_221040\\TRIS\\DEV\\Tracker_Invoice_System_Update_Data\\20200401_221040\\1585753935213.png]]

2020-04-01 22:12:15 - [MESSAGE][PASSED] - Check Corrected Result

2020-04-01 22:12:15 - [TEST_STEP][PASSED] - Click button "Save Invoice": Click button "Save Invoice"

2020-04-01 22:12:15 - [MESSAGE][INFO] - >>>>>//Button[contains(text(),'Save Invoice')]

2020-04-01 22:12:18 - [MESSAGE][PASSED] - Object: '' is clicked on

2020-04-01 22:12:18 - [MESSAGE][PASSED] - Click button "Save Invoice"

2020-04-01 22:12:18 - [TEST_STEP][PASSED] - Verify Update Data in Invoice Summary: Verify Update Data in Invoice Summary

2020-04-01 22:12:19 - [MESSAGE][PASSED] - Text of object '' is: '16/01/2020'

2020-04-01 22:12:19 - [MESSAGE][PASSED] - Text of object '' is: '2.350.000'

2020-04-01 22:12:20 - [MESSAGE][PASSED] - Text of object '' is: 'Mistake'

2020-04-01 22:12:20 - [MESSAGE][PASSED] - Text of object '' is: 'mobile.test'

2020-04-01 22:12:20 - [MESSAGE][PASSED] - Verify Update Data in Invoice Summary

2020-04-01 22:12:20 - [TEST_STEP][PASSED] - Verify Update Data in Additional Detail: Verify Update Data in Additional Detail

2020-04-01 22:12:20 - [MESSAGE][PASSED] - Scroll to object '' successfully

2020-04-01 22:12:21 - [MESSAGE][PASSED] - Object: '' is clicked on

2020-04-01 22:12:21 - [MESSAGE][PASSED] - Text of object '' is: 'None'

2020-04-01 22:12:21 - [MESSAGE][PASSED] - Text of object '' is: '16/01/2020'

2020-04-01 22:12:21 - [MESSAGE][PASSED] - Text of object '' is: '9999999999'

2020-04-01 22:12:22 - [MESSAGE][PASSED] - Text of object '' is: 'Test Update'

2020-04-01 22:12:22 - [MESSAGE][PASSED] - Text of object '' is: 'Test Update'

2020-04-01 22:12:22 - [MESSAGE][PASSED] - Text of object '' is: 'mobile.test'

2020-04-01 22:12:22 - [MESSAGE][PASSED] - Text of object '' is: '01/04/2020'

2020-04-01 22:12:22 - [MESSAGE][PASSED] - Verify Update Data in Additional Detail

2020-04-01 22:12:22 - [TEST_STEP][PASSED] - Click button "Logout": Click button "Logout"

2020-04-01 22:12:22 - [MESSAGE][INFO] - >>>>>//Button[contains(text(),'Logout')]

2020-04-01 22:12:26 - [MESSAGE][PASSED] - Object: '' is clicked on

2020-04-01 22:12:26 - [MESSAGE][PASSED] - Click button "Logout"

2020-04-01 22:12:26 - [TEST_STEP][PASSED] - Close browser: Close browser

2020-04-01 22:12:27 - [MESSAGE][PASSED] - Browser is closed

2020-04-01 22:12:27 - [MESSAGE][PASSED] - Close browser

2020-04-01 22:12:27 - [TEST_CASE][PASSED] - Start Test Case : SCENARIO Update Invoice Data HCI Format: SCENARIO Update Invoice Data HCI Format

2020-04-01 22:12:27 - [TEST_STEP][PASSED] - Go to IST: Go to IST

2020-04-01 22:12:27 - [MESSAGE][INFO] - Starting 'Firefox' driver

2020-04-01 22:12:30 - [MESSAGE][PASSED] - Browser is opened with url: ''

2020-04-01 22:12:31 - [MESSAGE][PASSED] - Navigate to 'https://id-ist01.id.nonprod/foundation/' successfully

2020-04-01 22:12:31 - [MESSAGE][PASSED] - Go to IST

2020-04-01 22:12:31 - [TEST_STEP][PASSED] - Login IST with valid credentials: Login IST with valid credentials

2020-04-01 22:12:31 - [MESSAGE][PASSED] - Text 'mobile.test' is set on object 'Object Repository/Page_/input_Username_j_username'

2020-04-01 22:12:32 - [MESSAGE][PASSED] - Text ****** has been set on object 'Object Repository/Page_/input_Password_j_password'

2020-04-01 22:12:33 - [MESSAGE][PASSED] - Object: 'Object Repository/Page_/button_Login' is clicked on

2020-04-01 22:12:33 - [MESSAGE][PASSED] - Login IST with valid credentials

2020-04-01 22:12:33 - [TEST_STEP][PASSED] - Login Success for contract dispatcher: Login Success for contract dispatcher

2020-04-01 22:12:33 - [MESSAGE][INFO] - Login Success

2020-04-01 22:12:33 - [MESSAGE][PASSED] - Current window maximized

2020-04-01 22:12:33 - [MESSAGE][PASSED] - Object 'Object Repository/Page_/h1_Welcome to IT Supporting Tools' is present

2020-04-01 22:12:33 - [MESSAGE][PASSED] - Login Success for contract dispatcher

2020-04-01 22:12:33 - [TEST_STEP][PASSED] - Check User Login for Update: Check User Login for Update

2020-04-01 22:12:33 - [MESSAGE][PASSED] - Text of object '' is: 'Sign in as mobile.test'

2020-04-01 22:12:33 - [MESSAGE][PASSED] - Check User Login for Update

2020-04-01 22:12:33 - [TEST_STEP][PASSED] - Select Arrow Menu "Invoice System": Select Arrow Menu "Invoice System"

2020-04-01 22:12:34 - [MESSAGE][PASSED] - Object: '' is clicked on

2020-04-01 22:12:34 - [MESSAGE][PASSED] - Select Arrow Menu "Invoice System"

2020-04-01 22:12:34 - [TEST_STEP][PASSED] - Select Menu "Tracker Invoice System": Select Menu "Tracker Invoice System"

2020-04-01 22:12:34 - [MESSAGE][PASSED] - Object '' is present

2020-04-01 22:12:34 - [MESSAGE][PASSED] - Object: '' is clicked on

2020-04-01 22:12:34 - [MESSAGE][PASSED] - Wait for page load successfully

2020-04-01 22:12:34 - [MESSAGE][PASSED] - Select Menu "Tracker Invoice System"

2020-04-01 22:12:34 - [TEST_STEP][PASSED] - Type on Textbox label "contract number of email address" with value "9999999999": Type on Textbox label "contract number of email address" with value "9999999999"

2020-04-01 22:12:35 - [MESSAGE][PASSED] - Text '9999999999' is set on object ''

2020-04-01 22:12:35 - [MESSAGE][PASSED] - Type on Textbox label "contract number of email address" with value "9999999999"

2020-04-01 22:12:35 - [TEST_STEP][PASSED] - Click button "Search": Click button "Search"

2020-04-01 22:12:35 - [MESSAGE][INFO] - >>>>>//Button[contains(text(),'Search')]

2020-04-01 22:12:39 - [MESSAGE][PASSED] - Object: '' is clicked on

2020-04-01 22:12:39 - [MESSAGE][PASSED] - Click button "Search"

2020-04-01 22:12:39 - [TEST_STEP][PASSED] - Verify Table Filled: Verify Table Filled

2020-04-01 22:12:39 - [MESSAGE][PASSED] - Object '' is present

2020-04-01 22:12:39 - [MESSAGE][PASSED] - Verify Table Filled

2020-04-01 22:12:39 - [TEST_STEP][PASSED] - Right Click Invoice Want to Update based on sub contract number "9999999999-3": Right Click Invoice Want to Update based on sub contract number "9999999999-3"

2020-04-01 22:12:39 - [MESSAGE][PASSED] - Scroll to object '' successfully

2020-04-01 22:12:40 - [MESSAGE][PASSED] - Object: '' is right clicked on

2020-04-01 22:12:40 - [MESSAGE][PASSED] - Right Click Invoice Want to Update based on sub contract number "9999999999-3"

2020-04-01 22:12:40 - [TEST_STEP][PASSED] - Check Invoice Format is "HCI format": Check Invoice Format is "HCI format"

2020-04-01 22:12:42 - [MESSAGE][PASSED] - All options with value 'HCI format' are selected in object ''  using regular expression

2020-04-01 22:12:42 - [MESSAGE][PASSED] - Check Invoice Format is "HCI format"

2020-04-01 22:12:42 - [TEST_STEP][PASSED] - Update Data Value Based on Check Point: Update Data Value Based on Check Point

2020-04-01 22:12:42 - [MESSAGE][PASSED] - All options with index in [9] are selected on object ''

2020-04-01 22:12:43 - [MESSAGE][PASSED] - Text '2350000' is set on object ''

2020-04-01 22:12:43 - [MESSAGE][PASSED] - Text '01-16-2020' is set on object ''

2020-04-01 22:12:43 - [MESSAGE][PASSED] - Text of object '' is: ''

2020-04-01 22:12:43 - [MESSAGE][PASSED] - Text 'Test Update' is set on object ''

2020-04-01 22:12:44 - [MESSAGE][PASSED] - Text 'Test Update' is set on object ''

2020-04-01 22:12:44 - [MESSAGE][PASSED] - Update Data Value Based on Check Point

2020-04-01 22:12:44 - [TEST_STEP][PASSED] - Check Corrected Result: Check Corrected Result

2020-04-01 22:12:45 - [MESSAGE][WARNING] - Only 0 in 1 option(s) with value 'Cetak' is/are selected in object ''  using regular expression (Root cause: com.kms.katalon.core.exception.StepFailedException: Only 0 in 1 option(s) with value 'Cetak' is/are selected in object ''  using regular expression
	at com.kms.katalon.core.webui.keyword.internal.WebUIKeywordMain.stepFailed(WebUIKeywordMain.groovy:64)
	at com.kms.katalon.core.webui.keyword.builtin.VerifyOptionSelectedByValueKeyword$_verifyOptionSelectedByValue_closure1.doCall(VerifyOptionSelectedByValueKeyword.groovy:94)
	at com.kms.katalon.core.webui.keyword.builtin.VerifyOptionSelectedByValueKeyword$_verifyOptionSelectedByValue_closure1.call(VerifyOptionSelectedByValueKeyword.groovy)
	at com.kms.katalon.core.webui.keyword.internal.WebUIKeywordMain.runKeyword(WebUIKeywordMain.groovy:20)
	at com.kms.katalon.core.webui.keyword.builtin.VerifyOptionSelectedByValueKeyword.verifyOptionSelectedByValue(VerifyOptionSelectedByValueKeyword.groovy:106)
	at com.kms.katalon.core.webui.keyword.builtin.VerifyOptionSelectedByValueKeyword.execute(VerifyOptionSelectedByValueKeyword.groovy:70)
	at com.kms.katalon.core.keyword.internal.KeywordExecutor.executeKeywordForPlatform(KeywordExecutor.groovy:72)
	at com.kms.katalon.core.webui.keyword.WebUiBuiltInKeywords.verifyOptionSelectedByValue(WebUiBuiltInKeywords.groovy:2200)
	at com.kms.katalon.core.webui.keyword.WebUiBuiltInKeywords$verifyOptionSelectedByValue$11.call(Unknown Source)
	at ist_real.Contract_Dispatcher.TestingTestingCode(Contract_Dispatcher.groovy:1692)
	at cucumber.runtime.Utils$1.call(Utils.java:26)
	at cucumber.runtime.Timeout.timeout(Timeout.java:16)
	at cucumber.runtime.Utils.invoke(Utils.java:20)
	at cucumber.runtime.java.JavaStepDefinition.execute(JavaStepDefinition.java:48)
	at cucumber.runtime.PickleStepDefinitionMatch.runStep(PickleStepDefinitionMatch.java:50)
	at cucumber.runner.TestStep.executeStep(TestStep.java:55)
	at cucumber.runner.TestStep.run(TestStep.java:42)
	at cucumber.runner.PickleStepTestStep.run(PickleStepTestStep.java:53)
	at cucumber.runner.TestCase.run(TestCase.java:47)
	at cucumber.runner.Runner.runPickle(Runner.java:44)
	at cucumber.runtime.Runtime.runFeature(Runtime.java:120)
	at cucumber.runtime.Runtime.run(Runtime.java:106)
	at cucumber.api.cli.Main.run(Main.java:35)
	at cucumber.api.cli.Main$run.call(Unknown Source)
	at com.kms.katalon.core.cucumber.keyword.CucumberBuiltinKeywords$_runFeatureFile_closure1.doCall(CucumberBuiltinKeywords.groovy:76)
	at com.kms.katalon.core.cucumber.keyword.CucumberBuiltinKeywords$_runFeatureFile_closure1.doCall(CucumberBuiltinKeywords.groovy)
	at com.kms.katalon.core.keyword.internal.KeywordMain.runKeyword(KeywordMain.groovy:68)
	at com.kms.katalon.core.keyword.internal.KeywordMain$runKeyword.call(Unknown Source)
	at com.kms.katalon.core.cucumber.keyword.CucumberBuiltinKeywords.runFeatureFile(CucumberBuiltinKeywords.groovy:46)
	at com.kms.katalon.core.cucumber.keyword.CucumberBuiltinKeywords$runFeatureFile$0.callStatic(Unknown Source)
	at com.kms.katalon.core.cucumber.keyword.CucumberBuiltinKeywords.runFeatureFile(CucumberBuiltinKeywords.groovy:169)
	at com.kms.katalon.core.cucumber.keyword.CucumberBuiltinKeywords$runFeatureFile.call(Unknown Source)
	at Tracker_Invoice_System_Update_Data.run(Tracker_Invoice_System_Update_Data:18)
	at com.kms.katalon.core.main.ScriptEngine.run(ScriptEngine.java:194)
	at com.kms.katalon.core.main.ScriptEngine.runScriptAsRawText(ScriptEngine.java:119)
	at com.kms.katalon.core.main.TestCaseExecutor.runScript(TestCaseExecutor.java:337)
	at com.kms.katalon.core.main.TestCaseExecutor.doExecute(TestCaseExecutor.java:328)
	at com.kms.katalon.core.main.TestCaseExecutor.processExecutionPhase(TestCaseExecutor.java:307)
	at com.kms.katalon.core.main.TestCaseExecutor.accessMainPhase(TestCaseExecutor.java:299)
	at com.kms.katalon.core.main.TestCaseExecutor.execute(TestCaseExecutor.java:233)
	at com.kms.katalon.core.main.TestSuiteExecutor.accessTestCaseMainPhase(TestSuiteExecutor.java:169)
	at com.kms.katalon.core.main.TestSuiteExecutor.accessTestSuiteMainPhase(TestSuiteExecutor.java:142)
	at com.kms.katalon.core.main.TestSuiteExecutor.execute(TestSuiteExecutor.java:91)
	at com.kms.katalon.core.main.TestCaseMain.startTestSuite(TestCaseMain.java:157)
	at com.kms.katalon.core.main.TestCaseMain$startTestSuite$0.call(Unknown Source)
	at TempTestSuite1585753840100.run(TempTestSuite1585753840100.groovy:36)
)
[[ATTACHMENT|C:\\Users\\ramsey.loloyanto\\Documents\\ist-Katalon\\Reports\\20200401_221040\\TRIS\\DEV\\Tracker_Invoice_System_Update_Data\\20200401_221040\\1585753965171.png]]

2020-04-01 22:12:46 - [MESSAGE][WARNING] - Only 0 in 1 option(s) with value 'General' is/are selected in object ''  using regular expression (Root cause: com.kms.katalon.core.exception.StepFailedException: Only 0 in 1 option(s) with value 'General' is/are selected in object ''  using regular expression
	at com.kms.katalon.core.webui.keyword.internal.WebUIKeywordMain.stepFailed(WebUIKeywordMain.groovy:64)
	at com.kms.katalon.core.webui.keyword.builtin.VerifyOptionSelectedByValueKeyword$_verifyOptionSelectedByValue_closure1.doCall(VerifyOptionSelectedByValueKeyword.groovy:94)
	at com.kms.katalon.core.webui.keyword.builtin.VerifyOptionSelectedByValueKeyword$_verifyOptionSelectedByValue_closure1.call(VerifyOptionSelectedByValueKeyword.groovy)
	at com.kms.katalon.core.webui.keyword.internal.WebUIKeywordMain.runKeyword(WebUIKeywordMain.groovy:20)
	at com.kms.katalon.core.webui.keyword.builtin.VerifyOptionSelectedByValueKeyword.verifyOptionSelectedByValue(VerifyOptionSelectedByValueKeyword.groovy:106)
	at com.kms.katalon.core.webui.keyword.builtin.VerifyOptionSelectedByValueKeyword.execute(VerifyOptionSelectedByValueKeyword.groovy:70)
	at com.kms.katalon.core.keyword.internal.KeywordExecutor.executeKeywordForPlatform(KeywordExecutor.groovy:72)
	at com.kms.katalon.core.webui.keyword.WebUiBuiltInKeywords.verifyOptionSelectedByValue(WebUiBuiltInKeywords.groovy:2200)
	at com.kms.katalon.core.webui.keyword.WebUiBuiltInKeywords$verifyOptionSelectedByValue$11.call(Unknown Source)
	at ist_real.Contract_Dispatcher.TestingTestingCode(Contract_Dispatcher.groovy:1729)
	at cucumber.runtime.Utils$1.call(Utils.java:26)
	at cucumber.runtime.Timeout.timeout(Timeout.java:16)
	at cucumber.runtime.Utils.invoke(Utils.java:20)
	at cucumber.runtime.java.JavaStepDefinition.execute(JavaStepDefinition.java:48)
	at cucumber.runtime.PickleStepDefinitionMatch.runStep(PickleStepDefinitionMatch.java:50)
	at cucumber.runner.TestStep.executeStep(TestStep.java:55)
	at cucumber.runner.TestStep.run(TestStep.java:42)
	at cucumber.runner.PickleStepTestStep.run(PickleStepTestStep.java:53)
	at cucumber.runner.TestCase.run(TestCase.java:47)
	at cucumber.runner.Runner.runPickle(Runner.java:44)
	at cucumber.runtime.Runtime.runFeature(Runtime.java:120)
	at cucumber.runtime.Runtime.run(Runtime.java:106)
	at cucumber.api.cli.Main.run(Main.java:35)
	at cucumber.api.cli.Main$run.call(Unknown Source)
	at com.kms.katalon.core.cucumber.keyword.CucumberBuiltinKeywords$_runFeatureFile_closure1.doCall(CucumberBuiltinKeywords.groovy:76)
	at com.kms.katalon.core.cucumber.keyword.CucumberBuiltinKeywords$_runFeatureFile_closure1.doCall(CucumberBuiltinKeywords.groovy)
	at com.kms.katalon.core.keyword.internal.KeywordMain.runKeyword(KeywordMain.groovy:68)
	at com.kms.katalon.core.keyword.internal.KeywordMain$runKeyword.call(Unknown Source)
	at com.kms.katalon.core.cucumber.keyword.CucumberBuiltinKeywords.runFeatureFile(CucumberBuiltinKeywords.groovy:46)
	at com.kms.katalon.core.cucumber.keyword.CucumberBuiltinKeywords$runFeatureFile$0.callStatic(Unknown Source)
	at com.kms.katalon.core.cucumber.keyword.CucumberBuiltinKeywords.runFeatureFile(CucumberBuiltinKeywords.groovy:169)
	at com.kms.katalon.core.cucumber.keyword.CucumberBuiltinKeywords$runFeatureFile.call(Unknown Source)
	at Tracker_Invoice_System_Update_Data.run(Tracker_Invoice_System_Update_Data:18)
	at com.kms.katalon.core.main.ScriptEngine.run(ScriptEngine.java:194)
	at com.kms.katalon.core.main.ScriptEngine.runScriptAsRawText(ScriptEngine.java:119)
	at com.kms.katalon.core.main.TestCaseExecutor.runScript(TestCaseExecutor.java:337)
	at com.kms.katalon.core.main.TestCaseExecutor.doExecute(TestCaseExecutor.java:328)
	at com.kms.katalon.core.main.TestCaseExecutor.processExecutionPhase(TestCaseExecutor.java:307)
	at com.kms.katalon.core.main.TestCaseExecutor.accessMainPhase(TestCaseExecutor.java:299)
	at com.kms.katalon.core.main.TestCaseExecutor.execute(TestCaseExecutor.java:233)
	at com.kms.katalon.core.main.TestSuiteExecutor.accessTestCaseMainPhase(TestSuiteExecutor.java:169)
	at com.kms.katalon.core.main.TestSuiteExecutor.accessTestSuiteMainPhase(TestSuiteExecutor.java:142)
	at com.kms.katalon.core.main.TestSuiteExecutor.execute(TestSuiteExecutor.java:91)
	at com.kms.katalon.core.main.TestCaseMain.startTestSuite(TestCaseMain.java:157)
	at com.kms.katalon.core.main.TestCaseMain$startTestSuite$0.call(Unknown Source)
	at TempTestSuite1585753840100.run(TempTestSuite1585753840100.groovy:36)
)
[[ATTACHMENT|C:\\Users\\ramsey.loloyanto\\Documents\\ist-Katalon\\Reports\\20200401_221040\\TRIS\\DEV\\Tracker_Invoice_System_Update_Data\\20200401_221040\\1585753966240.png]]

2020-04-01 22:12:47 - [MESSAGE][PASSED] - All options with value 'HCI format' are selected in object ''  using regular expression

2020-04-01 22:12:47 - [MESSAGE][PASSED] - Attribute 'disabled' of object '' is: 'null'

2020-04-01 22:12:47 - [MESSAGE][PASSED] - Object '' is checked

2020-04-01 22:12:47 - [MESSAGE][PASSED] - Attribute 'disabled' of object '' is: 'null'

2020-04-01 22:12:48 - [MESSAGE][PASSED] - Object '' is checked

2020-04-01 22:12:48 - [MESSAGE][PASSED] - Attribute 'disabled' of object '' is: 'null'

2020-04-01 22:12:48 - [MESSAGE][PASSED] - Object '' is checked

2020-04-01 22:12:48 - [MESSAGE][PASSED] - Attribute 'disabled' of object '' is: 'null'

2020-04-01 22:12:49 - [MESSAGE][WARNING] - Object '' is not checked (Root cause: com.kms.katalon.core.exception.StepFailedException: Object '' is not checked
	at com.kms.katalon.core.webui.keyword.internal.WebUIKeywordMain.stepFailed(WebUIKeywordMain.groovy:64)
	at com.kms.katalon.core.webui.keyword.builtin.VerifyElementCheckedKeyword$_verifyElementChecked_closure1.doCall(VerifyElementCheckedKeyword.groovy:81)
	at com.kms.katalon.core.webui.keyword.builtin.VerifyElementCheckedKeyword$_verifyElementChecked_closure1.call(VerifyElementCheckedKeyword.groovy)
	at com.kms.katalon.core.webui.keyword.internal.WebUIKeywordMain.runKeyword(WebUIKeywordMain.groovy:20)
	at com.kms.katalon.core.webui.keyword.builtin.VerifyElementCheckedKeyword.verifyElementChecked(VerifyElementCheckedKeyword.groovy:92)
	at com.kms.katalon.core.webui.keyword.builtin.VerifyElementCheckedKeyword.execute(VerifyElementCheckedKeyword.groovy:68)
	at com.kms.katalon.core.keyword.internal.KeywordExecutor.executeKeywordForPlatform(KeywordExecutor.groovy:72)
	at com.kms.katalon.core.webui.keyword.WebUiBuiltInKeywords.verifyElementChecked(WebUiBuiltInKeywords.groovy:1378)
	at com.kms.katalon.core.webui.keyword.WebUiBuiltInKeywords$verifyElementChecked$14.call(Unknown Source)
	at ist_real.Contract_Dispatcher.TestingTestingCode(Contract_Dispatcher.groovy:1787)
	at cucumber.runtime.Utils$1.call(Utils.java:26)
	at cucumber.runtime.Timeout.timeout(Timeout.java:16)
	at cucumber.runtime.Utils.invoke(Utils.java:20)
	at cucumber.runtime.java.JavaStepDefinition.execute(JavaStepDefinition.java:48)
	at cucumber.runtime.PickleStepDefinitionMatch.runStep(PickleStepDefinitionMatch.java:50)
	at cucumber.runner.TestStep.executeStep(TestStep.java:55)
	at cucumber.runner.TestStep.run(TestStep.java:42)
	at cucumber.runner.PickleStepTestStep.run(PickleStepTestStep.java:53)
	at cucumber.runner.TestCase.run(TestCase.java:47)
	at cucumber.runner.Runner.runPickle(Runner.java:44)
	at cucumber.runtime.Runtime.runFeature(Runtime.java:120)
	at cucumber.runtime.Runtime.run(Runtime.java:106)
	at cucumber.api.cli.Main.run(Main.java:35)
	at cucumber.api.cli.Main$run.call(Unknown Source)
	at com.kms.katalon.core.cucumber.keyword.CucumberBuiltinKeywords$_runFeatureFile_closure1.doCall(CucumberBuiltinKeywords.groovy:76)
	at com.kms.katalon.core.cucumber.keyword.CucumberBuiltinKeywords$_runFeatureFile_closure1.doCall(CucumberBuiltinKeywords.groovy)
	at com.kms.katalon.core.keyword.internal.KeywordMain.runKeyword(KeywordMain.groovy:68)
	at com.kms.katalon.core.keyword.internal.KeywordMain$runKeyword.call(Unknown Source)
	at com.kms.katalon.core.cucumber.keyword.CucumberBuiltinKeywords.runFeatureFile(CucumberBuiltinKeywords.groovy:46)
	at com.kms.katalon.core.cucumber.keyword.CucumberBuiltinKeywords$runFeatureFile$0.callStatic(Unknown Source)
	at com.kms.katalon.core.cucumber.keyword.CucumberBuiltinKeywords.runFeatureFile(CucumberBuiltinKeywords.groovy:169)
	at com.kms.katalon.core.cucumber.keyword.CucumberBuiltinKeywords$runFeatureFile.call(Unknown Source)
	at Tracker_Invoice_System_Update_Data.run(Tracker_Invoice_System_Update_Data:18)
	at com.kms.katalon.core.main.ScriptEngine.run(ScriptEngine.java:194)
	at com.kms.katalon.core.main.ScriptEngine.runScriptAsRawText(ScriptEngine.java:119)
	at com.kms.katalon.core.main.TestCaseExecutor.runScript(TestCaseExecutor.java:337)
	at com.kms.katalon.core.main.TestCaseExecutor.doExecute(TestCaseExecutor.java:328)
	at com.kms.katalon.core.main.TestCaseExecutor.processExecutionPhase(TestCaseExecutor.java:307)
	at com.kms.katalon.core.main.TestCaseExecutor.accessMainPhase(TestCaseExecutor.java:299)
	at com.kms.katalon.core.main.TestCaseExecutor.execute(TestCaseExecutor.java:233)
	at com.kms.katalon.core.main.TestSuiteExecutor.accessTestCaseMainPhase(TestSuiteExecutor.java:169)
	at com.kms.katalon.core.main.TestSuiteExecutor.accessTestSuiteMainPhase(TestSuiteExecutor.java:142)
	at com.kms.katalon.core.main.TestSuiteExecutor.execute(TestSuiteExecutor.java:91)
	at com.kms.katalon.core.main.TestCaseMain.startTestSuite(TestCaseMain.java:157)
	at com.kms.katalon.core.main.TestCaseMain$startTestSuite$0.call(Unknown Source)
	at TempTestSuite1585753840100.run(TempTestSuite1585753840100.groovy:36)
)
[[ATTACHMENT|C:\\Users\\ramsey.loloyanto\\Documents\\ist-Katalon\\Reports\\20200401_221040\\TRIS\\DEV\\Tracker_Invoice_System_Update_Data\\20200401_221040\\1585753969101.png]]

2020-04-01 22:12:49 - [MESSAGE][PASSED] - Attribute 'disabled' of object '' is: 'null'

2020-04-01 22:12:49 - [MESSAGE][WARNING] - Object '' is not checked (Root cause: com.kms.katalon.core.exception.StepFailedException: Object '' is not checked
	at com.kms.katalon.core.webui.keyword.internal.WebUIKeywordMain.stepFailed(WebUIKeywordMain.groovy:64)
	at com.kms.katalon.core.webui.keyword.builtin.VerifyElementCheckedKeyword$_verifyElementChecked_closure1.doCall(VerifyElementCheckedKeyword.groovy:81)
	at com.kms.katalon.core.webui.keyword.builtin.VerifyElementCheckedKeyword$_verifyElementChecked_closure1.call(VerifyElementCheckedKeyword.groovy)
	at com.kms.katalon.core.webui.keyword.internal.WebUIKeywordMain.runKeyword(WebUIKeywordMain.groovy:20)
	at com.kms.katalon.core.webui.keyword.builtin.VerifyElementCheckedKeyword.verifyElementChecked(VerifyElementCheckedKeyword.groovy:92)
	at com.kms.katalon.core.webui.keyword.builtin.VerifyElementCheckedKeyword.execute(VerifyElementCheckedKeyword.groovy:68)
	at com.kms.katalon.core.keyword.internal.KeywordExecutor.executeKeywordForPlatform(KeywordExecutor.groovy:72)
	at com.kms.katalon.core.webui.keyword.WebUiBuiltInKeywords.verifyElementChecked(WebUiBuiltInKeywords.groovy:1378)
	at com.kms.katalon.core.webui.keyword.WebUiBuiltInKeywords$verifyElementChecked$14.call(Unknown Source)
	at ist_real.Contract_Dispatcher.TestingTestingCode(Contract_Dispatcher.groovy:1787)
	at cucumber.runtime.Utils$1.call(Utils.java:26)
	at cucumber.runtime.Timeout.timeout(Timeout.java:16)
	at cucumber.runtime.Utils.invoke(Utils.java:20)
	at cucumber.runtime.java.JavaStepDefinition.execute(JavaStepDefinition.java:48)
	at cucumber.runtime.PickleStepDefinitionMatch.runStep(PickleStepDefinitionMatch.java:50)
	at cucumber.runner.TestStep.executeStep(TestStep.java:55)
	at cucumber.runner.TestStep.run(TestStep.java:42)
	at cucumber.runner.PickleStepTestStep.run(PickleStepTestStep.java:53)
	at cucumber.runner.TestCase.run(TestCase.java:47)
	at cucumber.runner.Runner.runPickle(Runner.java:44)
	at cucumber.runtime.Runtime.runFeature(Runtime.java:120)
	at cucumber.runtime.Runtime.run(Runtime.java:106)
	at cucumber.api.cli.Main.run(Main.java:35)
	at cucumber.api.cli.Main$run.call(Unknown Source)
	at com.kms.katalon.core.cucumber.keyword.CucumberBuiltinKeywords$_runFeatureFile_closure1.doCall(CucumberBuiltinKeywords.groovy:76)
	at com.kms.katalon.core.cucumber.keyword.CucumberBuiltinKeywords$_runFeatureFile_closure1.doCall(CucumberBuiltinKeywords.groovy)
	at com.kms.katalon.core.keyword.internal.KeywordMain.runKeyword(KeywordMain.groovy:68)
	at com.kms.katalon.core.keyword.internal.KeywordMain$runKeyword.call(Unknown Source)
	at com.kms.katalon.core.cucumber.keyword.CucumberBuiltinKeywords.runFeatureFile(CucumberBuiltinKeywords.groovy:46)
	at com.kms.katalon.core.cucumber.keyword.CucumberBuiltinKeywords$runFeatureFile$0.callStatic(Unknown Source)
	at com.kms.katalon.core.cucumber.keyword.CucumberBuiltinKeywords.runFeatureFile(CucumberBuiltinKeywords.groovy:169)
	at com.kms.katalon.core.cucumber.keyword.CucumberBuiltinKeywords$runFeatureFile.call(Unknown Source)
	at Tracker_Invoice_System_Update_Data.run(Tracker_Invoice_System_Update_Data:18)
	at com.kms.katalon.core.main.ScriptEngine.run(ScriptEngine.java:194)
	at com.kms.katalon.core.main.ScriptEngine.runScriptAsRawText(ScriptEngine.java:119)
	at com.kms.katalon.core.main.TestCaseExecutor.runScript(TestCaseExecutor.java:337)
	at com.kms.katalon.core.main.TestCaseExecutor.doExecute(TestCaseExecutor.java:328)
	at com.kms.katalon.core.main.TestCaseExecutor.processExecutionPhase(TestCaseExecutor.java:307)
	at com.kms.katalon.core.main.TestCaseExecutor.accessMainPhase(TestCaseExecutor.java:299)
	at com.kms.katalon.core.main.TestCaseExecutor.execute(TestCaseExecutor.java:233)
	at com.kms.katalon.core.main.TestSuiteExecutor.accessTestCaseMainPhase(TestSuiteExecutor.java:169)
	at com.kms.katalon.core.main.TestSuiteExecutor.accessTestSuiteMainPhase(TestSuiteExecutor.java:142)
	at com.kms.katalon.core.main.TestSuiteExecutor.execute(TestSuiteExecutor.java:91)
	at com.kms.katalon.core.main.TestCaseMain.startTestSuite(TestCaseMain.java:157)
	at com.kms.katalon.core.main.TestCaseMain$startTestSuite$0.call(Unknown Source)
	at TempTestSuite1585753840100.run(TempTestSuite1585753840100.groovy:36)
)
[[ATTACHMENT|C:\\Users\\ramsey.loloyanto\\Documents\\ist-Katalon\\Reports\\20200401_221040\\TRIS\\DEV\\Tracker_Invoice_System_Update_Data\\20200401_221040\\1585753969659.png]]

2020-04-01 22:12:50 - [MESSAGE][PASSED] - Attribute 'disabled' of object '' is: 'null'

2020-04-01 22:12:50 - [MESSAGE][WARNING] - Object '' is not checked (Root cause: com.kms.katalon.core.exception.StepFailedException: Object '' is not checked
	at com.kms.katalon.core.webui.keyword.internal.WebUIKeywordMain.stepFailed(WebUIKeywordMain.groovy:64)
	at com.kms.katalon.core.webui.keyword.builtin.VerifyElementCheckedKeyword$_verifyElementChecked_closure1.doCall(VerifyElementCheckedKeyword.groovy:81)
	at com.kms.katalon.core.webui.keyword.builtin.VerifyElementCheckedKeyword$_verifyElementChecked_closure1.call(VerifyElementCheckedKeyword.groovy)
	at com.kms.katalon.core.webui.keyword.internal.WebUIKeywordMain.runKeyword(WebUIKeywordMain.groovy:20)
	at com.kms.katalon.core.webui.keyword.builtin.VerifyElementCheckedKeyword.verifyElementChecked(VerifyElementCheckedKeyword.groovy:92)
	at com.kms.katalon.core.webui.keyword.builtin.VerifyElementCheckedKeyword.execute(VerifyElementCheckedKeyword.groovy:68)
	at com.kms.katalon.core.keyword.internal.KeywordExecutor.executeKeywordForPlatform(KeywordExecutor.groovy:72)
	at com.kms.katalon.core.webui.keyword.WebUiBuiltInKeywords.verifyElementChecked(WebUiBuiltInKeywords.groovy:1378)
	at com.kms.katalon.core.webui.keyword.WebUiBuiltInKeywords$verifyElementChecked$14.call(Unknown Source)
	at ist_real.Contract_Dispatcher.TestingTestingCode(Contract_Dispatcher.groovy:1787)
	at cucumber.runtime.Utils$1.call(Utils.java:26)
	at cucumber.runtime.Timeout.timeout(Timeout.java:16)
	at cucumber.runtime.Utils.invoke(Utils.java:20)
	at cucumber.runtime.java.JavaStepDefinition.execute(JavaStepDefinition.java:48)
	at cucumber.runtime.PickleStepDefinitionMatch.runStep(PickleStepDefinitionMatch.java:50)
	at cucumber.runner.TestStep.executeStep(TestStep.java:55)
	at cucumber.runner.TestStep.run(TestStep.java:42)
	at cucumber.runner.PickleStepTestStep.run(PickleStepTestStep.java:53)
	at cucumber.runner.TestCase.run(TestCase.java:47)
	at cucumber.runner.Runner.runPickle(Runner.java:44)
	at cucumber.runtime.Runtime.runFeature(Runtime.java:120)
	at cucumber.runtime.Runtime.run(Runtime.java:106)
	at cucumber.api.cli.Main.run(Main.java:35)
	at cucumber.api.cli.Main$run.call(Unknown Source)
	at com.kms.katalon.core.cucumber.keyword.CucumberBuiltinKeywords$_runFeatureFile_closure1.doCall(CucumberBuiltinKeywords.groovy:76)
	at com.kms.katalon.core.cucumber.keyword.CucumberBuiltinKeywords$_runFeatureFile_closure1.doCall(CucumberBuiltinKeywords.groovy)
	at com.kms.katalon.core.keyword.internal.KeywordMain.runKeyword(KeywordMain.groovy:68)
	at com.kms.katalon.core.keyword.internal.KeywordMain$runKeyword.call(Unknown Source)
	at com.kms.katalon.core.cucumber.keyword.CucumberBuiltinKeywords.runFeatureFile(CucumberBuiltinKeywords.groovy:46)
	at com.kms.katalon.core.cucumber.keyword.CucumberBuiltinKeywords$runFeatureFile$0.callStatic(Unknown Source)
	at com.kms.katalon.core.cucumber.keyword.CucumberBuiltinKeywords.runFeatureFile(CucumberBuiltinKeywords.groovy:169)
	at com.kms.katalon.core.cucumber.keyword.CucumberBuiltinKeywords$runFeatureFile.call(Unknown Source)
	at Tracker_Invoice_System_Update_Data.run(Tracker_Invoice_System_Update_Data:18)
	at com.kms.katalon.core.main.ScriptEngine.run(ScriptEngine.java:194)
	at com.kms.katalon.core.main.ScriptEngine.runScriptAsRawText(ScriptEngine.java:119)
	at com.kms.katalon.core.main.TestCaseExecutor.runScript(TestCaseExecutor.java:337)
	at com.kms.katalon.core.main.TestCaseExecutor.doExecute(TestCaseExecutor.java:328)
	at com.kms.katalon.core.main.TestCaseExecutor.processExecutionPhase(TestCaseExecutor.java:307)
	at com.kms.katalon.core.main.TestCaseExecutor.accessMainPhase(TestCaseExecutor.java:299)
	at com.kms.katalon.core.main.TestCaseExecutor.execute(TestCaseExecutor.java:233)
	at com.kms.katalon.core.main.TestSuiteExecutor.accessTestCaseMainPhase(TestSuiteExecutor.java:169)
	at com.kms.katalon.core.main.TestSuiteExecutor.accessTestSuiteMainPhase(TestSuiteExecutor.java:142)
	at com.kms.katalon.core.main.TestSuiteExecutor.execute(TestSuiteExecutor.java:91)
	at com.kms.katalon.core.main.TestCaseMain.startTestSuite(TestCaseMain.java:157)
	at com.kms.katalon.core.main.TestCaseMain$startTestSuite$0.call(Unknown Source)
	at TempTestSuite1585753840100.run(TempTestSuite1585753840100.groovy:36)
)
[[ATTACHMENT|C:\\Users\\ramsey.loloyanto\\Documents\\ist-Katalon\\Reports\\20200401_221040\\TRIS\\DEV\\Tracker_Invoice_System_Update_Data\\20200401_221040\\1585753970224.png]]

2020-04-01 22:12:50 - [MESSAGE][PASSED] - Attribute 'disabled' of object '' is: 'null'

2020-04-01 22:12:50 - [MESSAGE][PASSED] - Object '' is checked

2020-04-01 22:12:51 - [MESSAGE][PASSED] - Attribute 'disabled' of object '' is: 'null'

2020-04-01 22:12:51 - [MESSAGE][PASSED] - Object '' is checked

2020-04-01 22:12:51 - [MESSAGE][PASSED] - Attribute 'disabled' of object '' is: 'null'

2020-04-01 22:12:51 - [MESSAGE][PASSED] - Object '' is checked

2020-04-01 22:12:51 - [MESSAGE][PASSED] - Check Corrected Result

2020-04-01 22:12:51 - [TEST_STEP][PASSED] - Click button "Save Invoice": Click button "Save Invoice"

2020-04-01 22:12:51 - [MESSAGE][INFO] - >>>>>//Button[contains(text(),'Save Invoice')]

2020-04-01 22:12:55 - [MESSAGE][PASSED] - Object: '' is clicked on

2020-04-01 22:12:55 - [MESSAGE][PASSED] - Click button "Save Invoice"

2020-04-01 22:12:55 - [TEST_STEP][PASSED] - Verify Update Data in Invoice Summary: Verify Update Data in Invoice Summary

2020-04-01 22:12:56 - [MESSAGE][PASSED] - Text of object '' is: '16/01/2020'

2020-04-01 22:12:56 - [MESSAGE][PASSED] - Text of object '' is: '2.350.000'

2020-04-01 22:12:56 - [MESSAGE][PASSED] - Text of object '' is: 'Mistake'

2020-04-01 22:12:56 - [MESSAGE][PASSED] - Text of object '' is: 'mobile.test'

2020-04-01 22:12:56 - [MESSAGE][PASSED] - Verify Update Data in Invoice Summary

2020-04-01 22:12:56 - [TEST_STEP][PASSED] - Verify Update Data in Additional Detail: Verify Update Data in Additional Detail

2020-04-01 22:12:57 - [MESSAGE][PASSED] - Scroll to object '' successfully

2020-04-01 22:12:57 - [MESSAGE][PASSED] - Object: '' is clicked on

2020-04-01 22:12:58 - [MESSAGE][PASSED] - Text of object '' is: 'None'

2020-04-01 22:12:58 - [MESSAGE][PASSED] - Text of object '' is: '16/01/2020'

2020-04-01 22:12:58 - [MESSAGE][PASSED] - Text of object '' is: '9999999999'

2020-04-01 22:12:58 - [MESSAGE][PASSED] - Text of object '' is: 'Test Update'

2020-04-01 22:12:58 - [MESSAGE][PASSED] - Text of object '' is: 'Test Update'

2020-04-01 22:12:59 - [MESSAGE][PASSED] - Text of object '' is: 'mobile.test'

2020-04-01 22:12:59 - [MESSAGE][PASSED] - Text of object '' is: '01/04/2020'

2020-04-01 22:12:59 - [MESSAGE][PASSED] - Verify Update Data in Additional Detail

2020-04-01 22:12:59 - [TEST_STEP][PASSED] - Click button "Logout": Click button "Logout"

2020-04-01 22:12:59 - [MESSAGE][INFO] - >>>>>//Button[contains(text(),'Logout')]

2020-04-01 22:13:03 - [MESSAGE][PASSED] - Object: '' is clicked on

2020-04-01 22:13:03 - [MESSAGE][PASSED] - Click button "Logout"

2020-04-01 22:13:03 - [TEST_STEP][PASSED] - Close browser: Close browser

2020-04-01 22:13:04 - [MESSAGE][PASSED] - Browser is closed

2020-04-01 22:13:04 - [MESSAGE][PASSED] - Close browser

2020-04-01 22:13:04 - [TEST_CASE][PASSED] - Start Test Case : SCENARIO Update Invoice Data School Invoice: SCENARIO Update Invoice Data School Invoice

2020-04-01 22:13:04 - [TEST_STEP][PASSED] - Go to IST: Go to IST

2020-04-01 22:13:04 - [MESSAGE][INFO] - Starting 'Firefox' driver

2020-04-01 22:13:06 - [MESSAGE][PASSED] - Browser is opened with url: ''

2020-04-01 22:13:08 - [MESSAGE][PASSED] - Navigate to 'https://id-ist01.id.nonprod/foundation/' successfully

2020-04-01 22:13:08 - [MESSAGE][PASSED] - Go to IST

2020-04-01 22:13:08 - [TEST_STEP][PASSED] - Login IST with valid credentials: Login IST with valid credentials

2020-04-01 22:13:08 - [MESSAGE][PASSED] - Text 'mobile.test' is set on object 'Object Repository/Page_/input_Username_j_username'

2020-04-01 22:13:08 - [MESSAGE][PASSED] - Text ****** has been set on object 'Object Repository/Page_/input_Password_j_password'

2020-04-01 22:13:12 - [MESSAGE][PASSED] - Object: 'Object Repository/Page_/button_Login' is clicked on

2020-04-01 22:13:12 - [MESSAGE][PASSED] - Login IST with valid credentials

2020-04-01 22:13:12 - [TEST_STEP][PASSED] - Login Success for contract dispatcher: Login Success for contract dispatcher

2020-04-01 22:13:12 - [MESSAGE][INFO] - Login Success

2020-04-01 22:13:12 - [MESSAGE][PASSED] - Current window maximized

2020-04-01 22:13:12 - [MESSAGE][PASSED] - Object 'Object Repository/Page_/h1_Welcome to IT Supporting Tools' is present

2020-04-01 22:13:12 - [MESSAGE][PASSED] - Login Success for contract dispatcher

2020-04-01 22:13:12 - [TEST_STEP][PASSED] - Check User Login for Update: Check User Login for Update

2020-04-01 22:13:12 - [MESSAGE][PASSED] - Text of object '' is: 'Sign in as mobile.test'

2020-04-01 22:13:12 - [MESSAGE][PASSED] - Check User Login for Update

2020-04-01 22:13:12 - [TEST_STEP][PASSED] - Select Arrow Menu "Invoice System": Select Arrow Menu "Invoice System"

2020-04-01 22:13:13 - [MESSAGE][PASSED] - Object: '' is clicked on

2020-04-01 22:13:13 - [MESSAGE][PASSED] - Select Arrow Menu "Invoice System"

2020-04-01 22:13:13 - [TEST_STEP][PASSED] - Select Menu "Tracker Invoice System": Select Menu "Tracker Invoice System"

2020-04-01 22:13:13 - [MESSAGE][PASSED] - Object '' is present

2020-04-01 22:13:14 - [MESSAGE][PASSED] - Object: '' is clicked on

2020-04-01 22:13:14 - [MESSAGE][PASSED] - Wait for page load successfully

2020-04-01 22:13:14 - [MESSAGE][PASSED] - Select Menu "Tracker Invoice System"

2020-04-01 22:13:14 - [TEST_STEP][PASSED] - Type on Textbox label "contract number of email address" with value "9999999999": Type on Textbox label "contract number of email address" with value "9999999999"

2020-04-01 22:13:14 - [MESSAGE][PASSED] - Text '9999999999' is set on object ''

2020-04-01 22:13:14 - [MESSAGE][PASSED] - Type on Textbox label "contract number of email address" with value "9999999999"

2020-04-01 22:13:14 - [TEST_STEP][PASSED] - Click button "Search": Click button "Search"

2020-04-01 22:13:14 - [MESSAGE][INFO] - >>>>>//Button[contains(text(),'Search')]

2020-04-01 22:13:18 - [MESSAGE][PASSED] - Object: '' is clicked on

2020-04-01 22:13:18 - [MESSAGE][PASSED] - Click button "Search"

2020-04-01 22:13:18 - [TEST_STEP][PASSED] - Verify Table Filled: Verify Table Filled

2020-04-01 22:13:18 - [MESSAGE][PASSED] - Object '' is present

2020-04-01 22:13:18 - [MESSAGE][PASSED] - Verify Table Filled

2020-04-01 22:13:18 - [TEST_STEP][PASSED] - Right Click Invoice Want to Update based on sub contract number "9999999999-1": Right Click Invoice Want to Update based on sub contract number "9999999999-1"

2020-04-01 22:13:18 - [MESSAGE][PASSED] - Scroll to object '' successfully

2020-04-01 22:13:19 - [MESSAGE][PASSED] - Object: '' is right clicked on

2020-04-01 22:13:19 - [MESSAGE][PASSED] - Right Click Invoice Want to Update based on sub contract number "9999999999-1"

2020-04-01 22:13:19 - [TEST_STEP][PASSED] - Check Invoice Format is "School Invoice": Check Invoice Format is "School Invoice"

2020-04-01 22:13:21 - [MESSAGE][PASSED] - All options with value 'School Invoice' are selected in object ''  using regular expression

2020-04-01 22:13:21 - [MESSAGE][PASSED] - Check Invoice Format is "School Invoice"

2020-04-01 22:13:21 - [TEST_STEP][PASSED] - Update Data Value Based on Check Point: Update Data Value Based on Check Point

2020-04-01 22:13:22 - [MESSAGE][PASSED] - All options with index in [9] are selected on object ''

2020-04-01 22:13:22 - [MESSAGE][PASSED] - Text '2350000' is set on object ''

2020-04-01 22:13:22 - [MESSAGE][PASSED] - Text '01-16-2020' is set on object ''

2020-04-01 22:13:23 - [MESSAGE][PASSED] - Text of object '' is: ''

2020-04-01 22:13:23 - [MESSAGE][PASSED] - Text 'Test Update' is set on object ''

2020-04-01 22:13:23 - [MESSAGE][PASSED] - Text 'Test Update' is set on object ''

2020-04-01 22:13:23 - [MESSAGE][PASSED] - Update Data Value Based on Check Point

2020-04-01 22:13:23 - [TEST_STEP][PASSED] - Check Corrected Result: Check Corrected Result

2020-04-01 22:13:24 - [MESSAGE][WARNING] - Only 0 in 1 option(s) with value 'Cetak' is/are selected in object ''  using regular expression (Root cause: com.kms.katalon.core.exception.StepFailedException: Only 0 in 1 option(s) with value 'Cetak' is/are selected in object ''  using regular expression
	at com.kms.katalon.core.webui.keyword.internal.WebUIKeywordMain.stepFailed(WebUIKeywordMain.groovy:64)
	at com.kms.katalon.core.webui.keyword.builtin.VerifyOptionSelectedByValueKeyword$_verifyOptionSelectedByValue_closure1.doCall(VerifyOptionSelectedByValueKeyword.groovy:94)
	at com.kms.katalon.core.webui.keyword.builtin.VerifyOptionSelectedByValueKeyword$_verifyOptionSelectedByValue_closure1.call(VerifyOptionSelectedByValueKeyword.groovy)
	at com.kms.katalon.core.webui.keyword.internal.WebUIKeywordMain.runKeyword(WebUIKeywordMain.groovy:20)
	at com.kms.katalon.core.webui.keyword.builtin.VerifyOptionSelectedByValueKeyword.verifyOptionSelectedByValue(VerifyOptionSelectedByValueKeyword.groovy:106)
	at com.kms.katalon.core.webui.keyword.builtin.VerifyOptionSelectedByValueKeyword.execute(VerifyOptionSelectedByValueKeyword.groovy:70)
	at com.kms.katalon.core.keyword.internal.KeywordExecutor.executeKeywordForPlatform(KeywordExecutor.groovy:72)
	at com.kms.katalon.core.webui.keyword.WebUiBuiltInKeywords.verifyOptionSelectedByValue(WebUiBuiltInKeywords.groovy:2200)
	at com.kms.katalon.core.webui.keyword.WebUiBuiltInKeywords$verifyOptionSelectedByValue$11.call(Unknown Source)
	at ist_real.Contract_Dispatcher.TestingTestingCode(Contract_Dispatcher.groovy:1692)
	at cucumber.runtime.Utils$1.call(Utils.java:26)
	at cucumber.runtime.Timeout.timeout(Timeout.java:16)
	at cucumber.runtime.Utils.invoke(Utils.java:20)
	at cucumber.runtime.java.JavaStepDefinition.execute(JavaStepDefinition.java:48)
	at cucumber.runtime.PickleStepDefinitionMatch.runStep(PickleStepDefinitionMatch.java:50)
	at cucumber.runner.TestStep.executeStep(TestStep.java:55)
	at cucumber.runner.TestStep.run(TestStep.java:42)
	at cucumber.runner.PickleStepTestStep.run(PickleStepTestStep.java:53)
	at cucumber.runner.TestCase.run(TestCase.java:47)
	at cucumber.runner.Runner.runPickle(Runner.java:44)
	at cucumber.runtime.Runtime.runFeature(Runtime.java:120)
	at cucumber.runtime.Runtime.run(Runtime.java:106)
	at cucumber.api.cli.Main.run(Main.java:35)
	at cucumber.api.cli.Main$run.call(Unknown Source)
	at com.kms.katalon.core.cucumber.keyword.CucumberBuiltinKeywords$_runFeatureFile_closure1.doCall(CucumberBuiltinKeywords.groovy:76)
	at com.kms.katalon.core.cucumber.keyword.CucumberBuiltinKeywords$_runFeatureFile_closure1.doCall(CucumberBuiltinKeywords.groovy)
	at com.kms.katalon.core.keyword.internal.KeywordMain.runKeyword(KeywordMain.groovy:68)
	at com.kms.katalon.core.keyword.internal.KeywordMain$runKeyword.call(Unknown Source)
	at com.kms.katalon.core.cucumber.keyword.CucumberBuiltinKeywords.runFeatureFile(CucumberBuiltinKeywords.groovy:46)
	at com.kms.katalon.core.cucumber.keyword.CucumberBuiltinKeywords$runFeatureFile$0.callStatic(Unknown Source)
	at com.kms.katalon.core.cucumber.keyword.CucumberBuiltinKeywords.runFeatureFile(CucumberBuiltinKeywords.groovy:169)
	at com.kms.katalon.core.cucumber.keyword.CucumberBuiltinKeywords$runFeatureFile.call(Unknown Source)
	at Tracker_Invoice_System_Update_Data.run(Tracker_Invoice_System_Update_Data:18)
	at com.kms.katalon.core.main.ScriptEngine.run(ScriptEngine.java:194)
	at com.kms.katalon.core.main.ScriptEngine.runScriptAsRawText(ScriptEngine.java:119)
	at com.kms.katalon.core.main.TestCaseExecutor.runScript(TestCaseExecutor.java:337)
	at com.kms.katalon.core.main.TestCaseExecutor.doExecute(TestCaseExecutor.java:328)
	at com.kms.katalon.core.main.TestCaseExecutor.processExecutionPhase(TestCaseExecutor.java:307)
	at com.kms.katalon.core.main.TestCaseExecutor.accessMainPhase(TestCaseExecutor.java:299)
	at com.kms.katalon.core.main.TestCaseExecutor.execute(TestCaseExecutor.java:233)
	at com.kms.katalon.core.main.TestSuiteExecutor.accessTestCaseMainPhase(TestSuiteExecutor.java:169)
	at com.kms.katalon.core.main.TestSuiteExecutor.accessTestSuiteMainPhase(TestSuiteExecutor.java:142)
	at com.kms.katalon.core.main.TestSuiteExecutor.execute(TestSuiteExecutor.java:91)
	at com.kms.katalon.core.main.TestCaseMain.startTestSuite(TestCaseMain.java:157)
	at com.kms.katalon.core.main.TestCaseMain$startTestSuite$0.call(Unknown Source)
	at TempTestSuite1585753840100.run(TempTestSuite1585753840100.groovy:36)
)
[[ATTACHMENT|C:\\Users\\ramsey.loloyanto\\Documents\\ist-Katalon\\Reports\\20200401_221040\\TRIS\\DEV\\Tracker_Invoice_System_Update_Data\\20200401_221040\\1585754004504.png]]

2020-04-01 22:13:25 - [MESSAGE][WARNING] - Only 0 in 1 option(s) with value 'General' is/are selected in object ''  using regular expression (Root cause: com.kms.katalon.core.exception.StepFailedException: Only 0 in 1 option(s) with value 'General' is/are selected in object ''  using regular expression
	at com.kms.katalon.core.webui.keyword.internal.WebUIKeywordMain.stepFailed(WebUIKeywordMain.groovy:64)
	at com.kms.katalon.core.webui.keyword.builtin.VerifyOptionSelectedByValueKeyword$_verifyOptionSelectedByValue_closure1.doCall(VerifyOptionSelectedByValueKeyword.groovy:94)
	at com.kms.katalon.core.webui.keyword.builtin.VerifyOptionSelectedByValueKeyword$_verifyOptionSelectedByValue_closure1.call(VerifyOptionSelectedByValueKeyword.groovy)
	at com.kms.katalon.core.webui.keyword.internal.WebUIKeywordMain.runKeyword(WebUIKeywordMain.groovy:20)
	at com.kms.katalon.core.webui.keyword.builtin.VerifyOptionSelectedByValueKeyword.verifyOptionSelectedByValue(VerifyOptionSelectedByValueKeyword.groovy:106)
	at com.kms.katalon.core.webui.keyword.builtin.VerifyOptionSelectedByValueKeyword.execute(VerifyOptionSelectedByValueKeyword.groovy:70)
	at com.kms.katalon.core.keyword.internal.KeywordExecutor.executeKeywordForPlatform(KeywordExecutor.groovy:72)
	at com.kms.katalon.core.webui.keyword.WebUiBuiltInKeywords.verifyOptionSelectedByValue(WebUiBuiltInKeywords.groovy:2200)
	at com.kms.katalon.core.webui.keyword.WebUiBuiltInKeywords$verifyOptionSelectedByValue$11.call(Unknown Source)
	at ist_real.Contract_Dispatcher.TestingTestingCode(Contract_Dispatcher.groovy:1729)
	at cucumber.runtime.Utils$1.call(Utils.java:26)
	at cucumber.runtime.Timeout.timeout(Timeout.java:16)
	at cucumber.runtime.Utils.invoke(Utils.java:20)
	at cucumber.runtime.java.JavaStepDefinition.execute(JavaStepDefinition.java:48)
	at cucumber.runtime.PickleStepDefinitionMatch.runStep(PickleStepDefinitionMatch.java:50)
	at cucumber.runner.TestStep.executeStep(TestStep.java:55)
	at cucumber.runner.TestStep.run(TestStep.java:42)
	at cucumber.runner.PickleStepTestStep.run(PickleStepTestStep.java:53)
	at cucumber.runner.TestCase.run(TestCase.java:47)
	at cucumber.runner.Runner.runPickle(Runner.java:44)
	at cucumber.runtime.Runtime.runFeature(Runtime.java:120)
	at cucumber.runtime.Runtime.run(Runtime.java:106)
	at cucumber.api.cli.Main.run(Main.java:35)
	at cucumber.api.cli.Main$run.call(Unknown Source)
	at com.kms.katalon.core.cucumber.keyword.CucumberBuiltinKeywords$_runFeatureFile_closure1.doCall(CucumberBuiltinKeywords.groovy:76)
	at com.kms.katalon.core.cucumber.keyword.CucumberBuiltinKeywords$_runFeatureFile_closure1.doCall(CucumberBuiltinKeywords.groovy)
	at com.kms.katalon.core.keyword.internal.KeywordMain.runKeyword(KeywordMain.groovy:68)
	at com.kms.katalon.core.keyword.internal.KeywordMain$runKeyword.call(Unknown Source)
	at com.kms.katalon.core.cucumber.keyword.CucumberBuiltinKeywords.runFeatureFile(CucumberBuiltinKeywords.groovy:46)
	at com.kms.katalon.core.cucumber.keyword.CucumberBuiltinKeywords$runFeatureFile$0.callStatic(Unknown Source)
	at com.kms.katalon.core.cucumber.keyword.CucumberBuiltinKeywords.runFeatureFile(CucumberBuiltinKeywords.groovy:169)
	at com.kms.katalon.core.cucumber.keyword.CucumberBuiltinKeywords$runFeatureFile.call(Unknown Source)
	at Tracker_Invoice_System_Update_Data.run(Tracker_Invoice_System_Update_Data:18)
	at com.kms.katalon.core.main.ScriptEngine.run(ScriptEngine.java:194)
	at com.kms.katalon.core.main.ScriptEngine.runScriptAsRawText(ScriptEngine.java:119)
	at com.kms.katalon.core.main.TestCaseExecutor.runScript(TestCaseExecutor.java:337)
	at com.kms.katalon.core.main.TestCaseExecutor.doExecute(TestCaseExecutor.java:328)
	at com.kms.katalon.core.main.TestCaseExecutor.processExecutionPhase(TestCaseExecutor.java:307)
	at com.kms.katalon.core.main.TestCaseExecutor.accessMainPhase(TestCaseExecutor.java:299)
	at com.kms.katalon.core.main.TestCaseExecutor.execute(TestCaseExecutor.java:233)
	at com.kms.katalon.core.main.TestSuiteExecutor.accessTestCaseMainPhase(TestSuiteExecutor.java:169)
	at com.kms.katalon.core.main.TestSuiteExecutor.accessTestSuiteMainPhase(TestSuiteExecutor.java:142)
	at com.kms.katalon.core.main.TestSuiteExecutor.execute(TestSuiteExecutor.java:91)
	at com.kms.katalon.core.main.TestCaseMain.startTestSuite(TestCaseMain.java:157)
	at com.kms.katalon.core.main.TestCaseMain$startTestSuite$0.call(Unknown Source)
	at TempTestSuite1585753840100.run(TempTestSuite1585753840100.groovy:36)
)
[[ATTACHMENT|C:\\Users\\ramsey.loloyanto\\Documents\\ist-Katalon\\Reports\\20200401_221040\\TRIS\\DEV\\Tracker_Invoice_System_Update_Data\\20200401_221040\\1585754005579.png]]

2020-04-01 22:13:26 - [MESSAGE][WARNING] - Only 0 in 1 option(s) with value 'HCI format' is/are selected in object ''  using regular expression (Root cause: com.kms.katalon.core.exception.StepFailedException: Only 0 in 1 option(s) with value 'HCI format' is/are selected in object ''  using regular expression
	at com.kms.katalon.core.webui.keyword.internal.WebUIKeywordMain.stepFailed(WebUIKeywordMain.groovy:64)
	at com.kms.katalon.core.webui.keyword.builtin.VerifyOptionSelectedByValueKeyword$_verifyOptionSelectedByValue_closure1.doCall(VerifyOptionSelectedByValueKeyword.groovy:94)
	at com.kms.katalon.core.webui.keyword.builtin.VerifyOptionSelectedByValueKeyword$_verifyOptionSelectedByValue_closure1.call(VerifyOptionSelectedByValueKeyword.groovy)
	at com.kms.katalon.core.webui.keyword.internal.WebUIKeywordMain.runKeyword(WebUIKeywordMain.groovy:20)
	at com.kms.katalon.core.webui.keyword.builtin.VerifyOptionSelectedByValueKeyword.verifyOptionSelectedByValue(VerifyOptionSelectedByValueKeyword.groovy:106)
	at com.kms.katalon.core.webui.keyword.builtin.VerifyOptionSelectedByValueKeyword.execute(VerifyOptionSelectedByValueKeyword.groovy:70)
	at com.kms.katalon.core.keyword.internal.KeywordExecutor.executeKeywordForPlatform(KeywordExecutor.groovy:72)
	at com.kms.katalon.core.webui.keyword.WebUiBuiltInKeywords.verifyOptionSelectedByValue(WebUiBuiltInKeywords.groovy:2200)
	at com.kms.katalon.core.webui.keyword.WebUiBuiltInKeywords$verifyOptionSelectedByValue$11.call(Unknown Source)
	at ist_real.Contract_Dispatcher.TestingTestingCode(Contract_Dispatcher.groovy:1765)
	at cucumber.runtime.Utils$1.call(Utils.java:26)
	at cucumber.runtime.Timeout.timeout(Timeout.java:16)
	at cucumber.runtime.Utils.invoke(Utils.java:20)
	at cucumber.runtime.java.JavaStepDefinition.execute(JavaStepDefinition.java:48)
	at cucumber.runtime.PickleStepDefinitionMatch.runStep(PickleStepDefinitionMatch.java:50)
	at cucumber.runner.TestStep.executeStep(TestStep.java:55)
	at cucumber.runner.TestStep.run(TestStep.java:42)
	at cucumber.runner.PickleStepTestStep.run(PickleStepTestStep.java:53)
	at cucumber.runner.TestCase.run(TestCase.java:47)
	at cucumber.runner.Runner.runPickle(Runner.java:44)
	at cucumber.runtime.Runtime.runFeature(Runtime.java:120)
	at cucumber.runtime.Runtime.run(Runtime.java:106)
	at cucumber.api.cli.Main.run(Main.java:35)
	at cucumber.api.cli.Main$run.call(Unknown Source)
	at com.kms.katalon.core.cucumber.keyword.CucumberBuiltinKeywords$_runFeatureFile_closure1.doCall(CucumberBuiltinKeywords.groovy:76)
	at com.kms.katalon.core.cucumber.keyword.CucumberBuiltinKeywords$_runFeatureFile_closure1.doCall(CucumberBuiltinKeywords.groovy)
	at com.kms.katalon.core.keyword.internal.KeywordMain.runKeyword(KeywordMain.groovy:68)
	at com.kms.katalon.core.keyword.internal.KeywordMain$runKeyword.call(Unknown Source)
	at com.kms.katalon.core.cucumber.keyword.CucumberBuiltinKeywords.runFeatureFile(CucumberBuiltinKeywords.groovy:46)
	at com.kms.katalon.core.cucumber.keyword.CucumberBuiltinKeywords$runFeatureFile$0.callStatic(Unknown Source)
	at com.kms.katalon.core.cucumber.keyword.CucumberBuiltinKeywords.runFeatureFile(CucumberBuiltinKeywords.groovy:169)
	at com.kms.katalon.core.cucumber.keyword.CucumberBuiltinKeywords$runFeatureFile.call(Unknown Source)
	at Tracker_Invoice_System_Update_Data.run(Tracker_Invoice_System_Update_Data:18)
	at com.kms.katalon.core.main.ScriptEngine.run(ScriptEngine.java:194)
	at com.kms.katalon.core.main.ScriptEngine.runScriptAsRawText(ScriptEngine.java:119)
	at com.kms.katalon.core.main.TestCaseExecutor.runScript(TestCaseExecutor.java:337)
	at com.kms.katalon.core.main.TestCaseExecutor.doExecute(TestCaseExecutor.java:328)
	at com.kms.katalon.core.main.TestCaseExecutor.processExecutionPhase(TestCaseExecutor.java:307)
	at com.kms.katalon.core.main.TestCaseExecutor.accessMainPhase(TestCaseExecutor.java:299)
	at com.kms.katalon.core.main.TestCaseExecutor.execute(TestCaseExecutor.java:233)
	at com.kms.katalon.core.main.TestSuiteExecutor.accessTestCaseMainPhase(TestSuiteExecutor.java:169)
	at com.kms.katalon.core.main.TestSuiteExecutor.accessTestSuiteMainPhase(TestSuiteExecutor.java:142)
	at com.kms.katalon.core.main.TestSuiteExecutor.execute(TestSuiteExecutor.java:91)
	at com.kms.katalon.core.main.TestCaseMain.startTestSuite(TestCaseMain.java:157)
	at com.kms.katalon.core.main.TestCaseMain$startTestSuite$0.call(Unknown Source)
	at TempTestSuite1585753840100.run(TempTestSuite1585753840100.groovy:36)
)
[[ATTACHMENT|C:\\Users\\ramsey.loloyanto\\Documents\\ist-Katalon\\Reports\\20200401_221040\\TRIS\\DEV\\Tracker_Invoice_System_Update_Data\\20200401_221040\\1585754006667.png]]

2020-04-01 22:13:27 - [MESSAGE][PASSED] - Attribute 'disabled' of object '' is: 'null'

2020-04-01 22:13:27 - [MESSAGE][WARNING] - Object '' is not checked (Root cause: com.kms.katalon.core.exception.StepFailedException: Object '' is not checked
	at com.kms.katalon.core.webui.keyword.internal.WebUIKeywordMain.stepFailed(WebUIKeywordMain.groovy:64)
	at com.kms.katalon.core.webui.keyword.builtin.VerifyElementCheckedKeyword$_verifyElementChecked_closure1.doCall(VerifyElementCheckedKeyword.groovy:81)
	at com.kms.katalon.core.webui.keyword.builtin.VerifyElementCheckedKeyword$_verifyElementChecked_closure1.call(VerifyElementCheckedKeyword.groovy)
	at com.kms.katalon.core.webui.keyword.internal.WebUIKeywordMain.runKeyword(WebUIKeywordMain.groovy:20)
	at com.kms.katalon.core.webui.keyword.builtin.VerifyElementCheckedKeyword.verifyElementChecked(VerifyElementCheckedKeyword.groovy:92)
	at com.kms.katalon.core.webui.keyword.builtin.VerifyElementCheckedKeyword.execute(VerifyElementCheckedKeyword.groovy:68)
	at com.kms.katalon.core.keyword.internal.KeywordExecutor.executeKeywordForPlatform(KeywordExecutor.groovy:72)
	at com.kms.katalon.core.webui.keyword.WebUiBuiltInKeywords.verifyElementChecked(WebUiBuiltInKeywords.groovy:1378)
	at com.kms.katalon.core.webui.keyword.WebUiBuiltInKeywords$verifyElementChecked$14.call(Unknown Source)
	at ist_real.Contract_Dispatcher.TestingTestingCode(Contract_Dispatcher.groovy:1825)
	at cucumber.runtime.Utils$1.call(Utils.java:26)
	at cucumber.runtime.Timeout.timeout(Timeout.java:16)
	at cucumber.runtime.Utils.invoke(Utils.java:20)
	at cucumber.runtime.java.JavaStepDefinition.execute(JavaStepDefinition.java:48)
	at cucumber.runtime.PickleStepDefinitionMatch.runStep(PickleStepDefinitionMatch.java:50)
	at cucumber.runner.TestStep.executeStep(TestStep.java:55)
	at cucumber.runner.TestStep.run(TestStep.java:42)
	at cucumber.runner.PickleStepTestStep.run(PickleStepTestStep.java:53)
	at cucumber.runner.TestCase.run(TestCase.java:47)
	at cucumber.runner.Runner.runPickle(Runner.java:44)
	at cucumber.runtime.Runtime.runFeature(Runtime.java:120)
	at cucumber.runtime.Runtime.run(Runtime.java:106)
	at cucumber.api.cli.Main.run(Main.java:35)
	at cucumber.api.cli.Main$run.call(Unknown Source)
	at com.kms.katalon.core.cucumber.keyword.CucumberBuiltinKeywords$_runFeatureFile_closure1.doCall(CucumberBuiltinKeywords.groovy:76)
	at com.kms.katalon.core.cucumber.keyword.CucumberBuiltinKeywords$_runFeatureFile_closure1.doCall(CucumberBuiltinKeywords.groovy)
	at com.kms.katalon.core.keyword.internal.KeywordMain.runKeyword(KeywordMain.groovy:68)
	at com.kms.katalon.core.keyword.internal.KeywordMain$runKeyword.call(Unknown Source)
	at com.kms.katalon.core.cucumber.keyword.CucumberBuiltinKeywords.runFeatureFile(CucumberBuiltinKeywords.groovy:46)
	at com.kms.katalon.core.cucumber.keyword.CucumberBuiltinKeywords$runFeatureFile$0.callStatic(Unknown Source)
	at com.kms.katalon.core.cucumber.keyword.CucumberBuiltinKeywords.runFeatureFile(CucumberBuiltinKeywords.groovy:169)
	at com.kms.katalon.core.cucumber.keyword.CucumberBuiltinKeywords$runFeatureFile.call(Unknown Source)
	at Tracker_Invoice_System_Update_Data.run(Tracker_Invoice_System_Update_Data:18)
	at com.kms.katalon.core.main.ScriptEngine.run(ScriptEngine.java:194)
	at com.kms.katalon.core.main.ScriptEngine.runScriptAsRawText(ScriptEngine.java:119)
	at com.kms.katalon.core.main.TestCaseExecutor.runScript(TestCaseExecutor.java:337)
	at com.kms.katalon.core.main.TestCaseExecutor.doExecute(TestCaseExecutor.java:328)
	at com.kms.katalon.core.main.TestCaseExecutor.processExecutionPhase(TestCaseExecutor.java:307)
	at com.kms.katalon.core.main.TestCaseExecutor.accessMainPhase(TestCaseExecutor.java:299)
	at com.kms.katalon.core.main.TestCaseExecutor.execute(TestCaseExecutor.java:233)
	at com.kms.katalon.core.main.TestSuiteExecutor.accessTestCaseMainPhase(TestSuiteExecutor.java:169)
	at com.kms.katalon.core.main.TestSuiteExecutor.accessTestSuiteMainPhase(TestSuiteExecutor.java:142)
	at com.kms.katalon.core.main.TestSuiteExecutor.execute(TestSuiteExecutor.java:91)
	at com.kms.katalon.core.main.TestCaseMain.startTestSuite(TestCaseMain.java:157)
	at com.kms.katalon.core.main.TestCaseMain$startTestSuite$0.call(Unknown Source)
	at TempTestSuite1585753840100.run(TempTestSuite1585753840100.groovy:36)
)
[[ATTACHMENT|C:\\Users\\ramsey.loloyanto\\Documents\\ist-Katalon\\Reports\\20200401_221040\\TRIS\\DEV\\Tracker_Invoice_System_Update_Data\\20200401_221040\\1585754007245.png]]

2020-04-01 22:13:27 - [MESSAGE][PASSED] - Attribute 'disabled' of object '' is: 'null'

2020-04-01 22:13:27 - [MESSAGE][WARNING] - Object '' is not checked (Root cause: com.kms.katalon.core.exception.StepFailedException: Object '' is not checked
	at com.kms.katalon.core.webui.keyword.internal.WebUIKeywordMain.stepFailed(WebUIKeywordMain.groovy:64)
	at com.kms.katalon.core.webui.keyword.builtin.VerifyElementCheckedKeyword$_verifyElementChecked_closure1.doCall(VerifyElementCheckedKeyword.groovy:81)
	at com.kms.katalon.core.webui.keyword.builtin.VerifyElementCheckedKeyword$_verifyElementChecked_closure1.call(VerifyElementCheckedKeyword.groovy)
	at com.kms.katalon.core.webui.keyword.internal.WebUIKeywordMain.runKeyword(WebUIKeywordMain.groovy:20)
	at com.kms.katalon.core.webui.keyword.builtin.VerifyElementCheckedKeyword.verifyElementChecked(VerifyElementCheckedKeyword.groovy:92)
	at com.kms.katalon.core.webui.keyword.builtin.VerifyElementCheckedKeyword.execute(VerifyElementCheckedKeyword.groovy:68)
	at com.kms.katalon.core.keyword.internal.KeywordExecutor.executeKeywordForPlatform(KeywordExecutor.groovy:72)
	at com.kms.katalon.core.webui.keyword.WebUiBuiltInKeywords.verifyElementChecked(WebUiBuiltInKeywords.groovy:1378)
	at com.kms.katalon.core.webui.keyword.WebUiBuiltInKeywords$verifyElementChecked$14.call(Unknown Source)
	at ist_real.Contract_Dispatcher.TestingTestingCode(Contract_Dispatcher.groovy:1825)
	at cucumber.runtime.Utils$1.call(Utils.java:26)
	at cucumber.runtime.Timeout.timeout(Timeout.java:16)
	at cucumber.runtime.Utils.invoke(Utils.java:20)
	at cucumber.runtime.java.JavaStepDefinition.execute(JavaStepDefinition.java:48)
	at cucumber.runtime.PickleStepDefinitionMatch.runStep(PickleStepDefinitionMatch.java:50)
	at cucumber.runner.TestStep.executeStep(TestStep.java:55)
	at cucumber.runner.TestStep.run(TestStep.java:42)
	at cucumber.runner.PickleStepTestStep.run(PickleStepTestStep.java:53)
	at cucumber.runner.TestCase.run(TestCase.java:47)
	at cucumber.runner.Runner.runPickle(Runner.java:44)
	at cucumber.runtime.Runtime.runFeature(Runtime.java:120)
	at cucumber.runtime.Runtime.run(Runtime.java:106)
	at cucumber.api.cli.Main.run(Main.java:35)
	at cucumber.api.cli.Main$run.call(Unknown Source)
	at com.kms.katalon.core.cucumber.keyword.CucumberBuiltinKeywords$_runFeatureFile_closure1.doCall(CucumberBuiltinKeywords.groovy:76)
	at com.kms.katalon.core.cucumber.keyword.CucumberBuiltinKeywords$_runFeatureFile_closure1.doCall(CucumberBuiltinKeywords.groovy)
	at com.kms.katalon.core.keyword.internal.KeywordMain.runKeyword(KeywordMain.groovy:68)
	at com.kms.katalon.core.keyword.internal.KeywordMain$runKeyword.call(Unknown Source)
	at com.kms.katalon.core.cucumber.keyword.CucumberBuiltinKeywords.runFeatureFile(CucumberBuiltinKeywords.groovy:46)
	at com.kms.katalon.core.cucumber.keyword.CucumberBuiltinKeywords$runFeatureFile$0.callStatic(Unknown Source)
	at com.kms.katalon.core.cucumber.keyword.CucumberBuiltinKeywords.runFeatureFile(CucumberBuiltinKeywords.groovy:169)
	at com.kms.katalon.core.cucumber.keyword.CucumberBuiltinKeywords$runFeatureFile.call(Unknown Source)
	at Tracker_Invoice_System_Update_Data.run(Tracker_Invoice_System_Update_Data:18)
	at com.kms.katalon.core.main.ScriptEngine.run(ScriptEngine.java:194)
	at com.kms.katalon.core.main.ScriptEngine.runScriptAsRawText(ScriptEngine.java:119)
	at com.kms.katalon.core.main.TestCaseExecutor.runScript(TestCaseExecutor.java:337)
	at com.kms.katalon.core.main.TestCaseExecutor.doExecute(TestCaseExecutor.java:328)
	at com.kms.katalon.core.main.TestCaseExecutor.processExecutionPhase(TestCaseExecutor.java:307)
	at com.kms.katalon.core.main.TestCaseExecutor.accessMainPhase(TestCaseExecutor.java:299)
	at com.kms.katalon.core.main.TestCaseExecutor.execute(TestCaseExecutor.java:233)
	at com.kms.katalon.core.main.TestSuiteExecutor.accessTestCaseMainPhase(TestSuiteExecutor.java:169)
	at com.kms.katalon.core.main.TestSuiteExecutor.accessTestSuiteMainPhase(TestSuiteExecutor.java:142)
	at com.kms.katalon.core.main.TestSuiteExecutor.execute(TestSuiteExecutor.java:91)
	at com.kms.katalon.core.main.TestCaseMain.startTestSuite(TestCaseMain.java:157)
	at com.kms.katalon.core.main.TestCaseMain$startTestSuite$0.call(Unknown Source)
	at TempTestSuite1585753840100.run(TempTestSuite1585753840100.groovy:36)
)
[[ATTACHMENT|C:\\Users\\ramsey.loloyanto\\Documents\\ist-Katalon\\Reports\\20200401_221040\\TRIS\\DEV\\Tracker_Invoice_System_Update_Data\\20200401_221040\\1585754007812.png]]

2020-04-01 22:13:28 - [MESSAGE][PASSED] - Attribute 'disabled' of object '' is: 'null'

2020-04-01 22:13:28 - [MESSAGE][WARNING] - Object '' is not checked (Root cause: com.kms.katalon.core.exception.StepFailedException: Object '' is not checked
	at com.kms.katalon.core.webui.keyword.internal.WebUIKeywordMain.stepFailed(WebUIKeywordMain.groovy:64)
	at com.kms.katalon.core.webui.keyword.builtin.VerifyElementCheckedKeyword$_verifyElementChecked_closure1.doCall(VerifyElementCheckedKeyword.groovy:81)
	at com.kms.katalon.core.webui.keyword.builtin.VerifyElementCheckedKeyword$_verifyElementChecked_closure1.call(VerifyElementCheckedKeyword.groovy)
	at com.kms.katalon.core.webui.keyword.internal.WebUIKeywordMain.runKeyword(WebUIKeywordMain.groovy:20)
	at com.kms.katalon.core.webui.keyword.builtin.VerifyElementCheckedKeyword.verifyElementChecked(VerifyElementCheckedKeyword.groovy:92)
	at com.kms.katalon.core.webui.keyword.builtin.VerifyElementCheckedKeyword.execute(VerifyElementCheckedKeyword.groovy:68)
	at com.kms.katalon.core.keyword.internal.KeywordExecutor.executeKeywordForPlatform(KeywordExecutor.groovy:72)
	at com.kms.katalon.core.webui.keyword.WebUiBuiltInKeywords.verifyElementChecked(WebUiBuiltInKeywords.groovy:1378)
	at com.kms.katalon.core.webui.keyword.WebUiBuiltInKeywords$verifyElementChecked$14.call(Unknown Source)
	at ist_real.Contract_Dispatcher.TestingTestingCode(Contract_Dispatcher.groovy:1825)
	at cucumber.runtime.Utils$1.call(Utils.java:26)
	at cucumber.runtime.Timeout.timeout(Timeout.java:16)
	at cucumber.runtime.Utils.invoke(Utils.java:20)
	at cucumber.runtime.java.JavaStepDefinition.execute(JavaStepDefinition.java:48)
	at cucumber.runtime.PickleStepDefinitionMatch.runStep(PickleStepDefinitionMatch.java:50)
	at cucumber.runner.TestStep.executeStep(TestStep.java:55)
	at cucumber.runner.TestStep.run(TestStep.java:42)
	at cucumber.runner.PickleStepTestStep.run(PickleStepTestStep.java:53)
	at cucumber.runner.TestCase.run(TestCase.java:47)
	at cucumber.runner.Runner.runPickle(Runner.java:44)
	at cucumber.runtime.Runtime.runFeature(Runtime.java:120)
	at cucumber.runtime.Runtime.run(Runtime.java:106)
	at cucumber.api.cli.Main.run(Main.java:35)
	at cucumber.api.cli.Main$run.call(Unknown Source)
	at com.kms.katalon.core.cucumber.keyword.CucumberBuiltinKeywords$_runFeatureFile_closure1.doCall(CucumberBuiltinKeywords.groovy:76)
	at com.kms.katalon.core.cucumber.keyword.CucumberBuiltinKeywords$_runFeatureFile_closure1.doCall(CucumberBuiltinKeywords.groovy)
	at com.kms.katalon.core.keyword.internal.KeywordMain.runKeyword(KeywordMain.groovy:68)
	at com.kms.katalon.core.keyword.internal.KeywordMain$runKeyword.call(Unknown Source)
	at com.kms.katalon.core.cucumber.keyword.CucumberBuiltinKeywords.runFeatureFile(CucumberBuiltinKeywords.groovy:46)
	at com.kms.katalon.core.cucumber.keyword.CucumberBuiltinKeywords$runFeatureFile$0.callStatic(Unknown Source)
	at com.kms.katalon.core.cucumber.keyword.CucumberBuiltinKeywords.runFeatureFile(CucumberBuiltinKeywords.groovy:169)
	at com.kms.katalon.core.cucumber.keyword.CucumberBuiltinKeywords$runFeatureFile.call(Unknown Source)
	at Tracker_Invoice_System_Update_Data.run(Tracker_Invoice_System_Update_Data:18)
	at com.kms.katalon.core.main.ScriptEngine.run(ScriptEngine.java:194)
	at com.kms.katalon.core.main.ScriptEngine.runScriptAsRawText(ScriptEngine.java:119)
	at com.kms.katalon.core.main.TestCaseExecutor.runScript(TestCaseExecutor.java:337)
	at com.kms.katalon.core.main.TestCaseExecutor.doExecute(TestCaseExecutor.java:328)
	at com.kms.katalon.core.main.TestCaseExecutor.processExecutionPhase(TestCaseExecutor.java:307)
	at com.kms.katalon.core.main.TestCaseExecutor.accessMainPhase(TestCaseExecutor.java:299)
	at com.kms.katalon.core.main.TestCaseExecutor.execute(TestCaseExecutor.java:233)
	at com.kms.katalon.core.main.TestSuiteExecutor.accessTestCaseMainPhase(TestSuiteExecutor.java:169)
	at com.kms.katalon.core.main.TestSuiteExecutor.accessTestSuiteMainPhase(TestSuiteExecutor.java:142)
	at com.kms.katalon.core.main.TestSuiteExecutor.execute(TestSuiteExecutor.java:91)
	at com.kms.katalon.core.main.TestCaseMain.startTestSuite(TestCaseMain.java:157)
	at com.kms.katalon.core.main.TestCaseMain$startTestSuite$0.call(Unknown Source)
	at TempTestSuite1585753840100.run(TempTestSuite1585753840100.groovy:36)
)
[[ATTACHMENT|C:\\Users\\ramsey.loloyanto\\Documents\\ist-Katalon\\Reports\\20200401_221040\\TRIS\\DEV\\Tracker_Invoice_System_Update_Data\\20200401_221040\\1585754008395.png]]

2020-04-01 22:13:28 - [MESSAGE][PASSED] - Attribute 'disabled' of object '' is: 'null'

2020-04-01 22:13:29 - [MESSAGE][WARNING] - Object '' is not checked (Root cause: com.kms.katalon.core.exception.StepFailedException: Object '' is not checked
	at com.kms.katalon.core.webui.keyword.internal.WebUIKeywordMain.stepFailed(WebUIKeywordMain.groovy:64)
	at com.kms.katalon.core.webui.keyword.builtin.VerifyElementCheckedKeyword$_verifyElementChecked_closure1.doCall(VerifyElementCheckedKeyword.groovy:81)
	at com.kms.katalon.core.webui.keyword.builtin.VerifyElementCheckedKeyword$_verifyElementChecked_closure1.call(VerifyElementCheckedKeyword.groovy)
	at com.kms.katalon.core.webui.keyword.internal.WebUIKeywordMain.runKeyword(WebUIKeywordMain.groovy:20)
	at com.kms.katalon.core.webui.keyword.builtin.VerifyElementCheckedKeyword.verifyElementChecked(VerifyElementCheckedKeyword.groovy:92)
	at com.kms.katalon.core.webui.keyword.builtin.VerifyElementCheckedKeyword.execute(VerifyElementCheckedKeyword.groovy:68)
	at com.kms.katalon.core.keyword.internal.KeywordExecutor.executeKeywordForPlatform(KeywordExecutor.groovy:72)
	at com.kms.katalon.core.webui.keyword.WebUiBuiltInKeywords.verifyElementChecked(WebUiBuiltInKeywords.groovy:1378)
	at com.kms.katalon.core.webui.keyword.WebUiBuiltInKeywords$verifyElementChecked$14.call(Unknown Source)
	at ist_real.Contract_Dispatcher.TestingTestingCode(Contract_Dispatcher.groovy:1825)
	at cucumber.runtime.Utils$1.call(Utils.java:26)
	at cucumber.runtime.Timeout.timeout(Timeout.java:16)
	at cucumber.runtime.Utils.invoke(Utils.java:20)
	at cucumber.runtime.java.JavaStepDefinition.execute(JavaStepDefinition.java:48)
	at cucumber.runtime.PickleStepDefinitionMatch.runStep(PickleStepDefinitionMatch.java:50)
	at cucumber.runner.TestStep.executeStep(TestStep.java:55)
	at cucumber.runner.TestStep.run(TestStep.java:42)
	at cucumber.runner.PickleStepTestStep.run(PickleStepTestStep.java:53)
	at cucumber.runner.TestCase.run(TestCase.java:47)
	at cucumber.runner.Runner.runPickle(Runner.java:44)
	at cucumber.runtime.Runtime.runFeature(Runtime.java:120)
	at cucumber.runtime.Runtime.run(Runtime.java:106)
	at cucumber.api.cli.Main.run(Main.java:35)
	at cucumber.api.cli.Main$run.call(Unknown Source)
	at com.kms.katalon.core.cucumber.keyword.CucumberBuiltinKeywords$_runFeatureFile_closure1.doCall(CucumberBuiltinKeywords.groovy:76)
	at com.kms.katalon.core.cucumber.keyword.CucumberBuiltinKeywords$_runFeatureFile_closure1.doCall(CucumberBuiltinKeywords.groovy)
	at com.kms.katalon.core.keyword.internal.KeywordMain.runKeyword(KeywordMain.groovy:68)
	at com.kms.katalon.core.keyword.internal.KeywordMain$runKeyword.call(Unknown Source)
	at com.kms.katalon.core.cucumber.keyword.CucumberBuiltinKeywords.runFeatureFile(CucumberBuiltinKeywords.groovy:46)
	at com.kms.katalon.core.cucumber.keyword.CucumberBuiltinKeywords$runFeatureFile$0.callStatic(Unknown Source)
	at com.kms.katalon.core.cucumber.keyword.CucumberBuiltinKeywords.runFeatureFile(CucumberBuiltinKeywords.groovy:169)
	at com.kms.katalon.core.cucumber.keyword.CucumberBuiltinKeywords$runFeatureFile.call(Unknown Source)
	at Tracker_Invoice_System_Update_Data.run(Tracker_Invoice_System_Update_Data:18)
	at com.kms.katalon.core.main.ScriptEngine.run(ScriptEngine.java:194)
	at com.kms.katalon.core.main.ScriptEngine.runScriptAsRawText(ScriptEngine.java:119)
	at com.kms.katalon.core.main.TestCaseExecutor.runScript(TestCaseExecutor.java:337)
	at com.kms.katalon.core.main.TestCaseExecutor.doExecute(TestCaseExecutor.java:328)
	at com.kms.katalon.core.main.TestCaseExecutor.processExecutionPhase(TestCaseExecutor.java:307)
	at com.kms.katalon.core.main.TestCaseExecutor.accessMainPhase(TestCaseExecutor.java:299)
	at com.kms.katalon.core.main.TestCaseExecutor.execute(TestCaseExecutor.java:233)
	at com.kms.katalon.core.main.TestSuiteExecutor.accessTestCaseMainPhase(TestSuiteExecutor.java:169)
	at com.kms.katalon.core.main.TestSuiteExecutor.accessTestSuiteMainPhase(TestSuiteExecutor.java:142)
	at com.kms.katalon.core.main.TestSuiteExecutor.execute(TestSuiteExecutor.java:91)
	at com.kms.katalon.core.main.TestCaseMain.startTestSuite(TestCaseMain.java:157)
	at com.kms.katalon.core.main.TestCaseMain$startTestSuite$0.call(Unknown Source)
	at TempTestSuite1585753840100.run(TempTestSuite1585753840100.groovy:36)
)
[[ATTACHMENT|C:\\Users\\ramsey.loloyanto\\Documents\\ist-Katalon\\Reports\\20200401_221040\\TRIS\\DEV\\Tracker_Invoice_System_Update_Data\\20200401_221040\\1585754008958.png]]

2020-04-01 22:13:29 - [MESSAGE][PASSED] - Attribute 'disabled' of object '' is: 'null'

2020-04-01 22:13:29 - [MESSAGE][WARNING] - Object '' is not checked (Root cause: com.kms.katalon.core.exception.StepFailedException: Object '' is not checked
	at com.kms.katalon.core.webui.keyword.internal.WebUIKeywordMain.stepFailed(WebUIKeywordMain.groovy:64)
	at com.kms.katalon.core.webui.keyword.builtin.VerifyElementCheckedKeyword$_verifyElementChecked_closure1.doCall(VerifyElementCheckedKeyword.groovy:81)
	at com.kms.katalon.core.webui.keyword.builtin.VerifyElementCheckedKeyword$_verifyElementChecked_closure1.call(VerifyElementCheckedKeyword.groovy)
	at com.kms.katalon.core.webui.keyword.internal.WebUIKeywordMain.runKeyword(WebUIKeywordMain.groovy:20)
	at com.kms.katalon.core.webui.keyword.builtin.VerifyElementCheckedKeyword.verifyElementChecked(VerifyElementCheckedKeyword.groovy:92)
	at com.kms.katalon.core.webui.keyword.builtin.VerifyElementCheckedKeyword.execute(VerifyElementCheckedKeyword.groovy:68)
	at com.kms.katalon.core.keyword.internal.KeywordExecutor.executeKeywordForPlatform(KeywordExecutor.groovy:72)
	at com.kms.katalon.core.webui.keyword.WebUiBuiltInKeywords.verifyElementChecked(WebUiBuiltInKeywords.groovy:1378)
	at com.kms.katalon.core.webui.keyword.WebUiBuiltInKeywords$verifyElementChecked$14.call(Unknown Source)
	at ist_real.Contract_Dispatcher.TestingTestingCode(Contract_Dispatcher.groovy:1825)
	at cucumber.runtime.Utils$1.call(Utils.java:26)
	at cucumber.runtime.Timeout.timeout(Timeout.java:16)
	at cucumber.runtime.Utils.invoke(Utils.java:20)
	at cucumber.runtime.java.JavaStepDefinition.execute(JavaStepDefinition.java:48)
	at cucumber.runtime.PickleStepDefinitionMatch.runStep(PickleStepDefinitionMatch.java:50)
	at cucumber.runner.TestStep.executeStep(TestStep.java:55)
	at cucumber.runner.TestStep.run(TestStep.java:42)
	at cucumber.runner.PickleStepTestStep.run(PickleStepTestStep.java:53)
	at cucumber.runner.TestCase.run(TestCase.java:47)
	at cucumber.runner.Runner.runPickle(Runner.java:44)
	at cucumber.runtime.Runtime.runFeature(Runtime.java:120)
	at cucumber.runtime.Runtime.run(Runtime.java:106)
	at cucumber.api.cli.Main.run(Main.java:35)
	at cucumber.api.cli.Main$run.call(Unknown Source)
	at com.kms.katalon.core.cucumber.keyword.CucumberBuiltinKeywords$_runFeatureFile_closure1.doCall(CucumberBuiltinKeywords.groovy:76)
	at com.kms.katalon.core.cucumber.keyword.CucumberBuiltinKeywords$_runFeatureFile_closure1.doCall(CucumberBuiltinKeywords.groovy)
	at com.kms.katalon.core.keyword.internal.KeywordMain.runKeyword(KeywordMain.groovy:68)
	at com.kms.katalon.core.keyword.internal.KeywordMain$runKeyword.call(Unknown Source)
	at com.kms.katalon.core.cucumber.keyword.CucumberBuiltinKeywords.runFeatureFile(CucumberBuiltinKeywords.groovy:46)
	at com.kms.katalon.core.cucumber.keyword.CucumberBuiltinKeywords$runFeatureFile$0.callStatic(Unknown Source)
	at com.kms.katalon.core.cucumber.keyword.CucumberBuiltinKeywords.runFeatureFile(CucumberBuiltinKeywords.groovy:169)
	at com.kms.katalon.core.cucumber.keyword.CucumberBuiltinKeywords$runFeatureFile.call(Unknown Source)
	at Tracker_Invoice_System_Update_Data.run(Tracker_Invoice_System_Update_Data:18)
	at com.kms.katalon.core.main.ScriptEngine.run(ScriptEngine.java:194)
	at com.kms.katalon.core.main.ScriptEngine.runScriptAsRawText(ScriptEngine.java:119)
	at com.kms.katalon.core.main.TestCaseExecutor.runScript(TestCaseExecutor.java:337)
	at com.kms.katalon.core.main.TestCaseExecutor.doExecute(TestCaseExecutor.java:328)
	at com.kms.katalon.core.main.TestCaseExecutor.processExecutionPhase(TestCaseExecutor.java:307)
	at com.kms.katalon.core.main.TestCaseExecutor.accessMainPhase(TestCaseExecutor.java:299)
	at com.kms.katalon.core.main.TestCaseExecutor.execute(TestCaseExecutor.java:233)
	at com.kms.katalon.core.main.TestSuiteExecutor.accessTestCaseMainPhase(TestSuiteExecutor.java:169)
	at com.kms.katalon.core.main.TestSuiteExecutor.accessTestSuiteMainPhase(TestSuiteExecutor.java:142)
	at com.kms.katalon.core.main.TestSuiteExecutor.execute(TestSuiteExecutor.java:91)
	at com.kms.katalon.core.main.TestCaseMain.startTestSuite(TestCaseMain.java:157)
	at com.kms.katalon.core.main.TestCaseMain$startTestSuite$0.call(Unknown Source)
	at TempTestSuite1585753840100.run(TempTestSuite1585753840100.groovy:36)
)
[[ATTACHMENT|C:\\Users\\ramsey.loloyanto\\Documents\\ist-Katalon\\Reports\\20200401_221040\\TRIS\\DEV\\Tracker_Invoice_System_Update_Data\\20200401_221040\\1585754009517.png]]

2020-04-01 22:13:29 - [MESSAGE][PASSED] - Attribute 'disabled' of object '' is: 'null'

2020-04-01 22:13:30 - [MESSAGE][WARNING] - Object '' is not checked (Root cause: com.kms.katalon.core.exception.StepFailedException: Object '' is not checked
	at com.kms.katalon.core.webui.keyword.internal.WebUIKeywordMain.stepFailed(WebUIKeywordMain.groovy:64)
	at com.kms.katalon.core.webui.keyword.builtin.VerifyElementCheckedKeyword$_verifyElementChecked_closure1.doCall(VerifyElementCheckedKeyword.groovy:81)
	at com.kms.katalon.core.webui.keyword.builtin.VerifyElementCheckedKeyword$_verifyElementChecked_closure1.call(VerifyElementCheckedKeyword.groovy)
	at com.kms.katalon.core.webui.keyword.internal.WebUIKeywordMain.runKeyword(WebUIKeywordMain.groovy:20)
	at com.kms.katalon.core.webui.keyword.builtin.VerifyElementCheckedKeyword.verifyElementChecked(VerifyElementCheckedKeyword.groovy:92)
	at com.kms.katalon.core.webui.keyword.builtin.VerifyElementCheckedKeyword.execute(VerifyElementCheckedKeyword.groovy:68)
	at com.kms.katalon.core.keyword.internal.KeywordExecutor.executeKeywordForPlatform(KeywordExecutor.groovy:72)
	at com.kms.katalon.core.webui.keyword.WebUiBuiltInKeywords.verifyElementChecked(WebUiBuiltInKeywords.groovy:1378)
	at com.kms.katalon.core.webui.keyword.WebUiBuiltInKeywords$verifyElementChecked$14.call(Unknown Source)
	at ist_real.Contract_Dispatcher.TestingTestingCode(Contract_Dispatcher.groovy:1825)
	at cucumber.runtime.Utils$1.call(Utils.java:26)
	at cucumber.runtime.Timeout.timeout(Timeout.java:16)
	at cucumber.runtime.Utils.invoke(Utils.java:20)
	at cucumber.runtime.java.JavaStepDefinition.execute(JavaStepDefinition.java:48)
	at cucumber.runtime.PickleStepDefinitionMatch.runStep(PickleStepDefinitionMatch.java:50)
	at cucumber.runner.TestStep.executeStep(TestStep.java:55)
	at cucumber.runner.TestStep.run(TestStep.java:42)
	at cucumber.runner.PickleStepTestStep.run(PickleStepTestStep.java:53)
	at cucumber.runner.TestCase.run(TestCase.java:47)
	at cucumber.runner.Runner.runPickle(Runner.java:44)
	at cucumber.runtime.Runtime.runFeature(Runtime.java:120)
	at cucumber.runtime.Runtime.run(Runtime.java:106)
	at cucumber.api.cli.Main.run(Main.java:35)
	at cucumber.api.cli.Main$run.call(Unknown Source)
	at com.kms.katalon.core.cucumber.keyword.CucumberBuiltinKeywords$_runFeatureFile_closure1.doCall(CucumberBuiltinKeywords.groovy:76)
	at com.kms.katalon.core.cucumber.keyword.CucumberBuiltinKeywords$_runFeatureFile_closure1.doCall(CucumberBuiltinKeywords.groovy)
	at com.kms.katalon.core.keyword.internal.KeywordMain.runKeyword(KeywordMain.groovy:68)
	at com.kms.katalon.core.keyword.internal.KeywordMain$runKeyword.call(Unknown Source)
	at com.kms.katalon.core.cucumber.keyword.CucumberBuiltinKeywords.runFeatureFile(CucumberBuiltinKeywords.groovy:46)
	at com.kms.katalon.core.cucumber.keyword.CucumberBuiltinKeywords$runFeatureFile$0.callStatic(Unknown Source)
	at com.kms.katalon.core.cucumber.keyword.CucumberBuiltinKeywords.runFeatureFile(CucumberBuiltinKeywords.groovy:169)
	at com.kms.katalon.core.cucumber.keyword.CucumberBuiltinKeywords$runFeatureFile.call(Unknown Source)
	at Tracker_Invoice_System_Update_Data.run(Tracker_Invoice_System_Update_Data:18)
	at com.kms.katalon.core.main.ScriptEngine.run(ScriptEngine.java:194)
	at com.kms.katalon.core.main.ScriptEngine.runScriptAsRawText(ScriptEngine.java:119)
	at com.kms.katalon.core.main.TestCaseExecutor.runScript(TestCaseExecutor.java:337)
	at com.kms.katalon.core.main.TestCaseExecutor.doExecute(TestCaseExecutor.java:328)
	at com.kms.katalon.core.main.TestCaseExecutor.processExecutionPhase(TestCaseExecutor.java:307)
	at com.kms.katalon.core.main.TestCaseExecutor.accessMainPhase(TestCaseExecutor.java:299)
	at com.kms.katalon.core.main.TestCaseExecutor.execute(TestCaseExecutor.java:233)
	at com.kms.katalon.core.main.TestSuiteExecutor.accessTestCaseMainPhase(TestSuiteExecutor.java:169)
	at com.kms.katalon.core.main.TestSuiteExecutor.accessTestSuiteMainPhase(TestSuiteExecutor.java:142)
	at com.kms.katalon.core.main.TestSuiteExecutor.execute(TestSuiteExecutor.java:91)
	at com.kms.katalon.core.main.TestCaseMain.startTestSuite(TestCaseMain.java:157)
	at com.kms.katalon.core.main.TestCaseMain$startTestSuite$0.call(Unknown Source)
	at TempTestSuite1585753840100.run(TempTestSuite1585753840100.groovy:36)
)
[[ATTACHMENT|C:\\Users\\ramsey.loloyanto\\Documents\\ist-Katalon\\Reports\\20200401_221040\\TRIS\\DEV\\Tracker_Invoice_System_Update_Data\\20200401_221040\\1585754010098.png]]

2020-04-01 22:13:30 - [MESSAGE][PASSED] - Attribute 'disabled' of object '' is: 'null'

2020-04-01 22:13:30 - [MESSAGE][WARNING] - Object '' is not checked (Root cause: com.kms.katalon.core.exception.StepFailedException: Object '' is not checked
	at com.kms.katalon.core.webui.keyword.internal.WebUIKeywordMain.stepFailed(WebUIKeywordMain.groovy:64)
	at com.kms.katalon.core.webui.keyword.builtin.VerifyElementCheckedKeyword$_verifyElementChecked_closure1.doCall(VerifyElementCheckedKeyword.groovy:81)
	at com.kms.katalon.core.webui.keyword.builtin.VerifyElementCheckedKeyword$_verifyElementChecked_closure1.call(VerifyElementCheckedKeyword.groovy)
	at com.kms.katalon.core.webui.keyword.internal.WebUIKeywordMain.runKeyword(WebUIKeywordMain.groovy:20)
	at com.kms.katalon.core.webui.keyword.builtin.VerifyElementCheckedKeyword.verifyElementChecked(VerifyElementCheckedKeyword.groovy:92)
	at com.kms.katalon.core.webui.keyword.builtin.VerifyElementCheckedKeyword.execute(VerifyElementCheckedKeyword.groovy:68)
	at com.kms.katalon.core.keyword.internal.KeywordExecutor.executeKeywordForPlatform(KeywordExecutor.groovy:72)
	at com.kms.katalon.core.webui.keyword.WebUiBuiltInKeywords.verifyElementChecked(WebUiBuiltInKeywords.groovy:1378)
	at com.kms.katalon.core.webui.keyword.WebUiBuiltInKeywords$verifyElementChecked$14.call(Unknown Source)
	at ist_real.Contract_Dispatcher.TestingTestingCode(Contract_Dispatcher.groovy:1825)
	at cucumber.runtime.Utils$1.call(Utils.java:26)
	at cucumber.runtime.Timeout.timeout(Timeout.java:16)
	at cucumber.runtime.Utils.invoke(Utils.java:20)
	at cucumber.runtime.java.JavaStepDefinition.execute(JavaStepDefinition.java:48)
	at cucumber.runtime.PickleStepDefinitionMatch.runStep(PickleStepDefinitionMatch.java:50)
	at cucumber.runner.TestStep.executeStep(TestStep.java:55)
	at cucumber.runner.TestStep.run(TestStep.java:42)
	at cucumber.runner.PickleStepTestStep.run(PickleStepTestStep.java:53)
	at cucumber.runner.TestCase.run(TestCase.java:47)
	at cucumber.runner.Runner.runPickle(Runner.java:44)
	at cucumber.runtime.Runtime.runFeature(Runtime.java:120)
	at cucumber.runtime.Runtime.run(Runtime.java:106)
	at cucumber.api.cli.Main.run(Main.java:35)
	at cucumber.api.cli.Main$run.call(Unknown Source)
	at com.kms.katalon.core.cucumber.keyword.CucumberBuiltinKeywords$_runFeatureFile_closure1.doCall(CucumberBuiltinKeywords.groovy:76)
	at com.kms.katalon.core.cucumber.keyword.CucumberBuiltinKeywords$_runFeatureFile_closure1.doCall(CucumberBuiltinKeywords.groovy)
	at com.kms.katalon.core.keyword.internal.KeywordMain.runKeyword(KeywordMain.groovy:68)
	at com.kms.katalon.core.keyword.internal.KeywordMain$runKeyword.call(Unknown Source)
	at com.kms.katalon.core.cucumber.keyword.CucumberBuiltinKeywords.runFeatureFile(CucumberBuiltinKeywords.groovy:46)
	at com.kms.katalon.core.cucumber.keyword.CucumberBuiltinKeywords$runFeatureFile$0.callStatic(Unknown Source)
	at com.kms.katalon.core.cucumber.keyword.CucumberBuiltinKeywords.runFeatureFile(CucumberBuiltinKeywords.groovy:169)
	at com.kms.katalon.core.cucumber.keyword.CucumberBuiltinKeywords$runFeatureFile.call(Unknown Source)
	at Tracker_Invoice_System_Update_Data.run(Tracker_Invoice_System_Update_Data:18)
	at com.kms.katalon.core.main.ScriptEngine.run(ScriptEngine.java:194)
	at com.kms.katalon.core.main.ScriptEngine.runScriptAsRawText(ScriptEngine.java:119)
	at com.kms.katalon.core.main.TestCaseExecutor.runScript(TestCaseExecutor.java:337)
	at com.kms.katalon.core.main.TestCaseExecutor.doExecute(TestCaseExecutor.java:328)
	at com.kms.katalon.core.main.TestCaseExecutor.processExecutionPhase(TestCaseExecutor.java:307)
	at com.kms.katalon.core.main.TestCaseExecutor.accessMainPhase(TestCaseExecutor.java:299)
	at com.kms.katalon.core.main.TestCaseExecutor.execute(TestCaseExecutor.java:233)
	at com.kms.katalon.core.main.TestSuiteExecutor.accessTestCaseMainPhase(TestSuiteExecutor.java:169)
	at com.kms.katalon.core.main.TestSuiteExecutor.accessTestSuiteMainPhase(TestSuiteExecutor.java:142)
	at com.kms.katalon.core.main.TestSuiteExecutor.execute(TestSuiteExecutor.java:91)
	at com.kms.katalon.core.main.TestCaseMain.startTestSuite(TestCaseMain.java:157)
	at com.kms.katalon.core.main.TestCaseMain$startTestSuite$0.call(Unknown Source)
	at TempTestSuite1585753840100.run(TempTestSuite1585753840100.groovy:36)
)
[[ATTACHMENT|C:\\Users\\ramsey.loloyanto\\Documents\\ist-Katalon\\Reports\\20200401_221040\\TRIS\\DEV\\Tracker_Invoice_System_Update_Data\\20200401_221040\\1585754010668.png]]

2020-04-01 22:13:31 - [MESSAGE][PASSED] - Attribute 'disabled' of object '' is: 'null'

2020-04-01 22:13:31 - [MESSAGE][WARNING] - Object '' is not checked (Root cause: com.kms.katalon.core.exception.StepFailedException: Object '' is not checked
	at com.kms.katalon.core.webui.keyword.internal.WebUIKeywordMain.stepFailed(WebUIKeywordMain.groovy:64)
	at com.kms.katalon.core.webui.keyword.builtin.VerifyElementCheckedKeyword$_verifyElementChecked_closure1.doCall(VerifyElementCheckedKeyword.groovy:81)
	at com.kms.katalon.core.webui.keyword.builtin.VerifyElementCheckedKeyword$_verifyElementChecked_closure1.call(VerifyElementCheckedKeyword.groovy)
	at com.kms.katalon.core.webui.keyword.internal.WebUIKeywordMain.runKeyword(WebUIKeywordMain.groovy:20)
	at com.kms.katalon.core.webui.keyword.builtin.VerifyElementCheckedKeyword.verifyElementChecked(VerifyElementCheckedKeyword.groovy:92)
	at com.kms.katalon.core.webui.keyword.builtin.VerifyElementCheckedKeyword.execute(VerifyElementCheckedKeyword.groovy:68)
	at com.kms.katalon.core.keyword.internal.KeywordExecutor.executeKeywordForPlatform(KeywordExecutor.groovy:72)
	at com.kms.katalon.core.webui.keyword.WebUiBuiltInKeywords.verifyElementChecked(WebUiBuiltInKeywords.groovy:1378)
	at com.kms.katalon.core.webui.keyword.WebUiBuiltInKeywords$verifyElementChecked$14.call(Unknown Source)
	at ist_real.Contract_Dispatcher.TestingTestingCode(Contract_Dispatcher.groovy:1825)
	at cucumber.runtime.Utils$1.call(Utils.java:26)
	at cucumber.runtime.Timeout.timeout(Timeout.java:16)
	at cucumber.runtime.Utils.invoke(Utils.java:20)
	at cucumber.runtime.java.JavaStepDefinition.execute(JavaStepDefinition.java:48)
	at cucumber.runtime.PickleStepDefinitionMatch.runStep(PickleStepDefinitionMatch.java:50)
	at cucumber.runner.TestStep.executeStep(TestStep.java:55)
	at cucumber.runner.TestStep.run(TestStep.java:42)
	at cucumber.runner.PickleStepTestStep.run(PickleStepTestStep.java:53)
	at cucumber.runner.TestCase.run(TestCase.java:47)
	at cucumber.runner.Runner.runPickle(Runner.java:44)
	at cucumber.runtime.Runtime.runFeature(Runtime.java:120)
	at cucumber.runtime.Runtime.run(Runtime.java:106)
	at cucumber.api.cli.Main.run(Main.java:35)
	at cucumber.api.cli.Main$run.call(Unknown Source)
	at com.kms.katalon.core.cucumber.keyword.CucumberBuiltinKeywords$_runFeatureFile_closure1.doCall(CucumberBuiltinKeywords.groovy:76)
	at com.kms.katalon.core.cucumber.keyword.CucumberBuiltinKeywords$_runFeatureFile_closure1.doCall(CucumberBuiltinKeywords.groovy)
	at com.kms.katalon.core.keyword.internal.KeywordMain.runKeyword(KeywordMain.groovy:68)
	at com.kms.katalon.core.keyword.internal.KeywordMain$runKeyword.call(Unknown Source)
	at com.kms.katalon.core.cucumber.keyword.CucumberBuiltinKeywords.runFeatureFile(CucumberBuiltinKeywords.groovy:46)
	at com.kms.katalon.core.cucumber.keyword.CucumberBuiltinKeywords$runFeatureFile$0.callStatic(Unknown Source)
	at com.kms.katalon.core.cucumber.keyword.CucumberBuiltinKeywords.runFeatureFile(CucumberBuiltinKeywords.groovy:169)
	at com.kms.katalon.core.cucumber.keyword.CucumberBuiltinKeywords$runFeatureFile.call(Unknown Source)
	at Tracker_Invoice_System_Update_Data.run(Tracker_Invoice_System_Update_Data:18)
	at com.kms.katalon.core.main.ScriptEngine.run(ScriptEngine.java:194)
	at com.kms.katalon.core.main.ScriptEngine.runScriptAsRawText(ScriptEngine.java:119)
	at com.kms.katalon.core.main.TestCaseExecutor.runScript(TestCaseExecutor.java:337)
	at com.kms.katalon.core.main.TestCaseExecutor.doExecute(TestCaseExecutor.java:328)
	at com.kms.katalon.core.main.TestCaseExecutor.processExecutionPhase(TestCaseExecutor.java:307)
	at com.kms.katalon.core.main.TestCaseExecutor.accessMainPhase(TestCaseExecutor.java:299)
	at com.kms.katalon.core.main.TestCaseExecutor.execute(TestCaseExecutor.java:233)
	at com.kms.katalon.core.main.TestSuiteExecutor.accessTestCaseMainPhase(TestSuiteExecutor.java:169)
	at com.kms.katalon.core.main.TestSuiteExecutor.accessTestSuiteMainPhase(TestSuiteExecutor.java:142)
	at com.kms.katalon.core.main.TestSuiteExecutor.execute(TestSuiteExecutor.java:91)
	at com.kms.katalon.core.main.TestCaseMain.startTestSuite(TestCaseMain.java:157)
	at com.kms.katalon.core.main.TestCaseMain$startTestSuite$0.call(Unknown Source)
	at TempTestSuite1585753840100.run(TempTestSuite1585753840100.groovy:36)
)
[[ATTACHMENT|C:\\Users\\ramsey.loloyanto\\Documents\\ist-Katalon\\Reports\\20200401_221040\\TRIS\\DEV\\Tracker_Invoice_System_Update_Data\\20200401_221040\\1585754011238.png]]

2020-04-01 22:13:31 - [MESSAGE][PASSED] - Check Corrected Result

2020-04-01 22:13:31 - [TEST_STEP][PASSED] - Click button "Save Invoice": Click button "Save Invoice"

2020-04-01 22:13:31 - [MESSAGE][INFO] - >>>>>//Button[contains(text(),'Save Invoice')]

2020-04-01 22:13:34 - [MESSAGE][PASSED] - Object: '' is clicked on

2020-04-01 22:13:34 - [MESSAGE][PASSED] - Click button "Save Invoice"

2020-04-01 22:13:34 - [TEST_STEP][PASSED] - Verify Update Data in Invoice Summary: Verify Update Data in Invoice Summary

2020-04-01 22:13:35 - [MESSAGE][PASSED] - Text of object '' is: '16/01/2020'

2020-04-01 22:13:36 - [MESSAGE][PASSED] - Text of object '' is: '2.350.000'

2020-04-01 22:13:36 - [MESSAGE][PASSED] - Text of object '' is: 'Mistake'

2020-04-01 22:13:36 - [MESSAGE][PASSED] - Text of object '' is: 'mobile.test'

2020-04-01 22:13:36 - [MESSAGE][PASSED] - Verify Update Data in Invoice Summary

2020-04-01 22:13:36 - [TEST_STEP][PASSED] - Verify Update Data in Additional Detail: Verify Update Data in Additional Detail

2020-04-01 22:13:36 - [MESSAGE][PASSED] - Scroll to object '' successfully

2020-04-01 22:13:37 - [MESSAGE][PASSED] - Object: '' is clicked on

2020-04-01 22:13:37 - [MESSAGE][PASSED] - Text of object '' is: 'None'

2020-04-01 22:13:37 - [MESSAGE][PASSED] - Text of object '' is: '16/01/2020'

2020-04-01 22:13:37 - [MESSAGE][PASSED] - Text of object '' is: '9999999999'

2020-04-01 22:13:38 - [MESSAGE][PASSED] - Text of object '' is: 'Test Update'

2020-04-01 22:13:38 - [MESSAGE][PASSED] - Text of object '' is: 'Test Update'

2020-04-01 22:13:38 - [MESSAGE][PASSED] - Text of object '' is: 'mobile.test'

2020-04-01 22:13:38 - [MESSAGE][PASSED] - Text of object '' is: '01/04/2020'

2020-04-01 22:13:38 - [MESSAGE][PASSED] - Verify Update Data in Additional Detail

2020-04-01 22:13:38 - [TEST_STEP][PASSED] - Click button "Logout": Click button "Logout"

2020-04-01 22:13:38 - [MESSAGE][INFO] - >>>>>//Button[contains(text(),'Logout')]

2020-04-01 22:13:42 - [MESSAGE][PASSED] - Object: '' is clicked on

2020-04-01 22:13:42 - [MESSAGE][PASSED] - Click button "Logout"

2020-04-01 22:13:42 - [TEST_STEP][PASSED] - Close browser: Close browser

2020-04-01 22:13:43 - [MESSAGE][PASSED] - Browser is closed

2020-04-01 22:13:43 - [MESSAGE][PASSED] - Close browser

2020-04-01 22:13:43 - [MESSAGE][PASSED] - Feature file: 'Include/features/IST_Real/TRIS/DEV/Tracker_Invoice_System_Update_Data.feature' was passed]]></system-out>
         <system-err><![CDATA[]]></system-err>
      </testcase>
      <system-out><![CDATA[2020-04-01 22:11:09 - [TEST_SUITE][PASSED] - Tracker_Invoice_System_Update_Data: Test Cases/IST_Real/TRIS/DEV/Tracker_Invoice_System_Update_Data]]></system-out>
      <system-err><![CDATA[]]></system-err>
   </testsuite>
</testsuites>
