<?xml version="1.0" encoding="UTF-8"?>
<testsuites name="TS_Hold_Payment_Configuration" time="102.128" tests="4" failures="2" errors="0">
   <testsuite name="TS_Hold_Payment_Configuration" tests="4" failures="2" errors="0" time="102.128" timestamp="2021-02-05 13:45:24" hostname="chaidir.pratama01 - localhost" id="Test Suites/RTD/TS_Hold_Payment_Configuration">
      <properties>
         <property name="deviceName" value=""/>
         <property name="devicePlatform" value=""/>
         <property name="logFolder" value="/Users/chaidir.pratama01/Katalon Studio/IST_Automation_Git/Reports/20210205_131034/RTD/TS_Hold_Payment_Configuration/20210205_131042"/>
         <property name="logFiles" value="/Users/chaidir.pratama01/Katalon Studio/IST_Automation_Git/Reports/20210205_131034/RTD/TS_Hold_Payment_Configuration/20210205_131042/execution0.log"/>
         <property name="attachments" value="/Users/chaidir.pratama01/Documents/Docs/Katalon Studio/Screenshot/test-Hold Payment Configuration.png, /Users/chaidir.pratama01/Documents/Docs/Katalon Studio/Screenshot/test-Hold Payment Configuration.png, /Users/chaidir.pratama01/Documents/Docs/Katalon Studio/Screenshot/errorpopup.png, /Users/chaidir.pratama01/Documents/Docs/Katalon Studio/Screenshot/test-Hold Payment Configuration.png, /Users/chaidir.pratama01/Documents/Docs/Katalon Studio/Screenshot/errorpopup.png, /Users/chaidir.pratama01/Documents/Docs/Katalon Studio/Screenshot/test-Hold Payment Configuration.png, /Users/chaidir.pratama01/Documents/Docs/Katalon Studio/Screenshot/errorpopup.png, /Users/chaidir.pratama01/Documents/Docs/Katalon Studio/Screenshot/test-Hold Payment Configuration.png, /Users/chaidir.pratama01/Documents/Docs/Katalon Studio/Screenshot/errorpopup.png"/>
         <property name="hostName" value="chaidir.pratama01 - localhost"/>
         <property name="os" value="Mac OS X 64bit"/>
         <property name="katalonVersion" value="7.6.0.${buildNumber}"/>
         <property name="browser" value="Chrome 88.0.4324.146"/>
         <property name="hostAddress" value="127.0.0.1"/>
         <property name="sessionId" value="98718521746b8210ee8893935a71ca1e"/>
         <property name="seleniumVersion" value="3.141.59"/>
         <property name="proxyInformation" value="ProxyInformation { proxyOption=NO_PROXY, proxyServerType=HTTP, username=, password=********, proxyServerAddress=, proxyServerPort=0, executionList=\&quot;\&quot;, isApplyToDesiredCapabilities=true }"/>
         <property name="platform" value="Mac OS X"/>
      </properties>
      <testcase name="Test Cases/RTD/Hold Payment Configuration/TC_Release_Schedule" time="10.954" classname="Test Cases/RTD/Hold Payment Configuration/TC_Release_Schedule" status="FAILED">
         <failure type="FAILED" message="Test Cases/RTD/Hold Payment Configuration/TC_Release_Schedule FAILED.
Reason:
com.kms.katalon.core.exception.StepFailedException: Feature file 'Include/features/IST_Real/RTD/Hold Payment Configuration/Release_Schedule.feature' was failed
	at com.kms.katalon.core.keyword.internal.KeywordMain.stepFailed(KeywordMain.groovy:50)
	at com.kms.katalon.core.keyword.internal.KeywordMain.stepFailed(KeywordMain.groovy)
	at com.kms.katalon.core.keyword.internal.KeywordMain.stepFailed(KeywordMain.groovy:23)
	at com.kms.katalon.core.keyword.internal.KeywordMain$stepFailed$0.call(Unknown Source)
	at com.kms.katalon.core.cucumber.keyword.CucumberBuiltinKeywords$_runFeatureFile_closure1.doCall(CucumberBuiltinKeywords.groovy:82)
	at com.kms.katalon.core.cucumber.keyword.CucumberBuiltinKeywords$_runFeatureFile_closure1.doCall(CucumberBuiltinKeywords.groovy)
	at com.kms.katalon.core.keyword.internal.KeywordMain.runKeyword(KeywordMain.groovy:68)
	at com.kms.katalon.core.keyword.internal.KeywordMain$runKeyword.call(Unknown Source)
	at com.kms.katalon.core.cucumber.keyword.CucumberBuiltinKeywords.runFeatureFile(CucumberBuiltinKeywords.groovy:46)
	at com.kms.katalon.core.cucumber.keyword.CucumberBuiltinKeywords$runFeatureFile$0.callStatic(Unknown Source)
	at com.kms.katalon.core.cucumber.keyword.CucumberBuiltinKeywords.runFeatureFile(CucumberBuiltinKeywords.groovy:169)
	at com.kms.katalon.core.cucumber.keyword.CucumberBuiltinKeywords$runFeatureFile.call(Unknown Source)
	at TC_Release_Schedule.run(TC_Release_Schedule:18)
	at com.kms.katalon.core.main.ScriptEngine.run(ScriptEngine.java:194)
	at com.kms.katalon.core.main.ScriptEngine.runScriptAsRawText(ScriptEngine.java:119)
	at com.kms.katalon.core.main.TestCaseExecutor.runScript(TestCaseExecutor.java:339)
	at com.kms.katalon.core.main.TestCaseExecutor.doExecute(TestCaseExecutor.java:330)
	at com.kms.katalon.core.main.TestCaseExecutor.processExecutionPhase(TestCaseExecutor.java:309)
	at com.kms.katalon.core.main.TestCaseExecutor.accessMainPhase(TestCaseExecutor.java:301)
	at com.kms.katalon.core.main.TestCaseExecutor.execute(TestCaseExecutor.java:235)
	at com.kms.katalon.core.main.TestSuiteExecutor.accessTestCaseMainPhase(TestSuiteExecutor.java:191)
	at com.kms.katalon.core.main.TestSuiteExecutor.accessTestSuiteMainPhase(TestSuiteExecutor.java:141)
	at com.kms.katalon.core.main.TestSuiteExecutor.execute(TestSuiteExecutor.java:90)
	at com.kms.katalon.core.main.TestCaseMain.startTestSuite(TestCaseMain.java:157)
	at com.kms.katalon.core.main.TestCaseMain$startTestSuite$0.call(Unknown Source)
	at TempTestSuite1612505442064.run(TempTestSuite1612505442064.groovy:39)
"/>
         <system-out><![CDATA[2021-02-05 13:45:24 - [TEST_CASE][FAILED] - Test Cases/RTD/Hold Payment Configuration/TC_Release_Schedule: Test Cases/RTD/Hold Payment Configuration/TC_Release_Schedule FAILED.
Reason:
com.kms.katalon.core.exception.StepFailedException: Feature file 'Include/features/IST_Real/RTD/Hold Payment Configuration/Release_Schedule.feature' was failed
	at com.kms.katalon.core.keyword.internal.KeywordMain.stepFailed(KeywordMain.groovy:50)
	at com.kms.katalon.core.keyword.internal.KeywordMain.stepFailed(KeywordMain.groovy)
	at com.kms.katalon.core.keyword.internal.KeywordMain.stepFailed(KeywordMain.groovy:23)
	at com.kms.katalon.core.keyword.internal.KeywordMain$stepFailed$0.call(Unknown Source)
	at com.kms.katalon.core.cucumber.keyword.CucumberBuiltinKeywords$_runFeatureFile_closure1.doCall(CucumberBuiltinKeywords.groovy:82)
	at com.kms.katalon.core.cucumber.keyword.CucumberBuiltinKeywords$_runFeatureFile_closure1.doCall(CucumberBuiltinKeywords.groovy)
	at com.kms.katalon.core.keyword.internal.KeywordMain.runKeyword(KeywordMain.groovy:68)
	at com.kms.katalon.core.keyword.internal.KeywordMain$runKeyword.call(Unknown Source)
	at com.kms.katalon.core.cucumber.keyword.CucumberBuiltinKeywords.runFeatureFile(CucumberBuiltinKeywords.groovy:46)
	at com.kms.katalon.core.cucumber.keyword.CucumberBuiltinKeywords$runFeatureFile$0.callStatic(Unknown Source)
	at com.kms.katalon.core.cucumber.keyword.CucumberBuiltinKeywords.runFeatureFile(CucumberBuiltinKeywords.groovy:169)
	at com.kms.katalon.core.cucumber.keyword.CucumberBuiltinKeywords$runFeatureFile.call(Unknown Source)
	at TC_Release_Schedule.run(TC_Release_Schedule:18)
	at com.kms.katalon.core.main.ScriptEngine.run(ScriptEngine.java:194)
	at com.kms.katalon.core.main.ScriptEngine.runScriptAsRawText(ScriptEngine.java:119)
	at com.kms.katalon.core.main.TestCaseExecutor.runScript(TestCaseExecutor.java:339)
	at com.kms.katalon.core.main.TestCaseExecutor.doExecute(TestCaseExecutor.java:330)
	at com.kms.katalon.core.main.TestCaseExecutor.processExecutionPhase(TestCaseExecutor.java:309)
	at com.kms.katalon.core.main.TestCaseExecutor.accessMainPhase(TestCaseExecutor.java:301)
	at com.kms.katalon.core.main.TestCaseExecutor.execute(TestCaseExecutor.java:235)
	at com.kms.katalon.core.main.TestSuiteExecutor.accessTestCaseMainPhase(TestSuiteExecutor.java:191)
	at com.kms.katalon.core.main.TestSuiteExecutor.accessTestSuiteMainPhase(TestSuiteExecutor.java:141)
	at com.kms.katalon.core.main.TestSuiteExecutor.execute(TestSuiteExecutor.java:90)
	at com.kms.katalon.core.main.TestCaseMain.startTestSuite(TestCaseMain.java:157)
	at com.kms.katalon.core.main.TestCaseMain$startTestSuite$0.call(Unknown Source)
	at TempTestSuite1612505442064.run(TempTestSuite1612505442064.groovy:39)


2021-02-05 13:45:24 - [TEST_STEP][FAILED] - runFeatureFile("Include/features/IST_Real/RTD/Hold Payment Configuration/Release_Schedule.feature"): Keyword runFeatureFile was failed (Root cause: com.kms.katalon.core.exception.StepFailedException: Feature file 'Include/features/IST_Real/RTD/Hold Payment Configuration/Release_Schedule.feature' was failed
	at com.kms.katalon.core.keyword.internal.KeywordMain.stepFailed(KeywordMain.groovy:50)
	at com.kms.katalon.core.keyword.internal.KeywordMain.stepFailed(KeywordMain.groovy)
	at com.kms.katalon.core.keyword.internal.KeywordMain.stepFailed(KeywordMain.groovy:23)
	at com.kms.katalon.core.keyword.internal.KeywordMain$stepFailed$0.call(Unknown Source)
	at com.kms.katalon.core.cucumber.keyword.CucumberBuiltinKeywords$_runFeatureFile_closure1.doCall(CucumberBuiltinKeywords.groovy:82)
	at com.kms.katalon.core.cucumber.keyword.CucumberBuiltinKeywords$_runFeatureFile_closure1.doCall(CucumberBuiltinKeywords.groovy)
	at com.kms.katalon.core.keyword.internal.KeywordMain.runKeyword(KeywordMain.groovy:68)
	at com.kms.katalon.core.keyword.internal.KeywordMain$runKeyword.call(Unknown Source)
	at com.kms.katalon.core.cucumber.keyword.CucumberBuiltinKeywords.runFeatureFile(CucumberBuiltinKeywords.groovy:46)
	at com.kms.katalon.core.cucumber.keyword.CucumberBuiltinKeywords$runFeatureFile$0.callStatic(Unknown Source)
	at com.kms.katalon.core.cucumber.keyword.CucumberBuiltinKeywords.runFeatureFile(CucumberBuiltinKeywords.groovy:169)
	at com.kms.katalon.core.cucumber.keyword.CucumberBuiltinKeywords$runFeatureFile.call(Unknown Source)
	at TC_Release_Schedule.run(TC_Release_Schedule:18)
	at com.kms.katalon.core.main.ScriptEngine.run(ScriptEngine.java:194)
	at com.kms.katalon.core.main.ScriptEngine.runScriptAsRawText(ScriptEngine.java:119)
	at com.kms.katalon.core.main.TestCaseExecutor.runScript(TestCaseExecutor.java:339)
	at com.kms.katalon.core.main.TestCaseExecutor.doExecute(TestCaseExecutor.java:330)
	at com.kms.katalon.core.main.TestCaseExecutor.processExecutionPhase(TestCaseExecutor.java:309)
	at com.kms.katalon.core.main.TestCaseExecutor.accessMainPhase(TestCaseExecutor.java:301)
	at com.kms.katalon.core.main.TestCaseExecutor.execute(TestCaseExecutor.java:235)
	at com.kms.katalon.core.main.TestSuiteExecutor.accessTestCaseMainPhase(TestSuiteExecutor.java:191)
	at com.kms.katalon.core.main.TestSuiteExecutor.accessTestSuiteMainPhase(TestSuiteExecutor.java:141)
	at com.kms.katalon.core.main.TestSuiteExecutor.execute(TestSuiteExecutor.java:90)
	at com.kms.katalon.core.main.TestCaseMain.startTestSuite(TestCaseMain.java:157)
	at com.kms.katalon.core.main.TestCaseMain$startTestSuite$0.call(Unknown Source)
	at TempTestSuite1612505442064.run(TempTestSuite1612505442064.groovy:39)
)

2021-02-05 13:45:24 - [MESSAGE][INFO] - Starting run keyword runFeatureFile: 'Include/features/IST_Real/RTD/Hold Payment Configuration/Release_Schedule.feature' and extract report to folder: '/Users/chaidir.pratama01/Katalon Studio/IST_Automation_Git/Reports/20210205_131034/RTD/TS_Hold_Payment_Configuration/20210205_131042/cucumber_report/1612507524855'...

2021-02-05 13:45:25 - [TEST_CASE][ERROR] - Start Test Case : SCENARIO Release Schedule: SCENARIO Release Schedule FAILED.
Reason:
org.openqa.selenium.NoSuchElementException: no such element: Unable to locate element: {"method":"xpath","selector":"//tbody/tr/td/div/button[text()='Release']/../../preceding-sibling::td[4]/div/span"}
  (Session info: headless chrome=88.0.4324.146)
For documentation on this error, please visit: https://www.seleniumhq.org/exceptions/no_such_element.html
Build info: version: '3.141.59', revision: 'e82be7d358', time: '2018-11-14T08:25:53'
System info: host: 'M-Chaidir-Pratama.local', ip: 'fe80:0:0:0:18fe:1cc7:1896:224b%en0', os.name: 'Mac OS X', os.arch: 'x86_64', os.version: '10.15', java.version: '1.8.0_181'
Driver info: com.kms.katalon.selenium.driver.CChromeDriver
Capabilities {acceptInsecureCerts: false, browserName: chrome, browserVersion: 88.0.4324.146, chrome: {chromedriverVersion: 87.0.4280.88 (89e2380a3e36c..., userDataDir: /var/folders/0s/4_d154xd6dq...}, goog:chromeOptions: {debuggerAddress: localhost:59462}, javascriptEnabled: true, networkConnectionEnabled: false, pageLoadStrategy: normal, platform: MAC, platformName: MAC, proxy: Proxy(), setWindowRect: true, strictFileInteractability: false, timeouts: {implicit: 0, pageLoad: 300000, script: 30000}, unhandledPromptBehavior: dismiss and notify, webauthn:virtualAuthenticators: true}
Session ID: ba75faeaf3a7fdac58c6235dac9c8eda
*** Element info: {Using=xpath, value=//tbody/tr/td/div/button[text()='Release']/../../preceding-sibling::td[4]/div/span}
	at org.openqa.selenium.remote.http.W3CHttpResponseCodec.createException(W3CHttpResponseCodec.java:187)
	at org.openqa.selenium.remote.http.W3CHttpResponseCodec.decode(W3CHttpResponseCodec.java:122)
	at org.openqa.selenium.remote.http.W3CHttpResponseCodec.decode(W3CHttpResponseCodec.java:49)
	at org.openqa.selenium.remote.HttpCommandExecutor.execute(HttpCommandExecutor.java:158)
	at org.openqa.selenium.remote.service.DriverCommandExecutor.execute(DriverCommandExecutor.java:83)
	at org.openqa.selenium.remote.RemoteWebDriver.execute(RemoteWebDriver.java:552)
	at com.kms.katalon.selenium.driver.CChromeDriver.execute(CChromeDriver.java:19)
	at org.openqa.selenium.remote.RemoteWebDriver.findElement(RemoteWebDriver.java:323)
	at org.openqa.selenium.remote.RemoteWebDriver.findElementByXPath(RemoteWebDriver.java:428)
	at org.openqa.selenium.By$ByXPath.findElement(By.java:353)
	at org.openqa.selenium.remote.RemoteWebDriver.findElement(RemoteWebDriver.java:315)
	at org.openqa.selenium.support.events.EventFiringWebDriver.lambda$new$1(EventFiringWebDriver.java:105)
	at com.sun.proxy.$Proxy18.findElement(Unknown Source)
	at org.openqa.selenium.support.events.EventFiringWebDriver.findElement(EventFiringWebDriver.java:194)
	at org.openqa.selenium.WebDriver$findElement.call(Unknown Source)
	at RTD.button_release_and_its_Data(RTD.groovy:439)
	at ✽.Click button "Release" and Verify data(/Users/chaidir.pratama01/Katalon Studio/IST_Automation_Git/Include/features/IST_Real/RTD/Hold Payment Configuration/Release_Schedule.feature:32)


2021-02-05 13:45:25 - [TEST_STEP][PASSED] - Go to ISTools: Go to ISTools

2021-02-05 13:45:25 - [MESSAGE][INFO] - Starting 'Chrome (headless)' driver

2021-02-05 13:45:25 - [MESSAGE][INFO] - User set preference: ['args', '[--start-maximized, --disable-gpu, --no-proxy-server, –-no-sandbox, --allow-running-insecure-content, --ignore-certificate-errors, window-size=1680,814, force-device-scale-factor=2, --lang=en-GB]']

2021-02-05 13:45:25 - [MESSAGE][INFO] - User set preference: ['prefs', '{download.default_directory=/Users/chaidir.pratama01/Katalon Studio/IST_Automation_Git/Download}']

2021-02-05 13:45:25 - [MESSAGE][INFO] - Action delay is set to 0 milliseconds

2021-02-05 13:45:26 - [MESSAGE][PASSED] - Browser is opened with url: ''

2021-02-05 13:45:30 - [MESSAGE][PASSED] - Navigate to 'https://dev-istools.homecredit.id/foundation/' successfully

2021-02-05 13:45:30 - [MESSAGE][PASSED] - Go to ISTools

2021-02-05 13:45:30 - [TEST_STEP][PASSED] - Login IST with valid credentials: Login IST with valid credentials

2021-02-05 13:45:30 - [MESSAGE][PASSED] - Text 'mobile.test' is set on object 'Object Repository/Page_/input_Username_j_username'

2021-02-05 13:45:30 - [MESSAGE][PASSED] - Text ****** has been set on object 'Object Repository/Page_/input_Password_j_password'

2021-02-05 13:45:31 - [MESSAGE][PASSED] - Object: 'Object Repository/Page_/button_Login' is clicked on

2021-02-05 13:45:31 - [MESSAGE][PASSED] - Login IST with valid credentials

2021-02-05 13:45:31 - [TEST_STEP][PASSED] - Login Success: Login Success

2021-02-05 13:45:31 - [MESSAGE][INFO] - Login Success

2021-02-05 13:45:31 - [MESSAGE][PASSED] - Current window maximized

2021-02-05 13:45:31 - [MESSAGE][PASSED] - Object 'Object Repository/Page_/h1_Welcome to IT Supporting Tools' is present

2021-02-05 13:45:31 - [MESSAGE][PASSED] - Login Success

2021-02-05 13:45:31 - [TEST_STEP][PASSED] - Select Arrow Menu "Real Time Disbursement": Select Arrow Menu "Real Time Disbursement"

2021-02-05 13:45:31 - [MESSAGE][PASSED] - Object: '' is clicked on

2021-02-05 13:45:31 - [MESSAGE][PASSED] - Select Arrow Menu "Real Time Disbursement"

2021-02-05 13:45:31 - [TEST_STEP][PASSED] - Select Menu "Hold Payment Configuration": Select Menu "Hold Payment Configuration"

2021-02-05 13:45:32 - [MESSAGE][PASSED] - Taking screenshot successfully
[[ATTACHMENT|/Users/chaidir.pratama01/Documents/Docs/Katalon Studio/Screenshot/test-Hold Payment Configuration.png]]

2021-02-05 13:45:32 - [MESSAGE][PASSED] - Object '' is present

2021-02-05 13:45:32 - [MESSAGE][PASSED] - Object: '' is clicked on

2021-02-05 13:45:32 - [MESSAGE][PASSED] - Wait for page load successfully

2021-02-05 13:45:32 - [MESSAGE][PASSED] - Select Menu "Hold Payment Configuration"

2021-02-05 13:45:32 - [TEST_STEP][ERROR] - Click button "Release" and Verify data: Click button "Release" and Verify data FAILED.
Reason:
org.openqa.selenium.NoSuchElementException: no such element: Unable to locate element: {"method":"xpath","selector":"//tbody/tr/td/div/button[text()='Release']/../../preceding-sibling::td[4]/div/span"}
  (Session info: headless chrome=88.0.4324.146)
For documentation on this error, please visit: https://www.seleniumhq.org/exceptions/no_such_element.html
Build info: version: '3.141.59', revision: 'e82be7d358', time: '2018-11-14T08:25:53'
System info: host: 'M-Chaidir-Pratama.local', ip: 'fe80:0:0:0:18fe:1cc7:1896:224b%en0', os.name: 'Mac OS X', os.arch: 'x86_64', os.version: '10.15', java.version: '1.8.0_181'
Driver info: com.kms.katalon.selenium.driver.CChromeDriver
Capabilities {acceptInsecureCerts: false, browserName: chrome, browserVersion: 88.0.4324.146, chrome: {chromedriverVersion: 87.0.4280.88 (89e2380a3e36c..., userDataDir: /var/folders/0s/4_d154xd6dq...}, goog:chromeOptions: {debuggerAddress: localhost:59462}, javascriptEnabled: true, networkConnectionEnabled: false, pageLoadStrategy: normal, platform: MAC, platformName: MAC, proxy: Proxy(), setWindowRect: true, strictFileInteractability: false, timeouts: {implicit: 0, pageLoad: 300000, script: 30000}, unhandledPromptBehavior: dismiss and notify, webauthn:virtualAuthenticators: true}
Session ID: ba75faeaf3a7fdac58c6235dac9c8eda
*** Element info: {Using=xpath, value=//tbody/tr/td/div/button[text()='Release']/../../preceding-sibling::td[4]/div/span}
	at org.openqa.selenium.remote.http.W3CHttpResponseCodec.createException(W3CHttpResponseCodec.java:187)
	at org.openqa.selenium.remote.http.W3CHttpResponseCodec.decode(W3CHttpResponseCodec.java:122)
	at org.openqa.selenium.remote.http.W3CHttpResponseCodec.decode(W3CHttpResponseCodec.java:49)
	at org.openqa.selenium.remote.HttpCommandExecutor.execute(HttpCommandExecutor.java:158)
	at org.openqa.selenium.remote.service.DriverCommandExecutor.execute(DriverCommandExecutor.java:83)
	at org.openqa.selenium.remote.RemoteWebDriver.execute(RemoteWebDriver.java:552)
	at com.kms.katalon.selenium.driver.CChromeDriver.execute(CChromeDriver.java:19)
	at org.openqa.selenium.remote.RemoteWebDriver.findElement(RemoteWebDriver.java:323)
	at org.openqa.selenium.remote.RemoteWebDriver.findElementByXPath(RemoteWebDriver.java:428)
	at org.openqa.selenium.By$ByXPath.findElement(By.java:353)
	at org.openqa.selenium.remote.RemoteWebDriver.findElement(RemoteWebDriver.java:315)
	at org.openqa.selenium.support.events.EventFiringWebDriver.lambda$new$1(EventFiringWebDriver.java:105)
	at com.sun.proxy.$Proxy18.findElement(Unknown Source)
	at org.openqa.selenium.support.events.EventFiringWebDriver.findElement(EventFiringWebDriver.java:194)
	at org.openqa.selenium.WebDriver$findElement.call(Unknown Source)
	at RTD.button_release_and_its_Data(RTD.groovy:439)
	at ✽.Click button "Release" and Verify data(/Users/chaidir.pratama01/Katalon Studio/IST_Automation_Git/Include/features/IST_Real/RTD/Hold Payment Configuration/Release_Schedule.feature:32)


2021-02-05 13:45:35 - [MESSAGE][PASSED] - Delayed 3 second(s)

2021-02-05 13:45:35 - [MESSAGE][ERROR] - Click button "Release" and Verify data FAILED.
Reason:
org.openqa.selenium.NoSuchElementException: no such element: Unable to locate element: {"method":"xpath","selector":"//tbody/tr/td/div/button[text()='Release']/../../preceding-sibling::td[4]/div/span"}
  (Session info: headless chrome=88.0.4324.146)
For documentation on this error, please visit: https://www.seleniumhq.org/exceptions/no_such_element.html
Build info: version: '3.141.59', revision: 'e82be7d358', time: '2018-11-14T08:25:53'
System info: host: 'M-Chaidir-Pratama.local', ip: 'fe80:0:0:0:18fe:1cc7:1896:224b%en0', os.name: 'Mac OS X', os.arch: 'x86_64', os.version: '10.15', java.version: '1.8.0_181'
Driver info: com.kms.katalon.selenium.driver.CChromeDriver
Capabilities {acceptInsecureCerts: false, browserName: chrome, browserVersion: 88.0.4324.146, chrome: {chromedriverVersion: 87.0.4280.88 (89e2380a3e36c..., userDataDir: /var/folders/0s/4_d154xd6dq...}, goog:chromeOptions: {debuggerAddress: localhost:59462}, javascriptEnabled: true, networkConnectionEnabled: false, pageLoadStrategy: normal, platform: MAC, platformName: MAC, proxy: Proxy(), setWindowRect: true, strictFileInteractability: false, timeouts: {implicit: 0, pageLoad: 300000, script: 30000}, unhandledPromptBehavior: dismiss and notify, webauthn:virtualAuthenticators: true}
Session ID: ba75faeaf3a7fdac58c6235dac9c8eda
*** Element info: {Using=xpath, value=//tbody/tr/td/div/button[text()='Release']/../../preceding-sibling::td[4]/div/span}
	at org.openqa.selenium.remote.http.W3CHttpResponseCodec.createException(W3CHttpResponseCodec.java:187)
	at org.openqa.selenium.remote.http.W3CHttpResponseCodec.decode(W3CHttpResponseCodec.java:122)
	at org.openqa.selenium.remote.http.W3CHttpResponseCodec.decode(W3CHttpResponseCodec.java:49)
	at org.openqa.selenium.remote.HttpCommandExecutor.execute(HttpCommandExecutor.java:158)
	at org.openqa.selenium.remote.service.DriverCommandExecutor.execute(DriverCommandExecutor.java:83)
	at org.openqa.selenium.remote.RemoteWebDriver.execute(RemoteWebDriver.java:552)
	at com.kms.katalon.selenium.driver.CChromeDriver.execute(CChromeDriver.java:19)
	at org.openqa.selenium.remote.RemoteWebDriver.findElement(RemoteWebDriver.java:323)
	at org.openqa.selenium.remote.RemoteWebDriver.findElementByXPath(RemoteWebDriver.java:428)
	at org.openqa.selenium.By$ByXPath.findElement(By.java:353)
	at org.openqa.selenium.remote.RemoteWebDriver.findElement(RemoteWebDriver.java:315)
	at org.openqa.selenium.support.events.EventFiringWebDriver.lambda$new$1(EventFiringWebDriver.java:105)
	at com.sun.proxy.$Proxy18.findElement(Unknown Source)
	at org.openqa.selenium.support.events.EventFiringWebDriver.findElement(EventFiringWebDriver.java:194)
	at org.openqa.selenium.WebDriver$findElement.call(Unknown Source)
	at RTD.button_release_and_its_Data(RTD.groovy:439)
	at ✽.Click button "Release" and Verify data(/Users/chaidir.pratama01/Katalon Studio/IST_Automation_Git/Include/features/IST_Real/RTD/Hold Payment Configuration/Release_Schedule.feature:32)


2021-02-05 13:45:35 - [TEST_STEP][NOT_RUN] - Get text from pop up "Confirm" with text "Are you sure want to release this param?": Get text from pop up "Confirm" with text "Are you sure want to release this param?"

2021-02-05 13:45:35 - [MESSAGE][NOT_RUN] - Get text from pop up "Confirm" with text "Are you sure want to release this param?"

2021-02-05 13:45:35 - [TEST_STEP][NOT_RUN] - Click button "Yes": Click button "Yes"

2021-02-05 13:45:35 - [MESSAGE][NOT_RUN] - Click button "Yes"

2021-02-05 13:45:35 - [TEST_STEP][NOT_RUN] - Verify Data dont Exist: Verify Data dont Exist

2021-02-05 13:45:35 - [MESSAGE][NOT_RUN] - Verify Data dont Exist

2021-02-05 13:45:35 - [MESSAGE][FAILED] - Feature file 'Include/features/IST_Real/RTD/Hold Payment Configuration/Release_Schedule.feature' was failed

2021-02-05 13:45:35 - [MESSAGE][FAILED] - Keyword runFeatureFile was failed (Root cause: com.kms.katalon.core.exception.StepFailedException: Feature file 'Include/features/IST_Real/RTD/Hold Payment Configuration/Release_Schedule.feature' was failed
	at com.kms.katalon.core.keyword.internal.KeywordMain.stepFailed(KeywordMain.groovy:50)
	at com.kms.katalon.core.keyword.internal.KeywordMain.stepFailed(KeywordMain.groovy)
	at com.kms.katalon.core.keyword.internal.KeywordMain.stepFailed(KeywordMain.groovy:23)
	at com.kms.katalon.core.keyword.internal.KeywordMain$stepFailed$0.call(Unknown Source)
	at com.kms.katalon.core.cucumber.keyword.CucumberBuiltinKeywords$_runFeatureFile_closure1.doCall(CucumberBuiltinKeywords.groovy:82)
	at com.kms.katalon.core.cucumber.keyword.CucumberBuiltinKeywords$_runFeatureFile_closure1.doCall(CucumberBuiltinKeywords.groovy)
	at com.kms.katalon.core.keyword.internal.KeywordMain.runKeyword(KeywordMain.groovy:68)
	at com.kms.katalon.core.keyword.internal.KeywordMain$runKeyword.call(Unknown Source)
	at com.kms.katalon.core.cucumber.keyword.CucumberBuiltinKeywords.runFeatureFile(CucumberBuiltinKeywords.groovy:46)
	at com.kms.katalon.core.cucumber.keyword.CucumberBuiltinKeywords$runFeatureFile$0.callStatic(Unknown Source)
	at com.kms.katalon.core.cucumber.keyword.CucumberBuiltinKeywords.runFeatureFile(CucumberBuiltinKeywords.groovy:169)
	at com.kms.katalon.core.cucumber.keyword.CucumberBuiltinKeywords$runFeatureFile.call(Unknown Source)
	at TC_Release_Schedule.run(TC_Release_Schedule:18)
	at com.kms.katalon.core.main.ScriptEngine.run(ScriptEngine.java:194)
	at com.kms.katalon.core.main.ScriptEngine.runScriptAsRawText(ScriptEngine.java:119)
	at com.kms.katalon.core.main.TestCaseExecutor.runScript(TestCaseExecutor.java:339)
	at com.kms.katalon.core.main.TestCaseExecutor.doExecute(TestCaseExecutor.java:330)
	at com.kms.katalon.core.main.TestCaseExecutor.processExecutionPhase(TestCaseExecutor.java:309)
	at com.kms.katalon.core.main.TestCaseExecutor.accessMainPhase(TestCaseExecutor.java:301)
	at com.kms.katalon.core.main.TestCaseExecutor.execute(TestCaseExecutor.java:235)
	at com.kms.katalon.core.main.TestSuiteExecutor.accessTestCaseMainPhase(TestSuiteExecutor.java:191)
	at com.kms.katalon.core.main.TestSuiteExecutor.accessTestSuiteMainPhase(TestSuiteExecutor.java:141)
	at com.kms.katalon.core.main.TestSuiteExecutor.execute(TestSuiteExecutor.java:90)
	at com.kms.katalon.core.main.TestCaseMain.startTestSuite(TestCaseMain.java:157)
	at com.kms.katalon.core.main.TestCaseMain$startTestSuite$0.call(Unknown Source)
	at TempTestSuite1612505442064.run(TempTestSuite1612505442064.groovy:39)
)]]></system-out>
         <system-err><![CDATA[2021-02-05 13:45:24 - [TEST_CASE][FAILED] - Test Cases/RTD/Hold Payment Configuration/TC_Release_Schedule: Test Cases/RTD/Hold Payment Configuration/TC_Release_Schedule FAILED.
Reason:
com.kms.katalon.core.exception.StepFailedException: Feature file 'Include/features/IST_Real/RTD/Hold Payment Configuration/Release_Schedule.feature' was failed
	at com.kms.katalon.core.keyword.internal.KeywordMain.stepFailed(KeywordMain.groovy:50)
	at com.kms.katalon.core.keyword.internal.KeywordMain.stepFailed(KeywordMain.groovy)
	at com.kms.katalon.core.keyword.internal.KeywordMain.stepFailed(KeywordMain.groovy:23)
	at com.kms.katalon.core.keyword.internal.KeywordMain$stepFailed$0.call(Unknown Source)
	at com.kms.katalon.core.cucumber.keyword.CucumberBuiltinKeywords$_runFeatureFile_closure1.doCall(CucumberBuiltinKeywords.groovy:82)
	at com.kms.katalon.core.cucumber.keyword.CucumberBuiltinKeywords$_runFeatureFile_closure1.doCall(CucumberBuiltinKeywords.groovy)
	at com.kms.katalon.core.keyword.internal.KeywordMain.runKeyword(KeywordMain.groovy:68)
	at com.kms.katalon.core.keyword.internal.KeywordMain$runKeyword.call(Unknown Source)
	at com.kms.katalon.core.cucumber.keyword.CucumberBuiltinKeywords.runFeatureFile(CucumberBuiltinKeywords.groovy:46)
	at com.kms.katalon.core.cucumber.keyword.CucumberBuiltinKeywords$runFeatureFile$0.callStatic(Unknown Source)
	at com.kms.katalon.core.cucumber.keyword.CucumberBuiltinKeywords.runFeatureFile(CucumberBuiltinKeywords.groovy:169)
	at com.kms.katalon.core.cucumber.keyword.CucumberBuiltinKeywords$runFeatureFile.call(Unknown Source)
	at TC_Release_Schedule.run(TC_Release_Schedule:18)
	at com.kms.katalon.core.main.ScriptEngine.run(ScriptEngine.java:194)
	at com.kms.katalon.core.main.ScriptEngine.runScriptAsRawText(ScriptEngine.java:119)
	at com.kms.katalon.core.main.TestCaseExecutor.runScript(TestCaseExecutor.java:339)
	at com.kms.katalon.core.main.TestCaseExecutor.doExecute(TestCaseExecutor.java:330)
	at com.kms.katalon.core.main.TestCaseExecutor.processExecutionPhase(TestCaseExecutor.java:309)
	at com.kms.katalon.core.main.TestCaseExecutor.accessMainPhase(TestCaseExecutor.java:301)
	at com.kms.katalon.core.main.TestCaseExecutor.execute(TestCaseExecutor.java:235)
	at com.kms.katalon.core.main.TestSuiteExecutor.accessTestCaseMainPhase(TestSuiteExecutor.java:191)
	at com.kms.katalon.core.main.TestSuiteExecutor.accessTestSuiteMainPhase(TestSuiteExecutor.java:141)
	at com.kms.katalon.core.main.TestSuiteExecutor.execute(TestSuiteExecutor.java:90)
	at com.kms.katalon.core.main.TestCaseMain.startTestSuite(TestCaseMain.java:157)
	at com.kms.katalon.core.main.TestCaseMain$startTestSuite$0.call(Unknown Source)
	at TempTestSuite1612505442064.run(TempTestSuite1612505442064.groovy:39)]]></system-err>
      </testcase>
      <testcase name="Test Cases/RTD/Hold Payment Configuration/TC_Add_New_Schedule" time="20.557" classname="Test Cases/RTD/Hold Payment Configuration/TC_Add_New_Schedule" status="FAILED">
         <failure type="FAILED" message="Test Cases/RTD/Hold Payment Configuration/TC_Add_New_Schedule FAILED.
Reason:
com.kms.katalon.core.exception.StepFailedException: Feature file 'Include/features/IST_Real/RTD/Hold Payment Configuration/Add_New_Schedule.feature' was failed
	at com.kms.katalon.core.keyword.internal.KeywordMain.stepFailed(KeywordMain.groovy:50)
	at com.kms.katalon.core.keyword.internal.KeywordMain.stepFailed(KeywordMain.groovy)
	at com.kms.katalon.core.keyword.internal.KeywordMain.stepFailed(KeywordMain.groovy:23)
	at com.kms.katalon.core.keyword.internal.KeywordMain$stepFailed$0.call(Unknown Source)
	at com.kms.katalon.core.cucumber.keyword.CucumberBuiltinKeywords$_runFeatureFile_closure1.doCall(CucumberBuiltinKeywords.groovy:82)
	at com.kms.katalon.core.cucumber.keyword.CucumberBuiltinKeywords$_runFeatureFile_closure1.doCall(CucumberBuiltinKeywords.groovy)
	at com.kms.katalon.core.keyword.internal.KeywordMain.runKeyword(KeywordMain.groovy:68)
	at com.kms.katalon.core.keyword.internal.KeywordMain$runKeyword.call(Unknown Source)
	at com.kms.katalon.core.cucumber.keyword.CucumberBuiltinKeywords.runFeatureFile(CucumberBuiltinKeywords.groovy:46)
	at com.kms.katalon.core.cucumber.keyword.CucumberBuiltinKeywords$runFeatureFile$0.callStatic(Unknown Source)
	at com.kms.katalon.core.cucumber.keyword.CucumberBuiltinKeywords.runFeatureFile(CucumberBuiltinKeywords.groovy:169)
	at com.kms.katalon.core.cucumber.keyword.CucumberBuiltinKeywords$runFeatureFile.call(Unknown Source)
	at TC_Add_New_Schedule.run(TC_Add_New_Schedule:18)
	at com.kms.katalon.core.main.ScriptEngine.run(ScriptEngine.java:194)
	at com.kms.katalon.core.main.ScriptEngine.runScriptAsRawText(ScriptEngine.java:119)
	at com.kms.katalon.core.main.TestCaseExecutor.runScript(TestCaseExecutor.java:339)
	at com.kms.katalon.core.main.TestCaseExecutor.doExecute(TestCaseExecutor.java:330)
	at com.kms.katalon.core.main.TestCaseExecutor.processExecutionPhase(TestCaseExecutor.java:309)
	at com.kms.katalon.core.main.TestCaseExecutor.accessMainPhase(TestCaseExecutor.java:301)
	at com.kms.katalon.core.main.TestCaseExecutor.execute(TestCaseExecutor.java:235)
	at com.kms.katalon.core.main.TestSuiteExecutor.accessTestCaseMainPhase(TestSuiteExecutor.java:191)
	at com.kms.katalon.core.main.TestSuiteExecutor.accessTestSuiteMainPhase(TestSuiteExecutor.java:141)
	at com.kms.katalon.core.main.TestSuiteExecutor.execute(TestSuiteExecutor.java:90)
	at com.kms.katalon.core.main.TestCaseMain.startTestSuite(TestCaseMain.java:157)
	at com.kms.katalon.core.main.TestCaseMain$startTestSuite$0.call(Unknown Source)
	at TempTestSuite1612505442064.run(TempTestSuite1612505442064.groovy:39)
"/>
         <system-out><![CDATA[2021-02-05 13:45:35 - [TEST_CASE][FAILED] - Test Cases/RTD/Hold Payment Configuration/TC_Add_New_Schedule: Test Cases/RTD/Hold Payment Configuration/TC_Add_New_Schedule FAILED.
Reason:
com.kms.katalon.core.exception.StepFailedException: Feature file 'Include/features/IST_Real/RTD/Hold Payment Configuration/Add_New_Schedule.feature' was failed
	at com.kms.katalon.core.keyword.internal.KeywordMain.stepFailed(KeywordMain.groovy:50)
	at com.kms.katalon.core.keyword.internal.KeywordMain.stepFailed(KeywordMain.groovy)
	at com.kms.katalon.core.keyword.internal.KeywordMain.stepFailed(KeywordMain.groovy:23)
	at com.kms.katalon.core.keyword.internal.KeywordMain$stepFailed$0.call(Unknown Source)
	at com.kms.katalon.core.cucumber.keyword.CucumberBuiltinKeywords$_runFeatureFile_closure1.doCall(CucumberBuiltinKeywords.groovy:82)
	at com.kms.katalon.core.cucumber.keyword.CucumberBuiltinKeywords$_runFeatureFile_closure1.doCall(CucumberBuiltinKeywords.groovy)
	at com.kms.katalon.core.keyword.internal.KeywordMain.runKeyword(KeywordMain.groovy:68)
	at com.kms.katalon.core.keyword.internal.KeywordMain$runKeyword.call(Unknown Source)
	at com.kms.katalon.core.cucumber.keyword.CucumberBuiltinKeywords.runFeatureFile(CucumberBuiltinKeywords.groovy:46)
	at com.kms.katalon.core.cucumber.keyword.CucumberBuiltinKeywords$runFeatureFile$0.callStatic(Unknown Source)
	at com.kms.katalon.core.cucumber.keyword.CucumberBuiltinKeywords.runFeatureFile(CucumberBuiltinKeywords.groovy:169)
	at com.kms.katalon.core.cucumber.keyword.CucumberBuiltinKeywords$runFeatureFile.call(Unknown Source)
	at TC_Add_New_Schedule.run(TC_Add_New_Schedule:18)
	at com.kms.katalon.core.main.ScriptEngine.run(ScriptEngine.java:194)
	at com.kms.katalon.core.main.ScriptEngine.runScriptAsRawText(ScriptEngine.java:119)
	at com.kms.katalon.core.main.TestCaseExecutor.runScript(TestCaseExecutor.java:339)
	at com.kms.katalon.core.main.TestCaseExecutor.doExecute(TestCaseExecutor.java:330)
	at com.kms.katalon.core.main.TestCaseExecutor.processExecutionPhase(TestCaseExecutor.java:309)
	at com.kms.katalon.core.main.TestCaseExecutor.accessMainPhase(TestCaseExecutor.java:301)
	at com.kms.katalon.core.main.TestCaseExecutor.execute(TestCaseExecutor.java:235)
	at com.kms.katalon.core.main.TestSuiteExecutor.accessTestCaseMainPhase(TestSuiteExecutor.java:191)
	at com.kms.katalon.core.main.TestSuiteExecutor.accessTestSuiteMainPhase(TestSuiteExecutor.java:141)
	at com.kms.katalon.core.main.TestSuiteExecutor.execute(TestSuiteExecutor.java:90)
	at com.kms.katalon.core.main.TestCaseMain.startTestSuite(TestCaseMain.java:157)
	at com.kms.katalon.core.main.TestCaseMain$startTestSuite$0.call(Unknown Source)
	at TempTestSuite1612505442064.run(TempTestSuite1612505442064.groovy:39)


2021-02-05 13:45:35 - [TEST_STEP][FAILED] - runFeatureFile("Include/features/IST_Real/RTD/Hold Payment Configuration/Add_New_Schedule.feature"): Keyword runFeatureFile was failed (Root cause: com.kms.katalon.core.exception.StepFailedException: Feature file 'Include/features/IST_Real/RTD/Hold Payment Configuration/Add_New_Schedule.feature' was failed
	at com.kms.katalon.core.keyword.internal.KeywordMain.stepFailed(KeywordMain.groovy:50)
	at com.kms.katalon.core.keyword.internal.KeywordMain.stepFailed(KeywordMain.groovy)
	at com.kms.katalon.core.keyword.internal.KeywordMain.stepFailed(KeywordMain.groovy:23)
	at com.kms.katalon.core.keyword.internal.KeywordMain$stepFailed$0.call(Unknown Source)
	at com.kms.katalon.core.cucumber.keyword.CucumberBuiltinKeywords$_runFeatureFile_closure1.doCall(CucumberBuiltinKeywords.groovy:82)
	at com.kms.katalon.core.cucumber.keyword.CucumberBuiltinKeywords$_runFeatureFile_closure1.doCall(CucumberBuiltinKeywords.groovy)
	at com.kms.katalon.core.keyword.internal.KeywordMain.runKeyword(KeywordMain.groovy:68)
	at com.kms.katalon.core.keyword.internal.KeywordMain$runKeyword.call(Unknown Source)
	at com.kms.katalon.core.cucumber.keyword.CucumberBuiltinKeywords.runFeatureFile(CucumberBuiltinKeywords.groovy:46)
	at com.kms.katalon.core.cucumber.keyword.CucumberBuiltinKeywords$runFeatureFile$0.callStatic(Unknown Source)
	at com.kms.katalon.core.cucumber.keyword.CucumberBuiltinKeywords.runFeatureFile(CucumberBuiltinKeywords.groovy:169)
	at com.kms.katalon.core.cucumber.keyword.CucumberBuiltinKeywords$runFeatureFile.call(Unknown Source)
	at TC_Add_New_Schedule.run(TC_Add_New_Schedule:18)
	at com.kms.katalon.core.main.ScriptEngine.run(ScriptEngine.java:194)
	at com.kms.katalon.core.main.ScriptEngine.runScriptAsRawText(ScriptEngine.java:119)
	at com.kms.katalon.core.main.TestCaseExecutor.runScript(TestCaseExecutor.java:339)
	at com.kms.katalon.core.main.TestCaseExecutor.doExecute(TestCaseExecutor.java:330)
	at com.kms.katalon.core.main.TestCaseExecutor.processExecutionPhase(TestCaseExecutor.java:309)
	at com.kms.katalon.core.main.TestCaseExecutor.accessMainPhase(TestCaseExecutor.java:301)
	at com.kms.katalon.core.main.TestCaseExecutor.execute(TestCaseExecutor.java:235)
	at com.kms.katalon.core.main.TestSuiteExecutor.accessTestCaseMainPhase(TestSuiteExecutor.java:191)
	at com.kms.katalon.core.main.TestSuiteExecutor.accessTestSuiteMainPhase(TestSuiteExecutor.java:141)
	at com.kms.katalon.core.main.TestSuiteExecutor.execute(TestSuiteExecutor.java:90)
	at com.kms.katalon.core.main.TestCaseMain.startTestSuite(TestCaseMain.java:157)
	at com.kms.katalon.core.main.TestCaseMain$startTestSuite$0.call(Unknown Source)
	at TempTestSuite1612505442064.run(TempTestSuite1612505442064.groovy:39)
)

2021-02-05 13:45:35 - [MESSAGE][INFO] - Starting run keyword runFeatureFile: 'Include/features/IST_Real/RTD/Hold Payment Configuration/Add_New_Schedule.feature' and extract report to folder: '/Users/chaidir.pratama01/Katalon Studio/IST_Automation_Git/Reports/20210205_131034/RTD/TS_Hold_Payment_Configuration/20210205_131042/cucumber_report/1612507535653'...

2021-02-05 13:45:35 - [TEST_CASE][ERROR] - Start Test Case : SCENARIO Set Schedule for Hold Payment: SCENARIO Set Schedule for Hold Payment FAILED.
Reason:
org.openqa.selenium.NoSuchElementException: no such element: Unable to locate element: {"method":"xpath","selector":"//div[@class='z-grid'][2]/div[3]/table/tbody/tr/td/div/span[text()='25-01-2021']"}
  (Session info: headless chrome=88.0.4324.146)
For documentation on this error, please visit: https://www.seleniumhq.org/exceptions/no_such_element.html
Build info: version: '3.141.59', revision: 'e82be7d358', time: '2018-11-14T08:25:53'
System info: host: 'M-Chaidir-Pratama.local', ip: 'fe80:0:0:0:18fe:1cc7:1896:224b%en0', os.name: 'Mac OS X', os.arch: 'x86_64', os.version: '10.15', java.version: '1.8.0_181'
Driver info: com.kms.katalon.selenium.driver.CChromeDriver
Capabilities {acceptInsecureCerts: false, browserName: chrome, browserVersion: 88.0.4324.146, chrome: {chromedriverVersion: 87.0.4280.88 (89e2380a3e36c..., userDataDir: /var/folders/0s/4_d154xd6dq...}, goog:chromeOptions: {debuggerAddress: localhost:59481}, javascriptEnabled: true, networkConnectionEnabled: false, pageLoadStrategy: normal, platform: MAC, platformName: MAC, proxy: Proxy(), setWindowRect: true, strictFileInteractability: false, timeouts: {implicit: 0, pageLoad: 300000, script: 30000}, unhandledPromptBehavior: dismiss and notify, webauthn:virtualAuthenticators: true}
Session ID: f48957886b36516b555b7155ecaeb8c0
*** Element info: {Using=xpath, value=//div[@class='z-grid'][2]/div[3]/table/tbody/tr/td/div/span[text()='25-01-2021']}
	at org.openqa.selenium.remote.http.W3CHttpResponseCodec.createException(W3CHttpResponseCodec.java:187)
	at org.openqa.selenium.remote.http.W3CHttpResponseCodec.decode(W3CHttpResponseCodec.java:122)
	at org.openqa.selenium.remote.http.W3CHttpResponseCodec.decode(W3CHttpResponseCodec.java:49)
	at org.openqa.selenium.remote.HttpCommandExecutor.execute(HttpCommandExecutor.java:158)
	at org.openqa.selenium.remote.service.DriverCommandExecutor.execute(DriverCommandExecutor.java:83)
	at org.openqa.selenium.remote.RemoteWebDriver.execute(RemoteWebDriver.java:552)
	at com.kms.katalon.selenium.driver.CChromeDriver.execute(CChromeDriver.java:19)
	at org.openqa.selenium.remote.RemoteWebDriver.findElement(RemoteWebDriver.java:323)
	at org.openqa.selenium.remote.RemoteWebDriver.findElementByXPath(RemoteWebDriver.java:428)
	at org.openqa.selenium.By$ByXPath.findElement(By.java:353)
	at org.openqa.selenium.remote.RemoteWebDriver.findElement(RemoteWebDriver.java:315)
	at org.openqa.selenium.support.events.EventFiringWebDriver.lambda$new$1(EventFiringWebDriver.java:105)
	at com.sun.proxy.$Proxy18.findElement(Unknown Source)
	at org.openqa.selenium.support.events.EventFiringWebDriver.findElement(EventFiringWebDriver.java:194)
	at org.openqa.selenium.WebDriver$findElement.call(Unknown Source)
	at RTD.result_of_table(RTD.groovy:424)
	at ✽.Verify Result(/Users/chaidir.pratama01/Katalon Studio/IST_Automation_Git/Include/features/IST_Real/RTD/Hold Payment Configuration/Add_New_Schedule.feature:37)


2021-02-05 13:45:35 - [TEST_STEP][PASSED] - Go to ISTools: Go to ISTools

2021-02-05 13:45:35 - [MESSAGE][WARNING] - A browser is already opened. Closing browser and opening a new one

2021-02-05 13:45:35 - [MESSAGE][INFO] - Starting 'Chrome (headless)' driver

2021-02-05 13:45:35 - [MESSAGE][INFO] - User set preference: ['args', '[--start-maximized, --disable-gpu, --no-proxy-server, –-no-sandbox, --allow-running-insecure-content, --ignore-certificate-errors, window-size=1680,814, force-device-scale-factor=2, --lang=en-GB]']

2021-02-05 13:45:35 - [MESSAGE][INFO] - User set preference: ['prefs', '{download.default_directory=/Users/chaidir.pratama01/Katalon Studio/IST_Automation_Git/Download}']

2021-02-05 13:45:35 - [MESSAGE][INFO] - Action delay is set to 0 milliseconds

2021-02-05 13:45:36 - [MESSAGE][PASSED] - Browser is opened with url: ''

2021-02-05 13:45:37 - [MESSAGE][PASSED] - Navigate to 'https://dev-istools.homecredit.id/foundation/' successfully

2021-02-05 13:45:37 - [MESSAGE][PASSED] - Go to ISTools

2021-02-05 13:45:37 - [TEST_STEP][PASSED] - Login IST with valid credentials: Login IST with valid credentials

2021-02-05 13:45:38 - [MESSAGE][PASSED] - Text 'mobile.test' is set on object 'Object Repository/Page_/input_Username_j_username'

2021-02-05 13:45:38 - [MESSAGE][PASSED] - Text ****** has been set on object 'Object Repository/Page_/input_Password_j_password'

2021-02-05 13:45:39 - [MESSAGE][PASSED] - Object: 'Object Repository/Page_/button_Login' is clicked on

2021-02-05 13:45:39 - [MESSAGE][PASSED] - Login IST with valid credentials

2021-02-05 13:45:39 - [TEST_STEP][PASSED] - Login Success: Login Success

2021-02-05 13:45:39 - [MESSAGE][INFO] - Login Success

2021-02-05 13:45:39 - [MESSAGE][PASSED] - Current window maximized

2021-02-05 13:45:39 - [MESSAGE][PASSED] - Object 'Object Repository/Page_/h1_Welcome to IT Supporting Tools' is present

2021-02-05 13:45:39 - [MESSAGE][PASSED] - Login Success

2021-02-05 13:45:39 - [TEST_STEP][PASSED] - Select Arrow Menu "Real Time Disbursement": Select Arrow Menu "Real Time Disbursement"

2021-02-05 13:45:39 - [MESSAGE][PASSED] - Object: '' is clicked on

2021-02-05 13:45:39 - [MESSAGE][PASSED] - Select Arrow Menu "Real Time Disbursement"

2021-02-05 13:45:39 - [TEST_STEP][PASSED] - Select Menu "Hold Payment Configuration": Select Menu "Hold Payment Configuration"

2021-02-05 13:45:40 - [MESSAGE][PASSED] - Taking screenshot successfully
[[ATTACHMENT|/Users/chaidir.pratama01/Documents/Docs/Katalon Studio/Screenshot/test-Hold Payment Configuration.png]]

2021-02-05 13:45:40 - [MESSAGE][PASSED] - Object '' is present

2021-02-05 13:45:40 - [MESSAGE][PASSED] - Object: '' is clicked on

2021-02-05 13:45:40 - [MESSAGE][PASSED] - Wait for page load successfully

2021-02-05 13:45:40 - [MESSAGE][PASSED] - Select Menu "Hold Payment Configuration"

2021-02-05 13:45:40 - [TEST_STEP][PASSED] - Input "Start Date Hold Payment" with value "25-01-2021": Input "Start Date Hold Payment" with value "25-01-2021"

2021-02-05 13:45:43 - [MESSAGE][PASSED] - Delayed 3 second(s)

2021-02-05 13:45:43 - [MESSAGE][PASSED] - Input "Start Date Hold Payment" with value "25-01-2021"

2021-02-05 13:45:43 - [TEST_STEP][PASSED] - Input "Release Date" with value "30-01-2021": Input "Release Date" with value "30-01-2021"

2021-02-05 13:45:46 - [MESSAGE][PASSED] - Delayed 3 second(s)

2021-02-05 13:45:46 - [MESSAGE][PASSED] - Input "Release Date" with value "30-01-2021"

2021-02-05 13:45:46 - [TEST_STEP][PASSED] - Click button "Add": Click button "Add"

2021-02-05 13:45:46 - [MESSAGE][INFO] - >>>>>//Button[contains(text(),'Add')]

2021-02-05 13:45:49 - [MESSAGE][PASSED] - Object '' is present

2021-02-05 13:45:49 - [MESSAGE][PASSED] - Object: '' is clicked on

2021-02-05 13:45:49 - [MESSAGE][PASSED] - Switched to window with index: '0'

2021-02-05 13:45:49 - [MESSAGE][PASSED] - Click button "Add"

2021-02-05 13:45:49 - [TEST_STEP][PASSED] - Get text from pop up "Confirm" with text "Add new hold payment config?": Get text from pop up "Confirm" with text "Add new hold payment config?"

2021-02-05 13:45:49 - [MESSAGE][PASSED] - Taking screenshot successfully
[[ATTACHMENT|/Users/chaidir.pratama01/Documents/Docs/Katalon Studio/Screenshot/errorpopup.png]]

2021-02-05 13:45:49 - [MESSAGE][PASSED] - Object '' is present

2021-02-05 13:45:49 - [MESSAGE][PASSED] - Wait for page load successfully

2021-02-05 13:45:50 - [MESSAGE][PASSED] - Wait for page load successfully

2021-02-05 13:45:50 - [MESSAGE][PASSED] - Get text from pop up "Confirm" with text "Add new hold payment config?"

2021-02-05 13:45:50 - [TEST_STEP][PASSED] - Click button "Yes": Click button "Yes"

2021-02-05 13:45:50 - [MESSAGE][INFO] - >>>>>//Button[contains(text(),'Yes')]

2021-02-05 13:45:53 - [MESSAGE][PASSED] - Object '' is present

2021-02-05 13:45:53 - [MESSAGE][PASSED] - Object: '' is clicked on

2021-02-05 13:45:53 - [MESSAGE][PASSED] - Switched to window with index: '0'

2021-02-05 13:45:53 - [MESSAGE][PASSED] - Click button "Yes"

2021-02-05 13:45:53 - [TEST_STEP][ERROR] - Verify Result: Verify Result FAILED.
Reason:
org.openqa.selenium.NoSuchElementException: no such element: Unable to locate element: {"method":"xpath","selector":"//div[@class='z-grid'][2]/div[3]/table/tbody/tr/td/div/span[text()='25-01-2021']"}
  (Session info: headless chrome=88.0.4324.146)
For documentation on this error, please visit: https://www.seleniumhq.org/exceptions/no_such_element.html
Build info: version: '3.141.59', revision: 'e82be7d358', time: '2018-11-14T08:25:53'
System info: host: 'M-Chaidir-Pratama.local', ip: 'fe80:0:0:0:18fe:1cc7:1896:224b%en0', os.name: 'Mac OS X', os.arch: 'x86_64', os.version: '10.15', java.version: '1.8.0_181'
Driver info: com.kms.katalon.selenium.driver.CChromeDriver
Capabilities {acceptInsecureCerts: false, browserName: chrome, browserVersion: 88.0.4324.146, chrome: {chromedriverVersion: 87.0.4280.88 (89e2380a3e36c..., userDataDir: /var/folders/0s/4_d154xd6dq...}, goog:chromeOptions: {debuggerAddress: localhost:59481}, javascriptEnabled: true, networkConnectionEnabled: false, pageLoadStrategy: normal, platform: MAC, platformName: MAC, proxy: Proxy(), setWindowRect: true, strictFileInteractability: false, timeouts: {implicit: 0, pageLoad: 300000, script: 30000}, unhandledPromptBehavior: dismiss and notify, webauthn:virtualAuthenticators: true}
Session ID: f48957886b36516b555b7155ecaeb8c0
*** Element info: {Using=xpath, value=//div[@class='z-grid'][2]/div[3]/table/tbody/tr/td/div/span[text()='25-01-2021']}
	at org.openqa.selenium.remote.http.W3CHttpResponseCodec.createException(W3CHttpResponseCodec.java:187)
	at org.openqa.selenium.remote.http.W3CHttpResponseCodec.decode(W3CHttpResponseCodec.java:122)
	at org.openqa.selenium.remote.http.W3CHttpResponseCodec.decode(W3CHttpResponseCodec.java:49)
	at org.openqa.selenium.remote.HttpCommandExecutor.execute(HttpCommandExecutor.java:158)
	at org.openqa.selenium.remote.service.DriverCommandExecutor.execute(DriverCommandExecutor.java:83)
	at org.openqa.selenium.remote.RemoteWebDriver.execute(RemoteWebDriver.java:552)
	at com.kms.katalon.selenium.driver.CChromeDriver.execute(CChromeDriver.java:19)
	at org.openqa.selenium.remote.RemoteWebDriver.findElement(RemoteWebDriver.java:323)
	at org.openqa.selenium.remote.RemoteWebDriver.findElementByXPath(RemoteWebDriver.java:428)
	at org.openqa.selenium.By$ByXPath.findElement(By.java:353)
	at org.openqa.selenium.remote.RemoteWebDriver.findElement(RemoteWebDriver.java:315)
	at org.openqa.selenium.support.events.EventFiringWebDriver.lambda$new$1(EventFiringWebDriver.java:105)
	at com.sun.proxy.$Proxy18.findElement(Unknown Source)
	at org.openqa.selenium.support.events.EventFiringWebDriver.findElement(EventFiringWebDriver.java:194)
	at org.openqa.selenium.WebDriver$findElement.call(Unknown Source)
	at RTD.result_of_table(RTD.groovy:424)
	at ✽.Verify Result(/Users/chaidir.pratama01/Katalon Studio/IST_Automation_Git/Include/features/IST_Real/RTD/Hold Payment Configuration/Add_New_Schedule.feature:37)


2021-02-05 13:45:56 - [MESSAGE][PASSED] - Delayed 3 second(s)

2021-02-05 13:45:56 - [MESSAGE][ERROR] - Verify Result FAILED.
Reason:
org.openqa.selenium.NoSuchElementException: no such element: Unable to locate element: {"method":"xpath","selector":"//div[@class='z-grid'][2]/div[3]/table/tbody/tr/td/div/span[text()='25-01-2021']"}
  (Session info: headless chrome=88.0.4324.146)
For documentation on this error, please visit: https://www.seleniumhq.org/exceptions/no_such_element.html
Build info: version: '3.141.59', revision: 'e82be7d358', time: '2018-11-14T08:25:53'
System info: host: 'M-Chaidir-Pratama.local', ip: 'fe80:0:0:0:18fe:1cc7:1896:224b%en0', os.name: 'Mac OS X', os.arch: 'x86_64', os.version: '10.15', java.version: '1.8.0_181'
Driver info: com.kms.katalon.selenium.driver.CChromeDriver
Capabilities {acceptInsecureCerts: false, browserName: chrome, browserVersion: 88.0.4324.146, chrome: {chromedriverVersion: 87.0.4280.88 (89e2380a3e36c..., userDataDir: /var/folders/0s/4_d154xd6dq...}, goog:chromeOptions: {debuggerAddress: localhost:59481}, javascriptEnabled: true, networkConnectionEnabled: false, pageLoadStrategy: normal, platform: MAC, platformName: MAC, proxy: Proxy(), setWindowRect: true, strictFileInteractability: false, timeouts: {implicit: 0, pageLoad: 300000, script: 30000}, unhandledPromptBehavior: dismiss and notify, webauthn:virtualAuthenticators: true}
Session ID: f48957886b36516b555b7155ecaeb8c0
*** Element info: {Using=xpath, value=//div[@class='z-grid'][2]/div[3]/table/tbody/tr/td/div/span[text()='25-01-2021']}
	at org.openqa.selenium.remote.http.W3CHttpResponseCodec.createException(W3CHttpResponseCodec.java:187)
	at org.openqa.selenium.remote.http.W3CHttpResponseCodec.decode(W3CHttpResponseCodec.java:122)
	at org.openqa.selenium.remote.http.W3CHttpResponseCodec.decode(W3CHttpResponseCodec.java:49)
	at org.openqa.selenium.remote.HttpCommandExecutor.execute(HttpCommandExecutor.java:158)
	at org.openqa.selenium.remote.service.DriverCommandExecutor.execute(DriverCommandExecutor.java:83)
	at org.openqa.selenium.remote.RemoteWebDriver.execute(RemoteWebDriver.java:552)
	at com.kms.katalon.selenium.driver.CChromeDriver.execute(CChromeDriver.java:19)
	at org.openqa.selenium.remote.RemoteWebDriver.findElement(RemoteWebDriver.java:323)
	at org.openqa.selenium.remote.RemoteWebDriver.findElementByXPath(RemoteWebDriver.java:428)
	at org.openqa.selenium.By$ByXPath.findElement(By.java:353)
	at org.openqa.selenium.remote.RemoteWebDriver.findElement(RemoteWebDriver.java:315)
	at org.openqa.selenium.support.events.EventFiringWebDriver.lambda$new$1(EventFiringWebDriver.java:105)
	at com.sun.proxy.$Proxy18.findElement(Unknown Source)
	at org.openqa.selenium.support.events.EventFiringWebDriver.findElement(EventFiringWebDriver.java:194)
	at org.openqa.selenium.WebDriver$findElement.call(Unknown Source)
	at RTD.result_of_table(RTD.groovy:424)
	at ✽.Verify Result(/Users/chaidir.pratama01/Katalon Studio/IST_Automation_Git/Include/features/IST_Real/RTD/Hold Payment Configuration/Add_New_Schedule.feature:37)


2021-02-05 13:45:56 - [TEST_STEP][NOT_RUN] - Click button "Logout": Click button "Logout"

2021-02-05 13:45:56 - [MESSAGE][NOT_RUN] - Click button "Logout"

2021-02-05 13:45:56 - [TEST_STEP][NOT_RUN] - Close browser: Close browser

2021-02-05 13:45:56 - [MESSAGE][NOT_RUN] - Close browser

2021-02-05 13:45:56 - [MESSAGE][FAILED] - Feature file 'Include/features/IST_Real/RTD/Hold Payment Configuration/Add_New_Schedule.feature' was failed

2021-02-05 13:45:56 - [MESSAGE][FAILED] - Keyword runFeatureFile was failed (Root cause: com.kms.katalon.core.exception.StepFailedException: Feature file 'Include/features/IST_Real/RTD/Hold Payment Configuration/Add_New_Schedule.feature' was failed
	at com.kms.katalon.core.keyword.internal.KeywordMain.stepFailed(KeywordMain.groovy:50)
	at com.kms.katalon.core.keyword.internal.KeywordMain.stepFailed(KeywordMain.groovy)
	at com.kms.katalon.core.keyword.internal.KeywordMain.stepFailed(KeywordMain.groovy:23)
	at com.kms.katalon.core.keyword.internal.KeywordMain$stepFailed$0.call(Unknown Source)
	at com.kms.katalon.core.cucumber.keyword.CucumberBuiltinKeywords$_runFeatureFile_closure1.doCall(CucumberBuiltinKeywords.groovy:82)
	at com.kms.katalon.core.cucumber.keyword.CucumberBuiltinKeywords$_runFeatureFile_closure1.doCall(CucumberBuiltinKeywords.groovy)
	at com.kms.katalon.core.keyword.internal.KeywordMain.runKeyword(KeywordMain.groovy:68)
	at com.kms.katalon.core.keyword.internal.KeywordMain$runKeyword.call(Unknown Source)
	at com.kms.katalon.core.cucumber.keyword.CucumberBuiltinKeywords.runFeatureFile(CucumberBuiltinKeywords.groovy:46)
	at com.kms.katalon.core.cucumber.keyword.CucumberBuiltinKeywords$runFeatureFile$0.callStatic(Unknown Source)
	at com.kms.katalon.core.cucumber.keyword.CucumberBuiltinKeywords.runFeatureFile(CucumberBuiltinKeywords.groovy:169)
	at com.kms.katalon.core.cucumber.keyword.CucumberBuiltinKeywords$runFeatureFile.call(Unknown Source)
	at TC_Add_New_Schedule.run(TC_Add_New_Schedule:18)
	at com.kms.katalon.core.main.ScriptEngine.run(ScriptEngine.java:194)
	at com.kms.katalon.core.main.ScriptEngine.runScriptAsRawText(ScriptEngine.java:119)
	at com.kms.katalon.core.main.TestCaseExecutor.runScript(TestCaseExecutor.java:339)
	at com.kms.katalon.core.main.TestCaseExecutor.doExecute(TestCaseExecutor.java:330)
	at com.kms.katalon.core.main.TestCaseExecutor.processExecutionPhase(TestCaseExecutor.java:309)
	at com.kms.katalon.core.main.TestCaseExecutor.accessMainPhase(TestCaseExecutor.java:301)
	at com.kms.katalon.core.main.TestCaseExecutor.execute(TestCaseExecutor.java:235)
	at com.kms.katalon.core.main.TestSuiteExecutor.accessTestCaseMainPhase(TestSuiteExecutor.java:191)
	at com.kms.katalon.core.main.TestSuiteExecutor.accessTestSuiteMainPhase(TestSuiteExecutor.java:141)
	at com.kms.katalon.core.main.TestSuiteExecutor.execute(TestSuiteExecutor.java:90)
	at com.kms.katalon.core.main.TestCaseMain.startTestSuite(TestCaseMain.java:157)
	at com.kms.katalon.core.main.TestCaseMain$startTestSuite$0.call(Unknown Source)
	at TempTestSuite1612505442064.run(TempTestSuite1612505442064.groovy:39)
)]]></system-out>
         <system-err><![CDATA[2021-02-05 13:45:35 - [TEST_CASE][FAILED] - Test Cases/RTD/Hold Payment Configuration/TC_Add_New_Schedule: Test Cases/RTD/Hold Payment Configuration/TC_Add_New_Schedule FAILED.
Reason:
com.kms.katalon.core.exception.StepFailedException: Feature file 'Include/features/IST_Real/RTD/Hold Payment Configuration/Add_New_Schedule.feature' was failed
	at com.kms.katalon.core.keyword.internal.KeywordMain.stepFailed(KeywordMain.groovy:50)
	at com.kms.katalon.core.keyword.internal.KeywordMain.stepFailed(KeywordMain.groovy)
	at com.kms.katalon.core.keyword.internal.KeywordMain.stepFailed(KeywordMain.groovy:23)
	at com.kms.katalon.core.keyword.internal.KeywordMain$stepFailed$0.call(Unknown Source)
	at com.kms.katalon.core.cucumber.keyword.CucumberBuiltinKeywords$_runFeatureFile_closure1.doCall(CucumberBuiltinKeywords.groovy:82)
	at com.kms.katalon.core.cucumber.keyword.CucumberBuiltinKeywords$_runFeatureFile_closure1.doCall(CucumberBuiltinKeywords.groovy)
	at com.kms.katalon.core.keyword.internal.KeywordMain.runKeyword(KeywordMain.groovy:68)
	at com.kms.katalon.core.keyword.internal.KeywordMain$runKeyword.call(Unknown Source)
	at com.kms.katalon.core.cucumber.keyword.CucumberBuiltinKeywords.runFeatureFile(CucumberBuiltinKeywords.groovy:46)
	at com.kms.katalon.core.cucumber.keyword.CucumberBuiltinKeywords$runFeatureFile$0.callStatic(Unknown Source)
	at com.kms.katalon.core.cucumber.keyword.CucumberBuiltinKeywords.runFeatureFile(CucumberBuiltinKeywords.groovy:169)
	at com.kms.katalon.core.cucumber.keyword.CucumberBuiltinKeywords$runFeatureFile.call(Unknown Source)
	at TC_Add_New_Schedule.run(TC_Add_New_Schedule:18)
	at com.kms.katalon.core.main.ScriptEngine.run(ScriptEngine.java:194)
	at com.kms.katalon.core.main.ScriptEngine.runScriptAsRawText(ScriptEngine.java:119)
	at com.kms.katalon.core.main.TestCaseExecutor.runScript(TestCaseExecutor.java:339)
	at com.kms.katalon.core.main.TestCaseExecutor.doExecute(TestCaseExecutor.java:330)
	at com.kms.katalon.core.main.TestCaseExecutor.processExecutionPhase(TestCaseExecutor.java:309)
	at com.kms.katalon.core.main.TestCaseExecutor.accessMainPhase(TestCaseExecutor.java:301)
	at com.kms.katalon.core.main.TestCaseExecutor.execute(TestCaseExecutor.java:235)
	at com.kms.katalon.core.main.TestSuiteExecutor.accessTestCaseMainPhase(TestSuiteExecutor.java:191)
	at com.kms.katalon.core.main.TestSuiteExecutor.accessTestSuiteMainPhase(TestSuiteExecutor.java:141)
	at com.kms.katalon.core.main.TestSuiteExecutor.execute(TestSuiteExecutor.java:90)
	at com.kms.katalon.core.main.TestCaseMain.startTestSuite(TestCaseMain.java:157)
	at com.kms.katalon.core.main.TestCaseMain$startTestSuite$0.call(Unknown Source)
	at TempTestSuite1612505442064.run(TempTestSuite1612505442064.groovy:39)]]></system-err>
      </testcase>
      <testcase name="Test Cases/RTD/Hold Payment Configuration/TC_Date_is_NULL" time="44.45" classname="Test Cases/RTD/Hold Payment Configuration/TC_Date_is_NULL" status="PASSED">
         <system-out><![CDATA[2021-02-05 13:45:56 - [TEST_CASE][PASSED] - Test Cases/RTD/Hold Payment Configuration/TC_Date_is_NULL: Test Cases/RTD/Hold Payment Configuration/TC_Date_is_NULL

2021-02-05 13:45:56 - [TEST_STEP][PASSED] - runFeatureFile("Include/features/IST_Real/RTD/Hold Payment Configuration/Date_is_NULL.feature"): Feature file: 'Include/features/IST_Real/RTD/Hold Payment Configuration/Date_is_NULL.feature' was passed

2021-02-05 13:45:56 - [MESSAGE][INFO] - Starting run keyword runFeatureFile: 'Include/features/IST_Real/RTD/Hold Payment Configuration/Date_is_NULL.feature' and extract report to folder: '/Users/chaidir.pratama01/Katalon Studio/IST_Automation_Git/Reports/20210205_131034/RTD/TS_Hold_Payment_Configuration/20210205_131042/cucumber_report/1612507556205'...

2021-02-05 13:45:56 - [TEST_CASE][PASSED] - Start Test Case : SCENARIO Start Date is Null: SCENARIO Start Date is Null

2021-02-05 13:45:56 - [TEST_STEP][PASSED] - Go to ISTools: Go to ISTools

2021-02-05 13:45:56 - [MESSAGE][WARNING] - A browser is already opened. Closing browser and opening a new one

2021-02-05 13:45:56 - [MESSAGE][INFO] - Starting 'Chrome (headless)' driver

2021-02-05 13:45:56 - [MESSAGE][INFO] - User set preference: ['args', '[--start-maximized, --disable-gpu, --no-proxy-server, –-no-sandbox, --allow-running-insecure-content, --ignore-certificate-errors, window-size=1680,814, force-device-scale-factor=2, --lang=en-GB]']

2021-02-05 13:45:56 - [MESSAGE][INFO] - User set preference: ['prefs', '{download.default_directory=/Users/chaidir.pratama01/Katalon Studio/IST_Automation_Git/Download}']

2021-02-05 13:45:56 - [MESSAGE][INFO] - Action delay is set to 0 milliseconds

2021-02-05 13:45:56 - [MESSAGE][PASSED] - Browser is opened with url: ''

2021-02-05 13:46:01 - [MESSAGE][PASSED] - Navigate to 'https://dev-istools.homecredit.id/foundation/' successfully

2021-02-05 13:46:01 - [MESSAGE][PASSED] - Go to ISTools

2021-02-05 13:46:01 - [TEST_STEP][PASSED] - Login IST with valid credentials: Login IST with valid credentials

2021-02-05 13:46:01 - [MESSAGE][PASSED] - Text 'mobile.test' is set on object 'Object Repository/Page_/input_Username_j_username'

2021-02-05 13:46:01 - [MESSAGE][PASSED] - Text ****** has been set on object 'Object Repository/Page_/input_Password_j_password'

2021-02-05 13:46:02 - [MESSAGE][PASSED] - Object: 'Object Repository/Page_/button_Login' is clicked on

2021-02-05 13:46:02 - [MESSAGE][PASSED] - Login IST with valid credentials

2021-02-05 13:46:02 - [TEST_STEP][PASSED] - Login Success: Login Success

2021-02-05 13:46:02 - [MESSAGE][INFO] - Login Success

2021-02-05 13:46:02 - [MESSAGE][PASSED] - Current window maximized

2021-02-05 13:46:02 - [MESSAGE][PASSED] - Object 'Object Repository/Page_/h1_Welcome to IT Supporting Tools' is present

2021-02-05 13:46:02 - [MESSAGE][PASSED] - Login Success

2021-02-05 13:46:02 - [TEST_STEP][PASSED] - Select Arrow Menu "Real Time Disbursement": Select Arrow Menu "Real Time Disbursement"

2021-02-05 13:46:02 - [MESSAGE][PASSED] - Object: '' is clicked on

2021-02-05 13:46:02 - [MESSAGE][PASSED] - Select Arrow Menu "Real Time Disbursement"

2021-02-05 13:46:02 - [TEST_STEP][PASSED] - Select Menu "Hold Payment Configuration": Select Menu "Hold Payment Configuration"

2021-02-05 13:46:03 - [MESSAGE][PASSED] - Taking screenshot successfully
[[ATTACHMENT|/Users/chaidir.pratama01/Documents/Docs/Katalon Studio/Screenshot/test-Hold Payment Configuration.png]]

2021-02-05 13:46:03 - [MESSAGE][PASSED] - Object '' is present

2021-02-05 13:46:03 - [MESSAGE][PASSED] - Object: '' is clicked on

2021-02-05 13:46:03 - [MESSAGE][PASSED] - Wait for page load successfully

2021-02-05 13:46:03 - [MESSAGE][PASSED] - Select Menu "Hold Payment Configuration"

2021-02-05 13:46:03 - [TEST_STEP][PASSED] - Input "Start Date Hold Payment" with value "": Input "Start Date Hold Payment" with value ""

2021-02-05 13:46:06 - [MESSAGE][PASSED] - Delayed 3 second(s)

2021-02-05 13:46:06 - [MESSAGE][PASSED] - Input "Start Date Hold Payment" with value ""

2021-02-05 13:46:06 - [TEST_STEP][PASSED] - Input "Release Date" with value "30-01-2021": Input "Release Date" with value "30-01-2021"

2021-02-05 13:46:09 - [MESSAGE][PASSED] - Delayed 3 second(s)

2021-02-05 13:46:09 - [MESSAGE][PASSED] - Input "Release Date" with value "30-01-2021"

2021-02-05 13:46:09 - [TEST_STEP][PASSED] - Click button "Add": Click button "Add"

2021-02-05 13:46:09 - [MESSAGE][INFO] - >>>>>//Button[contains(text(),'Add')]

2021-02-05 13:46:12 - [MESSAGE][PASSED] - Object '' is present

2021-02-05 13:46:12 - [MESSAGE][PASSED] - Object: '' is clicked on

2021-02-05 13:46:12 - [MESSAGE][PASSED] - Switched to window with index: '0'

2021-02-05 13:46:12 - [MESSAGE][PASSED] - Click button "Add"

2021-02-05 13:46:12 - [TEST_STEP][PASSED] - Get text from pop up "IT Supporting Tools" with text "Start date & end date cannot be empty": Get text from pop up "IT Supporting Tools" with text "Start date & end date cannot be empty"

2021-02-05 13:46:13 - [MESSAGE][PASSED] - Taking screenshot successfully
[[ATTACHMENT|/Users/chaidir.pratama01/Documents/Docs/Katalon Studio/Screenshot/errorpopup.png]]

2021-02-05 13:46:13 - [MESSAGE][PASSED] - Object '' is present

2021-02-05 13:46:13 - [MESSAGE][PASSED] - Wait for page load successfully

2021-02-05 13:46:13 - [MESSAGE][PASSED] - Wait for page load successfully

2021-02-05 13:46:13 - [MESSAGE][PASSED] - Get text from pop up "IT Supporting Tools" with text "Start date & end date cannot be empty"

2021-02-05 13:46:13 - [TEST_STEP][PASSED] - Click button "OK": Click button "OK"

2021-02-05 13:46:13 - [MESSAGE][INFO] - >>>>>//Button[contains(text(),'OK')]

2021-02-05 13:46:16 - [MESSAGE][PASSED] - Object '' is present

2021-02-05 13:46:16 - [MESSAGE][PASSED] - Object: '' is clicked on

2021-02-05 13:46:16 - [MESSAGE][PASSED] - Switched to window with index: '0'

2021-02-05 13:46:16 - [MESSAGE][PASSED] - Click button "OK"

2021-02-05 13:46:16 - [TEST_STEP][PASSED] - Click button "Logout": Click button "Logout"

2021-02-05 13:46:16 - [MESSAGE][INFO] - >>>>>//Button[contains(text(),'Logout')]

2021-02-05 13:46:19 - [MESSAGE][PASSED] - Object '' is present

2021-02-05 13:46:19 - [MESSAGE][PASSED] - Object: '' is clicked on

2021-02-05 13:46:19 - [MESSAGE][PASSED] - Switched to window with index: '0'

2021-02-05 13:46:19 - [MESSAGE][PASSED] - Click button "Logout"

2021-02-05 13:46:19 - [TEST_STEP][PASSED] - Close browser: Close browser

2021-02-05 13:46:19 - [MESSAGE][PASSED] - Browser is closed

2021-02-05 13:46:19 - [MESSAGE][PASSED] - Close browser

2021-02-05 13:46:19 - [TEST_CASE][PASSED] - Start Test Case : SCENARIO End Date is Null: SCENARIO End Date is Null

2021-02-05 13:46:19 - [TEST_STEP][PASSED] - Go to ISTools: Go to ISTools

2021-02-05 13:46:19 - [MESSAGE][INFO] - Starting 'Chrome (headless)' driver

2021-02-05 13:46:19 - [MESSAGE][INFO] - User set preference: ['args', '[--start-maximized, --disable-gpu, --no-proxy-server, –-no-sandbox, --allow-running-insecure-content, --ignore-certificate-errors, window-size=1680,814, force-device-scale-factor=2, --lang=en-GB]']

2021-02-05 13:46:19 - [MESSAGE][INFO] - User set preference: ['prefs', '{download.default_directory=/Users/chaidir.pratama01/Katalon Studio/IST_Automation_Git/Download}']

2021-02-05 13:46:19 - [MESSAGE][INFO] - Action delay is set to 0 milliseconds

2021-02-05 13:46:20 - [MESSAGE][PASSED] - Browser is opened with url: ''

2021-02-05 13:46:22 - [MESSAGE][PASSED] - Navigate to 'https://dev-istools.homecredit.id/foundation/' successfully

2021-02-05 13:46:22 - [MESSAGE][PASSED] - Go to ISTools

2021-02-05 13:46:22 - [TEST_STEP][PASSED] - Login IST with valid credentials: Login IST with valid credentials

2021-02-05 13:46:22 - [MESSAGE][PASSED] - Text 'mobile.test' is set on object 'Object Repository/Page_/input_Username_j_username'

2021-02-05 13:46:22 - [MESSAGE][PASSED] - Text ****** has been set on object 'Object Repository/Page_/input_Password_j_password'

2021-02-05 13:46:23 - [MESSAGE][PASSED] - Object: 'Object Repository/Page_/button_Login' is clicked on

2021-02-05 13:46:23 - [MESSAGE][PASSED] - Login IST with valid credentials

2021-02-05 13:46:23 - [TEST_STEP][PASSED] - Login Success: Login Success

2021-02-05 13:46:23 - [MESSAGE][INFO] - Login Success

2021-02-05 13:46:23 - [MESSAGE][PASSED] - Current window maximized

2021-02-05 13:46:23 - [MESSAGE][PASSED] - Object 'Object Repository/Page_/h1_Welcome to IT Supporting Tools' is present

2021-02-05 13:46:23 - [MESSAGE][PASSED] - Login Success

2021-02-05 13:46:23 - [TEST_STEP][PASSED] - Select Arrow Menu "Real Time Disbursement": Select Arrow Menu "Real Time Disbursement"

2021-02-05 13:46:23 - [MESSAGE][PASSED] - Object: '' is clicked on

2021-02-05 13:46:23 - [MESSAGE][PASSED] - Select Arrow Menu "Real Time Disbursement"

2021-02-05 13:46:23 - [TEST_STEP][PASSED] - Select Menu "Hold Payment Configuration": Select Menu "Hold Payment Configuration"

2021-02-05 13:46:24 - [MESSAGE][PASSED] - Taking screenshot successfully
[[ATTACHMENT|/Users/chaidir.pratama01/Documents/Docs/Katalon Studio/Screenshot/test-Hold Payment Configuration.png]]

2021-02-05 13:46:24 - [MESSAGE][PASSED] - Object '' is present

2021-02-05 13:46:24 - [MESSAGE][PASSED] - Object: '' is clicked on

2021-02-05 13:46:24 - [MESSAGE][PASSED] - Wait for page load successfully

2021-02-05 13:46:24 - [MESSAGE][PASSED] - Select Menu "Hold Payment Configuration"

2021-02-05 13:46:24 - [TEST_STEP][PASSED] - Input "Start Date Hold Payment" with value "25-01-2021": Input "Start Date Hold Payment" with value "25-01-2021"

2021-02-05 13:46:27 - [MESSAGE][PASSED] - Delayed 3 second(s)

2021-02-05 13:46:27 - [MESSAGE][PASSED] - Input "Start Date Hold Payment" with value "25-01-2021"

2021-02-05 13:46:27 - [TEST_STEP][PASSED] - Input "Release Date" with value "": Input "Release Date" with value ""

2021-02-05 13:46:30 - [MESSAGE][PASSED] - Delayed 3 second(s)

2021-02-05 13:46:30 - [MESSAGE][PASSED] - Input "Release Date" with value ""

2021-02-05 13:46:30 - [TEST_STEP][PASSED] - Click button "Add": Click button "Add"

2021-02-05 13:46:30 - [MESSAGE][INFO] - >>>>>//Button[contains(text(),'Add')]

2021-02-05 13:46:33 - [MESSAGE][PASSED] - Object '' is present

2021-02-05 13:46:33 - [MESSAGE][PASSED] - Object: '' is clicked on

2021-02-05 13:46:33 - [MESSAGE][PASSED] - Switched to window with index: '0'

2021-02-05 13:46:33 - [MESSAGE][PASSED] - Click button "Add"

2021-02-05 13:46:33 - [TEST_STEP][PASSED] - Get text from pop up "IT Supporting Tools" with text "Start date & end date cannot be empty": Get text from pop up "IT Supporting Tools" with text "Start date & end date cannot be empty"

2021-02-05 13:46:34 - [MESSAGE][PASSED] - Taking screenshot successfully
[[ATTACHMENT|/Users/chaidir.pratama01/Documents/Docs/Katalon Studio/Screenshot/errorpopup.png]]

2021-02-05 13:46:34 - [MESSAGE][PASSED] - Object '' is present

2021-02-05 13:46:34 - [MESSAGE][PASSED] - Wait for page load successfully

2021-02-05 13:46:34 - [MESSAGE][PASSED] - Wait for page load successfully

2021-02-05 13:46:34 - [MESSAGE][PASSED] - Get text from pop up "IT Supporting Tools" with text "Start date & end date cannot be empty"

2021-02-05 13:46:34 - [TEST_STEP][PASSED] - Click button "OK": Click button "OK"

2021-02-05 13:46:34 - [MESSAGE][INFO] - >>>>>//Button[contains(text(),'OK')]

2021-02-05 13:46:37 - [MESSAGE][PASSED] - Object '' is present

2021-02-05 13:46:37 - [MESSAGE][PASSED] - Object: '' is clicked on

2021-02-05 13:46:37 - [MESSAGE][PASSED] - Switched to window with index: '0'

2021-02-05 13:46:37 - [MESSAGE][PASSED] - Click button "OK"

2021-02-05 13:46:37 - [TEST_STEP][PASSED] - Click button "Logout": Click button "Logout"

2021-02-05 13:46:37 - [MESSAGE][INFO] - >>>>>//Button[contains(text(),'Logout')]

2021-02-05 13:46:40 - [MESSAGE][PASSED] - Object '' is present

2021-02-05 13:46:40 - [MESSAGE][PASSED] - Object: '' is clicked on

2021-02-05 13:46:40 - [MESSAGE][PASSED] - Switched to window with index: '0'

2021-02-05 13:46:40 - [MESSAGE][PASSED] - Click button "Logout"

2021-02-05 13:46:40 - [TEST_STEP][PASSED] - Close browser: Close browser

2021-02-05 13:46:40 - [MESSAGE][PASSED] - Browser is closed

2021-02-05 13:46:40 - [MESSAGE][PASSED] - Close browser

2021-02-05 13:46:40 - [MESSAGE][PASSED] - Feature file: 'Include/features/IST_Real/RTD/Hold Payment Configuration/Date_is_NULL.feature' was passed]]></system-out>
         <system-err><![CDATA[]]></system-err>
      </testcase>
      <testcase name="Test Cases/RTD/Hold Payment Configuration/TC_Start_Date_Greater_than_Release_Date" time="22.943" classname="Test Cases/RTD/Hold Payment Configuration/TC_Start_Date_Greater_than_Release_Date" status="PASSED">
         <system-out><![CDATA[2021-02-05 13:46:40 - [TEST_CASE][PASSED] - Test Cases/RTD/Hold Payment Configuration/TC_Start_Date_Greater_than_Release_Date: Test Cases/RTD/Hold Payment Configuration/TC_Start_Date_Greater_than_Release_Date

2021-02-05 13:46:40 - [TEST_STEP][PASSED] - runFeatureFile("Include/features/IST_Real/RTD/Hold Payment Configuration/Start_Date_Greater_than_Release_Date.feature"): Feature file: 'Include/features/IST_Real/RTD/Hold Payment Configuration/Start_Date_Greater_than_Release_Date.feature' was passed

2021-02-05 13:46:40 - [MESSAGE][INFO] - Starting run keyword runFeatureFile: 'Include/features/IST_Real/RTD/Hold Payment Configuration/Start_Date_Greater_than_Release_Date.feature' and extract report to folder: '/Users/chaidir.pratama01/Katalon Studio/IST_Automation_Git/Reports/20210205_131034/RTD/TS_Hold_Payment_Configuration/20210205_131042/cucumber_report/1612507600661'...

2021-02-05 13:46:40 - [TEST_CASE][PASSED] - Start Test Case : SCENARIO Start date is greater than end date: SCENARIO Start date is greater than end date

2021-02-05 13:46:40 - [TEST_STEP][PASSED] - Go to ISTools: Go to ISTools

2021-02-05 13:46:40 - [MESSAGE][INFO] - Starting 'Chrome (headless)' driver

2021-02-05 13:46:40 - [MESSAGE][INFO] - User set preference: ['args', '[--start-maximized, --disable-gpu, --no-proxy-server, –-no-sandbox, --allow-running-insecure-content, --ignore-certificate-errors, window-size=1680,814, force-device-scale-factor=2, --lang=en-GB]']

2021-02-05 13:46:40 - [MESSAGE][INFO] - User set preference: ['prefs', '{download.default_directory=/Users/chaidir.pratama01/Katalon Studio/IST_Automation_Git/Download}']

2021-02-05 13:46:40 - [MESSAGE][INFO] - Action delay is set to 0 milliseconds

2021-02-05 13:46:41 - [MESSAGE][PASSED] - Browser is opened with url: ''

2021-02-05 13:46:43 - [MESSAGE][PASSED] - Navigate to 'https://dev-istools.homecredit.id/foundation/' successfully

2021-02-05 13:46:43 - [MESSAGE][PASSED] - Go to ISTools

2021-02-05 13:46:43 - [TEST_STEP][PASSED] - Login IST with valid credentials: Login IST with valid credentials

2021-02-05 13:46:43 - [MESSAGE][PASSED] - Text 'mobile.test' is set on object 'Object Repository/Page_/input_Username_j_username'

2021-02-05 13:46:43 - [MESSAGE][PASSED] - Text ****** has been set on object 'Object Repository/Page_/input_Password_j_password'

2021-02-05 13:46:46 - [MESSAGE][PASSED] - Object: 'Object Repository/Page_/button_Login' is clicked on

2021-02-05 13:46:46 - [MESSAGE][PASSED] - Login IST with valid credentials

2021-02-05 13:46:46 - [TEST_STEP][PASSED] - Login Success: Login Success

2021-02-05 13:46:46 - [MESSAGE][INFO] - Login Success

2021-02-05 13:46:46 - [MESSAGE][PASSED] - Current window maximized

2021-02-05 13:46:46 - [MESSAGE][PASSED] - Object 'Object Repository/Page_/h1_Welcome to IT Supporting Tools' is present

2021-02-05 13:46:46 - [MESSAGE][PASSED] - Login Success

2021-02-05 13:46:46 - [TEST_STEP][PASSED] - Select Arrow Menu "Real Time Disbursement": Select Arrow Menu "Real Time Disbursement"

2021-02-05 13:46:46 - [MESSAGE][PASSED] - Object: '' is clicked on

2021-02-05 13:46:46 - [MESSAGE][PASSED] - Select Arrow Menu "Real Time Disbursement"

2021-02-05 13:46:46 - [TEST_STEP][PASSED] - Select Menu "Hold Payment Configuration": Select Menu "Hold Payment Configuration"

2021-02-05 13:46:47 - [MESSAGE][PASSED] - Taking screenshot successfully
[[ATTACHMENT|/Users/chaidir.pratama01/Documents/Docs/Katalon Studio/Screenshot/test-Hold Payment Configuration.png]]

2021-02-05 13:46:47 - [MESSAGE][PASSED] - Object '' is present

2021-02-05 13:46:47 - [MESSAGE][PASSED] - Object: '' is clicked on

2021-02-05 13:46:47 - [MESSAGE][PASSED] - Wait for page load successfully

2021-02-05 13:46:47 - [MESSAGE][PASSED] - Select Menu "Hold Payment Configuration"

2021-02-05 13:46:47 - [TEST_STEP][PASSED] - Input "Start Date Hold Payment" with value "30-01-2021": Input "Start Date Hold Payment" with value "30-01-2021"

2021-02-05 13:46:50 - [MESSAGE][PASSED] - Delayed 3 second(s)

2021-02-05 13:46:50 - [MESSAGE][PASSED] - Input "Start Date Hold Payment" with value "30-01-2021"

2021-02-05 13:46:50 - [TEST_STEP][PASSED] - Input "Release Date" with value "25-01-2021": Input "Release Date" with value "25-01-2021"

2021-02-05 13:46:53 - [MESSAGE][PASSED] - Delayed 3 second(s)

2021-02-05 13:46:53 - [MESSAGE][PASSED] - Input "Release Date" with value "25-01-2021"

2021-02-05 13:46:53 - [TEST_STEP][PASSED] - Click button "Add": Click button "Add"

2021-02-05 13:46:53 - [MESSAGE][INFO] - >>>>>//Button[contains(text(),'Add')]

2021-02-05 13:46:56 - [MESSAGE][PASSED] - Object '' is present

2021-02-05 13:46:56 - [MESSAGE][PASSED] - Object: '' is clicked on

2021-02-05 13:46:56 - [MESSAGE][PASSED] - Switched to window with index: '0'

2021-02-05 13:46:56 - [MESSAGE][PASSED] - Click button "Add"

2021-02-05 13:46:56 - [TEST_STEP][PASSED] - Get text from pop up "IT Supporting Tools" with text "Release date must be after start date": Get text from pop up "IT Supporting Tools" with text "Release date must be after start date"

2021-02-05 13:46:57 - [MESSAGE][PASSED] - Taking screenshot successfully
[[ATTACHMENT|/Users/chaidir.pratama01/Documents/Docs/Katalon Studio/Screenshot/errorpopup.png]]

2021-02-05 13:46:57 - [MESSAGE][PASSED] - Object '' is present

2021-02-05 13:46:57 - [MESSAGE][PASSED] - Wait for page load successfully

2021-02-05 13:46:57 - [MESSAGE][PASSED] - Wait for page load successfully

2021-02-05 13:46:57 - [MESSAGE][PASSED] - Get text from pop up "IT Supporting Tools" with text "Release date must be after start date"

2021-02-05 13:46:57 - [TEST_STEP][PASSED] - Click button "OK": Click button "OK"

2021-02-05 13:46:57 - [MESSAGE][INFO] - >>>>>//Button[contains(text(),'OK')]

2021-02-05 13:47:00 - [MESSAGE][PASSED] - Object '' is present

2021-02-05 13:47:00 - [MESSAGE][PASSED] - Object: '' is clicked on

2021-02-05 13:47:00 - [MESSAGE][PASSED] - Switched to window with index: '0'

2021-02-05 13:47:00 - [MESSAGE][PASSED] - Click button "OK"

2021-02-05 13:47:00 - [TEST_STEP][PASSED] - Click button "Logout": Click button "Logout"

2021-02-05 13:47:00 - [MESSAGE][INFO] - >>>>>//Button[contains(text(),'Logout')]

2021-02-05 13:47:03 - [MESSAGE][PASSED] - Object '' is present

2021-02-05 13:47:03 - [MESSAGE][PASSED] - Object: '' is clicked on

2021-02-05 13:47:03 - [MESSAGE][PASSED] - Switched to window with index: '0'

2021-02-05 13:47:03 - [MESSAGE][PASSED] - Click button "Logout"

2021-02-05 13:47:03 - [TEST_STEP][PASSED] - Close browser: Close browser

2021-02-05 13:47:03 - [MESSAGE][PASSED] - Browser is closed

2021-02-05 13:47:03 - [MESSAGE][PASSED] - Close browser

2021-02-05 13:47:03 - [MESSAGE][PASSED] - Feature file: 'Include/features/IST_Real/RTD/Hold Payment Configuration/Start_Date_Greater_than_Release_Date.feature' was passed]]></system-out>
         <system-err><![CDATA[]]></system-err>
      </testcase>
      <system-out><![CDATA[2021-02-05 13:45:24 - [TEST_SUITE][FAILED] - TS_Hold_Payment_Configuration: Test Cases/RTD/Hold Payment Configuration/TC_Release_Schedule FAILED.
Reason:
com.kms.katalon.core.exception.StepFailedException: Feature file 'Include/features/IST_Real/RTD/Hold Payment Configuration/Release_Schedule.feature' was failed
	at com.kms.katalon.core.keyword.internal.KeywordMain.stepFailed(KeywordMain.groovy:50)
	at com.kms.katalon.core.keyword.internal.KeywordMain.stepFailed(KeywordMain.groovy)
	at com.kms.katalon.core.keyword.internal.KeywordMain.stepFailed(KeywordMain.groovy:23)
	at com.kms.katalon.core.keyword.internal.KeywordMain$stepFailed$0.call(Unknown Source)
	at com.kms.katalon.core.cucumber.keyword.CucumberBuiltinKeywords$_runFeatureFile_closure1.doCall(CucumberBuiltinKeywords.groovy:82)
	at com.kms.katalon.core.cucumber.keyword.CucumberBuiltinKeywords$_runFeatureFile_closure1.doCall(CucumberBuiltinKeywords.groovy)
	at com.kms.katalon.core.keyword.internal.KeywordMain.runKeyword(KeywordMain.groovy:68)
	at com.kms.katalon.core.keyword.internal.KeywordMain$runKeyword.call(Unknown Source)
	at com.kms.katalon.core.cucumber.keyword.CucumberBuiltinKeywords.runFeatureFile(CucumberBuiltinKeywords.groovy:46)
	at com.kms.katalon.core.cucumber.keyword.CucumberBuiltinKeywords$runFeatureFile$0.callStatic(Unknown Source)
	at com.kms.katalon.core.cucumber.keyword.CucumberBuiltinKeywords.runFeatureFile(CucumberBuiltinKeywords.groovy:169)
	at com.kms.katalon.core.cucumber.keyword.CucumberBuiltinKeywords$runFeatureFile.call(Unknown Source)
	at TC_Release_Schedule.run(TC_Release_Schedule:18)
	at com.kms.katalon.core.main.ScriptEngine.run(ScriptEngine.java:194)
	at com.kms.katalon.core.main.ScriptEngine.runScriptAsRawText(ScriptEngine.java:119)
	at com.kms.katalon.core.main.TestCaseExecutor.runScript(TestCaseExecutor.java:339)
	at com.kms.katalon.core.main.TestCaseExecutor.doExecute(TestCaseExecutor.java:330)
	at com.kms.katalon.core.main.TestCaseExecutor.processExecutionPhase(TestCaseExecutor.java:309)
	at com.kms.katalon.core.main.TestCaseExecutor.accessMainPhase(TestCaseExecutor.java:301)
	at com.kms.katalon.core.main.TestCaseExecutor.execute(TestCaseExecutor.java:235)
	at com.kms.katalon.core.main.TestSuiteExecutor.accessTestCaseMainPhase(TestSuiteExecutor.java:191)
	at com.kms.katalon.core.main.TestSuiteExecutor.accessTestSuiteMainPhase(TestSuiteExecutor.java:141)
	at com.kms.katalon.core.main.TestSuiteExecutor.execute(TestSuiteExecutor.java:90)
	at com.kms.katalon.core.main.TestCaseMain.startTestSuite(TestCaseMain.java:157)
	at com.kms.katalon.core.main.TestCaseMain$startTestSuite$0.call(Unknown Source)
	at TempTestSuite1612505442064.run(TempTestSuite1612505442064.groovy:39)]]></system-out>
      <system-err><![CDATA[2021-02-05 13:45:24 - [TEST_SUITE][FAILED] - TS_Hold_Payment_Configuration: Test Cases/RTD/Hold Payment Configuration/TC_Release_Schedule FAILED.
Reason:
com.kms.katalon.core.exception.StepFailedException: Feature file 'Include/features/IST_Real/RTD/Hold Payment Configuration/Release_Schedule.feature' was failed
	at com.kms.katalon.core.keyword.internal.KeywordMain.stepFailed(KeywordMain.groovy:50)
	at com.kms.katalon.core.keyword.internal.KeywordMain.stepFailed(KeywordMain.groovy)
	at com.kms.katalon.core.keyword.internal.KeywordMain.stepFailed(KeywordMain.groovy:23)
	at com.kms.katalon.core.keyword.internal.KeywordMain$stepFailed$0.call(Unknown Source)
	at com.kms.katalon.core.cucumber.keyword.CucumberBuiltinKeywords$_runFeatureFile_closure1.doCall(CucumberBuiltinKeywords.groovy:82)
	at com.kms.katalon.core.cucumber.keyword.CucumberBuiltinKeywords$_runFeatureFile_closure1.doCall(CucumberBuiltinKeywords.groovy)
	at com.kms.katalon.core.keyword.internal.KeywordMain.runKeyword(KeywordMain.groovy:68)
	at com.kms.katalon.core.keyword.internal.KeywordMain$runKeyword.call(Unknown Source)
	at com.kms.katalon.core.cucumber.keyword.CucumberBuiltinKeywords.runFeatureFile(CucumberBuiltinKeywords.groovy:46)
	at com.kms.katalon.core.cucumber.keyword.CucumberBuiltinKeywords$runFeatureFile$0.callStatic(Unknown Source)
	at com.kms.katalon.core.cucumber.keyword.CucumberBuiltinKeywords.runFeatureFile(CucumberBuiltinKeywords.groovy:169)
	at com.kms.katalon.core.cucumber.keyword.CucumberBuiltinKeywords$runFeatureFile.call(Unknown Source)
	at TC_Release_Schedule.run(TC_Release_Schedule:18)
	at com.kms.katalon.core.main.ScriptEngine.run(ScriptEngine.java:194)
	at com.kms.katalon.core.main.ScriptEngine.runScriptAsRawText(ScriptEngine.java:119)
	at com.kms.katalon.core.main.TestCaseExecutor.runScript(TestCaseExecutor.java:339)
	at com.kms.katalon.core.main.TestCaseExecutor.doExecute(TestCaseExecutor.java:330)
	at com.kms.katalon.core.main.TestCaseExecutor.processExecutionPhase(TestCaseExecutor.java:309)
	at com.kms.katalon.core.main.TestCaseExecutor.accessMainPhase(TestCaseExecutor.java:301)
	at com.kms.katalon.core.main.TestCaseExecutor.execute(TestCaseExecutor.java:235)
	at com.kms.katalon.core.main.TestSuiteExecutor.accessTestCaseMainPhase(TestSuiteExecutor.java:191)
	at com.kms.katalon.core.main.TestSuiteExecutor.accessTestSuiteMainPhase(TestSuiteExecutor.java:141)
	at com.kms.katalon.core.main.TestSuiteExecutor.execute(TestSuiteExecutor.java:90)
	at com.kms.katalon.core.main.TestCaseMain.startTestSuite(TestCaseMain.java:157)
	at com.kms.katalon.core.main.TestCaseMain$startTestSuite$0.call(Unknown Source)
	at TempTestSuite1612505442064.run(TempTestSuite1612505442064.groovy:39)]]></system-err>
   </testsuite>
</testsuites>
